>pg_free
>ConnFree
>SlabDelete
>GenerationBlockFree
>GenerationDelete
>SN_close_env
>PGTYPESdecimal_free
>PGTYPESnumeric_free
>PGTYPESinterval_free
>PGTYPESchar_free
>PGTYPESdate_free
>ecpg_sqlca_key_destructor
>ecpg_free
>output_deallocate_prepare_statement
>output_prepare_statement
>output_simple_statement
>output_statement
>ECPGfree_type
>cat2_str
>cat2_str
>make2_str
>make2_str
>make3_str
>make3_str
>make3_str
>dump_variables
>destroyPQExpBuffer
>PQconninfoFree
>PQfreeCancel
>freePGconn
>PQclear
>PQfreemem
>SSLerrfree
>conditional_stack_destroy
>psql_scan_destroy
>closedir
>free_keep_errno
>ParallelBackupEnd
>init_spawned_worker_win32
>DeCloneArchive
>free_readfile
>restorePsetInfo
>free_copy_options
>writefile
