>ReleaseCatCacheList,CatCList *, /usr/local/src/postgresql/src/backend/utils/cache/catcache.c:1989:1
Used: ReleaseCatCacheListWithOwner
Ret. Type: void
>AtEOSubXact_cleanup,Relation, /usr/local/src/postgresql/src/backend/utils/cache/relcache.c:3472:3
Used: RelationClearRelation
Ret. Type: void
>AtEOXact_cleanup,Relation, /usr/local/src/postgresql/src/backend/utils/cache/relcache.c:3362:3
Used: RelationClearRelation
Ret. Type: void
>RelationCloseCleanup,Relation, /usr/local/src/postgresql/src/backend/utils/cache/relcache.c:2225:2
Used: RelationClearRelation
Ret. Type: void
>RelationFlushRelation,Relation, /usr/local/src/postgresql/src/backend/utils/cache/relcache.c:2884:3
Used: RelationClearRelation
Ret. Type: void
>RelationFlushRelation,Relation, /usr/local/src/postgresql/src/backend/utils/cache/relcache.c:2905:2
Used: RelationClearRelation
Ret. Type: void
>dofindsubquery,QTNode *, /usr/local/src/postgresql/src/backend/utils/adt/tsquery_rewrite.c:230:20
Used: dofindsubquery
Ret. Type: QTNode *
>findsubquery,QTNode *, /usr/local/src/postgresql/src/backend/utils/adt/tsquery_rewrite.c:271:8
Used: dofindsubquery
Ret. Type: QTNode *
>dofindsubquery,QTNode *, /usr/local/src/postgresql/src/backend/utils/adt/tsquery_rewrite.c:230:20
Used: dofindsubquery
Ret. Type: QTNode *
>findsubquery,QTNode *, /usr/local/src/postgresql/src/backend/utils/adt/tsquery_rewrite.c:271:8
Used: dofindsubquery
Ret. Type: QTNode *
>dofindsubquery,QTNode *, /usr/local/src/postgresql/src/backend/utils/adt/tsquery_rewrite.c:215:8
Used: findeq
Ret. Type: QTNode *
>dofindsubquery,QTNode *, /usr/local/src/postgresql/src/backend/utils/adt/tsquery_rewrite.c:215:8
Used: findeq
Ret. Type: QTNode *
>UnregisterSnapshotFromOwner,Snapshot, /usr/local/src/postgresql/src/backend/utils/time/snapmgr.c:855:1
Used: UnregisterSnapshotNoOwner
Ret. Type: void
>list_delete_first_n,List *, /usr/local/src/postgresql/src/backend/nodes/list.c:994:2
Used: list_free
Ret. Type: List *
>list_delete_last,List *, /usr/local/src/postgresql/src/backend/nodes/list.c:967:2
Used: list_free
Ret. Type: List *
>list_delete_nth_cell,List *, /usr/local/src/postgresql/src/backend/nodes/list.c:780:2
Used: list_free
Ret. Type: List *
>ExecResetTupleTable,List *, /usr/local/src/postgresql/src/backend/executor/execTuples.c:1312:2
Used: list_free
Ret. Type: void
>CloseTableList,List *, /usr/local/src/postgresql/src/backend/commands/publicationcmds.c:1711:1
Used: list_free_deep
Ret. Type: void
>finalize_plan,Bitmapset *, /usr/local/src/postgresql/src/backend/optimizer/plan/subselect.c:2581:10
Used: finalize_plan
Ret. Type: Bitmapset *
>finalize_plan,Bitmapset *, /usr/local/src/postgresql/src/backend/optimizer/plan/subselect.c:2581:10
Used: finalize_plan
Ret. Type: Bitmapset *
>finalize_plan,Bitmapset *, /usr/local/src/postgresql/src/backend/optimizer/plan/subselect.c:2581:10
Used: finalize_plan
Ret. Type: Bitmapset *
>finalize_plan,Bitmapset *, /usr/local/src/postgresql/src/backend/optimizer/plan/subselect.c:2616:10
Used: finalize_plan
Ret. Type: Bitmapset *
>finalize_plan,Bitmapset *, /usr/local/src/postgresql/src/backend/optimizer/plan/subselect.c:2616:10
Used: finalize_plan
Ret. Type: Bitmapset *
>finalize_plan,Bitmapset *, /usr/local/src/postgresql/src/backend/optimizer/plan/subselect.c:2616:10
Used: finalize_plan
Ret. Type: Bitmapset *
>finalize_plan,Bitmapset *, /usr/local/src/postgresql/src/backend/optimizer/plan/subselect.c:2631:10
Used: finalize_plan
Ret. Type: Bitmapset *
>finalize_plan,Bitmapset *, /usr/local/src/postgresql/src/backend/optimizer/plan/subselect.c:2631:10
Used: finalize_plan
Ret. Type: Bitmapset *
>finalize_plan,Bitmapset *, /usr/local/src/postgresql/src/backend/optimizer/plan/subselect.c:2631:10
Used: finalize_plan
Ret. Type: Bitmapset *
>finalize_plan,Bitmapset *, /usr/local/src/postgresql/src/backend/optimizer/plan/subselect.c:2646:10
Used: finalize_plan
Ret. Type: Bitmapset *
>finalize_plan,Bitmapset *, /usr/local/src/postgresql/src/backend/optimizer/plan/subselect.c:2646:10
Used: finalize_plan
Ret. Type: Bitmapset *
>finalize_plan,Bitmapset *, /usr/local/src/postgresql/src/backend/optimizer/plan/subselect.c:2646:10
Used: finalize_plan
Ret. Type: Bitmapset *
>finalize_plan,Bitmapset *, /usr/local/src/postgresql/src/backend/optimizer/plan/subselect.c:2661:10
Used: finalize_plan
Ret. Type: Bitmapset *
>finalize_plan,Bitmapset *, /usr/local/src/postgresql/src/backend/optimizer/plan/subselect.c:2661:10
Used: finalize_plan
Ret. Type: Bitmapset *
>finalize_plan,Bitmapset *, /usr/local/src/postgresql/src/backend/optimizer/plan/subselect.c:2661:10
Used: finalize_plan
Ret. Type: Bitmapset *
>finalize_plan,Bitmapset *, /usr/local/src/postgresql/src/backend/optimizer/plan/subselect.c:2819:16
Used: finalize_plan
Ret. Type: Bitmapset *
>finalize_plan,Bitmapset *, /usr/local/src/postgresql/src/backend/optimizer/plan/subselect.c:2819:16
Used: finalize_plan
Ret. Type: Bitmapset *
>finalize_plan,Bitmapset *, /usr/local/src/postgresql/src/backend/optimizer/plan/subselect.c:2819:16
Used: finalize_plan
Ret. Type: Bitmapset *
>finalize_plan,Bitmapset *, /usr/local/src/postgresql/src/backend/optimizer/plan/subselect.c:2581:10
Used: finalize_plan
Ret. Type: Bitmapset *
>finalize_plan,Bitmapset *, /usr/local/src/postgresql/src/backend/optimizer/plan/subselect.c:2581:10
Used: finalize_plan
Ret. Type: Bitmapset *
>finalize_plan,Bitmapset *, /usr/local/src/postgresql/src/backend/optimizer/plan/subselect.c:2581:10
Used: finalize_plan
Ret. Type: Bitmapset *
>finalize_plan,Bitmapset *, /usr/local/src/postgresql/src/backend/optimizer/plan/subselect.c:2616:10
Used: finalize_plan
Ret. Type: Bitmapset *
>finalize_plan,Bitmapset *, /usr/local/src/postgresql/src/backend/optimizer/plan/subselect.c:2616:10
Used: finalize_plan
Ret. Type: Bitmapset *
>finalize_plan,Bitmapset *, /usr/local/src/postgresql/src/backend/optimizer/plan/subselect.c:2616:10
Used: finalize_plan
Ret. Type: Bitmapset *
>finalize_plan,Bitmapset *, /usr/local/src/postgresql/src/backend/optimizer/plan/subselect.c:2631:10
Used: finalize_plan
Ret. Type: Bitmapset *
>finalize_plan,Bitmapset *, /usr/local/src/postgresql/src/backend/optimizer/plan/subselect.c:2631:10
Used: finalize_plan
Ret. Type: Bitmapset *
>finalize_plan,Bitmapset *, /usr/local/src/postgresql/src/backend/optimizer/plan/subselect.c:2631:10
Used: finalize_plan
Ret. Type: Bitmapset *
>finalize_plan,Bitmapset *, /usr/local/src/postgresql/src/backend/optimizer/plan/subselect.c:2646:10
Used: finalize_plan
Ret. Type: Bitmapset *
>finalize_plan,Bitmapset *, /usr/local/src/postgresql/src/backend/optimizer/plan/subselect.c:2646:10
Used: finalize_plan
Ret. Type: Bitmapset *
>finalize_plan,Bitmapset *, /usr/local/src/postgresql/src/backend/optimizer/plan/subselect.c:2646:10
Used: finalize_plan
Ret. Type: Bitmapset *
>finalize_plan,Bitmapset *, /usr/local/src/postgresql/src/backend/optimizer/plan/subselect.c:2661:10
Used: finalize_plan
Ret. Type: Bitmapset *
>finalize_plan,Bitmapset *, /usr/local/src/postgresql/src/backend/optimizer/plan/subselect.c:2661:10
Used: finalize_plan
Ret. Type: Bitmapset *
>finalize_plan,Bitmapset *, /usr/local/src/postgresql/src/backend/optimizer/plan/subselect.c:2661:10
Used: finalize_plan
Ret. Type: Bitmapset *
>finalize_plan,Bitmapset *, /usr/local/src/postgresql/src/backend/optimizer/plan/subselect.c:2819:16
Used: finalize_plan
Ret. Type: Bitmapset *
>finalize_plan,Bitmapset *, /usr/local/src/postgresql/src/backend/optimizer/plan/subselect.c:2819:16
Used: finalize_plan
Ret. Type: Bitmapset *
>finalize_plan,Bitmapset *, /usr/local/src/postgresql/src/backend/optimizer/plan/subselect.c:2819:16
Used: finalize_plan
Ret. Type: Bitmapset *
>finalize_plan,Bitmapset *, /usr/local/src/postgresql/src/backend/optimizer/plan/subselect.c:2581:10
Used: finalize_plan
Ret. Type: Bitmapset *
>finalize_plan,Bitmapset *, /usr/local/src/postgresql/src/backend/optimizer/plan/subselect.c:2581:10
Used: finalize_plan
Ret. Type: Bitmapset *
>finalize_plan,Bitmapset *, /usr/local/src/postgresql/src/backend/optimizer/plan/subselect.c:2581:10
Used: finalize_plan
Ret. Type: Bitmapset *
>finalize_plan,Bitmapset *, /usr/local/src/postgresql/src/backend/optimizer/plan/subselect.c:2616:10
Used: finalize_plan
Ret. Type: Bitmapset *
>finalize_plan,Bitmapset *, /usr/local/src/postgresql/src/backend/optimizer/plan/subselect.c:2616:10
Used: finalize_plan
Ret. Type: Bitmapset *
>finalize_plan,Bitmapset *, /usr/local/src/postgresql/src/backend/optimizer/plan/subselect.c:2616:10
Used: finalize_plan
Ret. Type: Bitmapset *
>finalize_plan,Bitmapset *, /usr/local/src/postgresql/src/backend/optimizer/plan/subselect.c:2631:10
Used: finalize_plan
Ret. Type: Bitmapset *
>finalize_plan,Bitmapset *, /usr/local/src/postgresql/src/backend/optimizer/plan/subselect.c:2631:10
Used: finalize_plan
Ret. Type: Bitmapset *
>finalize_plan,Bitmapset *, /usr/local/src/postgresql/src/backend/optimizer/plan/subselect.c:2631:10
Used: finalize_plan
Ret. Type: Bitmapset *
>finalize_plan,Bitmapset *, /usr/local/src/postgresql/src/backend/optimizer/plan/subselect.c:2646:10
Used: finalize_plan
Ret. Type: Bitmapset *
>finalize_plan,Bitmapset *, /usr/local/src/postgresql/src/backend/optimizer/plan/subselect.c:2646:10
Used: finalize_plan
Ret. Type: Bitmapset *
>finalize_plan,Bitmapset *, /usr/local/src/postgresql/src/backend/optimizer/plan/subselect.c:2646:10
Used: finalize_plan
Ret. Type: Bitmapset *
>finalize_plan,Bitmapset *, /usr/local/src/postgresql/src/backend/optimizer/plan/subselect.c:2661:10
Used: finalize_plan
Ret. Type: Bitmapset *
>finalize_plan,Bitmapset *, /usr/local/src/postgresql/src/backend/optimizer/plan/subselect.c:2661:10
Used: finalize_plan
Ret. Type: Bitmapset *
>finalize_plan,Bitmapset *, /usr/local/src/postgresql/src/backend/optimizer/plan/subselect.c:2661:10
Used: finalize_plan
Ret. Type: Bitmapset *
>finalize_plan,Bitmapset *, /usr/local/src/postgresql/src/backend/optimizer/plan/subselect.c:2819:16
Used: finalize_plan
Ret. Type: Bitmapset *
>finalize_plan,Bitmapset *, /usr/local/src/postgresql/src/backend/optimizer/plan/subselect.c:2819:16
Used: finalize_plan
Ret. Type: Bitmapset *
>finalize_plan,Bitmapset *, /usr/local/src/postgresql/src/backend/optimizer/plan/subselect.c:2819:16
Used: finalize_plan
Ret. Type: Bitmapset *
>finalize_plan,Bitmapset *, /usr/local/src/postgresql/src/backend/optimizer/plan/subselect.c:2581:10
Used: finalize_plan
Ret. Type: Bitmapset *
>finalize_plan,Bitmapset *, /usr/local/src/postgresql/src/backend/optimizer/plan/subselect.c:2581:10
Used: finalize_plan
Ret. Type: Bitmapset *
>finalize_plan,Bitmapset *, /usr/local/src/postgresql/src/backend/optimizer/plan/subselect.c:2581:10
Used: finalize_plan
Ret. Type: Bitmapset *
>finalize_plan,Bitmapset *, /usr/local/src/postgresql/src/backend/optimizer/plan/subselect.c:2616:10
Used: finalize_plan
Ret. Type: Bitmapset *
>finalize_plan,Bitmapset *, /usr/local/src/postgresql/src/backend/optimizer/plan/subselect.c:2616:10
Used: finalize_plan
Ret. Type: Bitmapset *
>finalize_plan,Bitmapset *, /usr/local/src/postgresql/src/backend/optimizer/plan/subselect.c:2616:10
Used: finalize_plan
Ret. Type: Bitmapset *
>finalize_plan,Bitmapset *, /usr/local/src/postgresql/src/backend/optimizer/plan/subselect.c:2631:10
Used: finalize_plan
Ret. Type: Bitmapset *
>finalize_plan,Bitmapset *, /usr/local/src/postgresql/src/backend/optimizer/plan/subselect.c:2631:10
Used: finalize_plan
Ret. Type: Bitmapset *
>finalize_plan,Bitmapset *, /usr/local/src/postgresql/src/backend/optimizer/plan/subselect.c:2631:10
Used: finalize_plan
Ret. Type: Bitmapset *
>finalize_plan,Bitmapset *, /usr/local/src/postgresql/src/backend/optimizer/plan/subselect.c:2646:10
Used: finalize_plan
Ret. Type: Bitmapset *
>finalize_plan,Bitmapset *, /usr/local/src/postgresql/src/backend/optimizer/plan/subselect.c:2646:10
Used: finalize_plan
Ret. Type: Bitmapset *
>finalize_plan,Bitmapset *, /usr/local/src/postgresql/src/backend/optimizer/plan/subselect.c:2646:10
Used: finalize_plan
Ret. Type: Bitmapset *
>finalize_plan,Bitmapset *, /usr/local/src/postgresql/src/backend/optimizer/plan/subselect.c:2661:10
Used: finalize_plan
Ret. Type: Bitmapset *
>finalize_plan,Bitmapset *, /usr/local/src/postgresql/src/backend/optimizer/plan/subselect.c:2661:10
Used: finalize_plan
Ret. Type: Bitmapset *
>finalize_plan,Bitmapset *, /usr/local/src/postgresql/src/backend/optimizer/plan/subselect.c:2661:10
Used: finalize_plan
Ret. Type: Bitmapset *
>finalize_plan,Bitmapset *, /usr/local/src/postgresql/src/backend/optimizer/plan/subselect.c:2819:16
Used: finalize_plan
Ret. Type: Bitmapset *
>finalize_plan,Bitmapset *, /usr/local/src/postgresql/src/backend/optimizer/plan/subselect.c:2819:16
Used: finalize_plan
Ret. Type: Bitmapset *
>finalize_plan,Bitmapset *, /usr/local/src/postgresql/src/backend/optimizer/plan/subselect.c:2819:16
Used: finalize_plan
Ret. Type: Bitmapset *
>finalize_plan,Bitmapset *, /usr/local/src/postgresql/src/backend/optimizer/plan/subselect.c:2581:10
Used: finalize_plan
Ret. Type: Bitmapset *
>finalize_plan,Bitmapset *, /usr/local/src/postgresql/src/backend/optimizer/plan/subselect.c:2581:10
Used: finalize_plan
Ret. Type: Bitmapset *
>finalize_plan,Bitmapset *, /usr/local/src/postgresql/src/backend/optimizer/plan/subselect.c:2581:10
Used: finalize_plan
Ret. Type: Bitmapset *
>finalize_plan,Bitmapset *, /usr/local/src/postgresql/src/backend/optimizer/plan/subselect.c:2616:10
Used: finalize_plan
Ret. Type: Bitmapset *
>finalize_plan,Bitmapset *, /usr/local/src/postgresql/src/backend/optimizer/plan/subselect.c:2616:10
Used: finalize_plan
Ret. Type: Bitmapset *
>finalize_plan,Bitmapset *, /usr/local/src/postgresql/src/backend/optimizer/plan/subselect.c:2616:10
Used: finalize_plan
Ret. Type: Bitmapset *
>finalize_plan,Bitmapset *, /usr/local/src/postgresql/src/backend/optimizer/plan/subselect.c:2631:10
Used: finalize_plan
Ret. Type: Bitmapset *
>finalize_plan,Bitmapset *, /usr/local/src/postgresql/src/backend/optimizer/plan/subselect.c:2631:10
Used: finalize_plan
Ret. Type: Bitmapset *
>finalize_plan,Bitmapset *, /usr/local/src/postgresql/src/backend/optimizer/plan/subselect.c:2631:10
Used: finalize_plan
Ret. Type: Bitmapset *
>finalize_plan,Bitmapset *, /usr/local/src/postgresql/src/backend/optimizer/plan/subselect.c:2646:10
Used: finalize_plan
Ret. Type: Bitmapset *
>finalize_plan,Bitmapset *, /usr/local/src/postgresql/src/backend/optimizer/plan/subselect.c:2646:10
Used: finalize_plan
Ret. Type: Bitmapset *
>finalize_plan,Bitmapset *, /usr/local/src/postgresql/src/backend/optimizer/plan/subselect.c:2646:10
Used: finalize_plan
Ret. Type: Bitmapset *
>finalize_plan,Bitmapset *, /usr/local/src/postgresql/src/backend/optimizer/plan/subselect.c:2661:10
Used: finalize_plan
Ret. Type: Bitmapset *
>finalize_plan,Bitmapset *, /usr/local/src/postgresql/src/backend/optimizer/plan/subselect.c:2661:10
Used: finalize_plan
Ret. Type: Bitmapset *
>finalize_plan,Bitmapset *, /usr/local/src/postgresql/src/backend/optimizer/plan/subselect.c:2661:10
Used: finalize_plan
Ret. Type: Bitmapset *
>finalize_plan,Bitmapset *, /usr/local/src/postgresql/src/backend/optimizer/plan/subselect.c:2819:16
Used: finalize_plan
Ret. Type: Bitmapset *
>finalize_plan,Bitmapset *, /usr/local/src/postgresql/src/backend/optimizer/plan/subselect.c:2819:16
Used: finalize_plan
Ret. Type: Bitmapset *
>finalize_plan,Bitmapset *, /usr/local/src/postgresql/src/backend/optimizer/plan/subselect.c:2819:16
Used: finalize_plan
Ret. Type: Bitmapset *
>finalize_plan,Bitmapset *, /usr/local/src/postgresql/src/backend/optimizer/plan/subselect.c:2581:10
Used: finalize_plan
Ret. Type: Bitmapset *
>finalize_plan,Bitmapset *, /usr/local/src/postgresql/src/backend/optimizer/plan/subselect.c:2581:10
Used: finalize_plan
Ret. Type: Bitmapset *
>finalize_plan,Bitmapset *, /usr/local/src/postgresql/src/backend/optimizer/plan/subselect.c:2581:10
Used: finalize_plan
Ret. Type: Bitmapset *
>finalize_plan,Bitmapset *, /usr/local/src/postgresql/src/backend/optimizer/plan/subselect.c:2616:10
Used: finalize_plan
Ret. Type: Bitmapset *
>finalize_plan,Bitmapset *, /usr/local/src/postgresql/src/backend/optimizer/plan/subselect.c:2616:10
Used: finalize_plan
Ret. Type: Bitmapset *
>finalize_plan,Bitmapset *, /usr/local/src/postgresql/src/backend/optimizer/plan/subselect.c:2616:10
Used: finalize_plan
Ret. Type: Bitmapset *
>finalize_plan,Bitmapset *, /usr/local/src/postgresql/src/backend/optimizer/plan/subselect.c:2631:10
Used: finalize_plan
Ret. Type: Bitmapset *
>finalize_plan,Bitmapset *, /usr/local/src/postgresql/src/backend/optimizer/plan/subselect.c:2631:10
Used: finalize_plan
Ret. Type: Bitmapset *
>finalize_plan,Bitmapset *, /usr/local/src/postgresql/src/backend/optimizer/plan/subselect.c:2631:10
Used: finalize_plan
Ret. Type: Bitmapset *
>finalize_plan,Bitmapset *, /usr/local/src/postgresql/src/backend/optimizer/plan/subselect.c:2646:10
Used: finalize_plan
Ret. Type: Bitmapset *
>finalize_plan,Bitmapset *, /usr/local/src/postgresql/src/backend/optimizer/plan/subselect.c:2646:10
Used: finalize_plan
Ret. Type: Bitmapset *
>finalize_plan,Bitmapset *, /usr/local/src/postgresql/src/backend/optimizer/plan/subselect.c:2646:10
Used: finalize_plan
Ret. Type: Bitmapset *
>finalize_plan,Bitmapset *, /usr/local/src/postgresql/src/backend/optimizer/plan/subselect.c:2661:10
Used: finalize_plan
Ret. Type: Bitmapset *
>finalize_plan,Bitmapset *, /usr/local/src/postgresql/src/backend/optimizer/plan/subselect.c:2661:10
Used: finalize_plan
Ret. Type: Bitmapset *
>finalize_plan,Bitmapset *, /usr/local/src/postgresql/src/backend/optimizer/plan/subselect.c:2661:10
Used: finalize_plan
Ret. Type: Bitmapset *
>finalize_plan,Bitmapset *, /usr/local/src/postgresql/src/backend/optimizer/plan/subselect.c:2819:16
Used: finalize_plan
Ret. Type: Bitmapset *
>finalize_plan,Bitmapset *, /usr/local/src/postgresql/src/backend/optimizer/plan/subselect.c:2819:16
Used: finalize_plan
Ret. Type: Bitmapset *
>finalize_plan,Bitmapset *, /usr/local/src/postgresql/src/backend/optimizer/plan/subselect.c:2819:16
Used: finalize_plan
Ret. Type: Bitmapset *
>finalize_plan,Bitmapset *, /usr/local/src/postgresql/src/backend/optimizer/plan/subselect.c:2581:10
Used: finalize_plan
Ret. Type: Bitmapset *
>finalize_plan,Bitmapset *, /usr/local/src/postgresql/src/backend/optimizer/plan/subselect.c:2581:10
Used: finalize_plan
Ret. Type: Bitmapset *
>finalize_plan,Bitmapset *, /usr/local/src/postgresql/src/backend/optimizer/plan/subselect.c:2581:10
Used: finalize_plan
Ret. Type: Bitmapset *
>finalize_plan,Bitmapset *, /usr/local/src/postgresql/src/backend/optimizer/plan/subselect.c:2616:10
Used: finalize_plan
Ret. Type: Bitmapset *
>finalize_plan,Bitmapset *, /usr/local/src/postgresql/src/backend/optimizer/plan/subselect.c:2616:10
Used: finalize_plan
Ret. Type: Bitmapset *
>finalize_plan,Bitmapset *, /usr/local/src/postgresql/src/backend/optimizer/plan/subselect.c:2616:10
Used: finalize_plan
Ret. Type: Bitmapset *
>finalize_plan,Bitmapset *, /usr/local/src/postgresql/src/backend/optimizer/plan/subselect.c:2631:10
Used: finalize_plan
Ret. Type: Bitmapset *
>finalize_plan,Bitmapset *, /usr/local/src/postgresql/src/backend/optimizer/plan/subselect.c:2631:10
Used: finalize_plan
Ret. Type: Bitmapset *
>finalize_plan,Bitmapset *, /usr/local/src/postgresql/src/backend/optimizer/plan/subselect.c:2631:10
Used: finalize_plan
Ret. Type: Bitmapset *
>finalize_plan,Bitmapset *, /usr/local/src/postgresql/src/backend/optimizer/plan/subselect.c:2646:10
Used: finalize_plan
Ret. Type: Bitmapset *
>finalize_plan,Bitmapset *, /usr/local/src/postgresql/src/backend/optimizer/plan/subselect.c:2646:10
Used: finalize_plan
Ret. Type: Bitmapset *
>finalize_plan,Bitmapset *, /usr/local/src/postgresql/src/backend/optimizer/plan/subselect.c:2646:10
Used: finalize_plan
Ret. Type: Bitmapset *
>finalize_plan,Bitmapset *, /usr/local/src/postgresql/src/backend/optimizer/plan/subselect.c:2661:10
Used: finalize_plan
Ret. Type: Bitmapset *
>finalize_plan,Bitmapset *, /usr/local/src/postgresql/src/backend/optimizer/plan/subselect.c:2661:10
Used: finalize_plan
Ret. Type: Bitmapset *
>finalize_plan,Bitmapset *, /usr/local/src/postgresql/src/backend/optimizer/plan/subselect.c:2661:10
Used: finalize_plan
Ret. Type: Bitmapset *
>finalize_plan,Bitmapset *, /usr/local/src/postgresql/src/backend/optimizer/plan/subselect.c:2819:16
Used: finalize_plan
Ret. Type: Bitmapset *
>finalize_plan,Bitmapset *, /usr/local/src/postgresql/src/backend/optimizer/plan/subselect.c:2819:16
Used: finalize_plan
Ret. Type: Bitmapset *
>finalize_plan,Bitmapset *, /usr/local/src/postgresql/src/backend/optimizer/plan/subselect.c:2819:16
Used: finalize_plan
Ret. Type: Bitmapset *
>finalize_plan,Bitmapset *, /usr/local/src/postgresql/src/backend/optimizer/plan/subselect.c:2581:10
Used: finalize_plan
Ret. Type: Bitmapset *
>finalize_plan,Bitmapset *, /usr/local/src/postgresql/src/backend/optimizer/plan/subselect.c:2581:10
Used: finalize_plan
Ret. Type: Bitmapset *
>finalize_plan,Bitmapset *, /usr/local/src/postgresql/src/backend/optimizer/plan/subselect.c:2581:10
Used: finalize_plan
Ret. Type: Bitmapset *
>finalize_plan,Bitmapset *, /usr/local/src/postgresql/src/backend/optimizer/plan/subselect.c:2616:10
Used: finalize_plan
Ret. Type: Bitmapset *
>finalize_plan,Bitmapset *, /usr/local/src/postgresql/src/backend/optimizer/plan/subselect.c:2616:10
Used: finalize_plan
Ret. Type: Bitmapset *
>finalize_plan,Bitmapset *, /usr/local/src/postgresql/src/backend/optimizer/plan/subselect.c:2616:10
Used: finalize_plan
Ret. Type: Bitmapset *
>finalize_plan,Bitmapset *, /usr/local/src/postgresql/src/backend/optimizer/plan/subselect.c:2631:10
Used: finalize_plan
Ret. Type: Bitmapset *
>finalize_plan,Bitmapset *, /usr/local/src/postgresql/src/backend/optimizer/plan/subselect.c:2631:10
Used: finalize_plan
Ret. Type: Bitmapset *
>finalize_plan,Bitmapset *, /usr/local/src/postgresql/src/backend/optimizer/plan/subselect.c:2631:10
Used: finalize_plan
Ret. Type: Bitmapset *
>finalize_plan,Bitmapset *, /usr/local/src/postgresql/src/backend/optimizer/plan/subselect.c:2646:10
Used: finalize_plan
Ret. Type: Bitmapset *
>finalize_plan,Bitmapset *, /usr/local/src/postgresql/src/backend/optimizer/plan/subselect.c:2646:10
Used: finalize_plan
Ret. Type: Bitmapset *
>finalize_plan,Bitmapset *, /usr/local/src/postgresql/src/backend/optimizer/plan/subselect.c:2646:10
Used: finalize_plan
Ret. Type: Bitmapset *
>finalize_plan,Bitmapset *, /usr/local/src/postgresql/src/backend/optimizer/plan/subselect.c:2661:10
Used: finalize_plan
Ret. Type: Bitmapset *
>finalize_plan,Bitmapset *, /usr/local/src/postgresql/src/backend/optimizer/plan/subselect.c:2661:10
Used: finalize_plan
Ret. Type: Bitmapset *
>finalize_plan,Bitmapset *, /usr/local/src/postgresql/src/backend/optimizer/plan/subselect.c:2661:10
Used: finalize_plan
Ret. Type: Bitmapset *
>finalize_plan,Bitmapset *, /usr/local/src/postgresql/src/backend/optimizer/plan/subselect.c:2819:16
Used: finalize_plan
Ret. Type: Bitmapset *
>finalize_plan,Bitmapset *, /usr/local/src/postgresql/src/backend/optimizer/plan/subselect.c:2819:16
Used: finalize_plan
Ret. Type: Bitmapset *
>finalize_plan,Bitmapset *, /usr/local/src/postgresql/src/backend/optimizer/plan/subselect.c:2819:16
Used: finalize_plan
Ret. Type: Bitmapset *
>finalize_plan,Bitmapset *, /usr/local/src/postgresql/src/backend/optimizer/plan/subselect.c:2581:10
Used: finalize_plan
Ret. Type: Bitmapset *
>finalize_plan,Bitmapset *, /usr/local/src/postgresql/src/backend/optimizer/plan/subselect.c:2581:10
Used: finalize_plan
Ret. Type: Bitmapset *
>finalize_plan,Bitmapset *, /usr/local/src/postgresql/src/backend/optimizer/plan/subselect.c:2581:10
Used: finalize_plan
Ret. Type: Bitmapset *
>finalize_plan,Bitmapset *, /usr/local/src/postgresql/src/backend/optimizer/plan/subselect.c:2616:10
Used: finalize_plan
Ret. Type: Bitmapset *
>finalize_plan,Bitmapset *, /usr/local/src/postgresql/src/backend/optimizer/plan/subselect.c:2616:10
Used: finalize_plan
Ret. Type: Bitmapset *
>finalize_plan,Bitmapset *, /usr/local/src/postgresql/src/backend/optimizer/plan/subselect.c:2616:10
Used: finalize_plan
Ret. Type: Bitmapset *
>finalize_plan,Bitmapset *, /usr/local/src/postgresql/src/backend/optimizer/plan/subselect.c:2631:10
Used: finalize_plan
Ret. Type: Bitmapset *
>finalize_plan,Bitmapset *, /usr/local/src/postgresql/src/backend/optimizer/plan/subselect.c:2631:10
Used: finalize_plan
Ret. Type: Bitmapset *
>finalize_plan,Bitmapset *, /usr/local/src/postgresql/src/backend/optimizer/plan/subselect.c:2631:10
Used: finalize_plan
Ret. Type: Bitmapset *
>finalize_plan,Bitmapset *, /usr/local/src/postgresql/src/backend/optimizer/plan/subselect.c:2646:10
Used: finalize_plan
Ret. Type: Bitmapset *
>finalize_plan,Bitmapset *, /usr/local/src/postgresql/src/backend/optimizer/plan/subselect.c:2646:10
Used: finalize_plan
Ret. Type: Bitmapset *
>finalize_plan,Bitmapset *, /usr/local/src/postgresql/src/backend/optimizer/plan/subselect.c:2646:10
Used: finalize_plan
Ret. Type: Bitmapset *
>finalize_plan,Bitmapset *, /usr/local/src/postgresql/src/backend/optimizer/plan/subselect.c:2661:10
Used: finalize_plan
Ret. Type: Bitmapset *
>finalize_plan,Bitmapset *, /usr/local/src/postgresql/src/backend/optimizer/plan/subselect.c:2661:10
Used: finalize_plan
Ret. Type: Bitmapset *
>finalize_plan,Bitmapset *, /usr/local/src/postgresql/src/backend/optimizer/plan/subselect.c:2661:10
Used: finalize_plan
Ret. Type: Bitmapset *
>finalize_plan,Bitmapset *, /usr/local/src/postgresql/src/backend/optimizer/plan/subselect.c:2819:16
Used: finalize_plan
Ret. Type: Bitmapset *
>finalize_plan,Bitmapset *, /usr/local/src/postgresql/src/backend/optimizer/plan/subselect.c:2819:16
Used: finalize_plan
Ret. Type: Bitmapset *
>finalize_plan,Bitmapset *, /usr/local/src/postgresql/src/backend/optimizer/plan/subselect.c:2819:16
Used: finalize_plan
Ret. Type: Bitmapset *
>finalize_plan,Bitmapset *, /usr/local/src/postgresql/src/backend/optimizer/plan/subselect.c:2581:10
Used: finalize_plan
Ret. Type: Bitmapset *
>finalize_plan,Bitmapset *, /usr/local/src/postgresql/src/backend/optimizer/plan/subselect.c:2581:10
Used: finalize_plan
Ret. Type: Bitmapset *
>finalize_plan,Bitmapset *, /usr/local/src/postgresql/src/backend/optimizer/plan/subselect.c:2581:10
Used: finalize_plan
Ret. Type: Bitmapset *
>finalize_plan,Bitmapset *, /usr/local/src/postgresql/src/backend/optimizer/plan/subselect.c:2616:10
Used: finalize_plan
Ret. Type: Bitmapset *
>finalize_plan,Bitmapset *, /usr/local/src/postgresql/src/backend/optimizer/plan/subselect.c:2616:10
Used: finalize_plan
Ret. Type: Bitmapset *
>finalize_plan,Bitmapset *, /usr/local/src/postgresql/src/backend/optimizer/plan/subselect.c:2616:10
Used: finalize_plan
Ret. Type: Bitmapset *
>finalize_plan,Bitmapset *, /usr/local/src/postgresql/src/backend/optimizer/plan/subselect.c:2631:10
Used: finalize_plan
Ret. Type: Bitmapset *
>finalize_plan,Bitmapset *, /usr/local/src/postgresql/src/backend/optimizer/plan/subselect.c:2631:10
Used: finalize_plan
Ret. Type: Bitmapset *
>finalize_plan,Bitmapset *, /usr/local/src/postgresql/src/backend/optimizer/plan/subselect.c:2631:10
Used: finalize_plan
Ret. Type: Bitmapset *
>finalize_plan,Bitmapset *, /usr/local/src/postgresql/src/backend/optimizer/plan/subselect.c:2646:10
Used: finalize_plan
Ret. Type: Bitmapset *
>finalize_plan,Bitmapset *, /usr/local/src/postgresql/src/backend/optimizer/plan/subselect.c:2646:10
Used: finalize_plan
Ret. Type: Bitmapset *
>finalize_plan,Bitmapset *, /usr/local/src/postgresql/src/backend/optimizer/plan/subselect.c:2646:10
Used: finalize_plan
Ret. Type: Bitmapset *
>finalize_plan,Bitmapset *, /usr/local/src/postgresql/src/backend/optimizer/plan/subselect.c:2661:10
Used: finalize_plan
Ret. Type: Bitmapset *
>finalize_plan,Bitmapset *, /usr/local/src/postgresql/src/backend/optimizer/plan/subselect.c:2661:10
Used: finalize_plan
Ret. Type: Bitmapset *
>finalize_plan,Bitmapset *, /usr/local/src/postgresql/src/backend/optimizer/plan/subselect.c:2661:10
Used: finalize_plan
Ret. Type: Bitmapset *
>finalize_plan,Bitmapset *, /usr/local/src/postgresql/src/backend/optimizer/plan/subselect.c:2819:16
Used: finalize_plan
Ret. Type: Bitmapset *
>finalize_plan,Bitmapset *, /usr/local/src/postgresql/src/backend/optimizer/plan/subselect.c:2819:16
Used: finalize_plan
Ret. Type: Bitmapset *
>finalize_plan,Bitmapset *, /usr/local/src/postgresql/src/backend/optimizer/plan/subselect.c:2819:16
Used: finalize_plan
Ret. Type: Bitmapset *
>finalize_plan,Bitmapset *, /usr/local/src/postgresql/src/backend/optimizer/plan/subselect.c:2581:10
Used: finalize_plan
Ret. Type: Bitmapset *
>finalize_plan,Bitmapset *, /usr/local/src/postgresql/src/backend/optimizer/plan/subselect.c:2581:10
Used: finalize_plan
Ret. Type: Bitmapset *
>finalize_plan,Bitmapset *, /usr/local/src/postgresql/src/backend/optimizer/plan/subselect.c:2581:10
Used: finalize_plan
Ret. Type: Bitmapset *
>finalize_plan,Bitmapset *, /usr/local/src/postgresql/src/backend/optimizer/plan/subselect.c:2616:10
Used: finalize_plan
Ret. Type: Bitmapset *
>finalize_plan,Bitmapset *, /usr/local/src/postgresql/src/backend/optimizer/plan/subselect.c:2616:10
Used: finalize_plan
Ret. Type: Bitmapset *
>finalize_plan,Bitmapset *, /usr/local/src/postgresql/src/backend/optimizer/plan/subselect.c:2616:10
Used: finalize_plan
Ret. Type: Bitmapset *
>finalize_plan,Bitmapset *, /usr/local/src/postgresql/src/backend/optimizer/plan/subselect.c:2631:10
Used: finalize_plan
Ret. Type: Bitmapset *
>finalize_plan,Bitmapset *, /usr/local/src/postgresql/src/backend/optimizer/plan/subselect.c:2631:10
Used: finalize_plan
Ret. Type: Bitmapset *
>finalize_plan,Bitmapset *, /usr/local/src/postgresql/src/backend/optimizer/plan/subselect.c:2631:10
Used: finalize_plan
Ret. Type: Bitmapset *
>finalize_plan,Bitmapset *, /usr/local/src/postgresql/src/backend/optimizer/plan/subselect.c:2646:10
Used: finalize_plan
Ret. Type: Bitmapset *
>finalize_plan,Bitmapset *, /usr/local/src/postgresql/src/backend/optimizer/plan/subselect.c:2646:10
Used: finalize_plan
Ret. Type: Bitmapset *
>finalize_plan,Bitmapset *, /usr/local/src/postgresql/src/backend/optimizer/plan/subselect.c:2646:10
Used: finalize_plan
Ret. Type: Bitmapset *
>finalize_plan,Bitmapset *, /usr/local/src/postgresql/src/backend/optimizer/plan/subselect.c:2661:10
Used: finalize_plan
Ret. Type: Bitmapset *
>finalize_plan,Bitmapset *, /usr/local/src/postgresql/src/backend/optimizer/plan/subselect.c:2661:10
Used: finalize_plan
Ret. Type: Bitmapset *
>finalize_plan,Bitmapset *, /usr/local/src/postgresql/src/backend/optimizer/plan/subselect.c:2661:10
Used: finalize_plan
Ret. Type: Bitmapset *
>finalize_plan,Bitmapset *, /usr/local/src/postgresql/src/backend/optimizer/plan/subselect.c:2819:16
Used: finalize_plan
Ret. Type: Bitmapset *
>finalize_plan,Bitmapset *, /usr/local/src/postgresql/src/backend/optimizer/plan/subselect.c:2819:16
Used: finalize_plan
Ret. Type: Bitmapset *
>finalize_plan,Bitmapset *, /usr/local/src/postgresql/src/backend/optimizer/plan/subselect.c:2819:16
Used: finalize_plan
Ret. Type: Bitmapset *
>finalize_plan,Bitmapset *, /usr/local/src/postgresql/src/backend/optimizer/plan/subselect.c:2581:10
Used: finalize_plan
Ret. Type: Bitmapset *
>finalize_plan,Bitmapset *, /usr/local/src/postgresql/src/backend/optimizer/plan/subselect.c:2581:10
Used: finalize_plan
Ret. Type: Bitmapset *
>finalize_plan,Bitmapset *, /usr/local/src/postgresql/src/backend/optimizer/plan/subselect.c:2581:10
Used: finalize_plan
Ret. Type: Bitmapset *
>finalize_plan,Bitmapset *, /usr/local/src/postgresql/src/backend/optimizer/plan/subselect.c:2616:10
Used: finalize_plan
Ret. Type: Bitmapset *
>finalize_plan,Bitmapset *, /usr/local/src/postgresql/src/backend/optimizer/plan/subselect.c:2616:10
Used: finalize_plan
Ret. Type: Bitmapset *
>finalize_plan,Bitmapset *, /usr/local/src/postgresql/src/backend/optimizer/plan/subselect.c:2616:10
Used: finalize_plan
Ret. Type: Bitmapset *
>finalize_plan,Bitmapset *, /usr/local/src/postgresql/src/backend/optimizer/plan/subselect.c:2631:10
Used: finalize_plan
Ret. Type: Bitmapset *
>finalize_plan,Bitmapset *, /usr/local/src/postgresql/src/backend/optimizer/plan/subselect.c:2631:10
Used: finalize_plan
Ret. Type: Bitmapset *
>finalize_plan,Bitmapset *, /usr/local/src/postgresql/src/backend/optimizer/plan/subselect.c:2631:10
Used: finalize_plan
Ret. Type: Bitmapset *
>finalize_plan,Bitmapset *, /usr/local/src/postgresql/src/backend/optimizer/plan/subselect.c:2646:10
Used: finalize_plan
Ret. Type: Bitmapset *
>finalize_plan,Bitmapset *, /usr/local/src/postgresql/src/backend/optimizer/plan/subselect.c:2646:10
Used: finalize_plan
Ret. Type: Bitmapset *
>finalize_plan,Bitmapset *, /usr/local/src/postgresql/src/backend/optimizer/plan/subselect.c:2646:10
Used: finalize_plan
Ret. Type: Bitmapset *
>finalize_plan,Bitmapset *, /usr/local/src/postgresql/src/backend/optimizer/plan/subselect.c:2661:10
Used: finalize_plan
Ret. Type: Bitmapset *
>finalize_plan,Bitmapset *, /usr/local/src/postgresql/src/backend/optimizer/plan/subselect.c:2661:10
Used: finalize_plan
Ret. Type: Bitmapset *
>finalize_plan,Bitmapset *, /usr/local/src/postgresql/src/backend/optimizer/plan/subselect.c:2661:10
Used: finalize_plan
Ret. Type: Bitmapset *
>finalize_plan,Bitmapset *, /usr/local/src/postgresql/src/backend/optimizer/plan/subselect.c:2819:16
Used: finalize_plan
Ret. Type: Bitmapset *
>finalize_plan,Bitmapset *, /usr/local/src/postgresql/src/backend/optimizer/plan/subselect.c:2819:16
Used: finalize_plan
Ret. Type: Bitmapset *
>finalize_plan,Bitmapset *, /usr/local/src/postgresql/src/backend/optimizer/plan/subselect.c:2819:16
Used: finalize_plan
Ret. Type: Bitmapset *
>finalize_plan,Bitmapset *, /usr/local/src/postgresql/src/backend/optimizer/plan/subselect.c:2581:10
Used: finalize_plan
Ret. Type: Bitmapset *
>finalize_plan,Bitmapset *, /usr/local/src/postgresql/src/backend/optimizer/plan/subselect.c:2581:10
Used: finalize_plan
Ret. Type: Bitmapset *
>finalize_plan,Bitmapset *, /usr/local/src/postgresql/src/backend/optimizer/plan/subselect.c:2581:10
Used: finalize_plan
Ret. Type: Bitmapset *
>finalize_plan,Bitmapset *, /usr/local/src/postgresql/src/backend/optimizer/plan/subselect.c:2616:10
Used: finalize_plan
Ret. Type: Bitmapset *
>finalize_plan,Bitmapset *, /usr/local/src/postgresql/src/backend/optimizer/plan/subselect.c:2616:10
Used: finalize_plan
Ret. Type: Bitmapset *
>finalize_plan,Bitmapset *, /usr/local/src/postgresql/src/backend/optimizer/plan/subselect.c:2616:10
Used: finalize_plan
Ret. Type: Bitmapset *
>finalize_plan,Bitmapset *, /usr/local/src/postgresql/src/backend/optimizer/plan/subselect.c:2631:10
Used: finalize_plan
Ret. Type: Bitmapset *
>finalize_plan,Bitmapset *, /usr/local/src/postgresql/src/backend/optimizer/plan/subselect.c:2631:10
Used: finalize_plan
Ret. Type: Bitmapset *
>finalize_plan,Bitmapset *, /usr/local/src/postgresql/src/backend/optimizer/plan/subselect.c:2631:10
Used: finalize_plan
Ret. Type: Bitmapset *
>finalize_plan,Bitmapset *, /usr/local/src/postgresql/src/backend/optimizer/plan/subselect.c:2646:10
Used: finalize_plan
Ret. Type: Bitmapset *
>finalize_plan,Bitmapset *, /usr/local/src/postgresql/src/backend/optimizer/plan/subselect.c:2646:10
Used: finalize_plan
Ret. Type: Bitmapset *
>finalize_plan,Bitmapset *, /usr/local/src/postgresql/src/backend/optimizer/plan/subselect.c:2646:10
Used: finalize_plan
Ret. Type: Bitmapset *
>finalize_plan,Bitmapset *, /usr/local/src/postgresql/src/backend/optimizer/plan/subselect.c:2661:10
Used: finalize_plan
Ret. Type: Bitmapset *
>finalize_plan,Bitmapset *, /usr/local/src/postgresql/src/backend/optimizer/plan/subselect.c:2661:10
Used: finalize_plan
Ret. Type: Bitmapset *
>finalize_plan,Bitmapset *, /usr/local/src/postgresql/src/backend/optimizer/plan/subselect.c:2661:10
Used: finalize_plan
Ret. Type: Bitmapset *
>finalize_plan,Bitmapset *, /usr/local/src/postgresql/src/backend/optimizer/plan/subselect.c:2819:16
Used: finalize_plan
Ret. Type: Bitmapset *
>finalize_plan,Bitmapset *, /usr/local/src/postgresql/src/backend/optimizer/plan/subselect.c:2819:16
Used: finalize_plan
Ret. Type: Bitmapset *
>finalize_plan,Bitmapset *, /usr/local/src/postgresql/src/backend/optimizer/plan/subselect.c:2819:16
Used: finalize_plan
Ret. Type: Bitmapset *
>finalize_plan,Bitmapset *, /usr/local/src/postgresql/src/backend/optimizer/plan/subselect.c:2581:10
Used: finalize_plan
Ret. Type: Bitmapset *
>finalize_plan,Bitmapset *, /usr/local/src/postgresql/src/backend/optimizer/plan/subselect.c:2581:10
Used: finalize_plan
Ret. Type: Bitmapset *
>finalize_plan,Bitmapset *, /usr/local/src/postgresql/src/backend/optimizer/plan/subselect.c:2581:10
Used: finalize_plan
Ret. Type: Bitmapset *
>finalize_plan,Bitmapset *, /usr/local/src/postgresql/src/backend/optimizer/plan/subselect.c:2616:10
Used: finalize_plan
Ret. Type: Bitmapset *
>finalize_plan,Bitmapset *, /usr/local/src/postgresql/src/backend/optimizer/plan/subselect.c:2616:10
Used: finalize_plan
Ret. Type: Bitmapset *
>finalize_plan,Bitmapset *, /usr/local/src/postgresql/src/backend/optimizer/plan/subselect.c:2616:10
Used: finalize_plan
Ret. Type: Bitmapset *
>finalize_plan,Bitmapset *, /usr/local/src/postgresql/src/backend/optimizer/plan/subselect.c:2631:10
Used: finalize_plan
Ret. Type: Bitmapset *
>finalize_plan,Bitmapset *, /usr/local/src/postgresql/src/backend/optimizer/plan/subselect.c:2631:10
Used: finalize_plan
Ret. Type: Bitmapset *
>finalize_plan,Bitmapset *, /usr/local/src/postgresql/src/backend/optimizer/plan/subselect.c:2631:10
Used: finalize_plan
Ret. Type: Bitmapset *
>finalize_plan,Bitmapset *, /usr/local/src/postgresql/src/backend/optimizer/plan/subselect.c:2646:10
Used: finalize_plan
Ret. Type: Bitmapset *
>finalize_plan,Bitmapset *, /usr/local/src/postgresql/src/backend/optimizer/plan/subselect.c:2646:10
Used: finalize_plan
Ret. Type: Bitmapset *
>finalize_plan,Bitmapset *, /usr/local/src/postgresql/src/backend/optimizer/plan/subselect.c:2646:10
Used: finalize_plan
Ret. Type: Bitmapset *
>finalize_plan,Bitmapset *, /usr/local/src/postgresql/src/backend/optimizer/plan/subselect.c:2661:10
Used: finalize_plan
Ret. Type: Bitmapset *
>finalize_plan,Bitmapset *, /usr/local/src/postgresql/src/backend/optimizer/plan/subselect.c:2661:10
Used: finalize_plan
Ret. Type: Bitmapset *
>finalize_plan,Bitmapset *, /usr/local/src/postgresql/src/backend/optimizer/plan/subselect.c:2661:10
Used: finalize_plan
Ret. Type: Bitmapset *
>finalize_plan,Bitmapset *, /usr/local/src/postgresql/src/backend/optimizer/plan/subselect.c:2819:16
Used: finalize_plan
Ret. Type: Bitmapset *
>finalize_plan,Bitmapset *, /usr/local/src/postgresql/src/backend/optimizer/plan/subselect.c:2819:16
Used: finalize_plan
Ret. Type: Bitmapset *
>finalize_plan,Bitmapset *, /usr/local/src/postgresql/src/backend/optimizer/plan/subselect.c:2819:16
Used: finalize_plan
Ret. Type: Bitmapset *
>finalize_plan,Bitmapset *, /usr/local/src/postgresql/src/backend/optimizer/plan/subselect.c:2581:10
Used: finalize_plan
Ret. Type: Bitmapset *
>finalize_plan,Bitmapset *, /usr/local/src/postgresql/src/backend/optimizer/plan/subselect.c:2581:10
Used: finalize_plan
Ret. Type: Bitmapset *
>finalize_plan,Bitmapset *, /usr/local/src/postgresql/src/backend/optimizer/plan/subselect.c:2581:10
Used: finalize_plan
Ret. Type: Bitmapset *
>finalize_plan,Bitmapset *, /usr/local/src/postgresql/src/backend/optimizer/plan/subselect.c:2616:10
Used: finalize_plan
Ret. Type: Bitmapset *
>finalize_plan,Bitmapset *, /usr/local/src/postgresql/src/backend/optimizer/plan/subselect.c:2616:10
Used: finalize_plan
Ret. Type: Bitmapset *
>finalize_plan,Bitmapset *, /usr/local/src/postgresql/src/backend/optimizer/plan/subselect.c:2616:10
Used: finalize_plan
Ret. Type: Bitmapset *
>finalize_plan,Bitmapset *, /usr/local/src/postgresql/src/backend/optimizer/plan/subselect.c:2631:10
Used: finalize_plan
Ret. Type: Bitmapset *
>finalize_plan,Bitmapset *, /usr/local/src/postgresql/src/backend/optimizer/plan/subselect.c:2631:10
Used: finalize_plan
Ret. Type: Bitmapset *
>finalize_plan,Bitmapset *, /usr/local/src/postgresql/src/backend/optimizer/plan/subselect.c:2631:10
Used: finalize_plan
Ret. Type: Bitmapset *
>finalize_plan,Bitmapset *, /usr/local/src/postgresql/src/backend/optimizer/plan/subselect.c:2646:10
Used: finalize_plan
Ret. Type: Bitmapset *
>finalize_plan,Bitmapset *, /usr/local/src/postgresql/src/backend/optimizer/plan/subselect.c:2646:10
Used: finalize_plan
Ret. Type: Bitmapset *
>finalize_plan,Bitmapset *, /usr/local/src/postgresql/src/backend/optimizer/plan/subselect.c:2646:10
Used: finalize_plan
Ret. Type: Bitmapset *
>finalize_plan,Bitmapset *, /usr/local/src/postgresql/src/backend/optimizer/plan/subselect.c:2661:10
Used: finalize_plan
Ret. Type: Bitmapset *
>finalize_plan,Bitmapset *, /usr/local/src/postgresql/src/backend/optimizer/plan/subselect.c:2661:10
Used: finalize_plan
Ret. Type: Bitmapset *
>finalize_plan,Bitmapset *, /usr/local/src/postgresql/src/backend/optimizer/plan/subselect.c:2661:10
Used: finalize_plan
Ret. Type: Bitmapset *
>finalize_plan,Bitmapset *, /usr/local/src/postgresql/src/backend/optimizer/plan/subselect.c:2819:16
Used: finalize_plan
Ret. Type: Bitmapset *
>finalize_plan,Bitmapset *, /usr/local/src/postgresql/src/backend/optimizer/plan/subselect.c:2819:16
Used: finalize_plan
Ret. Type: Bitmapset *
>finalize_plan,Bitmapset *, /usr/local/src/postgresql/src/backend/optimizer/plan/subselect.c:2819:16
Used: finalize_plan
Ret. Type: Bitmapset *
>finalize_plan,Bitmapset *, /usr/local/src/postgresql/src/backend/optimizer/plan/subselect.c:2581:10
Used: finalize_plan
Ret. Type: Bitmapset *
>finalize_plan,Bitmapset *, /usr/local/src/postgresql/src/backend/optimizer/plan/subselect.c:2581:10
Used: finalize_plan
Ret. Type: Bitmapset *
>finalize_plan,Bitmapset *, /usr/local/src/postgresql/src/backend/optimizer/plan/subselect.c:2581:10
Used: finalize_plan
Ret. Type: Bitmapset *
>finalize_plan,Bitmapset *, /usr/local/src/postgresql/src/backend/optimizer/plan/subselect.c:2616:10
Used: finalize_plan
Ret. Type: Bitmapset *
>finalize_plan,Bitmapset *, /usr/local/src/postgresql/src/backend/optimizer/plan/subselect.c:2616:10
Used: finalize_plan
Ret. Type: Bitmapset *
>finalize_plan,Bitmapset *, /usr/local/src/postgresql/src/backend/optimizer/plan/subselect.c:2616:10
Used: finalize_plan
Ret. Type: Bitmapset *
>finalize_plan,Bitmapset *, /usr/local/src/postgresql/src/backend/optimizer/plan/subselect.c:2631:10
Used: finalize_plan
Ret. Type: Bitmapset *
>finalize_plan,Bitmapset *, /usr/local/src/postgresql/src/backend/optimizer/plan/subselect.c:2631:10
Used: finalize_plan
Ret. Type: Bitmapset *
>finalize_plan,Bitmapset *, /usr/local/src/postgresql/src/backend/optimizer/plan/subselect.c:2631:10
Used: finalize_plan
Ret. Type: Bitmapset *
>finalize_plan,Bitmapset *, /usr/local/src/postgresql/src/backend/optimizer/plan/subselect.c:2646:10
Used: finalize_plan
Ret. Type: Bitmapset *
>finalize_plan,Bitmapset *, /usr/local/src/postgresql/src/backend/optimizer/plan/subselect.c:2646:10
Used: finalize_plan
Ret. Type: Bitmapset *
>finalize_plan,Bitmapset *, /usr/local/src/postgresql/src/backend/optimizer/plan/subselect.c:2646:10
Used: finalize_plan
Ret. Type: Bitmapset *
>finalize_plan,Bitmapset *, /usr/local/src/postgresql/src/backend/optimizer/plan/subselect.c:2661:10
Used: finalize_plan
Ret. Type: Bitmapset *
>finalize_plan,Bitmapset *, /usr/local/src/postgresql/src/backend/optimizer/plan/subselect.c:2661:10
Used: finalize_plan
Ret. Type: Bitmapset *
>finalize_plan,Bitmapset *, /usr/local/src/postgresql/src/backend/optimizer/plan/subselect.c:2661:10
Used: finalize_plan
Ret. Type: Bitmapset *
>finalize_plan,Bitmapset *, /usr/local/src/postgresql/src/backend/optimizer/plan/subselect.c:2819:16
Used: finalize_plan
Ret. Type: Bitmapset *
>finalize_plan,Bitmapset *, /usr/local/src/postgresql/src/backend/optimizer/plan/subselect.c:2819:16
Used: finalize_plan
Ret. Type: Bitmapset *
>finalize_plan,Bitmapset *, /usr/local/src/postgresql/src/backend/optimizer/plan/subselect.c:2819:16
Used: finalize_plan
Ret. Type: Bitmapset *
>bms_add_member,Bitmapset *, /usr/local/src/postgresql/src/backend/nodes/bitmapset.c:854:5
Used: bms_copy_and_free
Ret. Type: Bitmapset *
>bms_add_members,Bitmapset *, /usr/local/src/postgresql/src/backend/nodes/bitmapset.c:933:6
Used: bms_copy_and_free
Ret. Type: Bitmapset *
>bms_add_range,Bitmapset *, /usr/local/src/postgresql/src/backend/nodes/bitmapset.c:1033:6
Used: bms_copy_and_free
Ret. Type: Bitmapset *
>bms_add_range,Bitmapset *, /usr/local/src/postgresql/src/backend/nodes/bitmapset.c:1098:5
Used: bms_copy_and_free
Ret. Type: Bitmapset *
>bms_del_member,Bitmapset *, /usr/local/src/postgresql/src/backend/nodes/bitmapset.c:884:5
Used: bms_copy_and_free
Ret. Type: Bitmapset *
>bms_del_members,Bitmapset *, /usr/local/src/postgresql/src/backend/nodes/bitmapset.c:1174:6
Used: bms_copy_and_free
Ret. Type: Bitmapset *
>bms_del_members,Bitmapset *, /usr/local/src/postgresql/src/backend/nodes/bitmapset.c:1220:5
Used: bms_copy_and_free
Ret. Type: Bitmapset *
>bms_int_members,Bitmapset *, /usr/local/src/postgresql/src/backend/nodes/bitmapset.c:1150:5
Used: bms_copy_and_free
Ret. Type: Bitmapset *
>bms_join,Bitmapset *, /usr/local/src/postgresql/src/backend/nodes/bitmapset.c:1244:6
Used: bms_copy_and_free
Ret. Type: Bitmapset *
>bms_join,Bitmapset *, /usr/local/src/postgresql/src/backend/nodes/bitmapset.c:1252:6
Used: bms_copy_and_free
Ret. Type: Bitmapset *
>bms_replace_members,Bitmapset *, /usr/local/src/postgresql/src/backend/nodes/bitmapset.c:1004:5
Used: bms_copy_and_free
Ret. Type: Bitmapset *
>relation_is_updatable,Bitmapset *, /usr/local/src/postgresql/src/backend/rewrite/rewriteHandler.c:3032:19
Used: relation_is_updatable
Ret. Type: int
>ReorderBufferProcessTXN,ReorderBufferTXN *, /usr/local/src/postgresql/src/backend/replication/logical/reorderbuffer.c:2603:3
Used: ReorderBufferCleanupTXN
Ret. Type: void
>ReorderBufferProcessTXN,ReorderBufferTXN *, /usr/local/src/postgresql/src/backend/replication/logical/reorderbuffer.c:2603:3
Used: ReorderBufferCleanupTXN
Ret. Type: void
>ReorderBufferProcessTXN,ReorderBufferTXN *, /usr/local/src/postgresql/src/backend/replication/logical/reorderbuffer.c:2660:3
Used: ReorderBufferCleanupTXN
Ret. Type: void
>ReorderBufferReplay,ReorderBufferTXN *, /usr/local/src/postgresql/src/backend/replication/logical/reorderbuffer.c:2723:3
Used: ReorderBufferCleanupTXN
Ret. Type: void
>ReorderBufferStreamCommit,ReorderBufferTXN *, /usr/local/src/postgresql/src/backend/replication/logical/reorderbuffer.c:1934:2
Used: ReorderBufferCleanupTXN
Ret. Type: void
>pa_xact_finish,ParallelApplyWorkerInfo *, /usr/local/src/postgresql/src/backend/replication/logical/applyparallelworker.c:1638:1
Used: pa_free_worker
Ret. Type: void
>ReorderBufferFreeSnap,Snapshot, /usr/local/src/postgresql/src/backend/replication/logical/reorderbuffer.c:1897:2
Used: SnapBuildSnapDecRefcount
Ret. Type: void
>ATExecDropColumn,ObjectAddresses *, /usr/local/src/postgresql/src/backend/commands/tablecmds.c:9082:5
Used: ATExecDropColumn
Ret. Type: ObjectAddress
>ginFinishOldSplit,GinBtreeStack *, /usr/local/src/postgresql/src/backend/access/gin/ginbtree.c:800:1
Used: ginFinishSplit
Ret. Type: void
>ginInsertValue,GinBtreeStack *, /usr/local/src/postgresql/src/backend/access/gin/ginbtree.c:834:2
Used: ginFinishSplit
Ret. Type: void
>ginInsertValue,GinBtreeStack *, /usr/local/src/postgresql/src/backend/access/gin/ginbtree.c:823:2
Used: ginFinishOldSplit
Ret. Type: void
>reform_and_rewrite_tuple,HeapTuple, /usr/local/src/postgresql/src/backend/access/heap/heapam_handler.c:2534:1
Used: rewrite_heap_tuple
Ret. Type: void
>reform_and_rewrite_tuple,HeapTuple, /usr/local/src/postgresql/src/backend/access/heap/heapam_handler.c:2534:1
Used: rewrite_heap_tuple
Ret. Type: void
>check_and_drop_existing_subscriptions,PGconn *, /usr/local/src/postgresql/src/bin/pg_basebackup/pg_createsubscriber.c:1129:2
Used: drop_existing_subscriptions
Ret. Type: void
