>json_manifest_scalar
>PLy_function_restore_args
>string_to_text
>dofindsubquery
>recursive_revoke
>clean_NOT_intree
>clean_stopword_intree
>plainnode
>bms_add_members
>bms_del_member
>bms_del_members
>bms_int_members
>bms_add_member
>bms_add_range
>SetConstraintStateAddItem
>CopyMultiInsertBufferCleanup
>ReorderBufferIterTXNFinish
>ReorderBufferReturnChange
>ReorderBufferReturnRelids
>ReorderBufferReturnTXN
>ReorderBufferReturnTupleBuf
>addHLParsedLex
>addHLParsedLex
>addCompiledLexeme
>updateAclDependencies
>updateAclDependencies
>merge_clump
>add_partial_path
>add_path
>ExecDropSingleTupleTableSlot
>ExecForceStoreHeapTuple
>ExecForceStoreMinimalTuple
>ExecParallelCleanup
>PageRestoreTempPage
>_bt_blwritepage
>_bt_insertonpg
>gistjoinvector
>brin_copy_tuple
>createNewConnection
>dblink_security_check
