>ExplainCustomChildren,List *, /usr/local/src/postgresql/src/backend/commands/explain.c:4466:2
Used: ExplainNode
Ret. Type: void
>ExplainMemberNodes,List *, /usr/local/src/postgresql/src/backend/commands/explain.c:4390:2
Used: ExplainNode
Ret. Type: void
>ExplainNode,List *, /usr/local/src/postgresql/src/backend/commands/explain.c:2362:2
Used: ExplainNode
Ret. Type: void
>ExplainNode,List *, /usr/local/src/postgresql/src/backend/commands/explain.c:2362:2
Used: ExplainNode
Ret. Type: void
>ExplainNode,List *, /usr/local/src/postgresql/src/backend/commands/explain.c:2362:2
Used: ExplainNode
Ret. Type: void
>ExplainNode,List *, /usr/local/src/postgresql/src/backend/commands/explain.c:2362:2
Used: ExplainNode
Ret. Type: void
>ExplainNode,List *, /usr/local/src/postgresql/src/backend/commands/explain.c:2367:2
Used: ExplainNode
Ret. Type: void
>ExplainNode,List *, /usr/local/src/postgresql/src/backend/commands/explain.c:2367:2
Used: ExplainNode
Ret. Type: void
>ExplainNode,List *, /usr/local/src/postgresql/src/backend/commands/explain.c:2394:3
Used: ExplainNode
Ret. Type: void
>ExplainSubPlans,List *, /usr/local/src/postgresql/src/backend/commands/explain.c:4448:2
Used: ExplainNode
Ret. Type: void
>ExplainCustomChildren,List *, /usr/local/src/postgresql/src/backend/commands/explain.c:4466:2
Used: ExplainNode
Ret. Type: void
>ExplainMemberNodes,List *, /usr/local/src/postgresql/src/backend/commands/explain.c:4390:2
Used: ExplainNode
Ret. Type: void
>ExplainNode,List *, /usr/local/src/postgresql/src/backend/commands/explain.c:2362:2
Used: ExplainNode
Ret. Type: void
>ExplainNode,List *, /usr/local/src/postgresql/src/backend/commands/explain.c:2362:2
Used: ExplainNode
Ret. Type: void
>ExplainNode,List *, /usr/local/src/postgresql/src/backend/commands/explain.c:2362:2
Used: ExplainNode
Ret. Type: void
>ExplainNode,List *, /usr/local/src/postgresql/src/backend/commands/explain.c:2362:2
Used: ExplainNode
Ret. Type: void
>ExplainNode,List *, /usr/local/src/postgresql/src/backend/commands/explain.c:2367:2
Used: ExplainNode
Ret. Type: void
>ExplainNode,List *, /usr/local/src/postgresql/src/backend/commands/explain.c:2367:2
Used: ExplainNode
Ret. Type: void
>ExplainNode,List *, /usr/local/src/postgresql/src/backend/commands/explain.c:2394:3
Used: ExplainNode
Ret. Type: void
>ExplainSubPlans,List *, /usr/local/src/postgresql/src/backend/commands/explain.c:4448:2
Used: ExplainNode
Ret. Type: void
>ExplainCustomChildren,List *, /usr/local/src/postgresql/src/backend/commands/explain.c:4466:2
Used: ExplainNode
Ret. Type: void
>ExplainMemberNodes,List *, /usr/local/src/postgresql/src/backend/commands/explain.c:4390:2
Used: ExplainNode
Ret. Type: void
>ExplainNode,List *, /usr/local/src/postgresql/src/backend/commands/explain.c:2362:2
Used: ExplainNode
Ret. Type: void
>ExplainNode,List *, /usr/local/src/postgresql/src/backend/commands/explain.c:2362:2
Used: ExplainNode
Ret. Type: void
>ExplainNode,List *, /usr/local/src/postgresql/src/backend/commands/explain.c:2362:2
Used: ExplainNode
Ret. Type: void
>ExplainNode,List *, /usr/local/src/postgresql/src/backend/commands/explain.c:2362:2
Used: ExplainNode
Ret. Type: void
>ExplainNode,List *, /usr/local/src/postgresql/src/backend/commands/explain.c:2367:2
Used: ExplainNode
Ret. Type: void
>ExplainNode,List *, /usr/local/src/postgresql/src/backend/commands/explain.c:2367:2
Used: ExplainNode
Ret. Type: void
>ExplainNode,List *, /usr/local/src/postgresql/src/backend/commands/explain.c:2394:3
Used: ExplainNode
Ret. Type: void
>ExplainSubPlans,List *, /usr/local/src/postgresql/src/backend/commands/explain.c:4448:2
Used: ExplainNode
Ret. Type: void
>ExplainCustomChildren,List *, /usr/local/src/postgresql/src/backend/commands/explain.c:4466:2
Used: ExplainNode
Ret. Type: void
>ExplainMemberNodes,List *, /usr/local/src/postgresql/src/backend/commands/explain.c:4390:2
Used: ExplainNode
Ret. Type: void
>ExplainNode,List *, /usr/local/src/postgresql/src/backend/commands/explain.c:2362:2
Used: ExplainNode
Ret. Type: void
>ExplainNode,List *, /usr/local/src/postgresql/src/backend/commands/explain.c:2362:2
Used: ExplainNode
Ret. Type: void
>ExplainNode,List *, /usr/local/src/postgresql/src/backend/commands/explain.c:2362:2
Used: ExplainNode
Ret. Type: void
>ExplainNode,List *, /usr/local/src/postgresql/src/backend/commands/explain.c:2362:2
Used: ExplainNode
Ret. Type: void
>ExplainNode,List *, /usr/local/src/postgresql/src/backend/commands/explain.c:2367:2
Used: ExplainNode
Ret. Type: void
>ExplainNode,List *, /usr/local/src/postgresql/src/backend/commands/explain.c:2367:2
Used: ExplainNode
Ret. Type: void
>ExplainNode,List *, /usr/local/src/postgresql/src/backend/commands/explain.c:2394:3
Used: ExplainNode
Ret. Type: void
>ExplainSubPlans,List *, /usr/local/src/postgresql/src/backend/commands/explain.c:4448:2
Used: ExplainNode
Ret. Type: void
>ExplainCustomChildren,List *, /usr/local/src/postgresql/src/backend/commands/explain.c:4466:2
Used: ExplainNode
Ret. Type: void
>ExplainMemberNodes,List *, /usr/local/src/postgresql/src/backend/commands/explain.c:4390:2
Used: ExplainNode
Ret. Type: void
>ExplainNode,List *, /usr/local/src/postgresql/src/backend/commands/explain.c:2362:2
Used: ExplainNode
Ret. Type: void
>ExplainNode,List *, /usr/local/src/postgresql/src/backend/commands/explain.c:2362:2
Used: ExplainNode
Ret. Type: void
>ExplainNode,List *, /usr/local/src/postgresql/src/backend/commands/explain.c:2362:2
Used: ExplainNode
Ret. Type: void
>ExplainNode,List *, /usr/local/src/postgresql/src/backend/commands/explain.c:2362:2
Used: ExplainNode
Ret. Type: void
>ExplainNode,List *, /usr/local/src/postgresql/src/backend/commands/explain.c:2367:2
Used: ExplainNode
Ret. Type: void
>ExplainNode,List *, /usr/local/src/postgresql/src/backend/commands/explain.c:2367:2
Used: ExplainNode
Ret. Type: void
>ExplainNode,List *, /usr/local/src/postgresql/src/backend/commands/explain.c:2394:3
Used: ExplainNode
Ret. Type: void
>ExplainSubPlans,List *, /usr/local/src/postgresql/src/backend/commands/explain.c:4448:2
Used: ExplainNode
Ret. Type: void
