>xml_repalloc,size_t, /usr/local/src/postgresql/src/backend/utils/adt/xml.c:1969:8
Used: repalloc
Ret. Type: void *
>xml_repalloc,void *, /usr/local/src/postgresql/src/backend/utils/adt/xml.c:1969:8
Used: repalloc
Ret. Type: void *
>repalloc0,void *, /usr/local/src/postgresql/src/backend/utils/mmgr/mcxt.c:1627:7
Used: repalloc
Ret. Type: void *
>repalloc0,Size, /usr/local/src/postgresql/src/backend/utils/mmgr/mcxt.c:1627:7
Used: repalloc
Ret. Type: void *
>SPI_repalloc,void *, /usr/local/src/postgresql/src/backend/executor/spi.c:1350:8
Used: repalloc
Ret. Type: void *
>SPI_repalloc,Size, /usr/local/src/postgresql/src/backend/executor/spi.c:1350:8
Used: repalloc
Ret. Type: void *
>gistjoinvector,IndexTuple *, /usr/local/src/postgresql/src/backend/access/gist/gistutil.c:115:24
Used: repalloc
Ret. Type: IndexTuple *
