>DeCloneArchive,ArchiveHandle *, /usr/local/src/postgresql/src/bin/pg_dump/pg_backup_archiver.c:5067:1
Used: free
Ret. Type: void
--
>restorePsetInfo,printQueryOpt *, /usr/local/src/postgresql/src/bin/psql/command.c:5051:1
Used: free
Ret. Type: void
--
>closedir,DIR *, /usr/local/src/postgresql/src/port/dirent.c:134:1
Used: free
Ret. Type: int
--
>GenerationDelete,MemoryContext, /usr/local/src/postgresql/src/backend/utils/mmgr/generation.c:333:1
Used: free
Ret. Type: void
--
>BumpDelete,MemoryContext, /usr/local/src/postgresql/src/backend/utils/mmgr/bump.c:283:1
Used: free
Ret. Type: void
>SlabDelete,MemoryContext, /usr/local/src/postgresql/src/backend/utils/mmgr/slab.c:490:1
Used: free
Ret. Type: void
>SN_close_env,struct SN_env *, /usr/local/src/postgresql/src/backend/snowball/libstemmer/api.c:48:4
Used: free
Ret. Type: void
>pg_free,void *, /usr/local/src/postgresql/src/common/fe_memutils.c:107:1
Used: free
Ret. Type: void
>conditional_stack_destroy,ConditionalStack, /usr/local/src/postgresql/src/fe_utils/conditional.c:46:1
Used: free
Ret. Type: void
>psql_scan_destroy,PsqlScanState, /usr/local/src/postgresql/src/fe_utils/psqlscan.c:5270:1
Used: free
Ret. Type: void
>output_deallocate_prepare_statement,char *, /usr/local/src/postgresql/src/interfaces/ecpg/preproc/output.c:196:1
Used: free
Ret. Type: void
>output_prepare_statement,char *, /usr/local/src/postgresql/src/interfaces/ecpg/preproc/output.c:178:1
Used: free
Ret. Type: void
>output_simple_statement,char *, /usr/local/src/postgresql/src/interfaces/ecpg/preproc/output.c:25:1
Used: free
Ret. Type: void
>output_statement,char *, /usr/local/src/postgresql/src/interfaces/ecpg/preproc/output.c:166:1
Used: free
Ret. Type: void
--
>ECPGfree_type,struct ECPGtype *, /usr/local/src/postgresql/src/interfaces/ecpg/preproc/type.c:689:1
Used: free
Ret. Type: void
--
>PGTYPESchar_free,char *, /usr/local/src/postgresql/src/interfaces/ecpg/pgtypeslib/common.c:147:1
Used: free
Ret. Type: void
>PGTYPESinterval_free,interval *, /usr/local/src/postgresql/src/interfaces/ecpg/pgtypeslib/interval.c:999:1
Used: free
Ret. Type: void
>PGTYPESdate_free,date *, /usr/local/src/postgresql/src/interfaces/ecpg/pgtypeslib/datetime.c:27:1
Used: free
Ret. Type: void
>PGTYPESdecimal_free,decimal *, /usr/local/src/postgresql/src/interfaces/ecpg/pgtypeslib/numeric.c:394:1
Used: free
Ret. Type: void
>PGTYPESnumeric_free,numeric *, /usr/local/src/postgresql/src/interfaces/ecpg/pgtypeslib/numeric.c:388:1
Used: free
Ret. Type: void
--
>ecpg_free,void *, /usr/local/src/postgresql/src/interfaces/ecpg/ecpglib/memory.c:15:1
Used: free
Ret. Type: void
--
>PQfreemem,void *, /usr/local/src/postgresql/src/interfaces/libpq/fe-exec.c:4034:1
Used: free
Ret. Type: void
--
>PQconninfoFree,PQconninfoOption *, /usr/local/src/postgresql/src/interfaces/libpq/fe-connect.c:6997:1
Used: free
Ret. Type: void
--
>destroyPQExpBuffer,PQExpBuffer, /usr/local/src/postgresql/src/interfaces/libpq/pqexpbuffer.c:119:2
Used: free
Ret. Type: void
>PQfreeCancel,PGcancel *, /usr/local/src/postgresql/src/interfaces/libpq/fe-cancel.c:419:1
Used: free
Ret. Type: void
>EndCompressFileHandle,CompressFileHandle *, /usr/local/src/postgresql/src/bin/pg_dump/compress_io.c:296:1
Used: free_keep_errno
Ret. Type: bool
>EndCompressor,CompressorState *, /usr/local/src/postgresql/src/bin/pg_dump/compress_io.c:152:1
Used: pg_free
Ret. Type: void
--
>pfree,void *, /usr/local/src/postgresql/src/common/fe_memutils.c:135:1
Used: pg_free
Ret. Type: void
--
>PQfreeNotify,PGnotify *, /usr/local/src/postgresql/src/interfaces/libpq/fe-exec.c:4051:1
Used: PQfreemem
Ret. Type: void
--
>XLogReaderFree,XLogReaderState *, /usr/local/src/postgresql/src/bin/pg_rewind/xlogreader.c:173:1
Used: pfree
Ret. Type: void
--
>XLogReaderFree,XLogReaderState *, /usr/local/src/postgresql/src/bin/pg_waldump/xlogreader.c:173:1
Used: pfree
Ret. Type: void
--
>LogicalTapeClose,LogicalTape *, /usr/local/src/postgresql/src/backend/utils/sort/logtape.c:737:1
Used: pfree
Ret. Type: void
>LogicalTapeSetClose,LogicalTapeSet *, /usr/local/src/postgresql/src/backend/utils/sort/logtape.c:671:1
Used: pfree
Ret. Type: void
>tuplestore_end,Tuplestorestate *, /usr/local/src/postgresql/src/backend/utils/sort/tuplestore.c:466:1
Used: pfree
Ret. Type: void
>FreeErrorData,ErrorData *, /usr/local/src/postgresql/src/backend/utils/error/elog.c:1821:1
Used: pfree
Ret. Type: void
>array_free_iterator,ArrayIterator, /usr/local/src/postgresql/src/backend/utils/adt/arrayfuncs.c:4754:1
Used: pfree
Ret. Type: void
--
>close_tsvector_parser,TSVectorParseState, /usr/local/src/postgresql/src/backend/utils/adt/tsvector_parser.c:93:1
Used: pfree
Ret. Type: void
--
>QTNFree,QTNode *, /usr/local/src/postgresql/src/backend/utils/adt/tsquery_util.c:88:1
Used: pfree
Ret. Type: void
>jsonpath_yyfree,void *, /usr/local/src/postgresql/src/backend/utils/adt/jsonpath_scan.c:6184:2
Used: pfree
Ret. Type: void
--
>pg_xml_done,PgXmlErrorContext *, /usr/local/src/postgresql/src/backend/utils/adt/xml.c:1320:1
Used: pfree
Ret. Type: void
--
>ResourceOwnerDelete,ResourceOwner, /usr/local/src/postgresql/src/backend/utils/resowner/resowner.c:881:1
Used: pfree
Ret. Type: void
>guc_free,void *, /usr/local/src/postgresql/src/backend/utils/misc/guc.c:701:2
Used: pfree
Ret. Type: void
--
>PortalDrop,Portal, /usr/local/src/postgresql/src/backend/utils/mmgr/portalmem.c:598:1
Used: pfree
Ret. Type: void
>dsa_detach,dsa_area *, /usr/local/src/postgresql/src/backend/utils/mmgr/dsa.c:1971:1
Used: pfree
Ret. Type: void
--
>tbm_end_iterate,TBMIterator *, /usr/local/src/postgresql/src/backend/nodes/tidbitmap.c:1148:1
Used: pfree
Ret. Type: void
>tbm_end_shared_iterate,TBMSharedIterator *, /usr/local/src/postgresql/src/backend/nodes/tidbitmap.c:1160:1
Used: pfree
Ret. Type: void
>tbm_free,TIDBitmap *, /usr/local/src/postgresql/src/backend/nodes/tidbitmap.c:330:1
Used: pfree
Ret. Type: void
--
>bms_free,Bitmapset *, /usr/local/src/postgresql/src/backend/nodes/bitmapset.c:242:2
Used: pfree
Ret. Type: void
--
>jit_release_context,JitContext *, /usr/local/src/postgresql/src/backend/jit/jit.c:142:1
Used: pfree
Ret. Type: void
--
>vac_close_indexes,Relation *, /usr/local/src/postgresql/src/backend/commands/vacuum.c:2340:1
Used: pfree
Ret. Type: void
--
>FreeTriggerDesc,TriggerDesc *, /usr/local/src/postgresql/src/backend/commands/trigger.c:2168:1
Used: pfree
Ret. Type: void
--
>parallel_vacuum_end,ParallelVacuumState *, /usr/local/src/postgresql/src/backend/commands/vacuumparallel.c:458:1
Used: pfree
Ret. Type: void
--
>EndCopyFrom,CopyFromState, /usr/local/src/postgresql/src/backend/commands/copyfrom.c:1806:1
Used: pfree
Ret. Type: void
--
>ReorderBufferReturnChange,ReorderBufferChange *, /usr/local/src/postgresql/src/backend/replication/logical/reorderbuffer.c:562:1
Used: pfree
Ret. Type: void
>ReorderBufferReturnRelids,Oid *, /usr/local/src/postgresql/src/backend/replication/logical/reorderbuffer.c:621:1
Used: pfree
Ret. Type: void
--
>ReorderBufferReturnTupleBuf,HeapTuple, /usr/local/src/postgresql/src/backend/replication/logical/reorderbuffer.c:590:1
Used: pfree
Ret. Type: void
--
>CatalogCloseIndexes,CatalogIndexState, /usr/local/src/postgresql/src/backend/catalog/indexing.c:64:1
Used: pfree
Ret. Type: void
>FreeSubscription,Subscription *, /usr/local/src/postgresql/src/backend/catalog/pg_subscription.c:162:1
Used: pfree
Ret. Type: void
>free_object_addresses,ObjectAddresses *, /usr/local/src/postgresql/src/backend/catalog/dependency.c:2778:1
Used: pfree
Ret. Type: void
>FreeQueryDesc,QueryDesc *, /usr/local/src/postgresql/src/backend/tcop/pquery.c:115:1
Used: pfree
Ret. Type: void
>free_chromo,Chromosome *, /usr/local/src/postgresql/src/backend/optimizer/geqo/geqo_pool.c:179:1
Used: pfree
Ret. Type: void
>free_pool,Pool *, /usr/local/src/postgresql/src/backend/optimizer/geqo/geqo_pool.c:83:1
Used: pfree
Ret. Type: void
>free_city_table,City *, /usr/local/src/postgresql/src/backend/optimizer/geqo/geqo_recombination.c:89:1
Used: pfree
Ret. Type: void
--
>free_edge_table,Edge *, /usr/local/src/postgresql/src/backend/optimizer/geqo/geqo_erx.c:78:1
Used: pfree
Ret. Type: void
--
>ExecDropSingleTupleTableSlot,TupleTableSlot *, /usr/local/src/postgresql/src/backend/executor/execTuples.c:1356:1
Used: pfree
Ret. Type: void
--
>end_tup_output,TupOutputState *, /usr/local/src/postgresql/src/backend/executor/execTuples.c:2425:1
Used: pfree
Ret. Type: void
--
>DestroyTupleQueueReader,TupleQueueReader *, /usr/local/src/postgresql/src/backend/executor/tqueue.c:157:1
Used: pfree
Ret. Type: void
--
>ExecHashTableDestroy,HashJoinTable, /usr/local/src/postgresql/src/backend/executor/nodeHash.c:907:1
Used: pfree
Ret. Type: void
--
>SPI_pfree,void *, /usr/local/src/postgresql/src/backend/executor/spi.c:1357:1
Used: pfree
Ret. Type: void
>FreeExprContext,ExprContext *, /usr/local/src/postgresql/src/backend/executor/execUtils.c:428:1
Used: pfree
Ret. Type: void
>ExecParallelCleanup,ParallelExecutorInfo *, /usr/local/src/postgresql/src/backend/executor/execParallel.c:1212:1
Used: pfree
Ret. Type: void
--
>FreeAccessStrategy,BufferAccessStrategy, /usr/local/src/postgresql/src/backend/storage/buffer/freelist.c:685:2
Used: pfree
Ret. Type: void
>BufFileClose,BufFile *, /usr/local/src/postgresql/src/backend/storage/file/buffile.c:423:1
Used: pfree
Ret. Type: void
>inv_close,LargeObjectDesc *, /usr/local/src/postgresql/src/backend/storage/large_object/inv_api.c:340:1
Used: pfree
Ret. Type: void
>PageRestoreTempPage,Page, /usr/local/src/postgresql/src/backend/storage/page/bufpage.c:431:1
Used: pfree
Ret. Type: void
>read_stream_end,ReadStream *, /usr/local/src/postgresql/src/backend/storage/aio/read_stream.c:784:1
Used: pfree
Ret. Type: void
>dsm_detach,dsm_segment *, /usr/local/src/postgresql/src/backend/storage/ipc/dsm.c:904:1
Used: pfree
Ret. Type: void
>shm_mq_detach,shm_mq_handle *, /usr/local/src/postgresql/src/backend/storage/ipc/shm_mq.c:864:1
Used: pfree
Ret. Type: void
>FreeWaitEventSet,WaitEventSet *, /usr/local/src/postgresql/src/backend/storage/ipc/latch.c:910:1
Used: pfree
Ret. Type: void
>FreeWaitEventSetAfterFork,WaitEventSet *, /usr/local/src/postgresql/src/backend/storage/ipc/latch.c:927:1
Used: pfree
Ret. Type: void
--
>freeGinBtreeStack,GinBtreeStack *, /usr/local/src/postgresql/src/backend/access/gin/ginbtree.c:207:2
Used: pfree
Ret. Type: void
--
>XLogReaderFree,XLogReaderState *, /usr/local/src/postgresql/src/backend/access/transam/xlogreader.c:173:1
Used: pfree
Ret. Type: void
>FreeFakeRelcacheEntry,Relation, /usr/local/src/postgresql/src/backend/access/transam/xlogutils.c:631:1
Used: pfree
Ret. Type: void
>DestroyParallelContext,ParallelContext *, /usr/local/src/postgresql/src/backend/access/transam/parallel.c:1013:1
Used: pfree
Ret. Type: void
>GenericXLogAbort,GenericXLogState *, /usr/local/src/postgresql/src/backend/access/transam/generic_xlog.c:446:1
Used: pfree
Ret. Type: void
>GenericXLogFinish,GenericXLogState *, /usr/local/src/postgresql/src/backend/access/transam/generic_xlog.c:433:1
Used: pfree
Ret. Type: XLogRecPtr
>XLogPrefetcherFree,XLogPrefetcher *, /usr/local/src/postgresql/src/backend/access/transam/xlogprefetcher.c:396:1
Used: pfree
Ret. Type: void
--
>free_attrmap,AttrMap *, /usr/local/src/postgresql/src/backend/access/common/attmap.c:59:1
Used: pfree
Ret. Type: void
--
>free_conversion_map,TupleConversionMap *, /usr/local/src/postgresql/src/backend/access/common/tupconvert.c:307:1
Used: pfree
Ret. Type: void
>FreeTupleDesc,TupleDesc, /usr/local/src/postgresql/src/backend/access/common/tupdesc.c:377:1
Used: pfree
Ret. Type: void
>heap_free_minimal_tuple,MinimalTuple, /usr/local/src/postgresql/src/backend/access/common/heaptuple.c:1525:1
Used: pfree
Ret. Type: void
>heap_freetuple,HeapTuple, /usr/local/src/postgresql/src/backend/access/common/heaptuple.c:1436:1
Used: pfree
Ret. Type: void
>TidStoreDestroy,TidStore *, /usr/local/src/postgresql/src/backend/access/common/tidstore.c:342:1
Used: pfree
Ret. Type: void
>TidStoreDetach,TidStore *, /usr/local/src/postgresql/src/backend/access/common/tidstore.c:287:1
Used: pfree
Ret. Type: void
>TidStoreEndIterate,TidStoreIter *, /usr/local/src/postgresql/src/backend/access/common/tidstore.c:544:1
Used: pfree
Ret. Type: void
>toast_close_indexes,Relation *, /usr/local/src/postgresql/src/backend/access/common/toast_internals.c:630:1
Used: pfree
Ret. Type: void
--
>FreeBulkInsertState,BulkInsertState, /usr/local/src/postgresql/src/backend/access/heap/heapam.c:1958:1
Used: pfree
Ret. Type: void
>_h_spooldestroy,HSpool *, /usr/local/src/postgresql/src/backend/access/hash/hashsort.c:102:1
Used: pfree
Ret. Type: void
>IndexScanEnd,IndexScanDesc, /usr/local/src/postgresql/src/backend/access/index/genam.c:151:1
Used: pfree
Ret. Type: void
>systable_endscan,SysScanDesc, /usr/local/src/postgresql/src/backend/access/index/genam.c:624:1
Used: pfree
Ret. Type: void
>systable_endscan_ordered,SysScanDesc, /usr/local/src/postgresql/src/backend/access/index/genam.c:765:1
Used: pfree
Ret. Type: void
--
>brinRevmapTerminate,BrinRevmap *, /usr/local/src/postgresql/src/backend/access/brin/brin_revmap.c:105:1
Used: pfree
Ret. Type: void
>brin_free_tuple,BrinTuple *, /usr/local/src/postgresql/src/backend/access/brin/brin_tuple.c:435:1
Used: pfree
Ret. Type: void
>dshash_destroy,dshash_table *, /usr/local/src/postgresql/src/backend/lib/dshash.c:359:1
Used: pfree
Ret. Type: void
>dshash_detach,dshash_table *, /usr/local/src/postgresql/src/backend/lib/dshash.c:312:1
Used: pfree
Ret. Type: void
>BipartiteMatchFree,BipartiteMatchState *, /usr/local/src/postgresql/src/backend/lib/bipartite_match.c:85:1
Used: pfree
Ret. Type: void
>pairingheap_free,pairingheap *, /usr/local/src/postgresql/src/backend/lib/pairingheap.c:65:1
Used: pfree
Ret. Type: void
>bloom_free,bloom_filter *, /usr/local/src/postgresql/src/backend/lib/bloomfilter.c:128:1
Used: pfree
Ret. Type: void
>core_yyfree,void *, /usr/local/src/postgresql/src/backend/parser/scan.c:11825:2
Used: pfree
Ret. Type: void
>free_parsestate,ParseState *, /usr/local/src/postgresql/src/backend/parser/parse_node.c:88:1
Used: pfree
Ret. Type: void
--
>json_parse_manifest_incremental_shutdown,JsonManifestParseIncrementalState *, /usr/local/src/postgresql/src/common/parse_manifest.c:174:1
Used: pfree
Ret. Type: void
>destroyStringInfo,StringInfo, /usr/local/src/postgresql/src/common/stringinfo.c:367:1
Used: pfree
Ret. Type: void
>pgfnames_cleanup,char * *, /usr/local/src/postgresql/src/common/pgfnames.c:93:1
Used: pfree
Ret. Type: void
--
>binaryheap_free,binaryheap *, /usr/local/src/postgresql/src/common/binaryheap.c:77:1
Used: pfree
Ret. Type: void
>BlockRefTableFreeEntry,BlockRefTableEntry *, /usr/local/src/postgresql/src/common/blkreftable.c:1142:1
Used: pfree
Ret. Type: void
>DestroyBlockRefTableReader,BlockRefTableReader *, /usr/local/src/postgresql/src/common/blkreftable.c:780:1
Used: pfree
Ret. Type: void
>DestroyBlockRefTableWriter,BlockRefTableWriter *, /usr/local/src/postgresql/src/common/blkreftable.c:858:1
Used: pfree
Ret. Type: void
--
>pg_tzenumerate_end,pg_tzenum *, /usr/local/src/postgresql/src/timezone/pgtz.c:422:1
Used: pfree
Ret. Type: void
>pgp_cfb_free,PGP_CFB *, /usr/local/src/postgresql/contrib/pgcrypto/pgp-cfb.c:87:1
Used: pfree
Ret. Type: void
--
>pgp_mpi_free,PGP_MPI *, /usr/local/src/postgresql/contrib/pgcrypto/pgp-mpi.c:75:1
Used: pfree
Ret. Type: int
>mbuf_free,MBuf *, /usr/local/src/postgresql/contrib/pgcrypto/mbuf.c:69:1
Used: pfree
Ret. Type: int
>pullf_free,PullFilter *, /usr/local/src/postgresql/contrib/pgcrypto/mbuf.c:241:1
Used: pfree
Ret. Type: void
>pushf_free,PushFilter *, /usr/local/src/postgresql/contrib/pgcrypto/mbuf.c:407:1
Used: pfree
Ret. Type: void
--
>pgp_key_free,PGP_PubKey *, /usr/local/src/postgresql/contrib/pgcrypto/pgp-pubkey.c:80:1
Used: pfree
Ret. Type: void
>pgp_free,PGP_Context *, /usr/local/src/postgresql/contrib/pgcrypto/pgp.c:218:1
Used: pfree
Ret. Type: int
