>yyrealloc,void *, /usr/local/src/postgresql/src/bin/pgbench/exprscan.c:2631:8
Used: realloc
Ret. Type: void *
--
>yyrealloc,void *, /usr/local/src/postgresql/src/bin/psql/psqlscanslash.c:3118:8
Used: realloc
Ret. Type: void *
--
>yyrealloc,void *, /usr/local/src/postgresql/src/backend/utils/misc/guc-file.c:2096:8
Used: realloc
Ret. Type: void *
--
>yyrealloc,void *, /usr/local/src/postgresql/src/backend/bootstrap/bootscanner.c:2245:8
Used: realloc
Ret. Type: void *
--
>yyrealloc,void *, /usr/local/src/postgresql/src/backend/replication/repl_scanner.c:2476:8
Used: realloc
Ret. Type: void *
--
>yyrealloc,void *, /usr/local/src/postgresql/src/backend/replication/syncrep_scanner.c:2111:8
Used: realloc
Ret. Type: void *
--
>pg_realloc,void *, /usr/local/src/postgresql/src/common/fe_memutils.c:72:7
Used: realloc
Ret. Type: void *
>yyrealloc,void *, /usr/local/src/postgresql/src/fe_utils/psqlscan.c:5216:8
Used: realloc
Ret. Type: void *
--
>yyrealloc,void *, /usr/local/src/postgresql/src/interfaces/ecpg/preproc/pgc.c:5072:8
Used: realloc
Ret. Type: void *
--
>ecpg_realloc,void *, /usr/local/src/postgresql/src/interfaces/ecpg/ecpglib/memory.c:35:25
Used: realloc
Ret. Type: char *
>yyrealloc,void *, /usr/local/src/postgresql/src/test/isolation/specscanner.c:2194:8
Used: realloc
Ret. Type: void *
--
>repalloc,void *, /usr/local/src/postgresql/src/common/fe_memutils.c:174:8
Used: pg_realloc
Ret. Type: void *
--
>jsonpath_yyrealloc,void *, /usr/local/src/postgresql/src/backend/utils/adt/jsonpath_scan.c:6175:9
Used: repalloc
Ret. Type: void *
--
>repalloc0,void *, /usr/local/src/postgresql/src/backend/utils/mmgr/mcxt.c:1627:7
Used: repalloc
Ret. Type: void *
--
>SPI_repalloc,void *, /usr/local/src/postgresql/src/backend/executor/spi.c:1350:8
Used: repalloc
Ret. Type: void *
--
>gistjoinvector,IndexTuple *, /usr/local/src/postgresql/src/backend/access/gist/gistutil.c:115:24
Used: repalloc
Ret. Type: IndexTuple *
--
>core_yyrealloc,void *, /usr/local/src/postgresql/src/backend/parser/scan.c:11816:9
Used: repalloc
Ret. Type: void *
