>add_partial_path,Path *, /usr/local/src/postgresql/src/backend/optimizer/util/pathnode.c:850:2
>add_path,Path *, /usr/local/src/postgresql/src/backend/optimizer/util/pathnode.c:620:3
>appendQualifiedRelation,PGconn *, /usr/local/src/postgresql/src/bin/scripts/common.c:103:7
>appendQualifiedRelation,PGconn *, /usr/local/src/postgresql/src/bin/scripts/common.c:111:2
>appendQualifiedRelation,PGconn *, /usr/local/src/postgresql/src/bin/scripts/common.c:95:1
>bms_add_member,Bitmapset *, /usr/local/src/postgresql/src/backend/nodes/bitmapset.c:854:5
>bms_add_members,Bitmapset *, /usr/local/src/postgresql/src/backend/nodes/bitmapset.c:933:6
>bms_add_members,Bitmapset *, /usr/local/src/postgresql/src/backend/nodes/bitmapset.c:957:2
>bms_add_range,Bitmapset *, /usr/local/src/postgresql/src/backend/nodes/bitmapset.c:1033:6
>bms_add_range,Bitmapset *, /usr/local/src/postgresql/src/backend/nodes/bitmapset.c:1098:5
>bms_del_member,Bitmapset *, /usr/local/src/postgresql/src/backend/nodes/bitmapset.c:884:5
>bms_del_member,Bitmapset *, /usr/local/src/postgresql/src/backend/nodes/bitmapset.c:907:2
>bms_del_members,Bitmapset *, /usr/local/src/postgresql/src/backend/nodes/bitmapset.c:1174:6
>bms_del_members,Bitmapset *, /usr/local/src/postgresql/src/backend/nodes/bitmapset.c:1211:3
>bms_del_members,Bitmapset *, /usr/local/src/postgresql/src/backend/nodes/bitmapset.c:1220:5
>bms_join,Bitmapset *, /usr/local/src/postgresql/src/backend/nodes/bitmapset.c:1244:6
>bms_join,Bitmapset *, /usr/local/src/postgresql/src/backend/nodes/bitmapset.c:1252:6
>_bt_doinsert,IndexTuple, /usr/local/src/postgresql/src/backend/access/nbtree/nbtinsert.c:260:2
>CheckAttributeType,List *, /usr/local/src/postgresql/src/backend/catalog/heap.c:593:2
>CheckAttributeType,List *, /usr/local/src/postgresql/src/backend/catalog/heap.c:630:3
>CheckAttributeType,List *, /usr/local/src/postgresql/src/backend/catalog/heap.c:638:24
>CheckAttributeType,List *, /usr/local/src/postgresql/src/backend/catalog/heap.c:645:2
>CheckAttributeType,List *, /usr/local/src/postgresql/src/backend/catalog/heap.c:655:2
>ecpg_check_PQresult,PGresult *, /usr/local/src/postgresql/src/interfaces/ecpg/ecpglib/error.c:299:3
>ecpg_check_PQresult,PGresult *, /usr/local/src/postgresql/src/interfaces/ecpg/ecpglib/error.c:310:3
>ecpg_check_PQresult,PGresult *, /usr/local/src/postgresql/src/interfaces/ecpg/ecpglib/error.c:319:3
>ecpg_check_PQresult,PGresult *, /usr/local/src/postgresql/src/interfaces/ecpg/ecpglib/error.c:326:3
>ExecARDeleteTriggers,HeapTuple, /usr/local/src/postgresql/src/backend/commands/trigger.c:2799:3
>ExecARUpdateTriggers,HeapTuple, /usr/local/src/postgresql/src/backend/commands/trigger.c:3139:3
>ExecBRUpdateTriggers,HeapTuple, /usr/local/src/postgresql/src/backend/commands/trigger.c:3012:2
>ExecIRDeleteTriggers,HeapTuple, /usr/local/src/postgresql/src/backend/commands/trigger.c:2824:1
>ExecIRUpdateTriggers,HeapTuple, /usr/local/src/postgresql/src/backend/commands/trigger.c:3171:1
>executeCommand,PGconn *, /usr/local/src/postgresql/src/fe_utils/query_utils.c:60:2
>executeQueryOrDie,PGconn *, /usr/local/src/postgresql/src/bin/pg_upgrade/server.c:142:2
>executeQuery,PGconn *, /usr/local/src/postgresql/src/fe_utils/query_utils.c:35:2
>findsubquery,QTNode *, /usr/local/src/postgresql/src/backend/utils/adt/tsquery_rewrite.c:271:8
>FreeDir,DIR *, /usr/local/src/postgresql/src/backend/storage/file/fd.c:2983:8
>ginInsertValue,GinBtreeStack *, /usr/local/src/postgresql/src/backend/access/gin/ginbtree.c:823:2
>ginInsertValue,GinBtreeStack *, /usr/local/src/postgresql/src/backend/access/gin/ginbtree.c:831:2
>ginInsertValue,GinBtreeStack *, /usr/local/src/postgresql/src/backend/access/gin/ginbtree.c:834:2
>index_close,Relation, /usr/local/src/postgresql/src/backend/access/index/indexam.c:184:1
>InsertPgAttributeTuples,CatalogIndexState, /usr/local/src/postgresql/src/backend/catalog/heap.c:806:2
>list_delete_int,List *, /usr/local/src/postgresql/src/backend/nodes/list.c:901:10
>list_delete,List *, /usr/local/src/postgresql/src/backend/nodes/list.c:863:10
>list_delete_oid,List *, /usr/local/src/postgresql/src/backend/nodes/list.c:920:10
>list_delete_ptr,List *, /usr/local/src/postgresql/src/backend/nodes/list.c:882:10
>ParallelBackupStart,ArchiveHandle *, /usr/local/src/postgresql/src/bin/pg_dump/parallel.c:1008:3
>ParallelSlotsAdoptConn,PGconn *, /usr/local/src/postgresql/src/fe_utils/parallel_slot.c:468:2
>pa_xact_finish,ParallelApplyWorkerInfo *, /usr/local/src/postgresql/src/backend/replication/logical/applyparallelworker.c:1638:1
>relation_close,Relation, /usr/local/src/postgresql/src/backend/access/common/relation.c:212:1
>RelationClose,Relation, /usr/local/src/postgresql/src/backend/utils/cache/relcache.c:2199:1
>relation_is_updatable,Bitmapset *, /usr/local/src/postgresql/src/backend/rewrite/rewriteHandler.c:3007:21
>relation_is_updatable,Bitmapset *, /usr/local/src/postgresql/src/backend/rewrite/rewriteHandler.c:3032:19
>relation_is_updatable,List *, /usr/local/src/postgresql/src/backend/rewrite/rewriteHandler.c:3032:19
>relation_is_updatable,List *, /usr/local/src/postgresql/src/backend/rewrite/rewriteHandler.c:3036:20
>ReleaseCatCacheList,CatCList *, /usr/local/src/postgresql/src/backend/utils/cache/catcache.c:1989:1
>ReorderBufferQueueChange,ReorderBufferChange *, /usr/local/src/postgresql/src/backend/replication/logical/reorderbuffer.c:806:2
>rewrite_heap_tuple,HeapTuple, /usr/local/src/postgresql/src/backend/access/heap/rewriteheap.c:491:5
>rewrite_heap_tuple,HeapTuple, /usr/local/src/postgresql/src/backend/access/heap/rewriteheap.c:526:3
>sequence_close,Relation, /usr/local/src/postgresql/src/backend/access/sequence/sequence.c:60:1
>sql_exec_dumpalldbs,PGconn *, /usr/local/src/postgresql/contrib/oid2name/oid2name.c:462:1
>sql_exec_dumpalltables,PGconn *, /usr/local/src/postgresql/contrib/oid2name/oid2name.c:493:1
>sql_exec_dumpalltbspc,PGconn *, /usr/local/src/postgresql/contrib/oid2name/oid2name.c:579:1
>sql_exec,PGconn *, /usr/local/src/postgresql/contrib/oid2name/oid2name.c:394:2
>sql_exec_searchtables,PGconn *, /usr/local/src/postgresql/contrib/oid2name/oid2name.c:567:1
>table_close,Relation, /usr/local/src/postgresql/src/backend/access/table/table.c:128:1
>TableCommandResultHandler,PGresult *, /usr/local/src/postgresql/src/fe_utils/parallel_slot.c:558:3
>UnregisterSnapshotFromOwner,Snapshot, /usr/local/src/postgresql/src/backend/utils/time/snapmgr.c:855:1
>UnregisterSnapshot,Snapshot, /usr/local/src/postgresql/src/backend/utils/time/snapmgr.c:841:1
