>bms_add_members,Bitmapset *, /usr/local/src/postgresql/src/backend/nodes/bitmapset.c:957:2
Used: pfree
Ret. Type: Bitmapset *
>bms_del_member,Bitmapset *, /usr/local/src/postgresql/src/backend/nodes/bitmapset.c:907:2
Used: pfree
Ret. Type: Bitmapset *
>bms_del_members,Bitmapset *, /usr/local/src/postgresql/src/backend/nodes/bitmapset.c:1211:3
Used: pfree
Ret. Type: Bitmapset *
--
>bms_int_members,Bitmapset *, /usr/local/src/postgresql/src/backend/nodes/bitmapset.c:1123:2
Used: pfree
Ret. Type: Bitmapset *
>bms_int_members,Bitmapset *, /usr/local/src/postgresql/src/backend/nodes/bitmapset.c:1142:2
Used: pfree
Ret. Type: Bitmapset *
>bms_replace_members,Bitmapset *, /usr/local/src/postgresql/src/backend/nodes/bitmapset.c:983:2
Used: pfree
Ret. Type: Bitmapset *
--
>findsubquery,QTNode *, /usr/local/src/postgresql/src/backend/utils/adt/tsquery_rewrite.c:271:8
Used: dofindsubquery
Ret. Type: QTNode *
--
>list_delete_first_n,List *, /usr/local/src/postgresql/src/backend/nodes/list.c:994:2
Used: list_free
Ret. Type: List *
>list_delete_last,List *, /usr/local/src/postgresql/src/backend/nodes/list.c:967:2
Used: list_free
Ret. Type: List *
>list_delete_nth_cell,List *, /usr/local/src/postgresql/src/backend/nodes/list.c:780:2
Used: list_free
Ret. Type: List *
--
>bms_add_member,Bitmapset *, /usr/local/src/postgresql/src/backend/nodes/bitmapset.c:854:5
Used: bms_copy_and_free
Ret. Type: Bitmapset *
>bms_add_members,Bitmapset *, /usr/local/src/postgresql/src/backend/nodes/bitmapset.c:933:6
Used: bms_copy_and_free
Ret. Type: Bitmapset *
>bms_add_range,Bitmapset *, /usr/local/src/postgresql/src/backend/nodes/bitmapset.c:1033:6
Used: bms_copy_and_free
Ret. Type: Bitmapset *
>bms_add_range,Bitmapset *, /usr/local/src/postgresql/src/backend/nodes/bitmapset.c:1098:5
Used: bms_copy_and_free
Ret. Type: Bitmapset *
>bms_del_member,Bitmapset *, /usr/local/src/postgresql/src/backend/nodes/bitmapset.c:884:5
Used: bms_copy_and_free
Ret. Type: Bitmapset *
>bms_del_members,Bitmapset *, /usr/local/src/postgresql/src/backend/nodes/bitmapset.c:1174:6
Used: bms_copy_and_free
Ret. Type: Bitmapset *
>bms_del_members,Bitmapset *, /usr/local/src/postgresql/src/backend/nodes/bitmapset.c:1220:5
Used: bms_copy_and_free
Ret. Type: Bitmapset *
>bms_int_members,Bitmapset *, /usr/local/src/postgresql/src/backend/nodes/bitmapset.c:1150:5
Used: bms_copy_and_free
Ret. Type: Bitmapset *
>bms_join,Bitmapset *, /usr/local/src/postgresql/src/backend/nodes/bitmapset.c:1244:6
Used: bms_copy_and_free
Ret. Type: Bitmapset *
>bms_join,Bitmapset *, /usr/local/src/postgresql/src/backend/nodes/bitmapset.c:1252:6
Used: bms_copy_and_free
Ret. Type: Bitmapset *
>bms_replace_members,Bitmapset *, /usr/local/src/postgresql/src/backend/nodes/bitmapset.c:1004:5
Used: bms_copy_and_free
Ret. Type: Bitmapset *
--
>list_delete_cell,List *, /usr/local/src/postgresql/src/backend/nodes/list.c:843:8
Used: list_delete_nth_cell
Ret. Type: List *
>list_delete_first,List *, /usr/local/src/postgresql/src/backend/nodes/list.c:950:8
Used: list_delete_nth_cell
Ret. Type: List *
--
>list_delete,List *, /usr/local/src/postgresql/src/backend/nodes/list.c:863:10
Used: list_delete_cell
Ret. Type: List *
>list_delete_int,List *, /usr/local/src/postgresql/src/backend/nodes/list.c:901:10
Used: list_delete_cell
Ret. Type: List *
>list_delete_oid,List *, /usr/local/src/postgresql/src/backend/nodes/list.c:920:10
Used: list_delete_cell
Ret. Type: List *
>list_delete_ptr,List *, /usr/local/src/postgresql/src/backend/nodes/list.c:882:10
Used: list_delete_cell
Ret. Type: List *
