>bms_add_members,Bitmapset *, /usr/local/src/postgresql/src/backend/nodes/bitmapset.c:957:2
>bms_del_member,Bitmapset *, /usr/local/src/postgresql/src/backend/nodes/bitmapset.c:907:2
>bms_del_members,Bitmapset *, /usr/local/src/postgresql/src/backend/nodes/bitmapset.c:1211:3
>bms_int_members,Bitmapset *, /usr/local/src/postgresql/src/backend/nodes/bitmapset.c:1123:2
>bms_int_members,Bitmapset *, /usr/local/src/postgresql/src/backend/nodes/bitmapset.c:1142:2
>bms_replace_members,Bitmapset *, /usr/local/src/postgresql/src/backend/nodes/bitmapset.c:983:2
>bool_substitute_hook,char *, /usr/local/src/postgresql/src/bin/psql/startup.c:868:2
>cat2_str,char *, /usr/local/src/postgresql/src/interfaces/ecpg/preproc/preproc.c:221:1
>cat2_str,char *, /usr/local/src/postgresql/src/interfaces/ecpg/preproc/preproc.c:222:1
>clean_NOT_intree,NODE *, /usr/local/src/postgresql/src/backend/utils/adt/tsquery_cleanup.c:171:3
>clean_NOT_intree,NODE *, /usr/local/src/postgresql/src/backend/utils/adt/tsquery_cleanup.c:177:3
>clean_NOT_intree,NODE *, /usr/local/src/postgresql/src/backend/utils/adt/tsquery_cleanup.c:182:3
>clean_stopword_intree,NODE *, /usr/local/src/postgresql/src/backend/utils/adt/tsquery_cleanup.c:250:2
>clean_stopword_intree,NODE *, /usr/local/src/postgresql/src/backend/utils/adt/tsquery_cleanup.c:320:3
>clean_stopword_intree,NODE *, /usr/local/src/postgresql/src/backend/utils/adt/tsquery_cleanup.c:339:3
>dofindsubquery,QTNode *, /usr/local/src/postgresql/src/backend/utils/adt/tsquery_rewrite.c:250:3
>freeAndGetParent,JsonbIterator *, /usr/local/src/postgresql/src/backend/utils/adt/jsonb_util.c:1045:1
>make2_str,char *, /usr/local/src/postgresql/src/interfaces/ecpg/preproc/preproc.c:253:1
>make2_str,char *, /usr/local/src/postgresql/src/interfaces/ecpg/preproc/preproc.c:254:1
>make3_str,char *, /usr/local/src/postgresql/src/interfaces/ecpg/preproc/preproc.c:266:1
>make3_str,char *, /usr/local/src/postgresql/src/interfaces/ecpg/preproc/preproc.c:267:1
>make3_str,char *, /usr/local/src/postgresql/src/interfaces/ecpg/preproc/preproc.c:268:1
>quote_postgres,char *, /usr/local/src/postgresql/src/interfaces/ecpg/ecpglib/execute.c:77:2
>recursive_revoke,Acl *, /usr/local/src/postgresql/src/backend/utils/adt/acl.c:1336:3
