>SSLerrfree,char *, /usr/local/src/postgresql/src/interfaces/libpq/fe-secure-openssl.c:1785:2
Used: free
Ret. Type: void
--
>HandleEndOfCopyStream,char *, /usr/local/src/postgresql/src/bin/pg_basebackup/receivelog.c:1202:1
Used: PQfreemem
Ret. Type: PGresult *
--
>deallocate_one,struct prepared_statement *, /usr/local/src/postgresql/src/interfaces/ecpg/ecpglib/prepare.c:309:1
Used: ecpg_free
Ret. Type: bool
--
>insert_tobeinserted,char *, /usr/local/src/postgresql/src/interfaces/ecpg/ecpglib/execute.c:1135:2
Used: ecpg_free
Ret. Type: bool
>insert_tobeinserted,char *, /usr/local/src/postgresql/src/interfaces/ecpg/ecpglib/execute.c:1154:1
Used: ecpg_free
Ret. Type: bool
--
>merge_clump,Clump *, /usr/local/src/postgresql/src/backend/optimizer/geqo/geqo_eval.c:285:4
Used: pfree
Ret. Type: List *
--
>add_partial_path,Path *, /usr/local/src/postgresql/src/backend/optimizer/util/pathnode.c:850:2
Used: pfree
Ret. Type: void
>add_path,Path *, /usr/local/src/postgresql/src/backend/optimizer/util/pathnode.c:620:3
Used: pfree
Ret. Type: void
--
>json_manifest_scalar,char *, /usr/local/src/postgresql/src/common/parse_manifest.c:549:5
Used: pfree
Ret. Type: JsonParseErrorType
--
>freeJsonLexContext,JsonLexContext *, /usr/local/src/postgresql/src/common/jsonapi.c:502:2
Used: pfree
Ret. Type: void
