>RelationClose,Relation, /usr/local/src/postgresql/src/backend/utils/cache/relcache.c:2199:1
Used: RelationCloseCleanup
Ret. Type: void
>dofindsubquery,QTNode *, /usr/local/src/postgresql/src/backend/utils/adt/tsquery_rewrite.c:230:20
Used: dofindsubquery
Ret. Type: QTNode *
>findsubquery,QTNode *, /usr/local/src/postgresql/src/backend/utils/adt/tsquery_rewrite.c:271:8
Used: dofindsubquery
Ret. Type: QTNode *
>UnregisterSnapshot,Snapshot, /usr/local/src/postgresql/src/backend/utils/time/snapmgr.c:841:1
Used: UnregisterSnapshotFromOwner
Ret. Type: void
>CheckAttributeType,List *, /usr/local/src/postgresql/src/backend/catalog/heap.c:638:24
Used: list_delete_last
Ret. Type: void
>RewriteQuery,List *, /usr/local/src/postgresql/src/backend/rewrite/rewriteHandler.c:4306:20
Used: list_delete_last
Ret. Type: List *
>fireRIRrules,List *, /usr/local/src/postgresql/src/backend/rewrite/rewriteHandler.c:2159:17
Used: list_delete_last
Ret. Type: Query *
>fireRIRrules,List *, /usr/local/src/postgresql/src/backend/rewrite/rewriteHandler.c:2159:17
Used: list_delete_last
Ret. Type: Query *
>fireRIRrules,List *, /usr/local/src/postgresql/src/backend/rewrite/rewriteHandler.c:2287:17
Used: list_delete_last
Ret. Type: Query *
>relation_is_updatable,List *, /usr/local/src/postgresql/src/backend/rewrite/rewriteHandler.c:3036:20
Used: list_delete_last
Ret. Type: int
>list_delete_cell,List *, /usr/local/src/postgresql/src/backend/nodes/list.c:843:8
Used: list_delete_nth_cell
Ret. Type: List *
>list_delete_first,List *, /usr/local/src/postgresql/src/backend/nodes/list.c:950:8
Used: list_delete_nth_cell
Ret. Type: List *
>MergeAttributes,List *, /usr/local/src/postgresql/src/backend/commands/tablecmds.c:2547:15
Used: list_delete_nth_cell
Ret. Type: List *
>finalize_plan,Bitmapset *, /usr/local/src/postgresql/src/backend/optimizer/plan/subselect.c:2581:10
Used: finalize_plan
Ret. Type: Bitmapset *
>finalize_plan,Bitmapset *, /usr/local/src/postgresql/src/backend/optimizer/plan/subselect.c:2581:10
Used: finalize_plan
Ret. Type: Bitmapset *
>finalize_plan,Bitmapset *, /usr/local/src/postgresql/src/backend/optimizer/plan/subselect.c:2581:10
Used: finalize_plan
Ret. Type: Bitmapset *
>finalize_plan,Bitmapset *, /usr/local/src/postgresql/src/backend/optimizer/plan/subselect.c:2616:10
Used: finalize_plan
Ret. Type: Bitmapset *
>finalize_plan,Bitmapset *, /usr/local/src/postgresql/src/backend/optimizer/plan/subselect.c:2616:10
Used: finalize_plan
Ret. Type: Bitmapset *
>finalize_plan,Bitmapset *, /usr/local/src/postgresql/src/backend/optimizer/plan/subselect.c:2616:10
Used: finalize_plan
Ret. Type: Bitmapset *
>finalize_plan,Bitmapset *, /usr/local/src/postgresql/src/backend/optimizer/plan/subselect.c:2631:10
Used: finalize_plan
Ret. Type: Bitmapset *
>finalize_plan,Bitmapset *, /usr/local/src/postgresql/src/backend/optimizer/plan/subselect.c:2631:10
Used: finalize_plan
Ret. Type: Bitmapset *
>finalize_plan,Bitmapset *, /usr/local/src/postgresql/src/backend/optimizer/plan/subselect.c:2631:10
Used: finalize_plan
Ret. Type: Bitmapset *
>finalize_plan,Bitmapset *, /usr/local/src/postgresql/src/backend/optimizer/plan/subselect.c:2646:10
Used: finalize_plan
Ret. Type: Bitmapset *
>finalize_plan,Bitmapset *, /usr/local/src/postgresql/src/backend/optimizer/plan/subselect.c:2646:10
Used: finalize_plan
Ret. Type: Bitmapset *
>finalize_plan,Bitmapset *, /usr/local/src/postgresql/src/backend/optimizer/plan/subselect.c:2646:10
Used: finalize_plan
Ret. Type: Bitmapset *
>finalize_plan,Bitmapset *, /usr/local/src/postgresql/src/backend/optimizer/plan/subselect.c:2661:10
Used: finalize_plan
Ret. Type: Bitmapset *
>finalize_plan,Bitmapset *, /usr/local/src/postgresql/src/backend/optimizer/plan/subselect.c:2661:10
Used: finalize_plan
Ret. Type: Bitmapset *
>finalize_plan,Bitmapset *, /usr/local/src/postgresql/src/backend/optimizer/plan/subselect.c:2661:10
Used: finalize_plan
Ret. Type: Bitmapset *
>finalize_plan,Bitmapset *, /usr/local/src/postgresql/src/backend/optimizer/plan/subselect.c:2819:16
Used: finalize_plan
Ret. Type: Bitmapset *
>finalize_plan,Bitmapset *, /usr/local/src/postgresql/src/backend/optimizer/plan/subselect.c:2819:16
Used: finalize_plan
Ret. Type: Bitmapset *
>finalize_plan,Bitmapset *, /usr/local/src/postgresql/src/backend/optimizer/plan/subselect.c:2819:16
Used: finalize_plan
Ret. Type: Bitmapset *
>finalize_plan,Bitmapset *, /usr/local/src/postgresql/src/backend/optimizer/plan/subselect.c:2581:10
Used: finalize_plan
Ret. Type: Bitmapset *
>finalize_plan,Bitmapset *, /usr/local/src/postgresql/src/backend/optimizer/plan/subselect.c:2581:10
Used: finalize_plan
Ret. Type: Bitmapset *
>finalize_plan,Bitmapset *, /usr/local/src/postgresql/src/backend/optimizer/plan/subselect.c:2581:10
Used: finalize_plan
Ret. Type: Bitmapset *
>finalize_plan,Bitmapset *, /usr/local/src/postgresql/src/backend/optimizer/plan/subselect.c:2616:10
Used: finalize_plan
Ret. Type: Bitmapset *
>finalize_plan,Bitmapset *, /usr/local/src/postgresql/src/backend/optimizer/plan/subselect.c:2616:10
Used: finalize_plan
Ret. Type: Bitmapset *
>finalize_plan,Bitmapset *, /usr/local/src/postgresql/src/backend/optimizer/plan/subselect.c:2616:10
Used: finalize_plan
Ret. Type: Bitmapset *
>finalize_plan,Bitmapset *, /usr/local/src/postgresql/src/backend/optimizer/plan/subselect.c:2631:10
Used: finalize_plan
Ret. Type: Bitmapset *
>finalize_plan,Bitmapset *, /usr/local/src/postgresql/src/backend/optimizer/plan/subselect.c:2631:10
Used: finalize_plan
Ret. Type: Bitmapset *
>finalize_plan,Bitmapset *, /usr/local/src/postgresql/src/backend/optimizer/plan/subselect.c:2631:10
Used: finalize_plan
Ret. Type: Bitmapset *
>finalize_plan,Bitmapset *, /usr/local/src/postgresql/src/backend/optimizer/plan/subselect.c:2646:10
Used: finalize_plan
Ret. Type: Bitmapset *
>finalize_plan,Bitmapset *, /usr/local/src/postgresql/src/backend/optimizer/plan/subselect.c:2646:10
Used: finalize_plan
Ret. Type: Bitmapset *
>finalize_plan,Bitmapset *, /usr/local/src/postgresql/src/backend/optimizer/plan/subselect.c:2646:10
Used: finalize_plan
Ret. Type: Bitmapset *
>finalize_plan,Bitmapset *, /usr/local/src/postgresql/src/backend/optimizer/plan/subselect.c:2661:10
Used: finalize_plan
Ret. Type: Bitmapset *
>finalize_plan,Bitmapset *, /usr/local/src/postgresql/src/backend/optimizer/plan/subselect.c:2661:10
Used: finalize_plan
Ret. Type: Bitmapset *
>finalize_plan,Bitmapset *, /usr/local/src/postgresql/src/backend/optimizer/plan/subselect.c:2661:10
Used: finalize_plan
Ret. Type: Bitmapset *
>finalize_plan,Bitmapset *, /usr/local/src/postgresql/src/backend/optimizer/plan/subselect.c:2819:16
Used: finalize_plan
Ret. Type: Bitmapset *
>finalize_plan,Bitmapset *, /usr/local/src/postgresql/src/backend/optimizer/plan/subselect.c:2819:16
Used: finalize_plan
Ret. Type: Bitmapset *
>finalize_plan,Bitmapset *, /usr/local/src/postgresql/src/backend/optimizer/plan/subselect.c:2819:16
Used: finalize_plan
Ret. Type: Bitmapset *
>finalize_plan,Bitmapset *, /usr/local/src/postgresql/src/backend/optimizer/plan/subselect.c:2581:10
Used: finalize_plan
Ret. Type: Bitmapset *
>finalize_plan,Bitmapset *, /usr/local/src/postgresql/src/backend/optimizer/plan/subselect.c:2581:10
Used: finalize_plan
Ret. Type: Bitmapset *
>finalize_plan,Bitmapset *, /usr/local/src/postgresql/src/backend/optimizer/plan/subselect.c:2581:10
Used: finalize_plan
Ret. Type: Bitmapset *
>finalize_plan,Bitmapset *, /usr/local/src/postgresql/src/backend/optimizer/plan/subselect.c:2616:10
Used: finalize_plan
Ret. Type: Bitmapset *
>finalize_plan,Bitmapset *, /usr/local/src/postgresql/src/backend/optimizer/plan/subselect.c:2616:10
Used: finalize_plan
Ret. Type: Bitmapset *
>finalize_plan,Bitmapset *, /usr/local/src/postgresql/src/backend/optimizer/plan/subselect.c:2616:10
Used: finalize_plan
Ret. Type: Bitmapset *
>finalize_plan,Bitmapset *, /usr/local/src/postgresql/src/backend/optimizer/plan/subselect.c:2631:10
Used: finalize_plan
Ret. Type: Bitmapset *
>finalize_plan,Bitmapset *, /usr/local/src/postgresql/src/backend/optimizer/plan/subselect.c:2631:10
Used: finalize_plan
Ret. Type: Bitmapset *
>finalize_plan,Bitmapset *, /usr/local/src/postgresql/src/backend/optimizer/plan/subselect.c:2631:10
Used: finalize_plan
Ret. Type: Bitmapset *
>finalize_plan,Bitmapset *, /usr/local/src/postgresql/src/backend/optimizer/plan/subselect.c:2646:10
Used: finalize_plan
Ret. Type: Bitmapset *
>finalize_plan,Bitmapset *, /usr/local/src/postgresql/src/backend/optimizer/plan/subselect.c:2646:10
Used: finalize_plan
Ret. Type: Bitmapset *
>finalize_plan,Bitmapset *, /usr/local/src/postgresql/src/backend/optimizer/plan/subselect.c:2646:10
Used: finalize_plan
Ret. Type: Bitmapset *
>finalize_plan,Bitmapset *, /usr/local/src/postgresql/src/backend/optimizer/plan/subselect.c:2661:10
Used: finalize_plan
Ret. Type: Bitmapset *
>finalize_plan,Bitmapset *, /usr/local/src/postgresql/src/backend/optimizer/plan/subselect.c:2661:10
Used: finalize_plan
Ret. Type: Bitmapset *
>finalize_plan,Bitmapset *, /usr/local/src/postgresql/src/backend/optimizer/plan/subselect.c:2661:10
Used: finalize_plan
Ret. Type: Bitmapset *
>finalize_plan,Bitmapset *, /usr/local/src/postgresql/src/backend/optimizer/plan/subselect.c:2819:16
Used: finalize_plan
Ret. Type: Bitmapset *
>finalize_plan,Bitmapset *, /usr/local/src/postgresql/src/backend/optimizer/plan/subselect.c:2819:16
Used: finalize_plan
Ret. Type: Bitmapset *
>finalize_plan,Bitmapset *, /usr/local/src/postgresql/src/backend/optimizer/plan/subselect.c:2819:16
Used: finalize_plan
Ret. Type: Bitmapset *
>finalize_plan,Bitmapset *, /usr/local/src/postgresql/src/backend/optimizer/plan/subselect.c:2581:10
Used: finalize_plan
Ret. Type: Bitmapset *
>finalize_plan,Bitmapset *, /usr/local/src/postgresql/src/backend/optimizer/plan/subselect.c:2581:10
Used: finalize_plan
Ret. Type: Bitmapset *
>finalize_plan,Bitmapset *, /usr/local/src/postgresql/src/backend/optimizer/plan/subselect.c:2581:10
Used: finalize_plan
Ret. Type: Bitmapset *
>finalize_plan,Bitmapset *, /usr/local/src/postgresql/src/backend/optimizer/plan/subselect.c:2616:10
Used: finalize_plan
Ret. Type: Bitmapset *
>finalize_plan,Bitmapset *, /usr/local/src/postgresql/src/backend/optimizer/plan/subselect.c:2616:10
Used: finalize_plan
Ret. Type: Bitmapset *
>finalize_plan,Bitmapset *, /usr/local/src/postgresql/src/backend/optimizer/plan/subselect.c:2616:10
Used: finalize_plan
Ret. Type: Bitmapset *
>finalize_plan,Bitmapset *, /usr/local/src/postgresql/src/backend/optimizer/plan/subselect.c:2631:10
Used: finalize_plan
Ret. Type: Bitmapset *
>finalize_plan,Bitmapset *, /usr/local/src/postgresql/src/backend/optimizer/plan/subselect.c:2631:10
Used: finalize_plan
Ret. Type: Bitmapset *
>finalize_plan,Bitmapset *, /usr/local/src/postgresql/src/backend/optimizer/plan/subselect.c:2631:10
Used: finalize_plan
Ret. Type: Bitmapset *
>finalize_plan,Bitmapset *, /usr/local/src/postgresql/src/backend/optimizer/plan/subselect.c:2646:10
Used: finalize_plan
Ret. Type: Bitmapset *
>finalize_plan,Bitmapset *, /usr/local/src/postgresql/src/backend/optimizer/plan/subselect.c:2646:10
Used: finalize_plan
Ret. Type: Bitmapset *
>finalize_plan,Bitmapset *, /usr/local/src/postgresql/src/backend/optimizer/plan/subselect.c:2646:10
Used: finalize_plan
Ret. Type: Bitmapset *
>finalize_plan,Bitmapset *, /usr/local/src/postgresql/src/backend/optimizer/plan/subselect.c:2661:10
Used: finalize_plan
Ret. Type: Bitmapset *
>finalize_plan,Bitmapset *, /usr/local/src/postgresql/src/backend/optimizer/plan/subselect.c:2661:10
Used: finalize_plan
Ret. Type: Bitmapset *
>finalize_plan,Bitmapset *, /usr/local/src/postgresql/src/backend/optimizer/plan/subselect.c:2661:10
Used: finalize_plan
Ret. Type: Bitmapset *
>finalize_plan,Bitmapset *, /usr/local/src/postgresql/src/backend/optimizer/plan/subselect.c:2819:16
Used: finalize_plan
Ret. Type: Bitmapset *
>finalize_plan,Bitmapset *, /usr/local/src/postgresql/src/backend/optimizer/plan/subselect.c:2819:16
Used: finalize_plan
Ret. Type: Bitmapset *
>finalize_plan,Bitmapset *, /usr/local/src/postgresql/src/backend/optimizer/plan/subselect.c:2819:16
Used: finalize_plan
Ret. Type: Bitmapset *
>finalize_plan,Bitmapset *, /usr/local/src/postgresql/src/backend/optimizer/plan/subselect.c:2581:10
Used: finalize_plan
Ret. Type: Bitmapset *
>finalize_plan,Bitmapset *, /usr/local/src/postgresql/src/backend/optimizer/plan/subselect.c:2581:10
Used: finalize_plan
Ret. Type: Bitmapset *
>finalize_plan,Bitmapset *, /usr/local/src/postgresql/src/backend/optimizer/plan/subselect.c:2581:10
Used: finalize_plan
Ret. Type: Bitmapset *
>finalize_plan,Bitmapset *, /usr/local/src/postgresql/src/backend/optimizer/plan/subselect.c:2616:10
Used: finalize_plan
Ret. Type: Bitmapset *
>finalize_plan,Bitmapset *, /usr/local/src/postgresql/src/backend/optimizer/plan/subselect.c:2616:10
Used: finalize_plan
Ret. Type: Bitmapset *
>finalize_plan,Bitmapset *, /usr/local/src/postgresql/src/backend/optimizer/plan/subselect.c:2616:10
Used: finalize_plan
Ret. Type: Bitmapset *
>finalize_plan,Bitmapset *, /usr/local/src/postgresql/src/backend/optimizer/plan/subselect.c:2631:10
Used: finalize_plan
Ret. Type: Bitmapset *
>finalize_plan,Bitmapset *, /usr/local/src/postgresql/src/backend/optimizer/plan/subselect.c:2631:10
Used: finalize_plan
Ret. Type: Bitmapset *
>finalize_plan,Bitmapset *, /usr/local/src/postgresql/src/backend/optimizer/plan/subselect.c:2631:10
Used: finalize_plan
Ret. Type: Bitmapset *
>finalize_plan,Bitmapset *, /usr/local/src/postgresql/src/backend/optimizer/plan/subselect.c:2646:10
Used: finalize_plan
Ret. Type: Bitmapset *
>finalize_plan,Bitmapset *, /usr/local/src/postgresql/src/backend/optimizer/plan/subselect.c:2646:10
Used: finalize_plan
Ret. Type: Bitmapset *
>finalize_plan,Bitmapset *, /usr/local/src/postgresql/src/backend/optimizer/plan/subselect.c:2646:10
Used: finalize_plan
Ret. Type: Bitmapset *
>finalize_plan,Bitmapset *, /usr/local/src/postgresql/src/backend/optimizer/plan/subselect.c:2661:10
Used: finalize_plan
Ret. Type: Bitmapset *
>finalize_plan,Bitmapset *, /usr/local/src/postgresql/src/backend/optimizer/plan/subselect.c:2661:10
Used: finalize_plan
Ret. Type: Bitmapset *
>finalize_plan,Bitmapset *, /usr/local/src/postgresql/src/backend/optimizer/plan/subselect.c:2661:10
Used: finalize_plan
Ret. Type: Bitmapset *
>finalize_plan,Bitmapset *, /usr/local/src/postgresql/src/backend/optimizer/plan/subselect.c:2819:16
Used: finalize_plan
Ret. Type: Bitmapset *
>finalize_plan,Bitmapset *, /usr/local/src/postgresql/src/backend/optimizer/plan/subselect.c:2819:16
Used: finalize_plan
Ret. Type: Bitmapset *
>finalize_plan,Bitmapset *, /usr/local/src/postgresql/src/backend/optimizer/plan/subselect.c:2819:16
Used: finalize_plan
Ret. Type: Bitmapset *
>finalize_plan,Bitmapset *, /usr/local/src/postgresql/src/backend/optimizer/plan/subselect.c:2581:10
Used: finalize_plan
Ret. Type: Bitmapset *
>finalize_plan,Bitmapset *, /usr/local/src/postgresql/src/backend/optimizer/plan/subselect.c:2581:10
Used: finalize_plan
Ret. Type: Bitmapset *
>finalize_plan,Bitmapset *, /usr/local/src/postgresql/src/backend/optimizer/plan/subselect.c:2581:10
Used: finalize_plan
Ret. Type: Bitmapset *
>finalize_plan,Bitmapset *, /usr/local/src/postgresql/src/backend/optimizer/plan/subselect.c:2616:10
Used: finalize_plan
Ret. Type: Bitmapset *
>finalize_plan,Bitmapset *, /usr/local/src/postgresql/src/backend/optimizer/plan/subselect.c:2616:10
Used: finalize_plan
Ret. Type: Bitmapset *
>finalize_plan,Bitmapset *, /usr/local/src/postgresql/src/backend/optimizer/plan/subselect.c:2616:10
Used: finalize_plan
Ret. Type: Bitmapset *
>finalize_plan,Bitmapset *, /usr/local/src/postgresql/src/backend/optimizer/plan/subselect.c:2631:10
Used: finalize_plan
Ret. Type: Bitmapset *
>finalize_plan,Bitmapset *, /usr/local/src/postgresql/src/backend/optimizer/plan/subselect.c:2631:10
Used: finalize_plan
Ret. Type: Bitmapset *
>finalize_plan,Bitmapset *, /usr/local/src/postgresql/src/backend/optimizer/plan/subselect.c:2631:10
Used: finalize_plan
Ret. Type: Bitmapset *
>finalize_plan,Bitmapset *, /usr/local/src/postgresql/src/backend/optimizer/plan/subselect.c:2646:10
Used: finalize_plan
Ret. Type: Bitmapset *
>finalize_plan,Bitmapset *, /usr/local/src/postgresql/src/backend/optimizer/plan/subselect.c:2646:10
Used: finalize_plan
Ret. Type: Bitmapset *
>finalize_plan,Bitmapset *, /usr/local/src/postgresql/src/backend/optimizer/plan/subselect.c:2646:10
Used: finalize_plan
Ret. Type: Bitmapset *
>finalize_plan,Bitmapset *, /usr/local/src/postgresql/src/backend/optimizer/plan/subselect.c:2661:10
Used: finalize_plan
Ret. Type: Bitmapset *
>finalize_plan,Bitmapset *, /usr/local/src/postgresql/src/backend/optimizer/plan/subselect.c:2661:10
Used: finalize_plan
Ret. Type: Bitmapset *
>finalize_plan,Bitmapset *, /usr/local/src/postgresql/src/backend/optimizer/plan/subselect.c:2661:10
Used: finalize_plan
Ret. Type: Bitmapset *
>finalize_plan,Bitmapset *, /usr/local/src/postgresql/src/backend/optimizer/plan/subselect.c:2819:16
Used: finalize_plan
Ret. Type: Bitmapset *
>finalize_plan,Bitmapset *, /usr/local/src/postgresql/src/backend/optimizer/plan/subselect.c:2819:16
Used: finalize_plan
Ret. Type: Bitmapset *
>finalize_plan,Bitmapset *, /usr/local/src/postgresql/src/backend/optimizer/plan/subselect.c:2819:16
Used: finalize_plan
Ret. Type: Bitmapset *
>add_part_relids,Bitmapset *, /usr/local/src/postgresql/src/backend/partitioning/partprune.c:410:20
Used: bms_add_members
Ret. Type: List *
>finalize_plan,Bitmapset *, /usr/local/src/postgresql/src/backend/optimizer/plan/subselect.c:2368:22
Used: bms_add_members
Ret. Type: Bitmapset *
>finalize_plan,Bitmapset *, /usr/local/src/postgresql/src/backend/optimizer/plan/subselect.c:2374:22
Used: bms_add_members
Ret. Type: Bitmapset *
>finalize_plan,Bitmapset *, /usr/local/src/postgresql/src/backend/optimizer/plan/subselect.c:2388:22
Used: bms_add_members
Ret. Type: Bitmapset *
>finalize_plan,Bitmapset *, /usr/local/src/postgresql/src/backend/optimizer/plan/subselect.c:2402:22
Used: bms_add_members
Ret. Type: Bitmapset *
>finalize_plan,Bitmapset *, /usr/local/src/postgresql/src/backend/optimizer/plan/subselect.c:2418:22
Used: bms_add_members
Ret. Type: Bitmapset *
>finalize_plan,Bitmapset *, /usr/local/src/postgresql/src/backend/optimizer/plan/subselect.c:2424:22
Used: bms_add_members
Ret. Type: Bitmapset *
>finalize_plan,Bitmapset *, /usr/local/src/postgresql/src/backend/optimizer/plan/subselect.c:2430:22
Used: bms_add_members
Ret. Type: Bitmapset *
>finalize_plan,Bitmapset *, /usr/local/src/postgresql/src/backend/optimizer/plan/subselect.c:2452:23
Used: bms_add_members
Ret. Type: Bitmapset *
>finalize_plan,Bitmapset *, /usr/local/src/postgresql/src/backend/optimizer/plan/subselect.c:2486:23
Used: bms_add_members
Ret. Type: Bitmapset *
>finalize_plan,Bitmapset *, /usr/local/src/postgresql/src/backend/optimizer/plan/subselect.c:2494:22
Used: bms_add_members
Ret. Type: Bitmapset *
>finalize_plan,Bitmapset *, /usr/local/src/postgresql/src/backend/optimizer/plan/subselect.c:2500:22
Used: bms_add_members
Ret. Type: Bitmapset *
>finalize_plan,Bitmapset *, /usr/local/src/postgresql/src/backend/optimizer/plan/subselect.c:2534:23
Used: bms_add_members
Ret. Type: Bitmapset *
>finalize_plan,Bitmapset *, /usr/local/src/postgresql/src/backend/optimizer/plan/subselect.c:2543:22
Used: bms_add_members
Ret. Type: Bitmapset *
>finalize_plan,Bitmapset *, /usr/local/src/postgresql/src/backend/optimizer/plan/subselect.c:2547:22
Used: bms_add_members
Ret. Type: Bitmapset *
>finalize_plan,Bitmapset *, /usr/local/src/postgresql/src/backend/optimizer/plan/subselect.c:2560:23
Used: bms_add_members
Ret. Type: Bitmapset *
>finalize_plan,Bitmapset *, /usr/local/src/postgresql/src/backend/optimizer/plan/subselect.c:2574:5
Used: bms_add_members
Ret. Type: Bitmapset *
>relation_is_updatable,Bitmapset *, /usr/local/src/postgresql/src/backend/rewrite/rewriteHandler.c:3007:21
Used: bms_int_members
Ret. Type: int
>relation_is_updatable,Bitmapset *, /usr/local/src/postgresql/src/backend/rewrite/rewriteHandler.c:3032:19
Used: relation_is_updatable
Ret. Type: int
>ReorderBufferReplay,ReorderBufferTXN *, /usr/local/src/postgresql/src/backend/replication/logical/reorderbuffer.c:2730:1
Used: ReorderBufferProcessTXN
Ret. Type: void
>ReorderBufferStreamTXN,ReorderBufferTXN *, /usr/local/src/postgresql/src/backend/replication/logical/reorderbuffer.c:4151:1
Used: ReorderBufferProcessTXN
Ret. Type: void
>ReorderBufferReplay,ReorderBufferTXN *, /usr/local/src/postgresql/src/backend/replication/logical/reorderbuffer.c:2730:1
Used: ReorderBufferProcessTXN
Ret. Type: void
>ReorderBufferStreamTXN,ReorderBufferTXN *, /usr/local/src/postgresql/src/backend/replication/logical/reorderbuffer.c:4151:1
Used: ReorderBufferProcessTXN
Ret. Type: void
>ReorderBufferReplay,ReorderBufferTXN *, /usr/local/src/postgresql/src/backend/replication/logical/reorderbuffer.c:2704:2
Used: ReorderBufferStreamCommit
Ret. Type: void
>ATExecDropColumn,ObjectAddresses *, /usr/local/src/postgresql/src/backend/commands/tablecmds.c:9082:5
Used: ATExecDropColumn
Ret. Type: ObjectAddress
