STARTING -> /usr/local/src/postgresql
########## ITERATION 0 ##########
init_defs_builtins: /usr/lib/coccinelle/standard.h
warning: addCompiledLexeme00: metavariable t2 not used in the - or context code
warning: addCompiledLexeme01: metavariable t2 not used in the - or context code
warning: addCompiledLexeme02: metavariable t2 not used in the - or context code
warning: addCompiledLexeme03: metavariable t2 not used in the - or context code
warning: addCompiledLexeme04: metavariable t2 not used in the - or context code
warning: addCompiledLexeme07: metavariable t2 not used in the - or context code
warning: addCompiledLexeme08: metavariable t2 not used in the - or context code
warning: addCompiledLexeme09: metavariable t2 not used in the - or context code
warning: addCompiledLexeme010: metavariable t2 not used in the - or context code
warning: addCompiledLexeme011: metavariable t2 not used in the - or context code
warning: bms_add_member10: metavariable t2 not used in the - or context code
warning: bms_add_member11: metavariable t2 not used in the - or context code
warning: bms_add_member12: metavariable t2 not used in the - or context code
warning: bms_add_member13: metavariable t2 not used in the - or context code
warning: bms_add_member14: metavariable t2 not used in the - or context code
warning: bms_add_member17: metavariable t2 not used in the - or context code
warning: bms_add_member18: metavariable t2 not used in the - or context code
warning: bms_add_member19: metavariable t2 not used in the - or context code
warning: bms_add_member110: metavariable t2 not used in the - or context code
warning: bms_add_member111: metavariable t2 not used in the - or context code
warning: bms_add_range20: metavariable t2 not used in the - or context code
warning: bms_add_range21: metavariable t2 not used in the - or context code
warning: bms_add_range22: metavariable t2 not used in the - or context code
warning: bms_add_range23: metavariable t2 not used in the - or context code
warning: bms_add_range24: metavariable t2 not used in the - or context code
warning: bms_add_range27: metavariable t2 not used in the - or context code
warning: bms_add_range28: metavariable t2 not used in the - or context code
warning: bms_add_range29: metavariable t2 not used in the - or context code
warning: bms_add_range210: metavariable t2 not used in the - or context code
warning: bms_add_range211: metavariable t2 not used in the - or context code
warning: bms_replace_members30: metavariable t2 not used in the - or context code
warning: bms_replace_members31: metavariable t2 not used in the - or context code
warning: bms_replace_members32: metavariable t2 not used in the - or context code
warning: bms_replace_members33: metavariable t2 not used in the - or context code
warning: bms_replace_members34: metavariable t2 not used in the - or context code
warning: bms_replace_members37: metavariable t2 not used in the - or context code
warning: bms_replace_members38: metavariable t2 not used in the - or context code
warning: bms_replace_members39: metavariable t2 not used in the - or context code
warning: bms_replace_members310: metavariable t2 not used in the - or context code
warning: bms_replace_members311: metavariable t2 not used in the - or context code
warning: brin_copy_tuple40: metavariable t2 not used in the - or context code
warning: brin_copy_tuple41: metavariable t2 not used in the - or context code
warning: brin_copy_tuple42: metavariable t2 not used in the - or context code
warning: brin_copy_tuple43: metavariable t2 not used in the - or context code
warning: brin_copy_tuple44: metavariable t2 not used in the - or context code
warning: brin_copy_tuple47: metavariable t2 not used in the - or context code
warning: brin_copy_tuple48: metavariable t2 not used in the - or context code
warning: brin_copy_tuple49: metavariable t2 not used in the - or context code
warning: brin_copy_tuple410: metavariable t2 not used in the - or context code
warning: brin_copy_tuple411: metavariable t2 not used in the - or context code
warning: gistjoinvector80: metavariable t2 not used in the - or context code
warning: gistjoinvector81: metavariable t2 not used in the - or context code
warning: gistjoinvector82: metavariable t2 not used in the - or context code
warning: gistjoinvector83: metavariable t2 not used in the - or context code
warning: gistjoinvector84: metavariable t2 not used in the - or context code
warning: gistjoinvector87: metavariable t2 not used in the - or context code
warning: gistjoinvector88: metavariable t2 not used in the - or context code
warning: gistjoinvector89: metavariable t2 not used in the - or context code
warning: gistjoinvector810: metavariable t2 not used in the - or context code
warning: gistjoinvector811: metavariable t2 not used in the - or context code
warning: resize_intArrayType140: metavariable t2 not used in the - or context code
warning: resize_intArrayType141: metavariable t2 not used in the - or context code
warning: resize_intArrayType142: metavariable t2 not used in the - or context code
warning: resize_intArrayType143: metavariable t2 not used in the - or context code
warning: resize_intArrayType144: metavariable t2 not used in the - or context code
warning: resize_intArrayType147: metavariable t2 not used in the - or context code
warning: resize_intArrayType148: metavariable t2 not used in the - or context code
warning: resize_intArrayType149: metavariable t2 not used in the - or context code
warning: resize_intArrayType1410: metavariable t2 not used in the - or context code
warning: resize_intArrayType1411: metavariable t2 not used in the - or context code
warning: SetConstraintStateAddItem150: metavariable t2 not used in the - or context code
warning: SetConstraintStateAddItem151: metavariable t2 not used in the - or context code
warning: SetConstraintStateAddItem152: metavariable t2 not used in the - or context code
warning: SetConstraintStateAddItem153: metavariable t2 not used in the - or context code
warning: SetConstraintStateAddItem154: metavariable t2 not used in the - or context code
warning: SetConstraintStateAddItem157: metavariable t2 not used in the - or context code
warning: SetConstraintStateAddItem158: metavariable t2 not used in the - or context code
warning: SetConstraintStateAddItem159: metavariable t2 not used in the - or context code
warning: SetConstraintStateAddItem1510: metavariable t2 not used in the - or context code
warning: SetConstraintStateAddItem1511: metavariable t2 not used in the - or context code
warning: SetConstraintStateAddItem1512: metavariable t2 not used in the - or context code
warning: SetConstraintStateAddItem1513: metavariable t2 not used in the - or context code
HANDLING: /usr/local/src/postgresql/src/tools/testint128.c
HANDLING: /usr/local/src/postgresql/src/tools/pg_bsd_indent/lexi.c
HANDLING: /usr/local/src/postgresql/src/tools/pg_bsd_indent/io.c
HANDLING: /usr/local/src/postgresql/src/tools/pg_bsd_indent/err.c
HANDLING: /usr/local/src/postgresql/src/tools/pg_bsd_indent/args.c
HANDLING: /usr/local/src/postgresql/src/tools/pg_bsd_indent/indent.c
HANDLING: /usr/local/src/postgresql/src/tools/pg_bsd_indent/pr_comment.c
HANDLING: /usr/local/src/postgresql/src/tools/pg_bsd_indent/parse.c
HANDLING: /usr/local/src/postgresql/src/tools/ifaddrs/test_ifaddrs.c
HANDLING: /usr/local/src/postgresql/src/bin/pg_controldata/pg_controldata.c
HANDLING: /usr/local/src/postgresql/src/bin/pg_verifybackup/pg_verifybackup.c
HANDLING: /usr/local/src/postgresql/src/bin/pg_walsummary/pg_walsummary.c
HANDLING: /usr/local/src/postgresql/src/bin/pg_amcheck/pg_amcheck.c
HANDLING: /usr/local/src/postgresql/src/bin/pgevent/pgevent.c
HANDLING: /usr/local/src/postgresql/src/bin/pg_dump/compress_gzip.c
HANDLING: /usr/local/src/postgresql/src/bin/pg_dump/pg_backup_custom.c
HANDLING: /usr/local/src/postgresql/src/bin/pg_dump/compress_zstd.c
HANDLING: /usr/local/src/postgresql/src/bin/pg_dump/common.c
HANDLING: /usr/local/src/postgresql/src/bin/pg_dump/pg_dump_sort.c
HANDLING: /usr/local/src/postgresql/src/bin/pg_dump/compress_lz4.c
HANDLING: /usr/local/src/postgresql/src/bin/pg_dump/pg_dumpall.c
HANDLING: /usr/local/src/postgresql/src/bin/pg_dump/pg_backup_tar.c
HANDLING: /usr/local/src/postgresql/src/bin/pg_dump/pg_backup_db.c
HANDLING: /usr/local/src/postgresql/src/bin/pg_dump/parallel.c
HANDLING: /usr/local/src/postgresql/src/bin/pg_dump/pg_dump.c
HANDLING: /usr/local/src/postgresql/src/bin/pg_dump/filter.c
HANDLING: /usr/local/src/postgresql/src/bin/pg_dump/pg_backup_null.c
HANDLING: /usr/local/src/postgresql/src/bin/pg_dump/pg_backup_directory.c
HANDLING: /usr/local/src/postgresql/src/bin/pg_dump/pg_backup_archiver.c
HANDLING: /usr/local/src/postgresql/src/bin/pg_dump/pg_backup_utils.c
HANDLING: /usr/local/src/postgresql/src/bin/pg_dump/dumputils.c
HANDLING: /usr/local/src/postgresql/src/bin/pg_dump/compress_io.c
HANDLING: /usr/local/src/postgresql/src/bin/pg_dump/compress_none.c
HANDLING: /usr/local/src/postgresql/src/bin/pg_dump/pg_restore.c
HANDLING: /usr/local/src/postgresql/src/bin/initdb/findtimezone.c
HANDLING: /usr/local/src/postgresql/src/bin/initdb/localtime.c
HANDLING: /usr/local/src/postgresql/src/bin/initdb/initdb.c
HANDLING: /usr/local/src/postgresql/src/bin/pg_rewind/local_source.c
HANDLING: /usr/local/src/postgresql/src/bin/pg_rewind/file_ops.c
HANDLING: /usr/local/src/postgresql/src/bin/pg_rewind/filemap.c
HANDLING: /usr/local/src/postgresql/src/bin/pg_rewind/xlogreader.c
HANDLING: /usr/local/src/postgresql/src/bin/pg_rewind/pg_rewind.c
HANDLING: /usr/local/src/postgresql/src/bin/pg_rewind/datapagemap.c
HANDLING: /usr/local/src/postgresql/src/bin/pg_rewind/libpq_source.c
HANDLING: /usr/local/src/postgresql/src/bin/pg_rewind/parsexlog.c
HANDLING: /usr/local/src/postgresql/src/bin/pg_rewind/timeline.c
HANDLING: /usr/local/src/postgresql/src/bin/pg_combinebackup/write_manifest.c
HANDLING: /usr/local/src/postgresql/src/bin/pg_combinebackup/copy_file.c
HANDLING: /usr/local/src/postgresql/src/bin/pg_combinebackup/load_manifest.c
HANDLING: /usr/local/src/postgresql/src/bin/pg_combinebackup/backup_label.c
HANDLING: /usr/local/src/postgresql/src/bin/pg_combinebackup/pg_combinebackup.c
HANDLING: /usr/local/src/postgresql/src/bin/pg_combinebackup/reconstruct.c
HANDLING: /usr/local/src/postgresql/src/bin/pgbench/exprscan.c
HANDLING: /usr/local/src/postgresql/src/bin/pgbench/exprparse.c
Unable to parse #if condition: defined size_t
HANDLING: /usr/local/src/postgresql/src/bin/pgbench/pgbench.c
HANDLING: /usr/local/src/postgresql/src/bin/psql/startup.c
HANDLING: /usr/local/src/postgresql/src/bin/psql/describe.c
HANDLING: /usr/local/src/postgresql/src/bin/psql/crosstabview.c
HANDLING: /usr/local/src/postgresql/src/bin/psql/common.c
HANDLING: /usr/local/src/postgresql/src/bin/psql/large_obj.c
HANDLING: /usr/local/src/postgresql/src/bin/psql/variables.c
HANDLING: /usr/local/src/postgresql/src/bin/psql/command.c
HANDLING: /usr/local/src/postgresql/src/bin/psql/psqlscanslash.c
HANDLING: /usr/local/src/postgresql/src/bin/psql/stringutils.c
HANDLING: /usr/local/src/postgresql/src/bin/psql/tab-complete.c
HANDLING: /usr/local/src/postgresql/src/bin/psql/help.c
HANDLING: /usr/local/src/postgresql/src/bin/psql/sql_help.c
HANDLING: /usr/local/src/postgresql/src/bin/psql/copy.c
HANDLING: /usr/local/src/postgresql/src/bin/psql/prompt.c
HANDLING: /usr/local/src/postgresql/src/bin/psql/mainloop.c
HANDLING: /usr/local/src/postgresql/src/bin/psql/input.c
HANDLING: /usr/local/src/postgresql/src/bin/pg_basebackup/streamutil.c
HANDLING: /usr/local/src/postgresql/src/bin/pg_basebackup/walmethods.c
HANDLING: /usr/local/src/postgresql/src/bin/pg_basebackup/bbstreamer_lz4.c
HANDLING: /usr/local/src/postgresql/src/bin/pg_basebackup/pg_createsubscriber.c
HANDLING: /usr/local/src/postgresql/src/bin/pg_basebackup/pg_basebackup.c
HANDLING: /usr/local/src/postgresql/src/bin/pg_basebackup/pg_receivewal.c
HANDLING: /usr/local/src/postgresql/src/bin/pg_basebackup/pg_recvlogical.c
HANDLING: /usr/local/src/postgresql/src/bin/pg_basebackup/receivelog.c
HANDLING: /usr/local/src/postgresql/src/bin/pg_basebackup/bbstreamer_zstd.c
HANDLING: /usr/local/src/postgresql/src/bin/pg_basebackup/bbstreamer_tar.c
HANDLING: /usr/local/src/postgresql/src/bin/pg_basebackup/bbstreamer_gzip.c
HANDLING: /usr/local/src/postgresql/src/bin/pg_basebackup/bbstreamer_file.c
HANDLING: /usr/local/src/postgresql/src/bin/pg_basebackup/bbstreamer_inject.c
HANDLING: /usr/local/src/postgresql/src/bin/pg_test_fsync/pg_test_fsync.c
HANDLING: /usr/local/src/postgresql/src/bin/pg_waldump/tblspcdesc.c
HANDLING: /usr/local/src/postgresql/src/bin/pg_waldump/replorigindesc.c
HANDLING: /usr/local/src/postgresql/src/bin/pg_waldump/gindesc.c
HANDLING: /usr/local/src/postgresql/src/bin/pg_waldump/seqdesc.c
HANDLING: /usr/local/src/postgresql/src/bin/pg_waldump/logicalmsgdesc.c
HANDLING: /usr/local/src/postgresql/src/bin/pg_waldump/genericdesc.c
HANDLING: /usr/local/src/postgresql/src/bin/pg_waldump/xlogreader.c
HANDLING: /usr/local/src/postgresql/src/bin/pg_waldump/nbtdesc.c
HANDLING: /usr/local/src/postgresql/src/bin/pg_waldump/rmgrdesc_utils.c
HANDLING: /usr/local/src/postgresql/src/bin/pg_waldump/xactdesc.c
HANDLING: /usr/local/src/postgresql/src/bin/pg_waldump/gistdesc.c
HANDLING: /usr/local/src/postgresql/src/bin/pg_waldump/clogdesc.c
HANDLING: /usr/local/src/postgresql/src/bin/pg_waldump/xlogstats.c
HANDLING: /usr/local/src/postgresql/src/bin/pg_waldump/committsdesc.c
HANDLING: /usr/local/src/postgresql/src/bin/pg_waldump/heapdesc.c
HANDLING: /usr/local/src/postgresql/src/bin/pg_waldump/dbasedesc.c
HANDLING: /usr/local/src/postgresql/src/bin/pg_waldump/smgrdesc.c
HANDLING: /usr/local/src/postgresql/src/bin/pg_waldump/mxactdesc.c
HANDLING: /usr/local/src/postgresql/src/bin/pg_waldump/compat.c
HANDLING: /usr/local/src/postgresql/src/bin/pg_waldump/spgdesc.c
HANDLING: /usr/local/src/postgresql/src/bin/pg_waldump/standbydesc.c
HANDLING: /usr/local/src/postgresql/src/bin/pg_waldump/relmapdesc.c
HANDLING: /usr/local/src/postgresql/src/bin/pg_waldump/xlogdesc.c
HANDLING: /usr/local/src/postgresql/src/bin/pg_waldump/pg_waldump.c
HANDLING: /usr/local/src/postgresql/src/bin/pg_waldump/hashdesc.c
HANDLING: /usr/local/src/postgresql/src/bin/pg_waldump/brindesc.c
HANDLING: /usr/local/src/postgresql/src/bin/pg_waldump/rmgrdesc.c
HANDLING: /usr/local/src/postgresql/src/bin/pg_archivecleanup/pg_archivecleanup.c
HANDLING: /usr/local/src/postgresql/src/bin/pg_ctl/pg_ctl.c
HANDLING: /usr/local/src/postgresql/src/bin/pg_test_timing/pg_test_timing.c
HANDLING: /usr/local/src/postgresql/src/bin/pg_upgrade/exec.c
HANDLING: /usr/local/src/postgresql/src/bin/pg_upgrade/check.c
HANDLING: /usr/local/src/postgresql/src/bin/pg_upgrade/version.c
HANDLING: /usr/local/src/postgresql/src/bin/pg_upgrade/info.c
HANDLING: /usr/local/src/postgresql/src/bin/pg_upgrade/file.c
HANDLING: /usr/local/src/postgresql/src/bin/pg_upgrade/parallel.c
HANDLING: /usr/local/src/postgresql/src/bin/pg_upgrade/pg_upgrade.c
HANDLING: /usr/local/src/postgresql/src/bin/pg_upgrade/controldata.c
HANDLING: /usr/local/src/postgresql/src/bin/pg_upgrade/function.c
HANDLING: /usr/local/src/postgresql/src/bin/pg_upgrade/option.c
HANDLING: /usr/local/src/postgresql/src/bin/pg_upgrade/util.c
HANDLING: /usr/local/src/postgresql/src/bin/pg_upgrade/server.c
HANDLING: /usr/local/src/postgresql/src/bin/pg_upgrade/tablespace.c
HANDLING: /usr/local/src/postgresql/src/bin/pg_upgrade/relfilenumber.c
HANDLING: /usr/local/src/postgresql/src/bin/pg_upgrade/dump.c
HANDLING: /usr/local/src/postgresql/src/bin/pg_resetwal/pg_resetwal.c
HANDLING: /usr/local/src/postgresql/src/bin/pg_checksums/pg_checksums.c
HANDLING: /usr/local/src/postgresql/src/bin/pg_config/pg_config.c
HANDLING: /usr/local/src/postgresql/src/bin/scripts/clusterdb.c
HANDLING: /usr/local/src/postgresql/src/bin/scripts/pg_isready.c
HANDLING: /usr/local/src/postgresql/src/bin/scripts/common.c
HANDLING: /usr/local/src/postgresql/src/bin/scripts/dropdb.c
HANDLING: /usr/local/src/postgresql/src/bin/scripts/dropuser.c
HANDLING: /usr/local/src/postgresql/src/bin/scripts/createuser.c
HANDLING: /usr/local/src/postgresql/src/bin/scripts/vacuumdb.c
HANDLING: /usr/local/src/postgresql/src/bin/scripts/createdb.c
HANDLING: /usr/local/src/postgresql/src/bin/scripts/reindexdb.c
HANDLING: /usr/local/src/postgresql/src/pl/plpython/plpy_subxactobject.c
HANDLING: /usr/local/src/postgresql/src/pl/plpython/plpy_planobject.c
HANDLING: /usr/local/src/postgresql/src/pl/plpython/plpy_plpymodule.c
HANDLING: /usr/local/src/postgresql/src/pl/plpython/plpy_typeio.c
HANDLING: /usr/local/src/postgresql/src/pl/plpython/plpy_main.c
HANDLING: /usr/local/src/postgresql/src/pl/plpython/plpy_cursorobject.c
HANDLING: /usr/local/src/postgresql/src/pl/plpython/plpy_resultobject.c
HANDLING: /usr/local/src/postgresql/src/pl/plpython/plpy_spi.c
HANDLING: /usr/local/src/postgresql/src/pl/plpython/plpy_util.c
HANDLING: /usr/local/src/postgresql/src/pl/plpython/plpy_procedure.c
HANDLING: /usr/local/src/postgresql/src/pl/plpython/plpy_elog.c
HANDLING: /usr/local/src/postgresql/src/pl/plpython/plpy_exec.c
HANDLING: /usr/local/src/postgresql/src/pl/tcl/pltcl.c
HANDLING: /usr/local/src/postgresql/src/pl/plpgsql/src/pl_funcs.c
HANDLING: /usr/local/src/postgresql/src/pl/plpgsql/src/pl_gram.c
Unable to parse #if condition: defined size_t
HANDLING: /usr/local/src/postgresql/src/pl/plpgsql/src/pl_handler.c
HANDLING: /usr/local/src/postgresql/src/pl/plpgsql/src/pl_scanner.c
HANDLING: /usr/local/src/postgresql/src/pl/plpgsql/src/pl_exec.c
HANDLING: /usr/local/src/postgresql/src/pl/plpgsql/src/pl_comp.c
HANDLING: /usr/local/src/postgresql/src/pl/plperl/plperl.c
HANDLING: /usr/local/src/postgresql/src/port/pg_popcount_avx512_choose.c
HANDLING: /usr/local/src/postgresql/src/port/user.c
HANDLING: /usr/local/src/postgresql/src/port/quotes.c
HANDLING: /usr/local/src/postgresql/src/port/getopt_long.c
HANDLING: /usr/local/src/postgresql/src/port/strnlen.c
HANDLING: /usr/local/src/postgresql/src/port/win32env.c
HANDLING: /usr/local/src/postgresql/src/port/pgcheckdir.c
HANDLING: /usr/local/src/postgresql/src/port/pqsignal.c
HANDLING: /usr/local/src/postgresql/src/port/pg_crc32c_loongarch.c
HANDLING: /usr/local/src/postgresql/src/port/noblock.c
HANDLING: /usr/local/src/postgresql/src/port/path.c
HANDLING: /usr/local/src/postgresql/src/port/qsort.c
HANDLING: /usr/local/src/postgresql/src/port/pg_crc32c_armv8.c
HANDLING: /usr/local/src/postgresql/src/port/dirmod.c
HANDLING: /usr/local/src/postgresql/src/port/snprintf.c
HANDLING: /usr/local/src/postgresql/src/port/pgsleep.c
HANDLING: /usr/local/src/postgresql/src/port/tar.c
HANDLING: /usr/local/src/postgresql/src/port/pgmkdirp.c
HANDLING: /usr/local/src/postgresql/src/port/strtof.c
HANDLING: /usr/local/src/postgresql/src/port/mkdtemp.c
HANDLING: /usr/local/src/postgresql/src/port/pg_bitutils.c
HANDLING: /usr/local/src/postgresql/src/port/pg_crc32c_sb8.c
HANDLING: /usr/local/src/postgresql/src/port/win32link.c
HANDLING: /usr/local/src/postgresql/src/port/win32gettimeofday.c
HANDLING: /usr/local/src/postgresql/src/port/win32setlocale.c
HANDLING: /usr/local/src/postgresql/src/port/win32fseek.c
HANDLING: /usr/local/src/postgresql/src/port/win32getrusage.c
HANDLING: /usr/local/src/postgresql/src/port/pg_strong_random.c
HANDLING: /usr/local/src/postgresql/src/port/dirent.c
HANDLING: /usr/local/src/postgresql/src/port/win32pwrite.c
HANDLING: /usr/local/src/postgresql/src/port/inet_net_ntop.c
HANDLING: /usr/local/src/postgresql/src/port/win32security.c
HANDLING: /usr/local/src/postgresql/src/port/pgstrcasecmp.c
HANDLING: /usr/local/src/postgresql/src/port/open.c
HANDLING: /usr/local/src/postgresql/src/port/strerror.c
HANDLING: /usr/local/src/postgresql/src/port/pgstrsignal.c
HANDLING: /usr/local/src/postgresql/src/port/pg_crc32c_sse42_choose.c
HANDLING: /usr/local/src/postgresql/src/port/getopt.c
HANDLING: /usr/local/src/postgresql/src/port/strlcpy.c
HANDLING: /usr/local/src/postgresql/src/port/strlcat.c
HANDLING: /usr/local/src/postgresql/src/port/win32ntdll.c
HANDLING: /usr/local/src/postgresql/src/port/pthread_barrier_wait.c
HANDLING: /usr/local/src/postgresql/src/port/kill.c
HANDLING: /usr/local/src/postgresql/src/port/win32stat.c
HANDLING: /usr/local/src/postgresql/src/port/win32gai_strerror.c
HANDLING: /usr/local/src/postgresql/src/port/win32dlopen.c
HANDLING: /usr/local/src/postgresql/src/port/pg_crc32c_armv8_choose.c
HANDLING: /usr/local/src/postgresql/src/port/pg_crc32c_sse42.c
HANDLING: /usr/local/src/postgresql/src/port/bsearch_arg.c
HANDLING: /usr/local/src/postgresql/src/port/pg_popcount_avx512.c
HANDLING: /usr/local/src/postgresql/src/port/explicit_bzero.c
HANDLING: /usr/local/src/postgresql/src/port/qsort_arg.c
HANDLING: /usr/local/src/postgresql/src/port/win32fdatasync.c
HANDLING: /usr/local/src/postgresql/src/port/win32pread.c
HANDLING: /usr/local/src/postgresql/src/port/chklocale.c
HANDLING: /usr/local/src/postgresql/src/port/system.c
HANDLING: /usr/local/src/postgresql/src/port/win32error.c
HANDLING: /usr/local/src/postgresql/src/port/win32common.c
HANDLING: /usr/local/src/postgresql/src/port/getpeereid.c
HANDLING: /usr/local/src/postgresql/src/port/inet_aton.c
HANDLING: /usr/local/src/postgresql/src/backend/utils/cache/ts_cache.c
HANDLING: /usr/local/src/postgresql/src/backend/utils/cache/inval.c
HANDLING: /usr/local/src/postgresql/src/backend/utils/cache/partcache.c
HANDLING: /usr/local/src/postgresql/src/backend/utils/cache/syscache.c
HANDLING: /usr/local/src/postgresql/src/backend/utils/cache/evtcache.c
HANDLING: /usr/local/src/postgresql/src/backend/utils/cache/typcache.c
HANDLING: /usr/local/src/postgresql/src/backend/utils/cache/plancache.c
HANDLING: /usr/local/src/postgresql/src/backend/utils/cache/spccache.c
HANDLING: /usr/local/src/postgresql/src/backend/utils/cache/attoptcache.c
HANDLING: /usr/local/src/postgresql/src/backend/utils/cache/catcache.c
HANDLING: /usr/local/src/postgresql/src/backend/utils/cache/relfilenumbermap.c
HANDLING: /usr/local/src/postgresql/src/backend/utils/cache/relmapper.c
HANDLING: /usr/local/src/postgresql/src/backend/utils/cache/lsyscache.c
HANDLING: /usr/local/src/postgresql/src/backend/utils/cache/relcache.c
HANDLING: /usr/local/src/postgresql/src/backend/utils/sort/tuplesortvariants.c
HANDLING: /usr/local/src/postgresql/src/backend/utils/sort/sortsupport.c
HANDLING: /usr/local/src/postgresql/src/backend/utils/sort/tuplesort.c
HANDLING: /usr/local/src/postgresql/src/backend/utils/sort/sharedtuplestore.c
HANDLING: /usr/local/src/postgresql/src/backend/utils/sort/logtape.c
HANDLING: /usr/local/src/postgresql/src/backend/utils/sort/tuplestore.c
HANDLING: /usr/local/src/postgresql/src/backend/utils/sort/qsort_interruptible.c
HANDLING: /usr/local/src/postgresql/src/backend/utils/error/assert.c
HANDLING: /usr/local/src/postgresql/src/backend/utils/error/elog.c
HANDLING: /usr/local/src/postgresql/src/backend/utils/error/csvlog.c
HANDLING: /usr/local/src/postgresql/src/backend/utils/error/jsonlog.c
HANDLING: /usr/local/src/postgresql/src/backend/utils/fmgrtab.c
HANDLING: /usr/local/src/postgresql/src/backend/utils/adt/misc.c
HANDLING: /usr/local/src/postgresql/src/backend/utils/adt/partitionfuncs.c
HANDLING: /usr/local/src/postgresql/src/backend/utils/adt/varlena.c
HANDLING: /usr/local/src/postgresql/src/backend/utils/adt/arrayfuncs.c
HANDLING: /usr/local/src/postgresql/src/backend/utils/adt/regexp.c
HANDLING: /usr/local/src/postgresql/src/backend/utils/adt/xid8funcs.c
HANDLING: /usr/local/src/postgresql/src/backend/utils/adt/geo_ops.c
HANDLING: /usr/local/src/postgresql/src/backend/utils/adt/like.c
HANDLING: /usr/local/src/postgresql/src/backend/utils/adt/orderedsetaggs.c
HANDLING: /usr/local/src/postgresql/src/backend/utils/adt/formatting.c
HANDLING: /usr/local/src/postgresql/src/backend/utils/adt/array_selfuncs.c
HANDLING: /usr/local/src/postgresql/src/backend/utils/adt/like_match.c
HANDLING: /usr/local/src/postgresql/src/backend/utils/adt/jsonpath_gram.c
Unable to parse #if condition: defined size_t
HANDLING: /usr/local/src/postgresql/src/backend/utils/adt/array_typanalyze.c
HANDLING: /usr/local/src/postgresql/src/backend/utils/adt/ruleutils.c
HANDLING: /usr/local/src/postgresql/src/backend/utils/adt/regproc.c
HANDLING: /usr/local/src/postgresql/src/backend/utils/adt/timestamp.c
HANDLING: /usr/local/src/postgresql/src/backend/utils/adt/varchar.c
HANDLING: /usr/local/src/postgresql/src/backend/utils/adt/like_support.c
HANDLING: /usr/local/src/postgresql/src/backend/utils/adt/geo_selfuncs.c
HANDLING: /usr/local/src/postgresql/src/backend/utils/adt/tsquery_rewrite.c
HANDLING: /usr/local/src/postgresql/src/backend/utils/adt/pseudotypes.c
HANDLING: /usr/local/src/postgresql/src/backend/utils/adt/jsonbsubs.c
HANDLING: /usr/local/src/postgresql/src/backend/utils/adt/multirangetypes_selfuncs.c
HANDLING: /usr/local/src/postgresql/src/backend/utils/adt/rangetypes_typanalyze.c
HANDLING: /usr/local/src/postgresql/src/backend/utils/adt/cash.c
HANDLING: /usr/local/src/postgresql/src/backend/utils/adt/mcxtfuncs.c
HANDLING: /usr/local/src/postgresql/src/backend/utils/adt/numutils.c
HANDLING: /usr/local/src/postgresql/src/backend/utils/adt/ascii.c
HANDLING: /usr/local/src/postgresql/src/backend/utils/adt/tsvector.c
HANDLING: /usr/local/src/postgresql/src/backend/utils/adt/tsgistidx.c
HANDLING: /usr/local/src/postgresql/src/backend/utils/adt/format_type.c
HANDLING: /usr/local/src/postgresql/src/backend/utils/adt/tid.c
HANDLING: /usr/local/src/postgresql/src/backend/utils/adt/pg_lsn.c
HANDLING: /usr/local/src/postgresql/src/backend/utils/adt/rangetypes.c
HANDLING: /usr/local/src/postgresql/src/backend/utils/adt/enum.c
HANDLING: /usr/local/src/postgresql/src/backend/utils/adt/version.c
HANDLING: /usr/local/src/postgresql/src/backend/utils/adt/datum.c
HANDLING: /usr/local/src/postgresql/src/backend/utils/adt/acl.c
HANDLING: /usr/local/src/postgresql/src/backend/utils/adt/jsonpath_exec.c
HANDLING: /usr/local/src/postgresql/src/backend/utils/adt/tsvector_parser.c
HANDLING: /usr/local/src/postgresql/src/backend/utils/adt/cryptohashfuncs.c
HANDLING: /usr/local/src/postgresql/src/backend/utils/adt/tsginidx.c
HANDLING: /usr/local/src/postgresql/src/backend/utils/adt/expandeddatum.c
HANDLING: /usr/local/src/postgresql/src/backend/utils/adt/int.c
HANDLING: /usr/local/src/postgresql/src/backend/utils/adt/array_expanded.c
HANDLING: /usr/local/src/postgresql/src/backend/utils/adt/mac8.c
HANDLING: /usr/local/src/postgresql/src/backend/utils/adt/domains.c
HANDLING: /usr/local/src/postgresql/src/backend/utils/adt/pgstatfuncs.c
HANDLING: /usr/local/src/postgresql/src/backend/utils/adt/xid.c
HANDLING: /usr/local/src/postgresql/src/backend/utils/adt/float.c
HANDLING: /usr/local/src/postgresql/src/backend/utils/adt/waitfuncs.c
HANDLING: /usr/local/src/postgresql/src/backend/utils/adt/jsonb_gin.c
HANDLING: /usr/local/src/postgresql/src/backend/utils/adt/array_userfuncs.c
HANDLING: /usr/local/src/postgresql/src/backend/utils/adt/bool.c
HANDLING: /usr/local/src/postgresql/src/backend/utils/adt/jsonb_util.c
HANDLING: /usr/local/src/postgresql/src/backend/utils/adt/network_spgist.c
HANDLING: /usr/local/src/postgresql/src/backend/utils/adt/tsquery_cleanup.c
HANDLING: /usr/local/src/postgresql/src/backend/utils/adt/char.c
HANDLING: /usr/local/src/postgresql/src/backend/utils/adt/geo_spgist.c
HANDLING: /usr/local/src/postgresql/src/backend/utils/adt/network_gist.c
HANDLING: /usr/local/src/postgresql/src/backend/utils/adt/pg_upgrade_support.c
HANDLING: /usr/local/src/postgresql/src/backend/utils/adt/mac.c
HANDLING: /usr/local/src/postgresql/src/backend/utils/adt/tsquery_gist.c
HANDLING: /usr/local/src/postgresql/src/backend/utils/adt/jsonb.c
HANDLING: /usr/local/src/postgresql/src/backend/utils/adt/amutils.c
HANDLING: /usr/local/src/postgresql/src/backend/utils/adt/varbit.c
HANDLING: /usr/local/src/postgresql/src/backend/utils/adt/quote.c
HANDLING: /usr/local/src/postgresql/src/backend/utils/adt/oracle_compat.c
HANDLING: /usr/local/src/postgresql/src/backend/utils/adt/genfile.c
HANDLING: /usr/local/src/postgresql/src/backend/utils/adt/tsrank.c
HANDLING: /usr/local/src/postgresql/src/backend/utils/adt/tsquery_op.c
HANDLING: /usr/local/src/postgresql/src/backend/utils/adt/ri_triggers.c
HANDLING: /usr/local/src/postgresql/src/backend/utils/adt/rangetypes_selfuncs.c
HANDLING: /usr/local/src/postgresql/src/backend/utils/adt/name.c
HANDLING: /usr/local/src/postgresql/src/backend/utils/adt/rangetypes_gist.c
HANDLING: /usr/local/src/postgresql/src/backend/utils/adt/arrayutils.c
HANDLING: /usr/local/src/postgresql/src/backend/utils/adt/pg_locale.c
HANDLING: /usr/local/src/postgresql/src/backend/utils/adt/pseudorandomfuncs.c
HANDLING: /usr/local/src/postgresql/src/backend/utils/adt/tsvector_op.c
HANDLING: /usr/local/src/postgresql/src/backend/utils/adt/tsquery_util.c
HANDLING: /usr/local/src/postgresql/src/backend/utils/adt/inet_cidr_ntop.c
HANDLING: /usr/local/src/postgresql/src/backend/utils/adt/encode.c
HANDLING: /usr/local/src/postgresql/src/backend/utils/adt/expandedrecord.c
HANDLING: /usr/local/src/postgresql/src/backend/utils/adt/hbafuncs.c
HANDLING: /usr/local/src/postgresql/src/backend/utils/adt/rangetypes_spgist.c
HANDLING: /usr/local/src/postgresql/src/backend/utils/adt/jsonpath_scan.c
HANDLING: /usr/local/src/postgresql/src/backend/utils/adt/datetime.c
HANDLING: /usr/local/src/postgresql/src/backend/utils/adt/multirangetypes.c
HANDLING: /usr/local/src/postgresql/src/backend/utils/adt/oid.c
HANDLING: /usr/local/src/postgresql/src/backend/utils/adt/int8.c
HANDLING: /usr/local/src/postgresql/src/backend/utils/adt/jsonb_op.c
HANDLING: /usr/local/src/postgresql/src/backend/utils/adt/selfuncs.c
HANDLING: /usr/local/src/postgresql/src/backend/utils/adt/network.c
HANDLING: /usr/local/src/postgresql/src/backend/utils/adt/tsquery.c
HANDLING: /usr/local/src/postgresql/src/backend/utils/adt/arraysubs.c
HANDLING: /usr/local/src/postgresql/src/backend/utils/adt/windowfuncs.c
HANDLING: /usr/local/src/postgresql/src/backend/utils/adt/uuid.c
HANDLING: /usr/local/src/postgresql/src/backend/utils/adt/numeric.c
HANDLING: /usr/local/src/postgresql/src/backend/utils/adt/jsonfuncs.c
HANDLING: /usr/local/src/postgresql/src/backend/utils/adt/network_selfuncs.c
HANDLING: /usr/local/src/postgresql/src/backend/utils/adt/xml.c
HANDLING: /usr/local/src/postgresql/src/backend/utils/adt/jsonpath.c
HANDLING: /usr/local/src/postgresql/src/backend/utils/adt/date.c
HANDLING: /usr/local/src/postgresql/src/backend/utils/adt/trigfuncs.c
HANDLING: /usr/local/src/postgresql/src/backend/utils/adt/levenshtein.c
HANDLING: /usr/local/src/postgresql/src/backend/utils/adt/dbsize.c
HANDLING: /usr/local/src/postgresql/src/backend/utils/adt/inet_net_pton.c
HANDLING: /usr/local/src/postgresql/src/backend/utils/adt/rowtypes.c
HANDLING: /usr/local/src/postgresql/src/backend/utils/adt/lockfuncs.c
HANDLING: /usr/local/src/postgresql/src/backend/utils/adt/json.c
HANDLING: /usr/local/src/postgresql/src/backend/utils/init/miscinit.c
HANDLING: /usr/local/src/postgresql/src/backend/utils/init/globals.c
HANDLING: /usr/local/src/postgresql/src/backend/utils/init/postinit.c
HANDLING: /usr/local/src/postgresql/src/backend/utils/init/usercontext.c
HANDLING: /usr/local/src/postgresql/src/backend/utils/time/combocid.c
HANDLING: /usr/local/src/postgresql/src/backend/utils/time/snapmgr.c
HANDLING: /usr/local/src/postgresql/src/backend/utils/mb/win866.c
HANDLING: /usr/local/src/postgresql/src/backend/utils/mb/wstrncmp.c
HANDLING: /usr/local/src/postgresql/src/backend/utils/mb/wstrcmp.c
HANDLING: /usr/local/src/postgresql/src/backend/utils/mb/conversion_procs/utf8_and_gbk/utf8_and_gbk.c
HANDLING: /usr/local/src/postgresql/src/backend/utils/mb/conversion_procs/utf8_and_gb18030/utf8_and_gb18030.c
HANDLING: /usr/local/src/postgresql/src/backend/utils/mb/conversion_procs/euc_tw_and_big5/big5.c
HANDLING: /usr/local/src/postgresql/src/backend/utils/mb/conversion_procs/euc_tw_and_big5/euc_tw_and_big5.c
HANDLING: /usr/local/src/postgresql/src/backend/utils/mb/conversion_procs/latin2_and_win1250/latin2_and_win1250.c
HANDLING: /usr/local/src/postgresql/src/backend/utils/mb/conversion_procs/utf8_and_euc_kr/utf8_and_euc_kr.c
HANDLING: /usr/local/src/postgresql/src/backend/utils/mb/conversion_procs/utf8_and_sjis/utf8_and_sjis.c
HANDLING: /usr/local/src/postgresql/src/backend/utils/mb/conversion_procs/utf8_and_iso8859_1/utf8_and_iso8859_1.c
HANDLING: /usr/local/src/postgresql/src/backend/utils/mb/conversion_procs/utf8_and_euc_jp/utf8_and_euc_jp.c
HANDLING: /usr/local/src/postgresql/src/backend/utils/mb/conversion_procs/utf8_and_cyrillic/utf8_and_cyrillic.c
HANDLING: /usr/local/src/postgresql/src/backend/utils/mb/conversion_procs/utf8_and_iso8859/utf8_and_iso8859.c
HANDLING: /usr/local/src/postgresql/src/backend/utils/mb/conversion_procs/utf8_and_uhc/utf8_and_uhc.c
HANDLING: /usr/local/src/postgresql/src/backend/utils/mb/conversion_procs/euc2004_sjis2004/euc2004_sjis2004.c
HANDLING: /usr/local/src/postgresql/src/backend/utils/mb/conversion_procs/euc_kr_and_mic/euc_kr_and_mic.c
HANDLING: /usr/local/src/postgresql/src/backend/utils/mb/conversion_procs/euc_cn_and_mic/euc_cn_and_mic.c
HANDLING: /usr/local/src/postgresql/src/backend/utils/mb/conversion_procs/utf8_and_euc_tw/utf8_and_euc_tw.c
HANDLING: /usr/local/src/postgresql/src/backend/utils/mb/conversion_procs/utf8_and_euc2004/utf8_and_euc2004.c
HANDLING: /usr/local/src/postgresql/src/backend/utils/mb/conversion_procs/latin_and_mic/latin_and_mic.c
HANDLING: /usr/local/src/postgresql/src/backend/utils/mb/conversion_procs/utf8_and_euc_cn/utf8_and_euc_cn.c
HANDLING: /usr/local/src/postgresql/src/backend/utils/mb/conversion_procs/utf8_and_sjis2004/utf8_and_sjis2004.c
HANDLING: /usr/local/src/postgresql/src/backend/utils/mb/conversion_procs/utf8_and_win/utf8_and_win.c
HANDLING: /usr/local/src/postgresql/src/backend/utils/mb/conversion_procs/cyrillic_and_mic/cyrillic_and_mic.c
HANDLING: /usr/local/src/postgresql/src/backend/utils/mb/conversion_procs/euc_jp_and_sjis/euc_jp_and_sjis.c
HANDLING: /usr/local/src/postgresql/src/backend/utils/mb/conversion_procs/utf8_and_big5/utf8_and_big5.c
HANDLING: /usr/local/src/postgresql/src/backend/utils/mb/conversion_procs/utf8_and_johab/utf8_and_johab.c
HANDLING: /usr/local/src/postgresql/src/backend/utils/mb/conv.c
HANDLING: /usr/local/src/postgresql/src/backend/utils/mb/mbutils.c
HANDLING: /usr/local/src/postgresql/src/backend/utils/mb/stringinfo_mb.c
HANDLING: /usr/local/src/postgresql/src/backend/utils/mb/win1251.c
HANDLING: /usr/local/src/postgresql/src/backend/utils/mb/iso.c
HANDLING: /usr/local/src/postgresql/src/backend/utils/resowner/resowner.c
HANDLING: /usr/local/src/postgresql/src/backend/utils/misc/queryenvironment.c
HANDLING: /usr/local/src/postgresql/src/backend/utils/misc/conffiles.c
HANDLING: /usr/local/src/postgresql/src/backend/utils/misc/guc.c
HANDLING: /usr/local/src/postgresql/src/backend/utils/misc/guc_tables.c
HANDLING: /usr/local/src/postgresql/src/backend/utils/misc/ps_status.c
HANDLING: /usr/local/src/postgresql/src/backend/utils/misc/injection_point.c
HANDLING: /usr/local/src/postgresql/src/backend/utils/misc/superuser.c
HANDLING: /usr/local/src/postgresql/src/backend/utils/misc/rls.c
HANDLING: /usr/local/src/postgresql/src/backend/utils/misc/pg_config.c
HANDLING: /usr/local/src/postgresql/src/backend/utils/misc/sampling.c
HANDLING: /usr/local/src/postgresql/src/backend/utils/misc/pg_controldata.c
HANDLING: /usr/local/src/postgresql/src/backend/utils/misc/pg_rusage.c
HANDLING: /usr/local/src/postgresql/src/backend/utils/misc/help_config.c
HANDLING: /usr/local/src/postgresql/src/backend/utils/misc/guc_funcs.c
HANDLING: /usr/local/src/postgresql/src/backend/utils/misc/guc-file.c
HANDLING: /usr/local/src/postgresql/src/backend/utils/misc/timeout.c
HANDLING: /usr/local/src/postgresql/src/backend/utils/misc/tzparser.c
HANDLING: /usr/local/src/postgresql/src/backend/utils/fmgr/funcapi.c
HANDLING: /usr/local/src/postgresql/src/backend/utils/fmgr/dfmgr.c
HANDLING: /usr/local/src/postgresql/src/backend/utils/fmgr/fmgr.c
HANDLING: /usr/local/src/postgresql/src/backend/utils/hash/dynahash.c
HANDLING: /usr/local/src/postgresql/src/backend/utils/hash/pg_crc.c
HANDLING: /usr/local/src/postgresql/src/backend/utils/mmgr/alignedalloc.c
HANDLING: /usr/local/src/postgresql/src/backend/utils/mmgr/memdebug.c
HANDLING: /usr/local/src/postgresql/src/backend/utils/mmgr/generation.c
HANDLING: /usr/local/src/postgresql/src/backend/utils/mmgr/aset.c
HANDLING: /usr/local/src/postgresql/src/backend/utils/mmgr/portalmem.c
HANDLING: /usr/local/src/postgresql/src/backend/utils/mmgr/mcxt.c
HANDLING: /usr/local/src/postgresql/src/backend/utils/mmgr/freepage.c
HANDLING: /usr/local/src/postgresql/src/backend/utils/mmgr/bump.c
HANDLING: /usr/local/src/postgresql/src/backend/utils/mmgr/slab.c
HANDLING: /usr/local/src/postgresql/src/backend/utils/mmgr/dsa.c
HANDLING: /usr/local/src/postgresql/src/backend/utils/activity/pgstat.c
HANDLING: /usr/local/src/postgresql/src/backend/utils/activity/pgstat_slru.c
HANDLING: /usr/local/src/postgresql/src/backend/utils/activity/pgstat_replslot.c
HANDLING: /usr/local/src/postgresql/src/backend/utils/activity/pgstat_database.c
HANDLING: /usr/local/src/postgresql/src/backend/utils/activity/pgstat_function.c
HANDLING: /usr/local/src/postgresql/src/backend/utils/activity/pgstat_subscription.c
HANDLING: /usr/local/src/postgresql/src/backend/utils/activity/pgstat_xact.c
HANDLING: /usr/local/src/postgresql/src/backend/utils/activity/pgstat_archiver.c
HANDLING: /usr/local/src/postgresql/src/backend/utils/activity/pgstat_shmem.c
HANDLING: /usr/local/src/postgresql/src/backend/utils/activity/wait_event_funcs.c
HANDLING: /usr/local/src/postgresql/src/backend/utils/activity/wait_event.c
HANDLING: /usr/local/src/postgresql/src/backend/utils/activity/pgstat_relation.c
HANDLING: /usr/local/src/postgresql/src/backend/utils/activity/pgstat_io.c
HANDLING: /usr/local/src/postgresql/src/backend/utils/activity/pgstat_checkpointer.c
HANDLING: /usr/local/src/postgresql/src/backend/utils/activity/backend_progress.c
HANDLING: /usr/local/src/postgresql/src/backend/utils/activity/pgstat_bgwriter.c
HANDLING: /usr/local/src/postgresql/src/backend/utils/activity/pgstat_wait_event.c
HANDLING: /usr/local/src/postgresql/src/backend/utils/activity/backend_status.c
HANDLING: /usr/local/src/postgresql/src/backend/utils/activity/wait_event_funcs_data.c
HANDLING: /usr/local/src/postgresql/src/backend/utils/activity/pgstat_wal.c
HANDLING: /usr/local/src/postgresql/src/backend/nodes/list.c
HANDLING: /usr/local/src/postgresql/src/backend/nodes/outfuncs.switch.c
HANDLING: /usr/local/src/postgresql/src/backend/nodes/readfuncs.funcs.c
HANDLING: /usr/local/src/postgresql/src/backend/nodes/extensible.c
HANDLING: /usr/local/src/postgresql/src/backend/nodes/copyfuncs.switch.c
HANDLING: /usr/local/src/postgresql/src/backend/nodes/equalfuncs.switch.c
HANDLING: /usr/local/src/postgresql/src/backend/nodes/equalfuncs.c
HANDLING: /usr/local/src/postgresql/src/backend/nodes/queryjumblefuncs.funcs.c
HANDLING: /usr/local/src/postgresql/src/backend/nodes/copyfuncs.c
HANDLING: /usr/local/src/postgresql/src/backend/nodes/copyfuncs.funcs.c
HANDLING: /usr/local/src/postgresql/src/backend/nodes/equalfuncs.funcs.c
HANDLING: /usr/local/src/postgresql/src/backend/nodes/queryjumblefuncs.c
HANDLING: /usr/local/src/postgresql/src/backend/nodes/queryjumblefuncs.switch.c
HANDLING: /usr/local/src/postgresql/src/backend/nodes/read.c
HANDLING: /usr/local/src/postgresql/src/backend/nodes/readfuncs.switch.c
HANDLING: /usr/local/src/postgresql/src/backend/nodes/tidbitmap.c
HANDLING: /usr/local/src/postgresql/src/backend/nodes/params.c
HANDLING: /usr/local/src/postgresql/src/backend/nodes/nodeFuncs.c
HANDLING: /usr/local/src/postgresql/src/backend/nodes/bitmapset.c
HANDLING: /usr/local/src/postgresql/src/backend/nodes/multibitmapset.c
HANDLING: /usr/local/src/postgresql/src/backend/nodes/value.c
HANDLING: /usr/local/src/postgresql/src/backend/nodes/makefuncs.c
HANDLING: /usr/local/src/postgresql/src/backend/nodes/outfuncs.funcs.c
HANDLING: /usr/local/src/postgresql/src/backend/nodes/readfuncs.c
HANDLING: /usr/local/src/postgresql/src/backend/nodes/outfuncs.c
HANDLING: /usr/local/src/postgresql/src/backend/nodes/print.c
HANDLING: /usr/local/src/postgresql/src/backend/jit/jit.c
HANDLING: /usr/local/src/postgresql/src/backend/jit/llvm/llvmjit_types.c
HANDLING: /usr/local/src/postgresql/src/backend/jit/llvm/llvmjit_expr.c
HANDLING: /usr/local/src/postgresql/src/backend/jit/llvm/llvmjit_deform.c
HANDLING: /usr/local/src/postgresql/src/backend/jit/llvm/llvmjit.c
HANDLING: /usr/local/src/postgresql/src/backend/bootstrap/bootparse.c
Unable to parse #if condition: defined size_t
HANDLING: /usr/local/src/postgresql/src/backend/bootstrap/bootstrap.c
HANDLING: /usr/local/src/postgresql/src/backend/bootstrap/bootscanner.c
HANDLING: /usr/local/src/postgresql/src/backend/commands/matview.c
HANDLING: /usr/local/src/postgresql/src/backend/commands/user.c
HANDLING: /usr/local/src/postgresql/src/backend/commands/vacuum.c
HANDLING: /usr/local/src/postgresql/src/backend/commands/constraint.c
HANDLING: /usr/local/src/postgresql/src/backend/commands/operatorcmds.c
HANDLING: /usr/local/src/postgresql/src/backend/commands/lockcmds.c
HANDLING: /usr/local/src/postgresql/src/backend/commands/schemacmds.c
HANDLING: /usr/local/src/postgresql/src/backend/commands/explain.c
HANDLING: /usr/local/src/postgresql/src/backend/commands/typecmds.c
HANDLING: /usr/local/src/postgresql/src/backend/commands/functioncmds.c
HANDLING: /usr/local/src/postgresql/src/backend/commands/dbcommands.c
HANDLING: /usr/local/src/postgresql/src/backend/commands/opclasscmds.c
HANDLING: /usr/local/src/postgresql/src/backend/commands/indexcmds.c
HANDLING: /usr/local/src/postgresql/src/backend/commands/createas.c
HANDLING: /usr/local/src/postgresql/src/backend/commands/subscriptioncmds.c
HANDLING: /usr/local/src/postgresql/src/backend/commands/publicationcmds.c
HANDLING: /usr/local/src/postgresql/src/backend/commands/event_trigger.c
HANDLING: /usr/local/src/postgresql/src/backend/commands/trigger.c
HANDLING: /usr/local/src/postgresql/src/backend/commands/collationcmds.c
HANDLING: /usr/local/src/postgresql/src/backend/commands/analyze.c
HANDLING: /usr/local/src/postgresql/src/backend/commands/seclabel.c
HANDLING: /usr/local/src/postgresql/src/backend/commands/copyto.c
HANDLING: /usr/local/src/postgresql/src/backend/commands/dropcmds.c
HANDLING: /usr/local/src/postgresql/src/backend/commands/view.c
HANDLING: /usr/local/src/postgresql/src/backend/commands/foreigncmds.c
HANDLING: /usr/local/src/postgresql/src/backend/commands/define.c
HANDLING: /usr/local/src/postgresql/src/backend/commands/amcmds.c
HANDLING: /usr/local/src/postgresql/src/backend/commands/cluster.c
HANDLING: /usr/local/src/postgresql/src/backend/commands/statscmds.c
HANDLING: /usr/local/src/postgresql/src/backend/commands/proclang.c
HANDLING: /usr/local/src/postgresql/src/backend/commands/discard.c
HANDLING: /usr/local/src/postgresql/src/backend/commands/vacuumparallel.c
HANDLING: /usr/local/src/postgresql/src/backend/commands/tablecmds.c
HANDLING: /usr/local/src/postgresql/src/backend/commands/policy.c
HANDLING: /usr/local/src/postgresql/src/backend/commands/prepare.c
HANDLING: /usr/local/src/postgresql/src/backend/commands/conversioncmds.c
HANDLING: /usr/local/src/postgresql/src/backend/commands/copyfromparse.c
HANDLING: /usr/local/src/postgresql/src/backend/commands/comment.c
HANDLING: /usr/local/src/postgresql/src/backend/commands/copyfrom.c
HANDLING: /usr/local/src/postgresql/src/backend/commands/extension.c
HANDLING: /usr/local/src/postgresql/src/backend/commands/sequence.c
HANDLING: /usr/local/src/postgresql/src/backend/commands/tablespace.c
HANDLING: /usr/local/src/postgresql/src/backend/commands/aggregatecmds.c
HANDLING: /usr/local/src/postgresql/src/backend/commands/variable.c
HANDLING: /usr/local/src/postgresql/src/backend/commands/copy.c
HANDLING: /usr/local/src/postgresql/src/backend/commands/alter.c
HANDLING: /usr/local/src/postgresql/src/backend/commands/async.c
HANDLING: /usr/local/src/postgresql/src/backend/commands/portalcmds.c
HANDLING: /usr/local/src/postgresql/src/backend/commands/tsearchcmds.c
HANDLING: /usr/local/src/postgresql/src/backend/replication/repl_gram.c
Unable to parse #if condition: defined size_t
HANDLING: /usr/local/src/postgresql/src/backend/replication/repl_scanner.c
HANDLING: /usr/local/src/postgresql/src/backend/replication/logical/message.c
HANDLING: /usr/local/src/postgresql/src/backend/replication/logical/launcher.c
HANDLING: /usr/local/src/postgresql/src/backend/replication/logical/relation.c
HANDLING: /usr/local/src/postgresql/src/backend/replication/logical/tablesync.c
HANDLING: /usr/local/src/postgresql/src/backend/replication/logical/origin.c
HANDLING: /usr/local/src/postgresql/src/backend/replication/logical/worker.c
HANDLING: /usr/local/src/postgresql/src/backend/replication/logical/reorderbuffer.c
HANDLING: /usr/local/src/postgresql/src/backend/replication/logical/applyparallelworker.c
HANDLING: /usr/local/src/postgresql/src/backend/replication/logical/proto.c
HANDLING: /usr/local/src/postgresql/src/backend/replication/logical/decode.c
HANDLING: /usr/local/src/postgresql/src/backend/replication/logical/logical.c
HANDLING: /usr/local/src/postgresql/src/backend/replication/logical/slotsync.c
HANDLING: /usr/local/src/postgresql/src/backend/replication/logical/logicalfuncs.c
HANDLING: /usr/local/src/postgresql/src/backend/replication/logical/snapbuild.c
HANDLING: /usr/local/src/postgresql/src/backend/replication/slot.c
HANDLING: /usr/local/src/postgresql/src/backend/replication/slotfuncs.c
HANDLING: /usr/local/src/postgresql/src/backend/replication/walreceiver.c
HANDLING: /usr/local/src/postgresql/src/backend/replication/pgoutput/pgoutput.c
HANDLING: /usr/local/src/postgresql/src/backend/replication/walsender.c
HANDLING: /usr/local/src/postgresql/src/backend/replication/syncrep.c
HANDLING: /usr/local/src/postgresql/src/backend/replication/syncrep_scanner.c
HANDLING: /usr/local/src/postgresql/src/backend/replication/syncrep_gram.c
Unable to parse #if condition: defined size_t
HANDLING: /usr/local/src/postgresql/src/backend/replication/libpqwalreceiver/libpqwalreceiver.c
HANDLING: /usr/local/src/postgresql/src/backend/replication/walreceiverfuncs.c
HANDLING: /usr/local/src/postgresql/src/backend/postmaster/startup.c
HANDLING: /usr/local/src/postgresql/src/backend/postmaster/bgwriter.c
HANDLING: /usr/local/src/postgresql/src/backend/postmaster/walwriter.c
HANDLING: /usr/local/src/postgresql/src/backend/postmaster/fork_process.c
HANDLING: /usr/local/src/postgresql/src/backend/postmaster/pgarch.c
HANDLING: /usr/local/src/postgresql/src/backend/postmaster/postmaster.c
HANDLING: /usr/local/src/postgresql/src/backend/postmaster/walsummarizer.c
HANDLING: /usr/local/src/postgresql/src/backend/postmaster/checkpointer.c
HANDLING: /usr/local/src/postgresql/src/backend/postmaster/autovacuum.c
HANDLING: /usr/local/src/postgresql/src/backend/postmaster/launch_backend.c
HANDLING: /usr/local/src/postgresql/src/backend/postmaster/bgworker.c
HANDLING: /usr/local/src/postgresql/src/backend/postmaster/syslogger.c
HANDLING: /usr/local/src/postgresql/src/backend/postmaster/interrupt.c
HANDLING: /usr/local/src/postgresql/src/backend/postmaster/auxprocess.c
HANDLING: /usr/local/src/postgresql/src/backend/tsearch/dict_synonym.c
HANDLING: /usr/local/src/postgresql/src/backend/tsearch/wparser_def.c
HANDLING: /usr/local/src/postgresql/src/backend/tsearch/dict_ispell.c
HANDLING: /usr/local/src/postgresql/src/backend/tsearch/dict.c
HANDLING: /usr/local/src/postgresql/src/backend/tsearch/ts_selfuncs.c
HANDLING: /usr/local/src/postgresql/src/backend/tsearch/ts_parse.c
HANDLING: /usr/local/src/postgresql/src/backend/tsearch/dict_simple.c
HANDLING: /usr/local/src/postgresql/src/backend/tsearch/ts_locale.c
HANDLING: /usr/local/src/postgresql/src/backend/tsearch/spell.c
HANDLING: /usr/local/src/postgresql/src/backend/tsearch/to_tsany.c
HANDLING: /usr/local/src/postgresql/src/backend/tsearch/regis.c
HANDLING: /usr/local/src/postgresql/src/backend/tsearch/ts_typanalyze.c
HANDLING: /usr/local/src/postgresql/src/backend/tsearch/ts_utils.c
HANDLING: /usr/local/src/postgresql/src/backend/tsearch/wparser.c
HANDLING: /usr/local/src/postgresql/src/backend/tsearch/dict_thesaurus.c
HANDLING: /usr/local/src/postgresql/src/backend/main/main.c
HANDLING: /usr/local/src/postgresql/src/backend/port/pg_sema.c
HANDLING: /usr/local/src/postgresql/src/backend/port/win32_sema.c
HANDLING: /usr/local/src/postgresql/src/backend/port/pg_shmem.c
HANDLING: /usr/local/src/postgresql/src/backend/port/sysv_sema.c
HANDLING: /usr/local/src/postgresql/src/backend/port/win32/socket.c
HANDLING: /usr/local/src/postgresql/src/backend/port/win32/timer.c
HANDLING: /usr/local/src/postgresql/src/backend/port/win32/crashdump.c
HANDLING: /usr/local/src/postgresql/src/backend/port/win32/signal.c
HANDLING: /usr/local/src/postgresql/src/backend/port/sysv_shmem.c
HANDLING: /usr/local/src/postgresql/src/backend/port/posix_sema.c
HANDLING: /usr/local/src/postgresql/src/backend/port/win32_shmem.c
HANDLING: /usr/local/src/postgresql/src/backend/port/atomics.c
HANDLING: /usr/local/src/postgresql/src/backend/catalog/pg_shdepend.c
HANDLING: /usr/local/src/postgresql/src/backend/catalog/pg_range.c
HANDLING: /usr/local/src/postgresql/src/backend/catalog/objectaddress.c
HANDLING: /usr/local/src/postgresql/src/backend/catalog/pg_parameter_acl.c
HANDLING: /usr/local/src/postgresql/src/backend/catalog/pg_conversion.c
HANDLING: /usr/local/src/postgresql/src/backend/catalog/pg_db_role_setting.c
HANDLING: /usr/local/src/postgresql/src/backend/catalog/indexing.c
HANDLING: /usr/local/src/postgresql/src/backend/catalog/pg_namespace.c
HANDLING: /usr/local/src/postgresql/src/backend/catalog/pg_largeobject.c
HANDLING: /usr/local/src/postgresql/src/backend/catalog/pg_operator.c
HANDLING: /usr/local/src/postgresql/src/backend/catalog/pg_class.c
HANDLING: /usr/local/src/postgresql/src/backend/catalog/aclchk.c
HANDLING: /usr/local/src/postgresql/src/backend/catalog/heap.c
HANDLING: /usr/local/src/postgresql/src/backend/catalog/pg_publication.c
HANDLING: /usr/local/src/postgresql/src/backend/catalog/namespace.c
HANDLING: /usr/local/src/postgresql/src/backend/catalog/pg_collation.c
HANDLING: /usr/local/src/postgresql/src/backend/catalog/partition.c
HANDLING: /usr/local/src/postgresql/src/backend/catalog/pg_enum.c
HANDLING: /usr/local/src/postgresql/src/backend/catalog/pg_depend.c
HANDLING: /usr/local/src/postgresql/src/backend/catalog/pg_subscription.c
HANDLING: /usr/local/src/postgresql/src/backend/catalog/pg_constraint.c
HANDLING: /usr/local/src/postgresql/src/backend/catalog/toasting.c
HANDLING: /usr/local/src/postgresql/src/backend/catalog/pg_aggregate.c
HANDLING: /usr/local/src/postgresql/src/backend/catalog/catalog.c
HANDLING: /usr/local/src/postgresql/src/backend/catalog/pg_proc.c
HANDLING: /usr/local/src/postgresql/src/backend/catalog/objectaccess.c
HANDLING: /usr/local/src/postgresql/src/backend/catalog/pg_cast.c
HANDLING: /usr/local/src/postgresql/src/backend/catalog/storage.c
HANDLING: /usr/local/src/postgresql/src/backend/catalog/index.c
HANDLING: /usr/local/src/postgresql/src/backend/catalog/dependency.c
HANDLING: /usr/local/src/postgresql/src/backend/catalog/pg_inherits.c
HANDLING: /usr/local/src/postgresql/src/backend/catalog/pg_attrdef.c
HANDLING: /usr/local/src/postgresql/src/backend/catalog/pg_type.c
HANDLING: /usr/local/src/postgresql/src/backend/partitioning/partbounds.c
HANDLING: /usr/local/src/postgresql/src/backend/partitioning/partprune.c
HANDLING: /usr/local/src/postgresql/src/backend/partitioning/partdesc.c
HANDLING: /usr/local/src/postgresql/src/backend/tcop/postgres.c
HANDLING: /usr/local/src/postgresql/src/backend/tcop/cmdtag.c
HANDLING: /usr/local/src/postgresql/src/backend/tcop/backend_startup.c
HANDLING: /usr/local/src/postgresql/src/backend/tcop/pquery.c
HANDLING: /usr/local/src/postgresql/src/backend/tcop/utility.c
HANDLING: /usr/local/src/postgresql/src/backend/tcop/dest.c
HANDLING: /usr/local/src/postgresql/src/backend/tcop/fastpath.c
HANDLING: /usr/local/src/postgresql/src/backend/archive/shell_archive.c
HANDLING: /usr/local/src/postgresql/src/backend/snowball/libstemmer/stem_ISO_8859_1_dutch.c
HANDLING: /usr/local/src/postgresql/src/backend/snowball/libstemmer/stem_UTF_8_arabic.c
HANDLING: /usr/local/src/postgresql/src/backend/snowball/libstemmer/stem_ISO_8859_1_italian.c
HANDLING: /usr/local/src/postgresql/src/backend/snowball/libstemmer/stem_UTF_8_dutch.c
HANDLING: /usr/local/src/postgresql/src/backend/snowball/libstemmer/stem_UTF_8_nepali.c
HANDLING: /usr/local/src/postgresql/src/backend/snowball/libstemmer/stem_ISO_8859_1_indonesian.c
HANDLING: /usr/local/src/postgresql/src/backend/snowball/libstemmer/stem_UTF_8_swedish.c
HANDLING: /usr/local/src/postgresql/src/backend/snowball/libstemmer/stem_KOI8_R_russian.c
HANDLING: /usr/local/src/postgresql/src/backend/snowball/libstemmer/stem_UTF_8_russian.c
HANDLING: /usr/local/src/postgresql/src/backend/snowball/libstemmer/stem_UTF_8_turkish.c
HANDLING: /usr/local/src/postgresql/src/backend/snowball/libstemmer/stem_UTF_8_italian.c
HANDLING: /usr/local/src/postgresql/src/backend/snowball/libstemmer/stem_UTF_8_serbian.c
HANDLING: /usr/local/src/postgresql/src/backend/snowball/libstemmer/stem_UTF_8_tamil.c
HANDLING: /usr/local/src/postgresql/src/backend/snowball/libstemmer/stem_ISO_8859_2_romanian.c
HANDLING: /usr/local/src/postgresql/src/backend/snowball/libstemmer/stem_ISO_8859_1_spanish.c
HANDLING: /usr/local/src/postgresql/src/backend/snowball/libstemmer/utilities.c
HANDLING: /usr/local/src/postgresql/src/backend/snowball/libstemmer/stem_ISO_8859_1_danish.c
HANDLING: /usr/local/src/postgresql/src/backend/snowball/libstemmer/stem_ISO_8859_1_swedish.c
HANDLING: /usr/local/src/postgresql/src/backend/snowball/libstemmer/stem_ISO_8859_1_french.c
HANDLING: /usr/local/src/postgresql/src/backend/snowball/libstemmer/stem_ISO_8859_2_hungarian.c
HANDLING: /usr/local/src/postgresql/src/backend/snowball/libstemmer/stem_ISO_8859_1_porter.c
HANDLING: /usr/local/src/postgresql/src/backend/snowball/libstemmer/stem_ISO_8859_1_irish.c
HANDLING: /usr/local/src/postgresql/src/backend/snowball/libstemmer/stem_UTF_8_english.c
HANDLING: /usr/local/src/postgresql/src/backend/snowball/libstemmer/stem_UTF_8_portuguese.c
HANDLING: /usr/local/src/postgresql/src/backend/snowball/libstemmer/stem_UTF_8_catalan.c
HANDLING: /usr/local/src/postgresql/src/backend/snowball/libstemmer/stem_UTF_8_lithuanian.c
HANDLING: /usr/local/src/postgresql/src/backend/snowball/libstemmer/stem_ISO_8859_1_finnish.c
HANDLING: /usr/local/src/postgresql/src/backend/snowball/libstemmer/stem_UTF_8_german.c
HANDLING: /usr/local/src/postgresql/src/backend/snowball/libstemmer/stem_UTF_8_romanian.c
HANDLING: /usr/local/src/postgresql/src/backend/snowball/libstemmer/stem_ISO_8859_1_german.c
HANDLING: /usr/local/src/postgresql/src/backend/snowball/libstemmer/stem_ISO_8859_1_portuguese.c
HANDLING: /usr/local/src/postgresql/src/backend/snowball/libstemmer/stem_UTF_8_porter.c
HANDLING: /usr/local/src/postgresql/src/backend/snowball/libstemmer/stem_ISO_8859_1_catalan.c
HANDLING: /usr/local/src/postgresql/src/backend/snowball/libstemmer/stem_ISO_8859_1_english.c
HANDLING: /usr/local/src/postgresql/src/backend/snowball/libstemmer/stem_UTF_8_greek.c
HANDLING: /usr/local/src/postgresql/src/backend/snowball/libstemmer/stem_UTF_8_armenian.c
HANDLING: /usr/local/src/postgresql/src/backend/snowball/libstemmer/stem_UTF_8_irish.c
HANDLING: /usr/local/src/postgresql/src/backend/snowball/libstemmer/stem_ISO_8859_1_norwegian.c
HANDLING: /usr/local/src/postgresql/src/backend/snowball/libstemmer/stem_UTF_8_hindi.c
HANDLING: /usr/local/src/postgresql/src/backend/snowball/libstemmer/stem_UTF_8_hungarian.c
HANDLING: /usr/local/src/postgresql/src/backend/snowball/libstemmer/stem_UTF_8_spanish.c
HANDLING: /usr/local/src/postgresql/src/backend/snowball/libstemmer/stem_UTF_8_norwegian.c
HANDLING: /usr/local/src/postgresql/src/backend/snowball/libstemmer/stem_UTF_8_danish.c
HANDLING: /usr/local/src/postgresql/src/backend/snowball/libstemmer/stem_UTF_8_french.c
HANDLING: /usr/local/src/postgresql/src/backend/snowball/libstemmer/stem_ISO_8859_1_basque.c
HANDLING: /usr/local/src/postgresql/src/backend/snowball/libstemmer/api.c
HANDLING: /usr/local/src/postgresql/src/backend/snowball/libstemmer/stem_UTF_8_finnish.c
HANDLING: /usr/local/src/postgresql/src/backend/snowball/libstemmer/stem_UTF_8_yiddish.c
HANDLING: /usr/local/src/postgresql/src/backend/snowball/libstemmer/stem_UTF_8_basque.c
HANDLING: /usr/local/src/postgresql/src/backend/snowball/libstemmer/stem_UTF_8_indonesian.c
HANDLING: /usr/local/src/postgresql/src/backend/snowball/dict_snowball.c
HANDLING: /usr/local/src/postgresql/src/backend/foreign/foreign.c
HANDLING: /usr/local/src/postgresql/src/backend/optimizer/geqo/geqo_pool.c
HANDLING: /usr/local/src/postgresql/src/backend/optimizer/geqo/geqo_mutation.c
HANDLING: /usr/local/src/postgresql/src/backend/optimizer/geqo/geqo_random.c
HANDLING: /usr/local/src/postgresql/src/backend/optimizer/geqo/geqo_px.c
HANDLING: /usr/local/src/postgresql/src/backend/optimizer/geqo/geqo_pmx.c
HANDLING: /usr/local/src/postgresql/src/backend/optimizer/geqo/geqo_main.c
HANDLING: /usr/local/src/postgresql/src/backend/optimizer/geqo/geqo_copy.c
HANDLING: /usr/local/src/postgresql/src/backend/optimizer/geqo/geqo_misc.c
HANDLING: /usr/local/src/postgresql/src/backend/optimizer/geqo/geqo_selection.c
HANDLING: /usr/local/src/postgresql/src/backend/optimizer/geqo/geqo_recombination.c
HANDLING: /usr/local/src/postgresql/src/backend/optimizer/geqo/geqo_eval.c
HANDLING: /usr/local/src/postgresql/src/backend/optimizer/geqo/geqo_erx.c
HANDLING: /usr/local/src/postgresql/src/backend/optimizer/geqo/geqo_cx.c
HANDLING: /usr/local/src/postgresql/src/backend/optimizer/geqo/geqo_ox2.c
HANDLING: /usr/local/src/postgresql/src/backend/optimizer/geqo/geqo_ox1.c
HANDLING: /usr/local/src/postgresql/src/backend/optimizer/util/var.c
HANDLING: /usr/local/src/postgresql/src/backend/optimizer/util/placeholder.c
HANDLING: /usr/local/src/postgresql/src/backend/optimizer/util/paramassign.c
HANDLING: /usr/local/src/postgresql/src/backend/optimizer/util/inherit.c
HANDLING: /usr/local/src/postgresql/src/backend/optimizer/util/orclauses.c
HANDLING: /usr/local/src/postgresql/src/backend/optimizer/util/plancat.c
HANDLING: /usr/local/src/postgresql/src/backend/optimizer/util/appendinfo.c
HANDLING: /usr/local/src/postgresql/src/backend/optimizer/util/clauses.c
HANDLING: /usr/local/src/postgresql/src/backend/optimizer/util/pathnode.c
HANDLING: /usr/local/src/postgresql/src/backend/optimizer/util/predtest.c
HANDLING: /usr/local/src/postgresql/src/backend/optimizer/util/tlist.c
HANDLING: /usr/local/src/postgresql/src/backend/optimizer/util/joininfo.c
HANDLING: /usr/local/src/postgresql/src/backend/optimizer/util/restrictinfo.c
HANDLING: /usr/local/src/postgresql/src/backend/optimizer/util/relnode.c
HANDLING: /usr/local/src/postgresql/src/backend/optimizer/path/joinpath.c
HANDLING: /usr/local/src/postgresql/src/backend/optimizer/path/pathkeys.c
HANDLING: /usr/local/src/postgresql/src/backend/optimizer/path/indxpath.c
HANDLING: /usr/local/src/postgresql/src/backend/optimizer/path/tidpath.c
HANDLING: /usr/local/src/postgresql/src/backend/optimizer/path/allpaths.c
HANDLING: /usr/local/src/postgresql/src/backend/optimizer/path/clausesel.c
HANDLING: /usr/local/src/postgresql/src/backend/optimizer/path/costsize.c
HANDLING: /usr/local/src/postgresql/src/backend/optimizer/path/joinrels.c
HANDLING: /usr/local/src/postgresql/src/backend/optimizer/path/equivclass.c
HANDLING: /usr/local/src/postgresql/src/backend/optimizer/prep/prepjointree.c
HANDLING: /usr/local/src/postgresql/src/backend/optimizer/prep/prepagg.c
HANDLING: /usr/local/src/postgresql/src/backend/optimizer/prep/prepqual.c
HANDLING: /usr/local/src/postgresql/src/backend/optimizer/prep/preptlist.c
HANDLING: /usr/local/src/postgresql/src/backend/optimizer/prep/prepunion.c
HANDLING: /usr/local/src/postgresql/src/backend/optimizer/plan/setrefs.c
HANDLING: /usr/local/src/postgresql/src/backend/optimizer/plan/createplan.c
HANDLING: /usr/local/src/postgresql/src/backend/optimizer/plan/subselect.c
HANDLING: /usr/local/src/postgresql/src/backend/optimizer/plan/planner.c
HANDLING: /usr/local/src/postgresql/src/backend/optimizer/plan/planmain.c
HANDLING: /usr/local/src/postgresql/src/backend/optimizer/plan/analyzejoins.c
HANDLING: /usr/local/src/postgresql/src/backend/optimizer/plan/initsplan.c
HANDLING: /usr/local/src/postgresql/src/backend/optimizer/plan/planagg.c
HANDLING: /usr/local/src/postgresql/src/backend/executor/execProcnode.c
HANDLING: /usr/local/src/postgresql/src/backend/executor/execTuples.c
HANDLING: /usr/local/src/postgresql/src/backend/executor/nodeNestloop.c
HANDLING: /usr/local/src/postgresql/src/backend/executor/nodeSubqueryscan.c
HANDLING: /usr/local/src/postgresql/src/backend/executor/execExprInterp.c
HANDLING: /usr/local/src/postgresql/src/backend/executor/nodeTidrangescan.c
HANDLING: /usr/local/src/postgresql/src/backend/executor/nodeSetOp.c
HANDLING: /usr/local/src/postgresql/src/backend/executor/nodeMergejoin.c
HANDLING: /usr/local/src/postgresql/src/backend/executor/functions.c
HANDLING: /usr/local/src/postgresql/src/backend/executor/nodeMemoize.c
HANDLING: /usr/local/src/postgresql/src/backend/executor/tqueue.c
HANDLING: /usr/local/src/postgresql/src/backend/executor/nodeBitmapAnd.c
HANDLING: /usr/local/src/postgresql/src/backend/executor/nodeProjectSet.c
HANDLING: /usr/local/src/postgresql/src/backend/executor/nodeHash.c
HANDLING: /usr/local/src/postgresql/src/backend/executor/nodeUnique.c
HANDLING: /usr/local/src/postgresql/src/backend/executor/nodeLimit.c
HANDLING: /usr/local/src/postgresql/src/backend/executor/execIndexing.c
HANDLING: /usr/local/src/postgresql/src/backend/executor/nodeCustom.c
HANDLING: /usr/local/src/postgresql/src/backend/executor/nodeWindowAgg.c
HANDLING: /usr/local/src/postgresql/src/backend/executor/nodeTidscan.c
HANDLING: /usr/local/src/postgresql/src/backend/executor/execPartition.c
HANDLING: /usr/local/src/postgresql/src/backend/executor/nodeIndexscan.c
HANDLING: /usr/local/src/postgresql/src/backend/executor/nodeCtescan.c
HANDLING: /usr/local/src/postgresql/src/backend/executor/nodeMaterial.c
HANDLING: /usr/local/src/postgresql/src/backend/executor/nodeAgg.c
HANDLING: /usr/local/src/postgresql/src/backend/executor/execSRF.c
HANDLING: /usr/local/src/postgresql/src/backend/executor/execJunk.c
HANDLING: /usr/local/src/postgresql/src/backend/executor/nodeGroup.c
HANDLING: /usr/local/src/postgresql/src/backend/executor/nodeSubplan.c
HANDLING: /usr/local/src/postgresql/src/backend/executor/nodeMergeAppend.c
HANDLING: /usr/local/src/postgresql/src/backend/executor/nodeRecursiveunion.c
HANDLING: /usr/local/src/postgresql/src/backend/executor/execCurrent.c
HANDLING: /usr/local/src/postgresql/src/backend/executor/nodeValuesscan.c
HANDLING: /usr/local/src/postgresql/src/backend/executor/nodeHashjoin.c
HANDLING: /usr/local/src/postgresql/src/backend/executor/nodeLockRows.c
HANDLING: /usr/local/src/postgresql/src/backend/executor/nodeBitmapHeapscan.c
HANDLING: /usr/local/src/postgresql/src/backend/executor/nodeWorktablescan.c
HANDLING: /usr/local/src/postgresql/src/backend/executor/nodeForeignscan.c
HANDLING: /usr/local/src/postgresql/src/backend/executor/nodeSamplescan.c
HANDLING: /usr/local/src/postgresql/src/backend/executor/nodeSeqscan.c
HANDLING: /usr/local/src/postgresql/src/backend/executor/tstoreReceiver.c
HANDLING: /usr/local/src/postgresql/src/backend/executor/execScan.c
HANDLING: /usr/local/src/postgresql/src/backend/executor/execAsync.c
HANDLING: /usr/local/src/postgresql/src/backend/executor/spi.c
HANDLING: /usr/local/src/postgresql/src/backend/executor/execAmi.c
HANDLING: /usr/local/src/postgresql/src/backend/executor/nodeAppend.c
HANDLING: /usr/local/src/postgresql/src/backend/executor/execGrouping.c
HANDLING: /usr/local/src/postgresql/src/backend/executor/nodeModifyTable.c
HANDLING: /usr/local/src/postgresql/src/backend/executor/nodeSort.c
HANDLING: /usr/local/src/postgresql/src/backend/executor/nodeIncrementalSort.c
HANDLING: /usr/local/src/postgresql/src/backend/executor/nodeNamedtuplestorescan.c
HANDLING: /usr/local/src/postgresql/src/backend/executor/nodeResult.c
HANDLING: /usr/local/src/postgresql/src/backend/executor/nodeIndexonlyscan.c
HANDLING: /usr/local/src/postgresql/src/backend/executor/execReplication.c
HANDLING: /usr/local/src/postgresql/src/backend/executor/nodeGather.c
HANDLING: /usr/local/src/postgresql/src/backend/executor/nodeBitmapIndexscan.c
HANDLING: /usr/local/src/postgresql/src/backend/executor/nodeFunctionscan.c
HANDLING: /usr/local/src/postgresql/src/backend/executor/execUtils.c
HANDLING: /usr/local/src/postgresql/src/backend/executor/execMain.c
HANDLING: /usr/local/src/postgresql/src/backend/executor/instrument.c
HANDLING: /usr/local/src/postgresql/src/backend/executor/nodeGatherMerge.c
HANDLING: /usr/local/src/postgresql/src/backend/executor/execExpr.c
HANDLING: /usr/local/src/postgresql/src/backend/executor/execParallel.c
HANDLING: /usr/local/src/postgresql/src/backend/executor/nodeBitmapOr.c
HANDLING: /usr/local/src/postgresql/src/backend/executor/nodeTableFuncscan.c
HANDLING: /usr/local/src/postgresql/src/backend/backup/backup_manifest.c
HANDLING: /usr/local/src/postgresql/src/backend/backup/basebackup_gzip.c
HANDLING: /usr/local/src/postgresql/src/backend/backup/basebackup_throttle.c
HANDLING: /usr/local/src/postgresql/src/backend/backup/basebackup_copy.c
HANDLING: /usr/local/src/postgresql/src/backend/backup/basebackup_incremental.c
HANDLING: /usr/local/src/postgresql/src/backend/backup/basebackup_progress.c
HANDLING: /usr/local/src/postgresql/src/backend/backup/walsummary.c
HANDLING: /usr/local/src/postgresql/src/backend/backup/basebackup_server.c
HANDLING: /usr/local/src/postgresql/src/backend/backup/basebackup_zstd.c
HANDLING: /usr/local/src/postgresql/src/backend/backup/basebackup.c
HANDLING: /usr/local/src/postgresql/src/backend/backup/walsummaryfuncs.c
HANDLING: /usr/local/src/postgresql/src/backend/backup/basebackup_target.c
HANDLING: /usr/local/src/postgresql/src/backend/backup/basebackup_sink.c
HANDLING: /usr/local/src/postgresql/src/backend/backup/basebackup_lz4.c
HANDLING: /usr/local/src/postgresql/src/backend/storage/smgr/smgr.c
HANDLING: /usr/local/src/postgresql/src/backend/storage/smgr/md.c
HANDLING: /usr/local/src/postgresql/src/backend/storage/smgr/bulk_write.c
HANDLING: /usr/local/src/postgresql/src/backend/storage/buffer/buf_table.c
HANDLING: /usr/local/src/postgresql/src/backend/storage/buffer/bufmgr.c
HANDLING: /usr/local/src/postgresql/src/backend/storage/buffer/localbuf.c
HANDLING: /usr/local/src/postgresql/src/backend/storage/buffer/freelist.c
HANDLING: /usr/local/src/postgresql/src/backend/storage/buffer/buf_init.c
HANDLING: /usr/local/src/postgresql/src/backend/storage/lmgr/deadlock.c
HANDLING: /usr/local/src/postgresql/src/backend/storage/lmgr/s_lock.c
HANDLING: /usr/local/src/postgresql/src/backend/storage/lmgr/condition_variable.c
HANDLING: /usr/local/src/postgresql/src/backend/storage/lmgr/lmgr.c
HANDLING: /usr/local/src/postgresql/src/backend/storage/lmgr/lock.c
HANDLING: /usr/local/src/postgresql/src/backend/storage/lmgr/proc.c
HANDLING: /usr/local/src/postgresql/src/backend/storage/lmgr/lwlock.c
HANDLING: /usr/local/src/postgresql/src/backend/storage/lmgr/predicate.c
HANDLING: /usr/local/src/postgresql/src/backend/storage/lmgr/spin.c
HANDLING: /usr/local/src/postgresql/src/backend/storage/freespace/freespace.c
HANDLING: /usr/local/src/postgresql/src/backend/storage/freespace/indexfsm.c
HANDLING: /usr/local/src/postgresql/src/backend/storage/freespace/fsmpage.c
HANDLING: /usr/local/src/postgresql/src/backend/storage/file/copydir.c
HANDLING: /usr/local/src/postgresql/src/backend/storage/file/buffile.c
HANDLING: /usr/local/src/postgresql/src/backend/storage/file/fd.c
HANDLING: /usr/local/src/postgresql/src/backend/storage/file/reinit.c
HANDLING: /usr/local/src/postgresql/src/backend/storage/file/fileset.c
HANDLING: /usr/local/src/postgresql/src/backend/storage/file/sharedfileset.c
HANDLING: /usr/local/src/postgresql/src/backend/storage/sync/sync.c
HANDLING: /usr/local/src/postgresql/src/backend/storage/large_object/inv_api.c
HANDLING: /usr/local/src/postgresql/src/backend/storage/page/checksum.c
HANDLING: /usr/local/src/postgresql/src/backend/storage/page/bufpage.c
HANDLING: /usr/local/src/postgresql/src/backend/storage/page/itemptr.c
HANDLING: /usr/local/src/postgresql/src/backend/storage/aio/read_stream.c
HANDLING: /usr/local/src/postgresql/src/backend/storage/ipc/shm_toc.c
HANDLING: /usr/local/src/postgresql/src/backend/storage/ipc/standby.c
HANDLING: /usr/local/src/postgresql/src/backend/storage/ipc/ipci.c
HANDLING: /usr/local/src/postgresql/src/backend/storage/ipc/ipc.c
HANDLING: /usr/local/src/postgresql/src/backend/storage/ipc/procsignal.c
HANDLING: /usr/local/src/postgresql/src/backend/storage/ipc/sinvaladt.c
HANDLING: /usr/local/src/postgresql/src/backend/storage/ipc/shmem.c
HANDLING: /usr/local/src/postgresql/src/backend/storage/ipc/dsm_registry.c
HANDLING: /usr/local/src/postgresql/src/backend/storage/ipc/procarray.c
HANDLING: /usr/local/src/postgresql/src/backend/storage/ipc/dsm.c
HANDLING: /usr/local/src/postgresql/src/backend/storage/ipc/dsm_impl.c
HANDLING: /usr/local/src/postgresql/src/backend/storage/ipc/pmsignal.c
HANDLING: /usr/local/src/postgresql/src/backend/storage/ipc/shm_mq.c
HANDLING: /usr/local/src/postgresql/src/backend/storage/ipc/barrier.c
HANDLING: /usr/local/src/postgresql/src/backend/storage/ipc/signalfuncs.c
HANDLING: /usr/local/src/postgresql/src/backend/storage/ipc/latch.c
HANDLING: /usr/local/src/postgresql/src/backend/storage/ipc/sinval.c
HANDLING: /usr/local/src/postgresql/src/backend/statistics/mvdistinct.c
HANDLING: /usr/local/src/postgresql/src/backend/statistics/mcv.c
HANDLING: /usr/local/src/postgresql/src/backend/statistics/extended_stats.c
HANDLING: /usr/local/src/postgresql/src/backend/statistics/dependencies.c
HANDLING: /usr/local/src/postgresql/src/backend/regex/regexport.c
HANDLING: /usr/local/src/postgresql/src/backend/regex/regcomp.c
HANDLING: /usr/local/src/postgresql/src/backend/regex/regprefix.c
HANDLING: /usr/local/src/postgresql/src/backend/regex/regc_locale.c
HANDLING: /usr/local/src/postgresql/src/backend/regex/regc_pg_locale.c
HANDLING: /usr/local/src/postgresql/src/backend/regex/regc_nfa.c
HANDLING: /usr/local/src/postgresql/src/backend/regex/regc_cvec.c
HANDLING: /usr/local/src/postgresql/src/backend/regex/regerror.c
HANDLING: /usr/local/src/postgresql/src/backend/regex/regfree.c
HANDLING: /usr/local/src/postgresql/src/backend/regex/regexec.c
HANDLING: /usr/local/src/postgresql/src/backend/regex/regc_color.c
HANDLING: /usr/local/src/postgresql/src/backend/regex/regc_lex.c
HANDLING: /usr/local/src/postgresql/src/backend/regex/rege_dfa.c
HANDLING: /usr/local/src/postgresql/src/backend/access/gin/ginxlog.c
HANDLING: /usr/local/src/postgresql/src/backend/access/gin/ginpostinglist.c
HANDLING: /usr/local/src/postgresql/src/backend/access/gin/ginbtree.c
HANDLING: /usr/local/src/postgresql/src/backend/access/gin/ginscan.c
HANDLING: /usr/local/src/postgresql/src/backend/access/gin/ginfast.c
HANDLING: /usr/local/src/postgresql/src/backend/access/gin/ginentrypage.c
HANDLING: /usr/local/src/postgresql/src/backend/access/gin/ginutil.c
HANDLING: /usr/local/src/postgresql/src/backend/access/gin/ginbulk.c
HANDLING: /usr/local/src/postgresql/src/backend/access/gin/ginvalidate.c
HANDLING: /usr/local/src/postgresql/src/backend/access/gin/ginget.c
HANDLING: /usr/local/src/postgresql/src/backend/access/gin/ginvacuum.c
HANDLING: /usr/local/src/postgresql/src/backend/access/gin/gindatapage.c
HANDLING: /usr/local/src/postgresql/src/backend/access/gin/gininsert.c
HANDLING: /usr/local/src/postgresql/src/backend/access/gin/ginlogic.c
HANDLING: /usr/local/src/postgresql/src/backend/access/gin/ginarrayproc.c
HANDLING: /usr/local/src/postgresql/src/backend/access/tablesample/tablesample.c
HANDLING: /usr/local/src/postgresql/src/backend/access/tablesample/bernoulli.c
HANDLING: /usr/local/src/postgresql/src/backend/access/tablesample/system.c
HANDLING: /usr/local/src/postgresql/src/backend/access/spgist/spgutils.c
HANDLING: /usr/local/src/postgresql/src/backend/access/spgist/spgscan.c
HANDLING: /usr/local/src/postgresql/src/backend/access/spgist/spgtextproc.c
HANDLING: /usr/local/src/postgresql/src/backend/access/spgist/spginsert.c
HANDLING: /usr/local/src/postgresql/src/backend/access/spgist/spgquadtreeproc.c
HANDLING: /usr/local/src/postgresql/src/backend/access/spgist/spgvacuum.c
HANDLING: /usr/local/src/postgresql/src/backend/access/spgist/spgxlog.c
HANDLING: /usr/local/src/postgresql/src/backend/access/spgist/spgproc.c
HANDLING: /usr/local/src/postgresql/src/backend/access/spgist/spgvalidate.c
HANDLING: /usr/local/src/postgresql/src/backend/access/spgist/spgdoinsert.c
HANDLING: /usr/local/src/postgresql/src/backend/access/spgist/spgkdtreeproc.c
HANDLING: /usr/local/src/postgresql/src/backend/access/transam/transam.c
HANDLING: /usr/local/src/postgresql/src/backend/access/transam/xact.c
HANDLING: /usr/local/src/postgresql/src/backend/access/transam/subtrans.c
HANDLING: /usr/local/src/postgresql/src/backend/access/transam/xlogrecovery.c
HANDLING: /usr/local/src/postgresql/src/backend/access/transam/xlog.c
HANDLING: /usr/local/src/postgresql/src/backend/access/transam/rmgr.c
HANDLING: /usr/local/src/postgresql/src/backend/access/transam/xlogreader.c
HANDLING: /usr/local/src/postgresql/src/backend/access/transam/xlogutils.c
HANDLING: /usr/local/src/postgresql/src/backend/access/transam/commit_ts.c
HANDLING: /usr/local/src/postgresql/src/backend/access/transam/xlogstats.c
HANDLING: /usr/local/src/postgresql/src/backend/access/transam/parallel.c
HANDLING: /usr/local/src/postgresql/src/backend/access/transam/xloginsert.c
HANDLING: /usr/local/src/postgresql/src/backend/access/transam/xlogfuncs.c
HANDLING: /usr/local/src/postgresql/src/backend/access/transam/xlogarchive.c
HANDLING: /usr/local/src/postgresql/src/backend/access/transam/xlogbackup.c
HANDLING: /usr/local/src/postgresql/src/backend/access/transam/varsup.c
HANDLING: /usr/local/src/postgresql/src/backend/access/transam/multixact.c
HANDLING: /usr/local/src/postgresql/src/backend/access/transam/generic_xlog.c
HANDLING: /usr/local/src/postgresql/src/backend/access/transam/clog.c
HANDLING: /usr/local/src/postgresql/src/backend/access/transam/twophase.c
HANDLING: /usr/local/src/postgresql/src/backend/access/transam/slru.c
HANDLING: /usr/local/src/postgresql/src/backend/access/transam/twophase_rmgr.c
HANDLING: /usr/local/src/postgresql/src/backend/access/transam/xlogprefetcher.c
HANDLING: /usr/local/src/postgresql/src/backend/access/transam/timeline.c
HANDLING: /usr/local/src/postgresql/src/backend/access/sequence/sequence.c
HANDLING: /usr/local/src/postgresql/src/backend/access/common/attmap.c
HANDLING: /usr/local/src/postgresql/src/backend/access/common/syncscan.c
HANDLING: /usr/local/src/postgresql/src/backend/access/common/printtup.c
HANDLING: /usr/local/src/postgresql/src/backend/access/common/tupconvert.c
HANDLING: /usr/local/src/postgresql/src/backend/access/common/bufmask.c
HANDLING: /usr/local/src/postgresql/src/backend/access/common/scankey.c
HANDLING: /usr/local/src/postgresql/src/backend/access/common/tupdesc.c
HANDLING: /usr/local/src/postgresql/src/backend/access/common/indextuple.c
HANDLING: /usr/local/src/postgresql/src/backend/access/common/relation.c
HANDLING: /usr/local/src/postgresql/src/backend/access/common/detoast.c
HANDLING: /usr/local/src/postgresql/src/backend/access/common/heaptuple.c
HANDLING: /usr/local/src/postgresql/src/backend/access/common/printsimple.c
HANDLING: /usr/local/src/postgresql/src/backend/access/common/session.c
HANDLING: /usr/local/src/postgresql/src/backend/access/common/tidstore.c
HANDLING: /usr/local/src/postgresql/src/backend/access/common/reloptions.c
HANDLING: /usr/local/src/postgresql/src/backend/access/common/toast_compression.c
HANDLING: /usr/local/src/postgresql/src/backend/access/common/toast_internals.c
HANDLING: /usr/local/src/postgresql/src/backend/access/rmgrdesc/tblspcdesc.c
HANDLING: /usr/local/src/postgresql/src/backend/access/rmgrdesc/replorigindesc.c
HANDLING: /usr/local/src/postgresql/src/backend/access/rmgrdesc/gindesc.c
HANDLING: /usr/local/src/postgresql/src/backend/access/rmgrdesc/seqdesc.c
HANDLING: /usr/local/src/postgresql/src/backend/access/rmgrdesc/logicalmsgdesc.c
HANDLING: /usr/local/src/postgresql/src/backend/access/rmgrdesc/genericdesc.c
HANDLING: /usr/local/src/postgresql/src/backend/access/rmgrdesc/nbtdesc.c
HANDLING: /usr/local/src/postgresql/src/backend/access/rmgrdesc/rmgrdesc_utils.c
HANDLING: /usr/local/src/postgresql/src/backend/access/rmgrdesc/xactdesc.c
HANDLING: /usr/local/src/postgresql/src/backend/access/rmgrdesc/gistdesc.c
HANDLING: /usr/local/src/postgresql/src/backend/access/rmgrdesc/clogdesc.c
HANDLING: /usr/local/src/postgresql/src/backend/access/rmgrdesc/committsdesc.c
HANDLING: /usr/local/src/postgresql/src/backend/access/rmgrdesc/heapdesc.c
HANDLING: /usr/local/src/postgresql/src/backend/access/rmgrdesc/dbasedesc.c
HANDLING: /usr/local/src/postgresql/src/backend/access/rmgrdesc/smgrdesc.c
HANDLING: /usr/local/src/postgresql/src/backend/access/rmgrdesc/mxactdesc.c
HANDLING: /usr/local/src/postgresql/src/backend/access/rmgrdesc/spgdesc.c
HANDLING: /usr/local/src/postgresql/src/backend/access/rmgrdesc/standbydesc.c
HANDLING: /usr/local/src/postgresql/src/backend/access/rmgrdesc/relmapdesc.c
HANDLING: /usr/local/src/postgresql/src/backend/access/rmgrdesc/xlogdesc.c
HANDLING: /usr/local/src/postgresql/src/backend/access/rmgrdesc/hashdesc.c
HANDLING: /usr/local/src/postgresql/src/backend/access/rmgrdesc/brindesc.c
HANDLING: /usr/local/src/postgresql/src/backend/access/nbtree/nbtpage.c
HANDLING: /usr/local/src/postgresql/src/backend/access/nbtree/nbtsort.c
HANDLING: /usr/local/src/postgresql/src/backend/access/nbtree/nbtvalidate.c
HANDLING: /usr/local/src/postgresql/src/backend/access/nbtree/nbtsplitloc.c
HANDLING: /usr/local/src/postgresql/src/backend/access/nbtree/nbtsearch.c
HANDLING: /usr/local/src/postgresql/src/backend/access/nbtree/nbtdedup.c
HANDLING: /usr/local/src/postgresql/src/backend/access/nbtree/nbtinsert.c
HANDLING: /usr/local/src/postgresql/src/backend/access/nbtree/nbtree.c
HANDLING: /usr/local/src/postgresql/src/backend/access/nbtree/nbtutils.c
HANDLING: /usr/local/src/postgresql/src/backend/access/nbtree/nbtcompare.c
HANDLING: /usr/local/src/postgresql/src/backend/access/nbtree/nbtxlog.c
HANDLING: /usr/local/src/postgresql/src/backend/access/heap/visibilitymap.c
HANDLING: /usr/local/src/postgresql/src/backend/access/heap/vacuumlazy.c
HANDLING: /usr/local/src/postgresql/src/backend/access/heap/heapam_visibility.c
HANDLING: /usr/local/src/postgresql/src/backend/access/heap/pruneheap.c
HANDLING: /usr/local/src/postgresql/src/backend/access/heap/rewriteheap.c
HANDLING: /usr/local/src/postgresql/src/backend/access/heap/heapam.c
HANDLING: /usr/local/src/postgresql/src/backend/access/heap/heapam_handler.c
HANDLING: /usr/local/src/postgresql/src/backend/access/heap/hio.c
HANDLING: /usr/local/src/postgresql/src/backend/access/heap/heaptoast.c
HANDLING: /usr/local/src/postgresql/src/backend/access/hash/hashutil.c
HANDLING: /usr/local/src/postgresql/src/backend/access/hash/hash_xlog.c
HANDLING: /usr/local/src/postgresql/src/backend/access/hash/hashsearch.c
HANDLING: /usr/local/src/postgresql/src/backend/access/hash/hashsort.c
HANDLING: /usr/local/src/postgresql/src/backend/access/hash/hashfunc.c
HANDLING: /usr/local/src/postgresql/src/backend/access/hash/hashvalidate.c
HANDLING: /usr/local/src/postgresql/src/backend/access/hash/hashovfl.c
HANDLING: /usr/local/src/postgresql/src/backend/access/hash/hashinsert.c
HANDLING: /usr/local/src/postgresql/src/backend/access/hash/hashpage.c
HANDLING: /usr/local/src/postgresql/src/backend/access/hash/hash.c
HANDLING: /usr/local/src/postgresql/src/backend/access/gist/gistbuildbuffers.c
HANDLING: /usr/local/src/postgresql/src/backend/access/gist/gistutil.c
HANDLING: /usr/local/src/postgresql/src/backend/access/gist/gist.c
HANDLING: /usr/local/src/postgresql/src/backend/access/gist/gistproc.c
HANDLING: /usr/local/src/postgresql/src/backend/access/gist/gistxlog.c
HANDLING: /usr/local/src/postgresql/src/backend/access/gist/gistget.c
HANDLING: /usr/local/src/postgresql/src/backend/access/gist/gistscan.c
HANDLING: /usr/local/src/postgresql/src/backend/access/gist/gistbuild.c
HANDLING: /usr/local/src/postgresql/src/backend/access/gist/gistsplit.c
HANDLING: /usr/local/src/postgresql/src/backend/access/gist/gistvalidate.c
HANDLING: /usr/local/src/postgresql/src/backend/access/gist/gistvacuum.c
HANDLING: /usr/local/src/postgresql/src/backend/access/index/amvalidate.c
HANDLING: /usr/local/src/postgresql/src/backend/access/index/genam.c
HANDLING: /usr/local/src/postgresql/src/backend/access/index/indexam.c
HANDLING: /usr/local/src/postgresql/src/backend/access/index/amapi.c
HANDLING: /usr/local/src/postgresql/src/backend/access/table/toast_helper.c
HANDLING: /usr/local/src/postgresql/src/backend/access/table/tableam.c
HANDLING: /usr/local/src/postgresql/src/backend/access/table/table.c
HANDLING: /usr/local/src/postgresql/src/backend/access/table/tableamapi.c
HANDLING: /usr/local/src/postgresql/src/backend/access/brin/brin_minmax_multi.c
HANDLING: /usr/local/src/postgresql/src/backend/access/brin/brin_pageops.c
HANDLING: /usr/local/src/postgresql/src/backend/access/brin/brin.c
HANDLING: /usr/local/src/postgresql/src/backend/access/brin/brin_xlog.c
HANDLING: /usr/local/src/postgresql/src/backend/access/brin/brin_revmap.c
HANDLING: /usr/local/src/postgresql/src/backend/access/brin/brin_bloom.c
HANDLING: /usr/local/src/postgresql/src/backend/access/brin/brin_minmax.c
HANDLING: /usr/local/src/postgresql/src/backend/access/brin/brin_validate.c
HANDLING: /usr/local/src/postgresql/src/backend/access/brin/brin_tuple.c
HANDLING: /usr/local/src/postgresql/src/backend/access/brin/brin_inclusion.c
HANDLING: /usr/local/src/postgresql/src/backend/lib/dshash.c
HANDLING: /usr/local/src/postgresql/src/backend/lib/bipartite_match.c
HANDLING: /usr/local/src/postgresql/src/backend/lib/pairingheap.c
HANDLING: /usr/local/src/postgresql/src/backend/lib/bloomfilter.c
HANDLING: /usr/local/src/postgresql/src/backend/lib/knapsack.c
HANDLING: /usr/local/src/postgresql/src/backend/lib/rbtree.c
HANDLING: /usr/local/src/postgresql/src/backend/lib/integerset.c
HANDLING: /usr/local/src/postgresql/src/backend/lib/hyperloglog.c
HANDLING: /usr/local/src/postgresql/src/backend/lib/ilist.c
HANDLING: /usr/local/src/postgresql/src/backend/parser/parse_target.c
HANDLING: /usr/local/src/postgresql/src/backend/parser/parse_clause.c
HANDLING: /usr/local/src/postgresql/src/backend/parser/parse_enr.c
HANDLING: /usr/local/src/postgresql/src/backend/parser/parse_agg.c
C-c intercepted, will do some cleaning before exiting
#################################
TIME PASSED: 132 SECONDS
#################################
DONE
NUMBER OF ITERATIONS: 1
TIME PASSED OVERALL: 2 MINUTES 12 SECONDS
