>init_spawned_worker_win32,WorkerInfo *
>DeCloneArchive,ArchiveHandle *
>free_keep_errno,void *
>restore_global_locale,save_locale_t
>writefile,char * *
>restorePsetInfo,printQueryOpt *
>free_copy_options,struct copy_options *
>free_readfile,char * *
>closedir,DIR *
>GenerationBlockFree,GenerationBlock *
>GenerationDelete,MemoryContext
>BumpBlockFree,BumpBlock *
>BumpDelete,MemoryContext
>SlabDelete,MemoryContext
>SN_close_env,struct SN_env *
>pg_free,void *
>conditional_stack_destroy,ConditionalStack
>psql_scan_destroy,PsqlScanState
>output_deallocate_prepare_statement,char *
>output_prepare_statement,char *
>output_simple_statement,char *
>output_statement,char *
>ECPGfree_type,struct ECPGtype *
>cat2_str,char *
>cat2_str,char *
>make2_str,char *
>make2_str,char *
>make3_str,char *
>make3_str,char *
>make3_str,char *
>PGTYPESchar_free,char *
>PGTYPESinterval_free,interval *
>PGTYPESdate_free,date *
>PGTYPESdecimal_free,decimal *
>PGTYPESnumeric_free,numeric *
>ecpg_sqlca_key_destructor,void *
>ecpg_free,void *
>PQfreemem,void *
>freePGconn,PGconn *
>PQconninfoFree,PQconninfoOption *
>destroyPQExpBuffer,PQExpBuffer
>PQfreeCancel,PGcancel *
>EndCompressFileHandle,CompressFileHandle *
>EndCompressor,CompressorState *
>make_func,PgBenchExprList *
>free_command,Command *
>free_socket_set,socket_set *
>free_socket_set,socket_set *
>dir_free,WalWriteMethod *
>tar_free,WalWriteMethod *
>pfree,void *
>descriptor_free,struct descriptor *
>free_statement,struct statement *
>PQfreeNotify,PGnotify *
>local_destroy,rewind_source *
>XLogReaderFree,XLogReaderState *
>XLogReaderFree,XLogReaderState *
>XLogReaderFree,XLogReaderState *
>bbstreamer_lz4_compressor_free,bbstreamer *
>bbstreamer_lz4_decompressor_free,bbstreamer *
>bbstreamer_zstd_compressor_free,bbstreamer *
>bbstreamer_zstd_decompressor_free,bbstreamer *
>bbstreamer_tar_archiver_free,bbstreamer *
>bbstreamer_tar_terminator_free,bbstreamer *
>bbstreamer_gzip_decompressor_free,bbstreamer *
>gzip_pfree,void *
>gzip_pfree,void *
>bbstreamer_recovery_injector_free,bbstreamer *
>PLy_function_drop_args,PLySavedArgs *
>PLy_function_restore_args,PLySavedArgs *
>CatCacheRemoveCList,CatCList *
>RelationDestroyRelation,Relation
>LogicalTapeClose,LogicalTape *
>LogicalTapeSetClose,LogicalTapeSet *
>tuplestore_end,Tuplestorestate *
>FreeErrorData,ErrorData *
>array_free_iterator,ArrayIterator
>buf_finalize,StringInfo
>string_to_text,char *
>close_tsvector_parser,TSVectorParseState
>freeAndGetParent,JsonbIterator *
>plainnode,NODE *
>freetree,NODE *
>QTNFree,QTNode *
>jsonpath_yyfree,void *
>ReleaseDummy,HeapTuple
>pg_xml_done,PgXmlErrorContext *
>xml_pfree,void *
>FreeSnapshot,Snapshot
>ResourceOwnerDelete,ResourceOwner
>guc_free,void *
>FreeConfigVariable,ConfigVariable *
>PortalDrop,Portal
>dsa_detach,dsa_area *
>pgstat_release_entry_ref,PgStat_EntryRef *
>tbm_end_iterate,TBMIterator *
>tbm_end_shared_iterate,TBMSharedIterator *
>tbm_free,TIDBitmap *
>bms_free,Bitmapset *
>jit_release_context,JitContext *
>transientrel_destroy,DestReceiver *
>vac_close_indexes,Relation *
>serializeAnalyzeDestroy,DestReceiver *
>intorel_destroy,DestReceiver *
>FreeTriggerDesc,TriggerDesc *
>EndCopy,CopyToState
>copy_dest_destroy,DestReceiver *
>parallel_vacuum_end,ParallelVacuumState *
>CopyMultiInsertBufferCleanup,CopyMultiInsertBuffer *
>EndCopyFrom,CopyFromState
>finish_edata,ApplyExecutionData *
>ReorderBufferIterTXNFinish,ReorderBufferIterTXNState *
>ReorderBufferReturnChange,ReorderBufferChange *
>ReorderBufferReturnRelids,Oid *
>ReorderBufferReturnTXN,ReorderBufferTXN *
>ReorderBufferReturnTupleBuf,HeapTuple
>pa_free_worker_info,ParallelApplyWorkerInfo *
>SnapBuildFreeSnapshot,Snapshot
>libpqrcv_disconnect,WalReceiverConn *
>TParserClose,TParser *
>TParserCopyClose,TParser *
>addHLParsedLex,TSLexeme *
>updateAclDependenciesWorker,Oid *
>updateAclDependenciesWorker,Oid *
>CatalogCloseIndexes,CatalogIndexState
>FreeSubscription,Subscription *
>free_object_addresses,ObjectAddresses *
>FreeQueryDesc,QueryDesc *
>free_chromo,Chromosome *
>free_pool,Pool *
>free_city_table,City *
>free_edge_table,Edge *
>free_child_join_sjinfo,SpecialJoinInfo *
>ExecDropSingleTupleTableSlot,TupleTableSlot *
>end_tup_output,TupOutputState *
>sqlfunction_destroy,DestReceiver *
>DestroyTupleQueueReader,TupleQueueReader *
>tqueueDestroyReceiver,DestReceiver *
>ExecHashTableDestroy,HashJoinTable
>tstoreDestroyReceiver,DestReceiver *
>SPI_pfree,void *
>FreeExprContext,ExprContext *
>ExecParallelCleanup,ParallelExecutorInfo *
>FreeAccessStrategy,BufferAccessStrategy
>BufFileClose,BufFile *
>inv_close,LargeObjectDesc *
>PageRestoreTempPage,Page
>read_stream_end,ReadStream *
>dsm_detach,dsm_segment *
>shm_mq_detach,shm_mq_handle *
>FreeWaitEventSet,WaitEventSet *
>FreeWaitEventSetAfterFork,WaitEventSet *
>generator_free,CombinationGenerator *
>DependencyGenerator_free,DependencyGenerator
>spgFreeSearchItem,SpGistSearchItem *
>FreeFakeRelcacheEntry,Relation
>DestroyParallelContext,ParallelContext *
>GenericXLogAbort,GenericXLogState *
>GenericXLogFinish,GenericXLogState *
>XLogPrefetcherFree,XLogPrefetcher *
>lrq_free,LsnReadQueue *
>free_attrmap,AttrMap *
>printtup_destroy,DestReceiver *
>free_conversion_map,TupleConversionMap *
>FreeTupleDesc,TupleDesc
>heap_free_minimal_tuple,MinimalTuple
>heap_freetuple,HeapTuple
>TidStoreDestroy,TidStore *
>TidStoreDetach,TidStore *
>TidStoreEndIterate,TidStoreIter *
>toast_close_indexes,Relation *
>_bt_spooldestroy,BTSpool *
>FreeBulkInsertState,BulkInsertState
>_h_spooldestroy,HSpool *
>IndexScanEnd,IndexScanDesc
>systable_endscan,SysScanDesc
>systable_endscan_ordered,SysScanDesc
>terminate_brin_buildstate,BrinBuildState *
>brinRevmapTerminate,BrinRevmap *
>brin_free_tuple,BrinTuple *
>dshash_destroy,dshash_table *
>dshash_detach,dshash_table *
>BipartiteMatchFree,BipartiteMatchState *
>pairingheap_free,pairingheap *
>bloom_free,bloom_filter *
>core_yyfree,void *
>free_parsestate,ParseState *
>json_manifest_object_field_start,char *
>json_parse_manifest_incremental_shutdown,JsonManifestParseIncrementalState *
>destroyStringInfo,StringInfo
>pgfnames_cleanup,char * *
>binaryheap_free,binaryheap *
>BlockRefTableFreeEntry,BlockRefTableEntry *
>DestroyBlockRefTableReader,BlockRefTableReader *
>DestroyBlockRefTableWriter,BlockRefTableWriter *
>emit_audit_message,char *
>emit_audit_message,char *
>irbt_free,RBTNode *
>pg_tzenumerate_end,pg_tzenum *
>pgp_cfb_free,PGP_CFB *
>clear_and_pfree,text *
>pgp_mpi_free,PGP_MPI *
>mbuf_free,MBuf *
>pullf_free,PullFilter *
>pushf_free,PushFilter *
>combo_free,PX_Combo *
>pgp_key_free,PGP_PubKey *
>pgp_free,PGP_Context *
>digest_free,PX_MD *
>free_openssl_cipher,OSSLCipher *
>free_openssl_digest,OSSLDigest *
>gen_ossl_free,PX_Cipher *
>z_free,void *
>hmac_free,PX_HMAC *
>report_corruption_internal,char *
