>yyrealloc,void *
/usr/local/src/postgresql/src/backend/utils/misc/guc-file.c:2096:8
Used: realloc
Ret. Type: void *
>yyrealloc,void *
/usr/local/src/postgresql/src/backend/bootstrap/bootscanner.c:2245:8
Used: realloc
Ret. Type: void *
>yyrealloc,void *
/usr/local/src/postgresql/src/backend/replication/repl_scanner.c:2476:8
Used: realloc
Ret. Type: void *
>yyrealloc,void *
/usr/local/src/postgresql/src/backend/replication/syncrep_scanner.c:2111:8
Used: realloc
Ret. Type: void *
--
>yyrealloc,void *
/usr/local/src/postgresql/src/interfaces/ecpg/preproc/pgc.c:5072:8
Used: realloc
Ret. Type: void *
>yyrealloc,void *
/usr/local/src/postgresql/src/test/isolation/specscanner.c:2194:8
Used: realloc
Ret. Type: void *
>pg_realloc,void *
/usr/local/src/postgresql/src/common/fe_memutils.c:72:7
Used: realloc
Ret. Type: void *
>erealloc,void *
/usr/local/src/postgresql/src/timezone/zic.c:442:17
Used: realloc
Ret. Type: void *
>repalloc,void *
/usr/local/src/postgresql/src/common/fe_memutils.c:174:8
Used: pg_realloc
Ret. Type: void *
>jsonpath_yyrealloc,void *
/usr/local/src/postgresql/src/backend/utils/adt/jsonpath_scan.c:6175:9
Used: repalloc
Ret. Type: void *
>xml_repalloc,void *
/usr/local/src/postgresql/src/backend/utils/adt/xml.c:1969:8
Used: repalloc
Ret. Type: void *
>SPI_repalloc,void *
/usr/local/src/postgresql/src/backend/executor/spi.c:1350:8
Used: repalloc
Ret. Type: void *
