>yyrealloc,void *, /usr/local/src/postgresql/src/backend/utils/misc/guc-file.c:2096:8
Used: realloc
Ret. Type: void *
>yyrealloc,void *, /usr/local/src/postgresql/src/backend/bootstrap/bootscanner.c:2245:8
Used: realloc
Ret. Type: void *
>yyrealloc,void *, /usr/local/src/postgresql/src/backend/replication/repl_scanner.c:2476:8
Used: realloc
Ret. Type: void *
>yyrealloc,void *, /usr/local/src/postgresql/src/backend/replication/syncrep_scanner.c:2111:8
Used: realloc
Ret. Type: void *
>pg_realloc,void *, /usr/local/src/postgresql/src/common/fe_memutils.c:72:7
Used: realloc
Ret. Type: void *
>yyrealloc,void *, /usr/local/src/postgresql/src/interfaces/ecpg/preproc/pgc.c:5072:8
Used: realloc
Ret. Type: void *
>yyrealloc,void *, /usr/local/src/postgresql/src/test/isolation/specscanner.c:2194:8
Used: realloc
Ret. Type: void *
>erealloc,void *, /usr/local/src/postgresql/src/timezone/zic.c:442:17
Used: realloc
Ret. Type: void *
>yyrealloc,void *, /usr/local/src/postgresql/contrib/seg/segscan.c:2031:8
Used: realloc
Ret. Type: void *
>yyrealloc,void *, /usr/local/src/postgresql/contrib/cube/cubescan.c:2049:8
Used: realloc
Ret. Type: void *
