>bms_add_member,Bitmapset *, /usr/local/src/postgresql/src/backend/nodes/bitmapset.c
>bms_add_range,Bitmapset *, /usr/local/src/postgresql/src/backend/nodes/bitmapset.c
>bms_replace_members,Bitmapset *, /usr/local/src/postgresql/src/backend/nodes/bitmapset.c
>brin_copy_tuple,BrinTuple *, /usr/local/src/postgresql/src/backend/access/brin/brin_tuple.c
>core_yyrealloc,void *, /usr/local/src/postgresql/src/backend/parser/scan.c
>ecpg_realloc,void *, /usr/local/src/postgresql/src/interfaces/ecpg/ecpglib/memory.c
>gistjoinvector,IndexTuple *, /usr/local/src/postgresql/src/backend/access/gist/gistutil.c
>jsonpath_yyrealloc,void *, /usr/local/src/postgresql/src/backend/utils/adt/jsonpath_scan.c
>pg_realloc,void *, /usr/local/src/postgresql/src/common/fe_memutils.c
>repalloc0,void *, /usr/local/src/postgresql/src/backend/utils/mmgr/mcxt.c
>repalloc,void *, /usr/local/src/postgresql/src/common/fe_memutils.c
>resize_intArrayType,ArrayType *, /usr/local/src/postgresql/contrib/intarray/_int_tool.c
>SPI_repalloc,void *, /usr/local/src/postgresql/src/backend/executor/spi.c
>yyrealloc,void *, /usr/local/src/postgresql/src/backend/bootstrap/bootscanner.c
>yyrealloc,void *, /usr/local/src/postgresql/src/backend/replication/repl_scanner.c
>yyrealloc,void *, /usr/local/src/postgresql/src/backend/replication/syncrep_scanner.c
>yyrealloc,void *, /usr/local/src/postgresql/src/backend/utils/misc/guc-file.c
>yyrealloc,void *, /usr/local/src/postgresql/src/bin/pgbench/exprscan.c
>yyrealloc,void *, /usr/local/src/postgresql/src/bin/psql/psqlscanslash.c
>yyrealloc,void *, /usr/local/src/postgresql/src/fe_utils/psqlscan.c
>yyrealloc,void *, /usr/local/src/postgresql/src/interfaces/ecpg/preproc/pgc.c
>yyrealloc,void *, /usr/local/src/postgresql/src/test/isolation/specscanner.c
