>yyrealloc,void *, /usr/local/src/postgresql/src/bin/pgbench/exprscan.c:2631:8
Used: realloc
Ret. Type: void *
--
>yyrealloc,void *, /usr/local/src/postgresql/src/bin/psql/psqlscanslash.c:3118:8
Used: realloc
Ret. Type: void *
--
>yyrealloc,void *, /usr/local/src/postgresql/src/backend/utils/misc/guc-file.c:2096:8
Used: realloc
Ret. Type: void *
--
>yyrealloc,void *, /usr/local/src/postgresql/src/backend/bootstrap/bootscanner.c:2245:8
Used: realloc
Ret. Type: void *
--
>yyrealloc,void *, /usr/local/src/postgresql/src/backend/replication/repl_scanner.c:2476:8
Used: realloc
Ret. Type: void *
--
>yyrealloc,void *, /usr/local/src/postgresql/src/backend/replication/syncrep_scanner.c:2111:8
Used: realloc
Ret. Type: void *
--
>pg_realloc,void *, /usr/local/src/postgresql/src/common/fe_memutils.c:72:7
Used: realloc
Ret. Type: void *
>yyrealloc,void *, /usr/local/src/postgresql/src/fe_utils/psqlscan.c:5216:8
Used: realloc
Ret. Type: void *
--
>yyrealloc,void *, /usr/local/src/postgresql/src/interfaces/ecpg/preproc/pgc.c:5072:8
Used: realloc
Ret. Type: void *
--
>yyrealloc,void *, /usr/local/src/postgresql/src/test/isolation/specscanner.c:2194:8
Used: realloc
Ret. Type: void *
--
>erealloc,void *, /usr/local/src/postgresql/src/timezone/zic.c:442:17
Used: realloc
Ret. Type: void *
--
>repalloc,void *, /usr/local/src/postgresql/src/common/fe_memutils.c:174:8
Used: pg_realloc
Ret. Type: void *
--
>growalloc,void *, /usr/local/src/postgresql/src/timezone/zic.c:464:9
Used: erealloc
Ret. Type: void *
>jsonpath_yyrealloc,void *, /usr/local/src/postgresql/src/backend/utils/adt/jsonpath_scan.c:6175:9
Used: repalloc
Ret. Type: void *
--
>xml_repalloc,void *, /usr/local/src/postgresql/src/backend/utils/adt/xml.c:1969:8
Used: repalloc
Ret. Type: void *
>repalloc0,void *, /usr/local/src/postgresql/src/backend/utils/mmgr/mcxt.c:1627:7
Used: repalloc
Ret. Type: void *
--
>bms_add_member,Bitmapset *, /usr/local/src/postgresql/src/backend/nodes/bitmapset.c:836:20
Used: repalloc
Ret. Type: Bitmapset *
>bms_add_range,Bitmapset *, /usr/local/src/postgresql/src/backend/nodes/bitmapset.c:1055:20
Used: repalloc
Ret. Type: Bitmapset *
>bms_replace_members,Bitmapset *, /usr/local/src/postgresql/src/backend/nodes/bitmapset.c:988:20
Used: repalloc
Ret. Type: Bitmapset *
>SetConstraintStateAddItem,SetConstraintState, /usr/local/src/postgresql/src/backend/commands/trigger.c:5639:3
Used: repalloc
Ret. Type: SetConstraintState
--
>addCompiledLexeme,TheLexeme *, /usr/local/src/postgresql/src/backend/tsearch/dict_thesaurus.c:308:26
Used: repalloc
Ret. Type: TheLexeme *
>SPI_repalloc,void *, /usr/local/src/postgresql/src/backend/executor/spi.c:1350:8
Used: repalloc
Ret. Type: void *
--
>gistjoinvector,IndexTuple *, /usr/local/src/postgresql/src/backend/access/gist/gistutil.c:115:24
Used: repalloc
Ret. Type: IndexTuple *
>brin_copy_tuple,BrinTuple *, /usr/local/src/postgresql/src/backend/access/brin/brin_tuple.c:452:9
Used: repalloc
Ret. Type: BrinTuple *
--
>core_yyrealloc,void *, /usr/local/src/postgresql/src/backend/parser/scan.c:11816:9
Used: repalloc
Ret. Type: void *
--
>resize_intArrayType,ArrayType *, /usr/local/src/postgresql/contrib/intarray/_int_tool.c:268:19
Used: repalloc
Ret. Type: ArrayType *
