>pg_free,void *
/usr/local/src/postgresql/src/common/fe_memutils.c:107:1
Used: free
Ret. Type: void
>SlabDelete,MemoryContext
/usr/local/src/postgresql/src/backend/utils/mmgr/slab.c:490:1
Used: free
Ret. Type: void
>BumpDelete,MemoryContext
/usr/local/src/postgresql/src/backend/utils/mmgr/bump.c:283:1
Used: free
Ret. Type: void
>GenerationDelete,MemoryContext
/usr/local/src/postgresql/src/backend/utils/mmgr/generation.c:333:1
Used: free
Ret. Type: void
>PGTYPESdecimal_free,decimal *
/usr/local/src/postgresql/src/interfaces/ecpg/pgtypeslib/numeric.c:394:1
Used: free
Ret. Type: void
>PGTYPESnumeric_free,numeric *
/usr/local/src/postgresql/src/interfaces/ecpg/pgtypeslib/numeric.c:388:1
Used: free
Ret. Type: void
>PGTYPESinterval_free,interval *
/usr/local/src/postgresql/src/interfaces/ecpg/pgtypeslib/interval.c:999:1
Used: free
Ret. Type: void
>PGTYPESchar_free,char *
/usr/local/src/postgresql/src/interfaces/ecpg/pgtypeslib/common.c:147:1
Used: free
Ret. Type: void
>PGTYPESdate_free,date *
/usr/local/src/postgresql/src/interfaces/ecpg/pgtypeslib/datetime.c:27:1
Used: free
Ret. Type: void
>ecpg_sqlca_key_destructor,void *
/usr/local/src/postgresql/src/interfaces/ecpg/ecpglib/misc.c:98:1
Used: free
Ret. Type: void
>ecpg_free,void *
/usr/local/src/postgresql/src/interfaces/ecpg/ecpglib/memory.c:15:1
Used: free
Ret. Type: void
>output_deallocate_prepare_statement,char *
/usr/local/src/postgresql/src/interfaces/ecpg/preproc/output.c:196:1
Used: free
Ret. Type: void
>ECPGfree_type,struct ECPGtype *
/usr/local/src/postgresql/src/interfaces/ecpg/preproc/type.c:689:1
Used: free
Ret. Type: void
>destroyPQExpBuffer,PQExpBuffer
/usr/local/src/postgresql/src/interfaces/libpq/pqexpbuffer.c:119:2
Used: free
Ret. Type: void
>PQfreeCancel,PGcancel *
/usr/local/src/postgresql/src/interfaces/libpq/fe-cancel.c:419:1
Used: free
Ret. Type: void
>PQconninfoFree,PQconninfoOption *
/usr/local/src/postgresql/src/interfaces/libpq/fe-connect.c:6997:1
Used: free
Ret. Type: void
>freePGconn,PGconn *
/usr/local/src/postgresql/src/interfaces/libpq/fe-connect.c:4708:1
Used: free
Ret. Type: void
>PQclear,PGresult *
/usr/local/src/postgresql/src/interfaces/libpq/fe-exec.c:770:1
Used: free
Ret. Type: void
>PQfreemem,void *
/usr/local/src/postgresql/src/interfaces/libpq/fe-exec.c:4034:1
Used: free
Ret. Type: void
>SSLerrfree,char *
/usr/local/src/postgresql/src/interfaces/libpq/fe-secure-openssl.c:1785:2
Used: free
Ret. Type: void
>conditional_stack_destroy,ConditionalStack
/usr/local/src/postgresql/src/fe_utils/conditional.c:46:1
Used: free
Ret. Type: void
>psql_scan_destroy,PsqlScanState
/usr/local/src/postgresql/src/fe_utils/psqlscan.c:5270:1
Used: free
Ret. Type: void
>closedir,DIR *
/usr/local/src/postgresql/src/port/dirent.c:134:1
Used: free
Ret. Type: int
>free_keep_errno,void *
/usr/local/src/postgresql/src/bin/pg_dump/compress_io.c:183:1
Used: free
Ret. Type: void
>init_spawned_worker_win32,WorkerInfo *
/usr/local/src/postgresql/src/bin/pg_dump/parallel.c:880:1
Used: free
Ret. Type: unsigned __stdcall 

>DeCloneArchive,ArchiveHandle *
/usr/local/src/postgresql/src/bin/pg_dump/pg_backup_archiver.c:5067:1
Used: free
Ret. Type: void
>free_readfile,char * *
/usr/local/src/postgresql/src/bin/pg_ctl/pg_ctl.c:420:1
Used: free
Ret. Type: void
>free_copy_options,struct copy_options *
/usr/local/src/postgresql/src/bin/psql/copy.c:72:1
Used: free
Ret. Type: void
