>bms_replace_members,Bitmapset *, /usr/local/src/postgresql/src/backend/nodes/bitmapset.c:988:20
Used: repalloc
Ret. Type: Bitmapset *
>SetConstraintStateAddItem,SetConstraintState, /usr/local/src/postgresql/src/backend/commands/trigger.c:5639:3
Used: repalloc
Ret. Type: SetConstraintState
--
>addCompiledLexeme,TheLexeme *, /usr/local/src/postgresql/src/backend/tsearch/dict_thesaurus.c:308:26
Used: repalloc
Ret. Type: TheLexeme *
--
>brin_copy_tuple,BrinTuple *, /usr/local/src/postgresql/src/backend/access/brin/brin_tuple.c:452:9
Used: repalloc
Ret. Type: BrinTuple *
>jsonpath_yyrealloc,yy_size_t, /usr/local/src/postgresql/src/backend/utils/adt/jsonpath_scan.c:6175:9,ptr
Used: repalloc
Ret. Type: void *
>core_yyrealloc,yy_size_t, /usr/local/src/postgresql/src/backend/parser/scan.c:11816:9,ptr
Used: repalloc
Ret. Type: void *
