>RunWorker
/usr/local/src/postgresql/src/bin/pg_dump/parallel.c:866:1
Used: DeCloneArchive
Type: ArchiveHandle *
Ret. Type: void
>EndCompressFileHandle
/usr/local/src/postgresql/src/bin/pg_dump/compress_io.c:296:1
Used: free_keep_errno
Type: CompressFileHandle *
Ret. Type: bool
>EndCompressor
/usr/local/src/postgresql/src/bin/pg_dump/compress_io.c:152:1
Used: pg_free
Type: CompressorState *
Ret. Type: void
>make_func
/usr/local/src/postgresql/src/bin/pgbench/exprparse.c:2091:2
Used: pg_free
Type: PgBenchExprList *
Ret. Type: PgBenchExpr *
>free_command
/usr/local/src/postgresql/src/bin/pgbench/pgbench.c:5590:1
Used: pg_free
Type: Command *
Ret. Type: void
>free_socket_set
/usr/local/src/postgresql/src/bin/pgbench/pgbench.c:7801:1
Used: pg_free
Type: socket_set *
Ret. Type: void
>free_socket_set
/usr/local/src/postgresql/src/bin/pgbench/pgbench.c:7868:1
Used: pg_free
Type: socket_set *
Ret. Type: void
>bool_substitute_hook
/usr/local/src/postgresql/src/bin/psql/startup.c:868:2
Used: pg_free
Type: char *
Ret. Type: char *
>avlFree
/usr/local/src/postgresql/src/bin/psql/crosstabview.c:464:3
Used: pg_free
Type: avl_node *
Ret. Type: void
>ClearOrSaveResult
/usr/local/src/postgresql/src/bin/psql/common.c:536:4
Used: PQclear
Type: PGresult *
Ret. Type: void
>dir_free
/usr/local/src/postgresql/src/bin/pg_basebackup/walmethods.c:635:1
Used: pg_free
Type: WalWriteMethod *
Ret. Type: void
>tar_free
/usr/local/src/postgresql/src/bin/pg_basebackup/walmethods.c:1345:1
Used: pg_free
Type: WalWriteMethod *
Ret. Type: void
>close_destination_dir
/usr/local/src/postgresql/src/bin/pg_basebackup/pg_receivewal.c:255:5
Used: closedir
Type: DIR *
Ret. Type: void
>HandleEndOfCopyStream
/usr/local/src/postgresql/src/bin/pg_basebackup/receivelog.c:1202:1
Used: PQfreemem
Type: char *
Ret. Type: PGresult *
>FreeDir
/usr/local/src/postgresql/src/backend/storage/file/fd.c:2983:8
Used: closedir
Type: DIR *
Ret. Type: int
>pfree
/usr/local/src/postgresql/src/common/fe_memutils.c:135:1
Used: pg_free
Type: void *
Ret. Type: void
>TableCommandResultHandler
/usr/local/src/postgresql/src/fe_utils/parallel_slot.c:558:3
Used: PQclear
Type: PGresult *
Ret. Type: bool
>processQueryResult
/usr/local/src/postgresql/src/fe_utils/parallel_slot.c:48:1
Used: PQclear
Type: PGresult *
Ret. Type: bool
>descriptor_free
/usr/local/src/postgresql/src/interfaces/ecpg/ecpglib/descriptor.c:744:1
Used: ecpg_free
Type: struct descriptor *
Ret. Type: void
>ecpg_finish
/usr/local/src/postgresql/src/interfaces/ecpg/ecpglib/connect.c:139:2
Used: ecpg_free
Type: struct connection *
Ret. Type: void
>deallocate_one
/usr/local/src/postgresql/src/interfaces/ecpg/ecpglib/prepare.c:309:1
Used: ecpg_free
Type: struct prepared_statement *
Ret. Type: bool
>ecpg_check_PQresult
/usr/local/src/postgresql/src/interfaces/ecpg/ecpglib/error.c:299:3
Used: PQclear
Type: PGresult *
Ret. Type: bool
>free_statement
/usr/local/src/postgresql/src/interfaces/ecpg/ecpglib/execute.c:107:1
Used: ecpg_free
Type: struct statement *
Ret. Type: void
>free_variable
/usr/local/src/postgresql/src/interfaces/ecpg/ecpglib/execute.c:90:2
Used: ecpg_free
Type: struct variable *
Ret. Type: void
>insert_tobeinserted
/usr/local/src/postgresql/src/interfaces/ecpg/ecpglib/execute.c:1135:2
Used: ecpg_free
Type: char *
Ret. Type: bool
>quote_postgres
/usr/local/src/postgresql/src/interfaces/ecpg/ecpglib/execute.c:77:2
Used: ecpg_free
Type: char *
Ret. Type: char *
>PQfreeNotify
/usr/local/src/postgresql/src/interfaces/libpq/fe-exec.c:4051:1
Used: PQfreemem
Type: PGnotify *
Ret. Type: void
>PQfinish
/usr/local/src/postgresql/src/interfaces/libpq/fe-connect.c:4883:2
Used: freePGconn
Type: PGconn *
Ret. Type: void
>process_result
/usr/local/src/postgresql/src/test/modules/libpq_pipeline/libpq_pipeline.c:2102:3
Used: PQclear
Type: PGresult *
Ret. Type: bool
>dblink_res_error
/usr/local/src/postgresql/contrib/dblink/dblink.c:2757:1
Used: PQclear
Type: PGresult *
Ret. Type: void
>materializeResult
/usr/local/src/postgresql/contrib/dblink/dblink.c:978:2
Used: PQclear
Type: PGresult *
Ret. Type: void
>store_returning_result
/usr/local/src/postgresql/contrib/postgres_fdw/postgres_fdw.c:4362:2
Used: PQclear
Type: PGresult *
Ret. Type: void
>pgfdw_report_error
/usr/local/src/postgresql/contrib/postgres_fdw/connection.c:914:3
Used: PQclear
Type: PGresult *
Ret. Type: void
