>tarClose
/usr/local/src/postgresql/src/bin/pg_dump/pg_backup_tar.c:411:1
Use: free
Type: TAR_MEMBER *
Return Type: void
>ParallelBackupEnd
/usr/local/src/postgresql/src/bin/pg_dump/parallel.c:1088:1
Use: free
Type: ParallelState *
Return Type: void
>DeCloneArchive
/usr/local/src/postgresql/src/bin/pg_dump/pg_backup_archiver.c:5061:1
Use: free
Type: ArchiveHandle *
Return Type: void
>_becomeUser
/usr/local/src/postgresql/src/bin/pg_dump/pg_backup_archiver.c:3400:1
Use: free
Type: ArchiveHandle *
Return Type: void
>_discoverArchiveFormat
/usr/local/src/postgresql/src/bin/pg_dump/pg_backup_archiver.c:2211:1
Use: free
Type: ArchiveHandle *
Return Type: int
>_printTocEntry
/usr/local/src/postgresql/src/bin/pg_dump/pg_backup_archiver.c:3912:2
Use: free
Type: ArchiveHandle *
Return Type: void
>_reconnectToDB
/usr/local/src/postgresql/src/bin/pg_dump/pg_backup_archiver.c:3363:1
Use: free
Type: ArchiveHandle *
Return Type: void
>_selectOutputSchema
/usr/local/src/postgresql/src/bin/pg_dump/pg_backup_archiver.c:3465:1
Use: free
Type: ArchiveHandle *
Return Type: void
>_selectTableAccessMethod
/usr/local/src/postgresql/src/bin/pg_dump/pg_backup_archiver.c:3577:1
Use: free
Type: ArchiveHandle *
Return Type: void
>_selectTablespace
/usr/local/src/postgresql/src/bin/pg_dump/pg_backup_archiver.c:3526:1
Use: free
Type: ArchiveHandle *
Return Type: void
>restore_toc_entries_prefork
/usr/local/src/postgresql/src/bin/pg_dump/pg_backup_archiver.c:4261:1
Use: free
Type: ArchiveHandle *
Return Type: void
>do_pset
/usr/local/src/postgresql/src/bin/psql/command.c:4662:3
Use: free
Type: printQueryOpt *
Return Type: bool
>restorePsetInfo
/usr/local/src/postgresql/src/bin/psql/command.c:5037:1
Use: free
Type: printQueryOpt *
Return Type: void
>free_copy_options
/usr/local/src/postgresql/src/bin/psql/copy.c:69:1
Use: free
Type: struct copy_options *
Return Type: void
>closedir
/usr/local/src/postgresql/src/port/dirent.c:133:1
Use: free
Type: DIR *
Return Type: int
>free_struct_lconv
/usr/local/src/postgresql/src/backend/utils/adt/pg_locale.c:469:1
Use: free
Type: struct lconv *
Return Type: void
>SN_close_env
/usr/local/src/postgresql/src/backend/snowball/libstemmer/api.c:44:8
Use: free
Type: struct SN_env *
Return Type: void
>psql_scan_finish
/usr/local/src/postgresql/src/fe_utils/psqlscan.c:5491:2
Use: free
Type: PsqlScanState
Return Type: void
>psql_scan_reset
/usr/local/src/postgresql/src/fe_utils/psqlscan.c:5513:2
Use: free
Type: PsqlScanState
Return Type: void
>printTableCleanup
/usr/local/src/postgresql/src/fe_utils/print.c:3365:2
Use: free
Type: printTableContent * const
Return Type: void
>PQclear
/usr/local/src/postgresql/src/interfaces/libpq/fe-exec.c:748:1
Use: free
Type: PGresult *
Return Type: void
>pqRecycleCmdQueueEntry
/usr/local/src/postgresql/src/interfaces/libpq/fe-exec.c:1396:2
Use: free
Type: PGcmdQueueEntry *
Return Type: void
>PQconnectPoll
/usr/local/src/postgresql/src/interfaces/libpq/fe-connect.c:2981:6
Use: free
Type: PGconn *
Return Type: PostgresPollingStatusType
>freePGconn
/usr/local/src/postgresql/src/interfaces/libpq/fe-connect.c:4650:1
Use: free
Type: PGconn *
Return Type: void
>pqConnectOptions2
/usr/local/src/postgresql/src/interfaces/libpq/fe-connect.c:1275:2
Use: free
Type: PGconn *
Return Type: bool
>pqDropConnection
/usr/local/src/postgresql/src/interfaces/libpq/fe-connect.c:510:3
Use: free
Type: PGconn *
Return Type: void
>pqDropServerData
/usr/local/src/postgresql/src/interfaces/libpq/fe-connect.c:618:1
Use: free
Type: PGconn *
Return Type: void
>pqReleaseConnHosts
/usr/local/src/postgresql/src/interfaces/libpq/fe-connect.c:4732:2
Use: free
Type: PGconn *
Return Type: void
>release_conn_addrinfo
/usr/local/src/postgresql/src/interfaces/libpq/fe-connect.c:4788:2
Use: free
Type: PGconn *
Return Type: void
>pg_SSPI_startup
/usr/local/src/postgresql/src/interfaces/libpq/fe-auth.c:385:2
Use: free
Type: PGconn *
Return Type: int
>markPQExpBufferBroken
/usr/local/src/postgresql/src/interfaces/libpq/pqexpbuffer.c:53:2
Use: free
Type: PQExpBuffer
Return Type: void
>termPQExpBuffer
/usr/local/src/postgresql/src/interfaces/libpq/pqexpbuffer.c:132:2
Use: free
Type: PQExpBuffer
Return Type: void
