>compile_database_list,PGconn *, /usr/local/src/postgresql/src/bin/pg_amcheck/pg_amcheck.c:1690:7
Used: executeQuery
Ret. Type: void
>compile_relation_list_one_db,PGconn *, /usr/local/src/postgresql/src/bin/pg_amcheck/pg_amcheck.c:2135:7
Used: executeQuery
Ret. Type: void
>dumpRoles,PGconn *, /usr/local/src/postgresql/src/bin/pg_dump/pg_dumpall.c:925:3
Used: buildShSecLabels
Ret. Type: void
>dumpTablespaces,PGconn *, /usr/local/src/postgresql/src/bin/pg_dump/pg_dumpall.c:1335:3
Used: buildShSecLabels
Ret. Type: void
>dumpRoles,PGconn *, /usr/local/src/postgresql/src/bin/pg_dump/pg_dumpall.c:941:2
Used: dumpUserConfig
Ret. Type: void
>buildShSecLabels,PGconn *, /usr/local/src/postgresql/src/bin/pg_dump/pg_dumpall.c:1645:7
Used: executeQuery
Ret. Type: void
>dropDBs,PGconn *, /usr/local/src/postgresql/src/bin/pg_dump/pg_dumpall.c:1363:7
Used: executeQuery
Ret. Type: void
>dropRoles,PGconn *, /usr/local/src/postgresql/src/bin/pg_dump/pg_dumpall.c:722:7
Used: executeQuery
Ret. Type: void
>dropTablespaces,PGconn *, /usr/local/src/postgresql/src/bin/pg_dump/pg_dumpall.c:1224:7
Used: executeQuery
Ret. Type: void
>dumpDatabases,PGconn *, /usr/local/src/postgresql/src/bin/pg_dump/pg_dumpall.c:1506:7
Used: executeQuery
Ret. Type: void
>dumpRoleGUCPrivs,PGconn *, /usr/local/src/postgresql/src/bin/pg_dump/pg_dumpall.c:1168:7
Used: executeQuery
Ret. Type: void
>dumpRoleMembership,PGconn *, /usr/local/src/postgresql/src/bin/pg_dump/pg_dumpall.c:999:7
Used: executeQuery
Ret. Type: void
>dumpRoles,PGconn *, /usr/local/src/postgresql/src/bin/pg_dump/pg_dumpall.c:807:7
Used: executeQuery
Ret. Type: void
>dumpTablespaces,PGconn *, /usr/local/src/postgresql/src/bin/pg_dump/pg_dumpall.c:1259:7
Used: executeQuery
Ret. Type: void
>dumpUserConfig,PGconn *, /usr/local/src/postgresql/src/bin/pg_dump/pg_dumpall.c:1413:7
Used: executeQuery
Ret. Type: void
>expand_dbname_patterns,PGconn *, /usr/local/src/postgresql/src/bin/pg_dump/pg_dumpall.c:1473:8
Used: executeQuery
Ret. Type: void
>check_and_drop_existing_subscriptions,PGconn *, /usr/local/src/postgresql/src/bin/pg_basebackup/pg_createsubscriber.c:1129:2
Used: drop_existing_subscriptions
Ret. Type: void
>check_and_drop_existing_subscriptions,PGconn *, /usr/local/src/postgresql/src/bin/pg_basebackup/pg_createsubscriber.c:1125:2
Used: disconnect_database
Ret. Type: void
>create_publication,PGconn *, /usr/local/src/postgresql/src/bin/pg_basebackup/pg_createsubscriber.c:1575:2
Used: disconnect_database
Ret. Type: void
>create_publication,PGconn *, /usr/local/src/postgresql/src/bin/pg_basebackup/pg_createsubscriber.c:1575:2
Used: disconnect_database
Ret. Type: void
>create_publication,PGconn *, /usr/local/src/postgresql/src/bin/pg_basebackup/pg_createsubscriber.c:1575:2
Used: disconnect_database
Ret. Type: void
>create_publication,PGconn *, /usr/local/src/postgresql/src/bin/pg_basebackup/pg_createsubscriber.c:1575:2
Used: disconnect_database
Ret. Type: void
>create_publication,PGconn *, /usr/local/src/postgresql/src/bin/pg_basebackup/pg_createsubscriber.c:1589:2
Used: disconnect_database
Ret. Type: void
>create_publication,PGconn *, /usr/local/src/postgresql/src/bin/pg_basebackup/pg_createsubscriber.c:1589:2
Used: disconnect_database
Ret. Type: void
>create_publication,PGconn *, /usr/local/src/postgresql/src/bin/pg_basebackup/pg_createsubscriber.c:1610:3
Used: disconnect_database
Ret. Type: void
>create_subscription,PGconn *, /usr/local/src/postgresql/src/bin/pg_basebackup/pg_createsubscriber.c:1720:3
Used: disconnect_database
Ret. Type: void
>drop_existing_subscriptions,PGconn *, /usr/local/src/postgresql/src/bin/pg_basebackup/pg_createsubscriber.c:1090:3
Used: disconnect_database
Ret. Type: void
>enable_subscription,PGconn *, /usr/local/src/postgresql/src/bin/pg_basebackup/pg_createsubscriber.c:1854:3
Used: disconnect_database
Ret. Type: void
>generate_object_name,PGconn *, /usr/local/src/postgresql/src/bin/pg_basebackup/pg_createsubscriber.c:699:2
Used: disconnect_database
Ret. Type: char *
>generate_object_name,PGconn *, /usr/local/src/postgresql/src/bin/pg_basebackup/pg_createsubscriber.c:699:2
Used: disconnect_database
Ret. Type: char *
>generate_object_name,PGconn *, /usr/local/src/postgresql/src/bin/pg_basebackup/pg_createsubscriber.c:706:2
Used: disconnect_database
Ret. Type: char *
>server_is_in_recovery,PGconn *, /usr/local/src/postgresql/src/bin/pg_basebackup/pg_createsubscriber.c:824:2
Used: disconnect_database
Ret. Type: bool
>set_replication_progress,PGconn *, /usr/local/src/postgresql/src/bin/pg_basebackup/pg_createsubscriber.c:1765:2
Used: disconnect_database
Ret. Type: void
>set_replication_progress,PGconn *, /usr/local/src/postgresql/src/bin/pg_basebackup/pg_createsubscriber.c:1765:2
Used: disconnect_database
Ret. Type: void
>set_replication_progress,PGconn *, /usr/local/src/postgresql/src/bin/pg_basebackup/pg_createsubscriber.c:1765:2
Used: disconnect_database
Ret. Type: void
>set_replication_progress,PGconn *, /usr/local/src/postgresql/src/bin/pg_basebackup/pg_createsubscriber.c:1765:2
Used: disconnect_database
Ret. Type: void
>set_replication_progress,PGconn *, /usr/local/src/postgresql/src/bin/pg_basebackup/pg_createsubscriber.c:1772:2
Used: disconnect_database
Ret. Type: void
>set_replication_progress,PGconn *, /usr/local/src/postgresql/src/bin/pg_basebackup/pg_createsubscriber.c:1772:2
Used: disconnect_database
Ret. Type: void
>set_replication_progress,PGconn *, /usr/local/src/postgresql/src/bin/pg_basebackup/pg_createsubscriber.c:1811:3
Used: disconnect_database
Ret. Type: void
>get_parallel_object_list,PGconn *, /usr/local/src/postgresql/src/bin/scripts/reindexdb.c:757:7
Used: executeQuery
Ret. Type: SimpleStringList *
>ReleaseCatCacheListWithOwner,CatCList *, /usr/local/src/postgresql/src/backend/utils/cache/catcache.c:2007:2
Used: CatCacheRemoveCList
Ret. Type: void
>RelationClearRelation,Relation, /usr/local/src/postgresql/src/backend/utils/cache/relcache.c:2633:2
Used: RelationDestroyRelation
Ret. Type: void
>AtEOSubXact_cleanup,Relation, /usr/local/src/postgresql/src/backend/utils/cache/relcache.c:3472:3
Used: RelationClearRelation
Ret. Type: void
>AtEOXact_cleanup,Relation, /usr/local/src/postgresql/src/backend/utils/cache/relcache.c:3362:3
Used: RelationClearRelation
Ret. Type: void
>RelationCloseCleanup,Relation, /usr/local/src/postgresql/src/backend/utils/cache/relcache.c:2225:2
Used: RelationClearRelation
Ret. Type: void
>RelationFlushRelation,Relation, /usr/local/src/postgresql/src/backend/utils/cache/relcache.c:2884:3
Used: RelationClearRelation
Ret. Type: void
>RelationFlushRelation,Relation, /usr/local/src/postgresql/src/backend/utils/cache/relcache.c:2905:2
Used: RelationClearRelation
Ret. Type: void
>dofindsubquery,QTNode *, /usr/local/src/postgresql/src/backend/utils/adt/tsquery_rewrite.c:230:20
Used: dofindsubquery
Ret. Type: QTNode *
>dofindsubquery,QTNode *, /usr/local/src/postgresql/src/backend/utils/adt/tsquery_rewrite.c:230:20
Used: dofindsubquery
Ret. Type: QTNode *
>dofindsubquery,QTNode *, /usr/local/src/postgresql/src/backend/utils/adt/tsquery_rewrite.c:230:20
Used: dofindsubquery
Ret. Type: QTNode *
>dofindsubquery,QTNode *, /usr/local/src/postgresql/src/backend/utils/adt/tsquery_rewrite.c:230:20
Used: dofindsubquery
Ret. Type: QTNode *
>dofindsubquery,QTNode *, /usr/local/src/postgresql/src/backend/utils/adt/tsquery_rewrite.c:215:8
Used: findeq
Ret. Type: QTNode *
>dofindsubquery,QTNode *, /usr/local/src/postgresql/src/backend/utils/adt/tsquery_rewrite.c:215:8
Used: findeq
Ret. Type: QTNode *
>clean_NOT_intree,NODE *, /usr/local/src/postgresql/src/backend/utils/adt/tsquery_cleanup.c:146:2
Used: freetree
Ret. Type: NODE *
>clean_NOT_intree,NODE *, /usr/local/src/postgresql/src/backend/utils/adt/tsquery_cleanup.c:156:3
Used: freetree
Ret. Type: NODE *
>clean_stopword_intree,NODE *, /usr/local/src/postgresql/src/backend/utils/adt/tsquery_cleanup.c:262:3
Used: freetree
Ret. Type: NODE *
>clean_stopword_intree,NODE *, /usr/local/src/postgresql/src/backend/utils/adt/tsquery_cleanup.c:300:3
Used: freetree
Ret. Type: NODE *
>plaintree,NODE *, /usr/local/src/postgresql/src/backend/utils/adt/tsquery_cleanup.c:106:2
Used: plainnode
Ret. Type: QueryItem *
>UnregisterSnapshotNoOwner,Snapshot, /usr/local/src/postgresql/src/backend/utils/time/snapmgr.c:870:2
Used: FreeSnapshot
Ret. Type: void
>ExplainCustomChildren,List *, /usr/local/src/postgresql/src/backend/commands/explain.c:4466:2
Used: ExplainNode
Ret. Type: void
>ExplainMemberNodes,List *, /usr/local/src/postgresql/src/backend/commands/explain.c:4390:2
Used: ExplainNode
Ret. Type: void
>ExplainNode,List *, /usr/local/src/postgresql/src/backend/commands/explain.c:2362:2
Used: ExplainNode
Ret. Type: void
>ExplainNode,List *, /usr/local/src/postgresql/src/backend/commands/explain.c:2362:2
Used: ExplainNode
Ret. Type: void
>ExplainNode,List *, /usr/local/src/postgresql/src/backend/commands/explain.c:2362:2
Used: ExplainNode
Ret. Type: void
>ExplainNode,List *, /usr/local/src/postgresql/src/backend/commands/explain.c:2362:2
Used: ExplainNode
Ret. Type: void
>ExplainNode,List *, /usr/local/src/postgresql/src/backend/commands/explain.c:2367:2
Used: ExplainNode
Ret. Type: void
>ExplainNode,List *, /usr/local/src/postgresql/src/backend/commands/explain.c:2367:2
Used: ExplainNode
Ret. Type: void
>ExplainNode,List *, /usr/local/src/postgresql/src/backend/commands/explain.c:2394:3
Used: ExplainNode
Ret. Type: void
>ExplainSubPlans,List *, /usr/local/src/postgresql/src/backend/commands/explain.c:4448:2
Used: ExplainNode
Ret. Type: void
>ExplainCustomChildren,List *, /usr/local/src/postgresql/src/backend/commands/explain.c:4466:2
Used: ExplainNode
Ret. Type: void
>ExplainMemberNodes,List *, /usr/local/src/postgresql/src/backend/commands/explain.c:4390:2
Used: ExplainNode
Ret. Type: void
>ExplainNode,List *, /usr/local/src/postgresql/src/backend/commands/explain.c:2362:2
Used: ExplainNode
Ret. Type: void
>ExplainNode,List *, /usr/local/src/postgresql/src/backend/commands/explain.c:2362:2
Used: ExplainNode
Ret. Type: void
>ExplainNode,List *, /usr/local/src/postgresql/src/backend/commands/explain.c:2362:2
Used: ExplainNode
Ret. Type: void
>ExplainNode,List *, /usr/local/src/postgresql/src/backend/commands/explain.c:2362:2
Used: ExplainNode
Ret. Type: void
>ExplainNode,List *, /usr/local/src/postgresql/src/backend/commands/explain.c:2367:2
Used: ExplainNode
Ret. Type: void
>ExplainNode,List *, /usr/local/src/postgresql/src/backend/commands/explain.c:2367:2
Used: ExplainNode
Ret. Type: void
>ExplainNode,List *, /usr/local/src/postgresql/src/backend/commands/explain.c:2394:3
Used: ExplainNode
Ret. Type: void
>ExplainSubPlans,List *, /usr/local/src/postgresql/src/backend/commands/explain.c:4448:2
Used: ExplainNode
Ret. Type: void
>ExplainCustomChildren,List *, /usr/local/src/postgresql/src/backend/commands/explain.c:4466:2
Used: ExplainNode
Ret. Type: void
>ExplainMemberNodes,List *, /usr/local/src/postgresql/src/backend/commands/explain.c:4390:2
Used: ExplainNode
Ret. Type: void
>ExplainNode,List *, /usr/local/src/postgresql/src/backend/commands/explain.c:2362:2
Used: ExplainNode
Ret. Type: void
>ExplainNode,List *, /usr/local/src/postgresql/src/backend/commands/explain.c:2362:2
Used: ExplainNode
Ret. Type: void
>ExplainNode,List *, /usr/local/src/postgresql/src/backend/commands/explain.c:2362:2
Used: ExplainNode
Ret. Type: void
>ExplainNode,List *, /usr/local/src/postgresql/src/backend/commands/explain.c:2362:2
Used: ExplainNode
Ret. Type: void
>ExplainNode,List *, /usr/local/src/postgresql/src/backend/commands/explain.c:2367:2
Used: ExplainNode
Ret. Type: void
>ExplainNode,List *, /usr/local/src/postgresql/src/backend/commands/explain.c:2367:2
Used: ExplainNode
Ret. Type: void
>ExplainNode,List *, /usr/local/src/postgresql/src/backend/commands/explain.c:2394:3
Used: ExplainNode
Ret. Type: void
>ExplainSubPlans,List *, /usr/local/src/postgresql/src/backend/commands/explain.c:4448:2
Used: ExplainNode
Ret. Type: void
>ExplainCustomChildren,List *, /usr/local/src/postgresql/src/backend/commands/explain.c:4466:2
Used: ExplainNode
Ret. Type: void
>ExplainMemberNodes,List *, /usr/local/src/postgresql/src/backend/commands/explain.c:4390:2
Used: ExplainNode
Ret. Type: void
>ExplainNode,List *, /usr/local/src/postgresql/src/backend/commands/explain.c:2362:2
Used: ExplainNode
Ret. Type: void
>ExplainNode,List *, /usr/local/src/postgresql/src/backend/commands/explain.c:2362:2
Used: ExplainNode
Ret. Type: void
>ExplainNode,List *, /usr/local/src/postgresql/src/backend/commands/explain.c:2362:2
Used: ExplainNode
Ret. Type: void
>ExplainNode,List *, /usr/local/src/postgresql/src/backend/commands/explain.c:2362:2
Used: ExplainNode
Ret. Type: void
>ExplainNode,List *, /usr/local/src/postgresql/src/backend/commands/explain.c:2367:2
Used: ExplainNode
Ret. Type: void
>ExplainNode,List *, /usr/local/src/postgresql/src/backend/commands/explain.c:2367:2
Used: ExplainNode
Ret. Type: void
>ExplainNode,List *, /usr/local/src/postgresql/src/backend/commands/explain.c:2394:3
Used: ExplainNode
Ret. Type: void
>ExplainSubPlans,List *, /usr/local/src/postgresql/src/backend/commands/explain.c:4448:2
Used: ExplainNode
Ret. Type: void
>ExplainCustomChildren,List *, /usr/local/src/postgresql/src/backend/commands/explain.c:4466:2
Used: ExplainNode
Ret. Type: void
>ExplainMemberNodes,List *, /usr/local/src/postgresql/src/backend/commands/explain.c:4390:2
Used: ExplainNode
Ret. Type: void
>ExplainNode,List *, /usr/local/src/postgresql/src/backend/commands/explain.c:2362:2
Used: ExplainNode
Ret. Type: void
>ExplainNode,List *, /usr/local/src/postgresql/src/backend/commands/explain.c:2362:2
Used: ExplainNode
Ret. Type: void
>ExplainNode,List *, /usr/local/src/postgresql/src/backend/commands/explain.c:2362:2
Used: ExplainNode
Ret. Type: void
>ExplainNode,List *, /usr/local/src/postgresql/src/backend/commands/explain.c:2362:2
Used: ExplainNode
Ret. Type: void
>ExplainNode,List *, /usr/local/src/postgresql/src/backend/commands/explain.c:2367:2
Used: ExplainNode
Ret. Type: void
>ExplainNode,List *, /usr/local/src/postgresql/src/backend/commands/explain.c:2367:2
Used: ExplainNode
Ret. Type: void
>ExplainNode,List *, /usr/local/src/postgresql/src/backend/commands/explain.c:2394:3
Used: ExplainNode
Ret. Type: void
>ExplainSubPlans,List *, /usr/local/src/postgresql/src/backend/commands/explain.c:4448:2
Used: ExplainNode
Ret. Type: void
>ExplainNode,List *, /usr/local/src/postgresql/src/backend/commands/explain.c:2398:3
Used: ExplainCustomChildren
Ret. Type: void
>ExplainNode,List *, /usr/local/src/postgresql/src/backend/commands/explain.c:2374:3
Used: ExplainMemberNodes
Ret. Type: void
>ExplainNode,List *, /usr/local/src/postgresql/src/backend/commands/explain.c:2379:3
Used: ExplainMemberNodes
Ret. Type: void
>ExplainNode,List *, /usr/local/src/postgresql/src/backend/commands/explain.c:2384:3
Used: ExplainMemberNodes
Ret. Type: void
>ExplainNode,List *, /usr/local/src/postgresql/src/backend/commands/explain.c:2389:3
Used: ExplainMemberNodes
Ret. Type: void
>ExplainCustomChildren,List *, /usr/local/src/postgresql/src/backend/commands/explain.c:4466:2
Used: ExplainNode
Ret. Type: void
>ExplainMemberNodes,List *, /usr/local/src/postgresql/src/backend/commands/explain.c:4390:2
Used: ExplainNode
Ret. Type: void
>ExplainNode,List *, /usr/local/src/postgresql/src/backend/commands/explain.c:2362:2
Used: ExplainNode
Ret. Type: void
>ExplainNode,List *, /usr/local/src/postgresql/src/backend/commands/explain.c:2362:2
Used: ExplainNode
Ret. Type: void
>ExplainNode,List *, /usr/local/src/postgresql/src/backend/commands/explain.c:2362:2
Used: ExplainNode
Ret. Type: void
>ExplainNode,List *, /usr/local/src/postgresql/src/backend/commands/explain.c:2362:2
Used: ExplainNode
Ret. Type: void
>ExplainNode,List *, /usr/local/src/postgresql/src/backend/commands/explain.c:2367:2
Used: ExplainNode
Ret. Type: void
>ExplainNode,List *, /usr/local/src/postgresql/src/backend/commands/explain.c:2367:2
Used: ExplainNode
Ret. Type: void
>ExplainNode,List *, /usr/local/src/postgresql/src/backend/commands/explain.c:2394:3
Used: ExplainNode
Ret. Type: void
>ExplainSubPlans,List *, /usr/local/src/postgresql/src/backend/commands/explain.c:4448:2
Used: ExplainNode
Ret. Type: void
>ExplainCustomChildren,List *, /usr/local/src/postgresql/src/backend/commands/explain.c:4466:2
Used: ExplainNode
Ret. Type: void
>ExplainMemberNodes,List *, /usr/local/src/postgresql/src/backend/commands/explain.c:4390:2
Used: ExplainNode
Ret. Type: void
>ExplainNode,List *, /usr/local/src/postgresql/src/backend/commands/explain.c:2362:2
Used: ExplainNode
Ret. Type: void
>ExplainNode,List *, /usr/local/src/postgresql/src/backend/commands/explain.c:2362:2
Used: ExplainNode
Ret. Type: void
>ExplainNode,List *, /usr/local/src/postgresql/src/backend/commands/explain.c:2362:2
Used: ExplainNode
Ret. Type: void
>ExplainNode,List *, /usr/local/src/postgresql/src/backend/commands/explain.c:2362:2
Used: ExplainNode
Ret. Type: void
>ExplainNode,List *, /usr/local/src/postgresql/src/backend/commands/explain.c:2367:2
Used: ExplainNode
Ret. Type: void
>ExplainNode,List *, /usr/local/src/postgresql/src/backend/commands/explain.c:2367:2
Used: ExplainNode
Ret. Type: void
>ExplainNode,List *, /usr/local/src/postgresql/src/backend/commands/explain.c:2394:3
Used: ExplainNode
Ret. Type: void
>ExplainSubPlans,List *, /usr/local/src/postgresql/src/backend/commands/explain.c:4448:2
Used: ExplainNode
Ret. Type: void
>ExplainCustomChildren,List *, /usr/local/src/postgresql/src/backend/commands/explain.c:4466:2
Used: ExplainNode
Ret. Type: void
>ExplainMemberNodes,List *, /usr/local/src/postgresql/src/backend/commands/explain.c:4390:2
Used: ExplainNode
Ret. Type: void
>ExplainNode,List *, /usr/local/src/postgresql/src/backend/commands/explain.c:2362:2
Used: ExplainNode
Ret. Type: void
>ExplainNode,List *, /usr/local/src/postgresql/src/backend/commands/explain.c:2362:2
Used: ExplainNode
Ret. Type: void
>ExplainNode,List *, /usr/local/src/postgresql/src/backend/commands/explain.c:2362:2
Used: ExplainNode
Ret. Type: void
>ExplainNode,List *, /usr/local/src/postgresql/src/backend/commands/explain.c:2362:2
Used: ExplainNode
Ret. Type: void
>ExplainNode,List *, /usr/local/src/postgresql/src/backend/commands/explain.c:2367:2
Used: ExplainNode
Ret. Type: void
>ExplainNode,List *, /usr/local/src/postgresql/src/backend/commands/explain.c:2367:2
Used: ExplainNode
Ret. Type: void
>ExplainNode,List *, /usr/local/src/postgresql/src/backend/commands/explain.c:2394:3
Used: ExplainNode
Ret. Type: void
>ExplainSubPlans,List *, /usr/local/src/postgresql/src/backend/commands/explain.c:4448:2
Used: ExplainNode
Ret. Type: void
>ExplainNode,List *, /usr/local/src/postgresql/src/backend/commands/explain.c:2358:2
Used: ExplainSubPlans
Ret. Type: void
>ExplainNode,List *, /usr/local/src/postgresql/src/backend/commands/explain.c:2358:2
Used: ExplainSubPlans
Ret. Type: void
>ExplainNode,List *, /usr/local/src/postgresql/src/backend/commands/explain.c:2407:2
Used: ExplainSubPlans
Ret. Type: void
>ExplainCustomChildren,List *, /usr/local/src/postgresql/src/backend/commands/explain.c:4466:2
Used: ExplainNode
Ret. Type: void
>ExplainMemberNodes,List *, /usr/local/src/postgresql/src/backend/commands/explain.c:4390:2
Used: ExplainNode
Ret. Type: void
>ExplainNode,List *, /usr/local/src/postgresql/src/backend/commands/explain.c:2362:2
Used: ExplainNode
Ret. Type: void
>ExplainNode,List *, /usr/local/src/postgresql/src/backend/commands/explain.c:2362:2
Used: ExplainNode
Ret. Type: void
>ExplainNode,List *, /usr/local/src/postgresql/src/backend/commands/explain.c:2362:2
Used: ExplainNode
Ret. Type: void
>ExplainNode,List *, /usr/local/src/postgresql/src/backend/commands/explain.c:2362:2
Used: ExplainNode
Ret. Type: void
>ExplainNode,List *, /usr/local/src/postgresql/src/backend/commands/explain.c:2367:2
Used: ExplainNode
Ret. Type: void
>ExplainNode,List *, /usr/local/src/postgresql/src/backend/commands/explain.c:2367:2
Used: ExplainNode
Ret. Type: void
>ExplainNode,List *, /usr/local/src/postgresql/src/backend/commands/explain.c:2394:3
Used: ExplainNode
Ret. Type: void
>ExplainSubPlans,List *, /usr/local/src/postgresql/src/backend/commands/explain.c:4448:2
Used: ExplainNode
Ret. Type: void
>ExplainCustomChildren,List *, /usr/local/src/postgresql/src/backend/commands/explain.c:4466:2
Used: ExplainNode
Ret. Type: void
>ExplainMemberNodes,List *, /usr/local/src/postgresql/src/backend/commands/explain.c:4390:2
Used: ExplainNode
Ret. Type: void
>ExplainNode,List *, /usr/local/src/postgresql/src/backend/commands/explain.c:2362:2
Used: ExplainNode
Ret. Type: void
>ExplainNode,List *, /usr/local/src/postgresql/src/backend/commands/explain.c:2362:2
Used: ExplainNode
Ret. Type: void
>ExplainNode,List *, /usr/local/src/postgresql/src/backend/commands/explain.c:2362:2
Used: ExplainNode
Ret. Type: void
>ExplainNode,List *, /usr/local/src/postgresql/src/backend/commands/explain.c:2362:2
Used: ExplainNode
Ret. Type: void
>ExplainNode,List *, /usr/local/src/postgresql/src/backend/commands/explain.c:2367:2
Used: ExplainNode
Ret. Type: void
>ExplainNode,List *, /usr/local/src/postgresql/src/backend/commands/explain.c:2367:2
Used: ExplainNode
Ret. Type: void
>ExplainNode,List *, /usr/local/src/postgresql/src/backend/commands/explain.c:2394:3
Used: ExplainNode
Ret. Type: void
>ExplainSubPlans,List *, /usr/local/src/postgresql/src/backend/commands/explain.c:4448:2
Used: ExplainNode
Ret. Type: void
>ExplainCustomChildren,List *, /usr/local/src/postgresql/src/backend/commands/explain.c:4466:2
Used: ExplainNode
Ret. Type: void
>ExplainMemberNodes,List *, /usr/local/src/postgresql/src/backend/commands/explain.c:4390:2
Used: ExplainNode
Ret. Type: void
>ExplainNode,List *, /usr/local/src/postgresql/src/backend/commands/explain.c:2362:2
Used: ExplainNode
Ret. Type: void
>ExplainNode,List *, /usr/local/src/postgresql/src/backend/commands/explain.c:2362:2
Used: ExplainNode
Ret. Type: void
>ExplainNode,List *, /usr/local/src/postgresql/src/backend/commands/explain.c:2362:2
Used: ExplainNode
Ret. Type: void
>ExplainNode,List *, /usr/local/src/postgresql/src/backend/commands/explain.c:2362:2
Used: ExplainNode
Ret. Type: void
>ExplainNode,List *, /usr/local/src/postgresql/src/backend/commands/explain.c:2367:2
Used: ExplainNode
Ret. Type: void
>ExplainNode,List *, /usr/local/src/postgresql/src/backend/commands/explain.c:2367:2
Used: ExplainNode
Ret. Type: void
>ExplainNode,List *, /usr/local/src/postgresql/src/backend/commands/explain.c:2394:3
Used: ExplainNode
Ret. Type: void
>ExplainSubPlans,List *, /usr/local/src/postgresql/src/backend/commands/explain.c:4448:2
Used: ExplainNode
Ret. Type: void
>ExplainNode,List *, /usr/local/src/postgresql/src/backend/commands/explain.c:2358:2
Used: ExplainSubPlans
Ret. Type: void
>ExplainNode,List *, /usr/local/src/postgresql/src/backend/commands/explain.c:2358:2
Used: ExplainSubPlans
Ret. Type: void
>ExplainNode,List *, /usr/local/src/postgresql/src/backend/commands/explain.c:2407:2
Used: ExplainSubPlans
Ret. Type: void
>ExplainNode,List *, /usr/local/src/postgresql/src/backend/commands/explain.c:2201:3
Used: show_agg_keys
Ret. Type: void
>ExplainNode,List *, /usr/local/src/postgresql/src/backend/commands/explain.c:2217:3
Used: show_group_keys
Ret. Type: void
>ExplainCustomChildren,List *, /usr/local/src/postgresql/src/backend/commands/explain.c:4466:2
Used: ExplainNode
Ret. Type: void
>ExplainMemberNodes,List *, /usr/local/src/postgresql/src/backend/commands/explain.c:4390:2
Used: ExplainNode
Ret. Type: void
>ExplainNode,List *, /usr/local/src/postgresql/src/backend/commands/explain.c:2362:2
Used: ExplainNode
Ret. Type: void
>ExplainNode,List *, /usr/local/src/postgresql/src/backend/commands/explain.c:2362:2
Used: ExplainNode
Ret. Type: void
>ExplainNode,List *, /usr/local/src/postgresql/src/backend/commands/explain.c:2362:2
Used: ExplainNode
Ret. Type: void
>ExplainNode,List *, /usr/local/src/postgresql/src/backend/commands/explain.c:2362:2
Used: ExplainNode
Ret. Type: void
>ExplainNode,List *, /usr/local/src/postgresql/src/backend/commands/explain.c:2367:2
Used: ExplainNode
Ret. Type: void
>ExplainNode,List *, /usr/local/src/postgresql/src/backend/commands/explain.c:2367:2
Used: ExplainNode
Ret. Type: void
>ExplainNode,List *, /usr/local/src/postgresql/src/backend/commands/explain.c:2394:3
Used: ExplainNode
Ret. Type: void
>ExplainSubPlans,List *, /usr/local/src/postgresql/src/backend/commands/explain.c:4448:2
Used: ExplainNode
Ret. Type: void
>ExplainCustomChildren,List *, /usr/local/src/postgresql/src/backend/commands/explain.c:4466:2
Used: ExplainNode
Ret. Type: void
>ExplainMemberNodes,List *, /usr/local/src/postgresql/src/backend/commands/explain.c:4390:2
Used: ExplainNode
Ret. Type: void
>ExplainNode,List *, /usr/local/src/postgresql/src/backend/commands/explain.c:2362:2
Used: ExplainNode
Ret. Type: void
>ExplainNode,List *, /usr/local/src/postgresql/src/backend/commands/explain.c:2362:2
Used: ExplainNode
Ret. Type: void
>ExplainNode,List *, /usr/local/src/postgresql/src/backend/commands/explain.c:2362:2
Used: ExplainNode
Ret. Type: void
>ExplainNode,List *, /usr/local/src/postgresql/src/backend/commands/explain.c:2362:2
Used: ExplainNode
Ret. Type: void
>ExplainNode,List *, /usr/local/src/postgresql/src/backend/commands/explain.c:2367:2
Used: ExplainNode
Ret. Type: void
>ExplainNode,List *, /usr/local/src/postgresql/src/backend/commands/explain.c:2367:2
Used: ExplainNode
Ret. Type: void
>ExplainNode,List *, /usr/local/src/postgresql/src/backend/commands/explain.c:2394:3
Used: ExplainNode
Ret. Type: void
>ExplainSubPlans,List *, /usr/local/src/postgresql/src/backend/commands/explain.c:4448:2
Used: ExplainNode
Ret. Type: void
>ATExecDropColumn,ObjectAddresses *, /usr/local/src/postgresql/src/backend/commands/tablecmds.c:9082:5
Used: ATExecDropColumn
Ret. Type: ObjectAddress
>ATExecDropColumn,ObjectAddresses *, /usr/local/src/postgresql/src/backend/commands/tablecmds.c:9082:5
Used: ATExecDropColumn
Ret. Type: ObjectAddress
>ReorderBufferCleanupTXN,ReorderBufferTXN *, /usr/local/src/postgresql/src/backend/replication/logical/reorderbuffer.c:1618:1
Used: ReorderBufferReturnTXN
Ret. Type: void
>ReorderBufferReplay,ReorderBufferTXN *, /usr/local/src/postgresql/src/backend/replication/logical/reorderbuffer.c:2730:1
Used: ReorderBufferProcessTXN
Ret. Type: void
>ReorderBufferStreamTXN,ReorderBufferTXN *, /usr/local/src/postgresql/src/backend/replication/logical/reorderbuffer.c:4151:1
Used: ReorderBufferProcessTXN
Ret. Type: void
>ReorderBufferReplay,ReorderBufferTXN *, /usr/local/src/postgresql/src/backend/replication/logical/reorderbuffer.c:2730:1
Used: ReorderBufferProcessTXN
Ret. Type: void
>ReorderBufferStreamTXN,ReorderBufferTXN *, /usr/local/src/postgresql/src/backend/replication/logical/reorderbuffer.c:4151:1
Used: ReorderBufferProcessTXN
Ret. Type: void
>ReorderBufferReplay,ReorderBufferTXN *, /usr/local/src/postgresql/src/backend/replication/logical/reorderbuffer.c:2704:2
Used: ReorderBufferStreamCommit
Ret. Type: void
>ReorderBufferStreamCommit,ReorderBufferTXN *, /usr/local/src/postgresql/src/backend/replication/logical/reorderbuffer.c:1912:1
Used: ReorderBufferStreamTXN
Ret. Type: void
>ReorderBufferProcessTXN,ReorderBufferTXN *, /usr/local/src/postgresql/src/backend/replication/logical/reorderbuffer.c:2603:3
Used: ReorderBufferCleanupTXN
Ret. Type: void
>ReorderBufferProcessTXN,ReorderBufferTXN *, /usr/local/src/postgresql/src/backend/replication/logical/reorderbuffer.c:2603:3
Used: ReorderBufferCleanupTXN
Ret. Type: void
>ReorderBufferProcessTXN,ReorderBufferTXN *, /usr/local/src/postgresql/src/backend/replication/logical/reorderbuffer.c:2660:3
Used: ReorderBufferCleanupTXN
Ret. Type: void
>ReorderBufferReplay,ReorderBufferTXN *, /usr/local/src/postgresql/src/backend/replication/logical/reorderbuffer.c:2723:3
Used: ReorderBufferCleanupTXN
Ret. Type: void
>ReorderBufferStreamCommit,ReorderBufferTXN *, /usr/local/src/postgresql/src/backend/replication/logical/reorderbuffer.c:1934:2
Used: ReorderBufferCleanupTXN
Ret. Type: void
>ReorderBufferReplay,ReorderBufferTXN *, /usr/local/src/postgresql/src/backend/replication/logical/reorderbuffer.c:2704:2
Used: ReorderBufferStreamCommit
Ret. Type: void
>pa_free_worker,ParallelApplyWorkerInfo *, /usr/local/src/postgresql/src/backend/replication/logical/applyparallelworker.c:581:2
Used: pa_free_worker_info
Ret. Type: void
>finalize_plan,Bitmapset *, /usr/local/src/postgresql/src/backend/optimizer/plan/subselect.c:2581:10
Used: finalize_plan
Ret. Type: Bitmapset *
>finalize_plan,Bitmapset *, /usr/local/src/postgresql/src/backend/optimizer/plan/subselect.c:2581:10
Used: finalize_plan
Ret. Type: Bitmapset *
>finalize_plan,Bitmapset *, /usr/local/src/postgresql/src/backend/optimizer/plan/subselect.c:2581:10
Used: finalize_plan
Ret. Type: Bitmapset *
>finalize_plan,Bitmapset *, /usr/local/src/postgresql/src/backend/optimizer/plan/subselect.c:2616:10
Used: finalize_plan
Ret. Type: Bitmapset *
>finalize_plan,Bitmapset *, /usr/local/src/postgresql/src/backend/optimizer/plan/subselect.c:2616:10
Used: finalize_plan
Ret. Type: Bitmapset *
>finalize_plan,Bitmapset *, /usr/local/src/postgresql/src/backend/optimizer/plan/subselect.c:2616:10
Used: finalize_plan
Ret. Type: Bitmapset *
>finalize_plan,Bitmapset *, /usr/local/src/postgresql/src/backend/optimizer/plan/subselect.c:2631:10
Used: finalize_plan
Ret. Type: Bitmapset *
>finalize_plan,Bitmapset *, /usr/local/src/postgresql/src/backend/optimizer/plan/subselect.c:2631:10
Used: finalize_plan
Ret. Type: Bitmapset *
>finalize_plan,Bitmapset *, /usr/local/src/postgresql/src/backend/optimizer/plan/subselect.c:2631:10
Used: finalize_plan
Ret. Type: Bitmapset *
>finalize_plan,Bitmapset *, /usr/local/src/postgresql/src/backend/optimizer/plan/subselect.c:2646:10
Used: finalize_plan
Ret. Type: Bitmapset *
>finalize_plan,Bitmapset *, /usr/local/src/postgresql/src/backend/optimizer/plan/subselect.c:2646:10
Used: finalize_plan
Ret. Type: Bitmapset *
>finalize_plan,Bitmapset *, /usr/local/src/postgresql/src/backend/optimizer/plan/subselect.c:2646:10
Used: finalize_plan
Ret. Type: Bitmapset *
>finalize_plan,Bitmapset *, /usr/local/src/postgresql/src/backend/optimizer/plan/subselect.c:2661:10
Used: finalize_plan
Ret. Type: Bitmapset *
>finalize_plan,Bitmapset *, /usr/local/src/postgresql/src/backend/optimizer/plan/subselect.c:2661:10
Used: finalize_plan
Ret. Type: Bitmapset *
>finalize_plan,Bitmapset *, /usr/local/src/postgresql/src/backend/optimizer/plan/subselect.c:2661:10
Used: finalize_plan
Ret. Type: Bitmapset *
>finalize_plan,Bitmapset *, /usr/local/src/postgresql/src/backend/optimizer/plan/subselect.c:2819:16
Used: finalize_plan
Ret. Type: Bitmapset *
>finalize_plan,Bitmapset *, /usr/local/src/postgresql/src/backend/optimizer/plan/subselect.c:2819:16
Used: finalize_plan
Ret. Type: Bitmapset *
>finalize_plan,Bitmapset *, /usr/local/src/postgresql/src/backend/optimizer/plan/subselect.c:2819:16
Used: finalize_plan
Ret. Type: Bitmapset *
>finalize_plan,Bitmapset *, /usr/local/src/postgresql/src/backend/optimizer/plan/subselect.c:2581:10
Used: finalize_plan
Ret. Type: Bitmapset *
>finalize_plan,Bitmapset *, /usr/local/src/postgresql/src/backend/optimizer/plan/subselect.c:2581:10
Used: finalize_plan
Ret. Type: Bitmapset *
>finalize_plan,Bitmapset *, /usr/local/src/postgresql/src/backend/optimizer/plan/subselect.c:2581:10
Used: finalize_plan
Ret. Type: Bitmapset *
>finalize_plan,Bitmapset *, /usr/local/src/postgresql/src/backend/optimizer/plan/subselect.c:2616:10
Used: finalize_plan
Ret. Type: Bitmapset *
>finalize_plan,Bitmapset *, /usr/local/src/postgresql/src/backend/optimizer/plan/subselect.c:2616:10
Used: finalize_plan
Ret. Type: Bitmapset *
>finalize_plan,Bitmapset *, /usr/local/src/postgresql/src/backend/optimizer/plan/subselect.c:2616:10
Used: finalize_plan
Ret. Type: Bitmapset *
>finalize_plan,Bitmapset *, /usr/local/src/postgresql/src/backend/optimizer/plan/subselect.c:2631:10
Used: finalize_plan
Ret. Type: Bitmapset *
>finalize_plan,Bitmapset *, /usr/local/src/postgresql/src/backend/optimizer/plan/subselect.c:2631:10
Used: finalize_plan
Ret. Type: Bitmapset *
>finalize_plan,Bitmapset *, /usr/local/src/postgresql/src/backend/optimizer/plan/subselect.c:2631:10
Used: finalize_plan
Ret. Type: Bitmapset *
>finalize_plan,Bitmapset *, /usr/local/src/postgresql/src/backend/optimizer/plan/subselect.c:2646:10
Used: finalize_plan
Ret. Type: Bitmapset *
>finalize_plan,Bitmapset *, /usr/local/src/postgresql/src/backend/optimizer/plan/subselect.c:2646:10
Used: finalize_plan
Ret. Type: Bitmapset *
>finalize_plan,Bitmapset *, /usr/local/src/postgresql/src/backend/optimizer/plan/subselect.c:2646:10
Used: finalize_plan
Ret. Type: Bitmapset *
>finalize_plan,Bitmapset *, /usr/local/src/postgresql/src/backend/optimizer/plan/subselect.c:2661:10
Used: finalize_plan
Ret. Type: Bitmapset *
>finalize_plan,Bitmapset *, /usr/local/src/postgresql/src/backend/optimizer/plan/subselect.c:2661:10
Used: finalize_plan
Ret. Type: Bitmapset *
>finalize_plan,Bitmapset *, /usr/local/src/postgresql/src/backend/optimizer/plan/subselect.c:2661:10
Used: finalize_plan
Ret. Type: Bitmapset *
>finalize_plan,Bitmapset *, /usr/local/src/postgresql/src/backend/optimizer/plan/subselect.c:2819:16
Used: finalize_plan
Ret. Type: Bitmapset *
>finalize_plan,Bitmapset *, /usr/local/src/postgresql/src/backend/optimizer/plan/subselect.c:2819:16
Used: finalize_plan
Ret. Type: Bitmapset *
>finalize_plan,Bitmapset *, /usr/local/src/postgresql/src/backend/optimizer/plan/subselect.c:2819:16
Used: finalize_plan
Ret. Type: Bitmapset *
>finalize_plan,Bitmapset *, /usr/local/src/postgresql/src/backend/optimizer/plan/subselect.c:2581:10
Used: finalize_plan
Ret. Type: Bitmapset *
>finalize_plan,Bitmapset *, /usr/local/src/postgresql/src/backend/optimizer/plan/subselect.c:2581:10
Used: finalize_plan
Ret. Type: Bitmapset *
>finalize_plan,Bitmapset *, /usr/local/src/postgresql/src/backend/optimizer/plan/subselect.c:2581:10
Used: finalize_plan
Ret. Type: Bitmapset *
>finalize_plan,Bitmapset *, /usr/local/src/postgresql/src/backend/optimizer/plan/subselect.c:2616:10
Used: finalize_plan
Ret. Type: Bitmapset *
>finalize_plan,Bitmapset *, /usr/local/src/postgresql/src/backend/optimizer/plan/subselect.c:2616:10
Used: finalize_plan
Ret. Type: Bitmapset *
>finalize_plan,Bitmapset *, /usr/local/src/postgresql/src/backend/optimizer/plan/subselect.c:2616:10
Used: finalize_plan
Ret. Type: Bitmapset *
>finalize_plan,Bitmapset *, /usr/local/src/postgresql/src/backend/optimizer/plan/subselect.c:2631:10
Used: finalize_plan
Ret. Type: Bitmapset *
>finalize_plan,Bitmapset *, /usr/local/src/postgresql/src/backend/optimizer/plan/subselect.c:2631:10
Used: finalize_plan
Ret. Type: Bitmapset *
>finalize_plan,Bitmapset *, /usr/local/src/postgresql/src/backend/optimizer/plan/subselect.c:2631:10
Used: finalize_plan
Ret. Type: Bitmapset *
>finalize_plan,Bitmapset *, /usr/local/src/postgresql/src/backend/optimizer/plan/subselect.c:2646:10
Used: finalize_plan
Ret. Type: Bitmapset *
>finalize_plan,Bitmapset *, /usr/local/src/postgresql/src/backend/optimizer/plan/subselect.c:2646:10
Used: finalize_plan
Ret. Type: Bitmapset *
>finalize_plan,Bitmapset *, /usr/local/src/postgresql/src/backend/optimizer/plan/subselect.c:2646:10
Used: finalize_plan
Ret. Type: Bitmapset *
>finalize_plan,Bitmapset *, /usr/local/src/postgresql/src/backend/optimizer/plan/subselect.c:2661:10
Used: finalize_plan
Ret. Type: Bitmapset *
>finalize_plan,Bitmapset *, /usr/local/src/postgresql/src/backend/optimizer/plan/subselect.c:2661:10
Used: finalize_plan
Ret. Type: Bitmapset *
>finalize_plan,Bitmapset *, /usr/local/src/postgresql/src/backend/optimizer/plan/subselect.c:2661:10
Used: finalize_plan
Ret. Type: Bitmapset *
>finalize_plan,Bitmapset *, /usr/local/src/postgresql/src/backend/optimizer/plan/subselect.c:2819:16
Used: finalize_plan
Ret. Type: Bitmapset *
>finalize_plan,Bitmapset *, /usr/local/src/postgresql/src/backend/optimizer/plan/subselect.c:2819:16
Used: finalize_plan
Ret. Type: Bitmapset *
>finalize_plan,Bitmapset *, /usr/local/src/postgresql/src/backend/optimizer/plan/subselect.c:2819:16
Used: finalize_plan
Ret. Type: Bitmapset *
>finalize_plan,Bitmapset *, /usr/local/src/postgresql/src/backend/optimizer/plan/subselect.c:2581:10
Used: finalize_plan
Ret. Type: Bitmapset *
>finalize_plan,Bitmapset *, /usr/local/src/postgresql/src/backend/optimizer/plan/subselect.c:2581:10
Used: finalize_plan
Ret. Type: Bitmapset *
>finalize_plan,Bitmapset *, /usr/local/src/postgresql/src/backend/optimizer/plan/subselect.c:2581:10
Used: finalize_plan
Ret. Type: Bitmapset *
>finalize_plan,Bitmapset *, /usr/local/src/postgresql/src/backend/optimizer/plan/subselect.c:2616:10
Used: finalize_plan
Ret. Type: Bitmapset *
>finalize_plan,Bitmapset *, /usr/local/src/postgresql/src/backend/optimizer/plan/subselect.c:2616:10
Used: finalize_plan
Ret. Type: Bitmapset *
>finalize_plan,Bitmapset *, /usr/local/src/postgresql/src/backend/optimizer/plan/subselect.c:2616:10
Used: finalize_plan
Ret. Type: Bitmapset *
>finalize_plan,Bitmapset *, /usr/local/src/postgresql/src/backend/optimizer/plan/subselect.c:2631:10
Used: finalize_plan
Ret. Type: Bitmapset *
>finalize_plan,Bitmapset *, /usr/local/src/postgresql/src/backend/optimizer/plan/subselect.c:2631:10
Used: finalize_plan
Ret. Type: Bitmapset *
>finalize_plan,Bitmapset *, /usr/local/src/postgresql/src/backend/optimizer/plan/subselect.c:2631:10
Used: finalize_plan
Ret. Type: Bitmapset *
>finalize_plan,Bitmapset *, /usr/local/src/postgresql/src/backend/optimizer/plan/subselect.c:2646:10
Used: finalize_plan
Ret. Type: Bitmapset *
>finalize_plan,Bitmapset *, /usr/local/src/postgresql/src/backend/optimizer/plan/subselect.c:2646:10
Used: finalize_plan
Ret. Type: Bitmapset *
>finalize_plan,Bitmapset *, /usr/local/src/postgresql/src/backend/optimizer/plan/subselect.c:2646:10
Used: finalize_plan
Ret. Type: Bitmapset *
>finalize_plan,Bitmapset *, /usr/local/src/postgresql/src/backend/optimizer/plan/subselect.c:2661:10
Used: finalize_plan
Ret. Type: Bitmapset *
>finalize_plan,Bitmapset *, /usr/local/src/postgresql/src/backend/optimizer/plan/subselect.c:2661:10
Used: finalize_plan
Ret. Type: Bitmapset *
>finalize_plan,Bitmapset *, /usr/local/src/postgresql/src/backend/optimizer/plan/subselect.c:2661:10
Used: finalize_plan
Ret. Type: Bitmapset *
>finalize_plan,Bitmapset *, /usr/local/src/postgresql/src/backend/optimizer/plan/subselect.c:2819:16
Used: finalize_plan
Ret. Type: Bitmapset *
>finalize_plan,Bitmapset *, /usr/local/src/postgresql/src/backend/optimizer/plan/subselect.c:2819:16
Used: finalize_plan
Ret. Type: Bitmapset *
>finalize_plan,Bitmapset *, /usr/local/src/postgresql/src/backend/optimizer/plan/subselect.c:2819:16
Used: finalize_plan
Ret. Type: Bitmapset *
>finalize_plan,Bitmapset *, /usr/local/src/postgresql/src/backend/optimizer/plan/subselect.c:2581:10
Used: finalize_plan
Ret. Type: Bitmapset *
>finalize_plan,Bitmapset *, /usr/local/src/postgresql/src/backend/optimizer/plan/subselect.c:2581:10
Used: finalize_plan
Ret. Type: Bitmapset *
>finalize_plan,Bitmapset *, /usr/local/src/postgresql/src/backend/optimizer/plan/subselect.c:2581:10
Used: finalize_plan
Ret. Type: Bitmapset *
>finalize_plan,Bitmapset *, /usr/local/src/postgresql/src/backend/optimizer/plan/subselect.c:2616:10
Used: finalize_plan
Ret. Type: Bitmapset *
>finalize_plan,Bitmapset *, /usr/local/src/postgresql/src/backend/optimizer/plan/subselect.c:2616:10
Used: finalize_plan
Ret. Type: Bitmapset *
>finalize_plan,Bitmapset *, /usr/local/src/postgresql/src/backend/optimizer/plan/subselect.c:2616:10
Used: finalize_plan
Ret. Type: Bitmapset *
>finalize_plan,Bitmapset *, /usr/local/src/postgresql/src/backend/optimizer/plan/subselect.c:2631:10
Used: finalize_plan
Ret. Type: Bitmapset *
>finalize_plan,Bitmapset *, /usr/local/src/postgresql/src/backend/optimizer/plan/subselect.c:2631:10
Used: finalize_plan
Ret. Type: Bitmapset *
>finalize_plan,Bitmapset *, /usr/local/src/postgresql/src/backend/optimizer/plan/subselect.c:2631:10
Used: finalize_plan
Ret. Type: Bitmapset *
>finalize_plan,Bitmapset *, /usr/local/src/postgresql/src/backend/optimizer/plan/subselect.c:2646:10
Used: finalize_plan
Ret. Type: Bitmapset *
>finalize_plan,Bitmapset *, /usr/local/src/postgresql/src/backend/optimizer/plan/subselect.c:2646:10
Used: finalize_plan
Ret. Type: Bitmapset *
>finalize_plan,Bitmapset *, /usr/local/src/postgresql/src/backend/optimizer/plan/subselect.c:2646:10
Used: finalize_plan
Ret. Type: Bitmapset *
>finalize_plan,Bitmapset *, /usr/local/src/postgresql/src/backend/optimizer/plan/subselect.c:2661:10
Used: finalize_plan
Ret. Type: Bitmapset *
>finalize_plan,Bitmapset *, /usr/local/src/postgresql/src/backend/optimizer/plan/subselect.c:2661:10
Used: finalize_plan
Ret. Type: Bitmapset *
>finalize_plan,Bitmapset *, /usr/local/src/postgresql/src/backend/optimizer/plan/subselect.c:2661:10
Used: finalize_plan
Ret. Type: Bitmapset *
>finalize_plan,Bitmapset *, /usr/local/src/postgresql/src/backend/optimizer/plan/subselect.c:2819:16
Used: finalize_plan
Ret. Type: Bitmapset *
>finalize_plan,Bitmapset *, /usr/local/src/postgresql/src/backend/optimizer/plan/subselect.c:2819:16
Used: finalize_plan
Ret. Type: Bitmapset *
>finalize_plan,Bitmapset *, /usr/local/src/postgresql/src/backend/optimizer/plan/subselect.c:2819:16
Used: finalize_plan
Ret. Type: Bitmapset *
>finalize_plan,Bitmapset *, /usr/local/src/postgresql/src/backend/optimizer/plan/subselect.c:2581:10
Used: finalize_plan
Ret. Type: Bitmapset *
>finalize_plan,Bitmapset *, /usr/local/src/postgresql/src/backend/optimizer/plan/subselect.c:2581:10
Used: finalize_plan
Ret. Type: Bitmapset *
>finalize_plan,Bitmapset *, /usr/local/src/postgresql/src/backend/optimizer/plan/subselect.c:2581:10
Used: finalize_plan
Ret. Type: Bitmapset *
>finalize_plan,Bitmapset *, /usr/local/src/postgresql/src/backend/optimizer/plan/subselect.c:2616:10
Used: finalize_plan
Ret. Type: Bitmapset *
>finalize_plan,Bitmapset *, /usr/local/src/postgresql/src/backend/optimizer/plan/subselect.c:2616:10
Used: finalize_plan
Ret. Type: Bitmapset *
>finalize_plan,Bitmapset *, /usr/local/src/postgresql/src/backend/optimizer/plan/subselect.c:2616:10
Used: finalize_plan
Ret. Type: Bitmapset *
>finalize_plan,Bitmapset *, /usr/local/src/postgresql/src/backend/optimizer/plan/subselect.c:2631:10
Used: finalize_plan
Ret. Type: Bitmapset *
>finalize_plan,Bitmapset *, /usr/local/src/postgresql/src/backend/optimizer/plan/subselect.c:2631:10
Used: finalize_plan
Ret. Type: Bitmapset *
>finalize_plan,Bitmapset *, /usr/local/src/postgresql/src/backend/optimizer/plan/subselect.c:2631:10
Used: finalize_plan
Ret. Type: Bitmapset *
>finalize_plan,Bitmapset *, /usr/local/src/postgresql/src/backend/optimizer/plan/subselect.c:2646:10
Used: finalize_plan
Ret. Type: Bitmapset *
>finalize_plan,Bitmapset *, /usr/local/src/postgresql/src/backend/optimizer/plan/subselect.c:2646:10
Used: finalize_plan
Ret. Type: Bitmapset *
>finalize_plan,Bitmapset *, /usr/local/src/postgresql/src/backend/optimizer/plan/subselect.c:2646:10
Used: finalize_plan
Ret. Type: Bitmapset *
>finalize_plan,Bitmapset *, /usr/local/src/postgresql/src/backend/optimizer/plan/subselect.c:2661:10
Used: finalize_plan
Ret. Type: Bitmapset *
>finalize_plan,Bitmapset *, /usr/local/src/postgresql/src/backend/optimizer/plan/subselect.c:2661:10
Used: finalize_plan
Ret. Type: Bitmapset *
>finalize_plan,Bitmapset *, /usr/local/src/postgresql/src/backend/optimizer/plan/subselect.c:2661:10
Used: finalize_plan
Ret. Type: Bitmapset *
>finalize_plan,Bitmapset *, /usr/local/src/postgresql/src/backend/optimizer/plan/subselect.c:2819:16
Used: finalize_plan
Ret. Type: Bitmapset *
>finalize_plan,Bitmapset *, /usr/local/src/postgresql/src/backend/optimizer/plan/subselect.c:2819:16
Used: finalize_plan
Ret. Type: Bitmapset *
>finalize_plan,Bitmapset *, /usr/local/src/postgresql/src/backend/optimizer/plan/subselect.c:2819:16
Used: finalize_plan
Ret. Type: Bitmapset *
>finalize_plan,Bitmapset *, /usr/local/src/postgresql/src/backend/optimizer/plan/subselect.c:2581:10
Used: finalize_plan
Ret. Type: Bitmapset *
>finalize_plan,Bitmapset *, /usr/local/src/postgresql/src/backend/optimizer/plan/subselect.c:2581:10
Used: finalize_plan
Ret. Type: Bitmapset *
>finalize_plan,Bitmapset *, /usr/local/src/postgresql/src/backend/optimizer/plan/subselect.c:2581:10
Used: finalize_plan
Ret. Type: Bitmapset *
>finalize_plan,Bitmapset *, /usr/local/src/postgresql/src/backend/optimizer/plan/subselect.c:2616:10
Used: finalize_plan
Ret. Type: Bitmapset *
>finalize_plan,Bitmapset *, /usr/local/src/postgresql/src/backend/optimizer/plan/subselect.c:2616:10
Used: finalize_plan
Ret. Type: Bitmapset *
>finalize_plan,Bitmapset *, /usr/local/src/postgresql/src/backend/optimizer/plan/subselect.c:2616:10
Used: finalize_plan
Ret. Type: Bitmapset *
>finalize_plan,Bitmapset *, /usr/local/src/postgresql/src/backend/optimizer/plan/subselect.c:2631:10
Used: finalize_plan
Ret. Type: Bitmapset *
>finalize_plan,Bitmapset *, /usr/local/src/postgresql/src/backend/optimizer/plan/subselect.c:2631:10
Used: finalize_plan
Ret. Type: Bitmapset *
>finalize_plan,Bitmapset *, /usr/local/src/postgresql/src/backend/optimizer/plan/subselect.c:2631:10
Used: finalize_plan
Ret. Type: Bitmapset *
>finalize_plan,Bitmapset *, /usr/local/src/postgresql/src/backend/optimizer/plan/subselect.c:2646:10
Used: finalize_plan
Ret. Type: Bitmapset *
>finalize_plan,Bitmapset *, /usr/local/src/postgresql/src/backend/optimizer/plan/subselect.c:2646:10
Used: finalize_plan
Ret. Type: Bitmapset *
>finalize_plan,Bitmapset *, /usr/local/src/postgresql/src/backend/optimizer/plan/subselect.c:2646:10
Used: finalize_plan
Ret. Type: Bitmapset *
>finalize_plan,Bitmapset *, /usr/local/src/postgresql/src/backend/optimizer/plan/subselect.c:2661:10
Used: finalize_plan
Ret. Type: Bitmapset *
>finalize_plan,Bitmapset *, /usr/local/src/postgresql/src/backend/optimizer/plan/subselect.c:2661:10
Used: finalize_plan
Ret. Type: Bitmapset *
>finalize_plan,Bitmapset *, /usr/local/src/postgresql/src/backend/optimizer/plan/subselect.c:2661:10
Used: finalize_plan
Ret. Type: Bitmapset *
>finalize_plan,Bitmapset *, /usr/local/src/postgresql/src/backend/optimizer/plan/subselect.c:2819:16
Used: finalize_plan
Ret. Type: Bitmapset *
>finalize_plan,Bitmapset *, /usr/local/src/postgresql/src/backend/optimizer/plan/subselect.c:2819:16
Used: finalize_plan
Ret. Type: Bitmapset *
>finalize_plan,Bitmapset *, /usr/local/src/postgresql/src/backend/optimizer/plan/subselect.c:2819:16
Used: finalize_plan
Ret. Type: Bitmapset *
>finalize_plan,Bitmapset *, /usr/local/src/postgresql/src/backend/optimizer/plan/subselect.c:2581:10
Used: finalize_plan
Ret. Type: Bitmapset *
>finalize_plan,Bitmapset *, /usr/local/src/postgresql/src/backend/optimizer/plan/subselect.c:2581:10
Used: finalize_plan
Ret. Type: Bitmapset *
>finalize_plan,Bitmapset *, /usr/local/src/postgresql/src/backend/optimizer/plan/subselect.c:2581:10
Used: finalize_plan
Ret. Type: Bitmapset *
>finalize_plan,Bitmapset *, /usr/local/src/postgresql/src/backend/optimizer/plan/subselect.c:2616:10
Used: finalize_plan
Ret. Type: Bitmapset *
>finalize_plan,Bitmapset *, /usr/local/src/postgresql/src/backend/optimizer/plan/subselect.c:2616:10
Used: finalize_plan
Ret. Type: Bitmapset *
>finalize_plan,Bitmapset *, /usr/local/src/postgresql/src/backend/optimizer/plan/subselect.c:2616:10
Used: finalize_plan
Ret. Type: Bitmapset *
>finalize_plan,Bitmapset *, /usr/local/src/postgresql/src/backend/optimizer/plan/subselect.c:2631:10
Used: finalize_plan
Ret. Type: Bitmapset *
>finalize_plan,Bitmapset *, /usr/local/src/postgresql/src/backend/optimizer/plan/subselect.c:2631:10
Used: finalize_plan
Ret. Type: Bitmapset *
>finalize_plan,Bitmapset *, /usr/local/src/postgresql/src/backend/optimizer/plan/subselect.c:2631:10
Used: finalize_plan
Ret. Type: Bitmapset *
>finalize_plan,Bitmapset *, /usr/local/src/postgresql/src/backend/optimizer/plan/subselect.c:2646:10
Used: finalize_plan
Ret. Type: Bitmapset *
>finalize_plan,Bitmapset *, /usr/local/src/postgresql/src/backend/optimizer/plan/subselect.c:2646:10
Used: finalize_plan
Ret. Type: Bitmapset *
>finalize_plan,Bitmapset *, /usr/local/src/postgresql/src/backend/optimizer/plan/subselect.c:2646:10
Used: finalize_plan
Ret. Type: Bitmapset *
>finalize_plan,Bitmapset *, /usr/local/src/postgresql/src/backend/optimizer/plan/subselect.c:2661:10
Used: finalize_plan
Ret. Type: Bitmapset *
>finalize_plan,Bitmapset *, /usr/local/src/postgresql/src/backend/optimizer/plan/subselect.c:2661:10
Used: finalize_plan
Ret. Type: Bitmapset *
>finalize_plan,Bitmapset *, /usr/local/src/postgresql/src/backend/optimizer/plan/subselect.c:2661:10
Used: finalize_plan
Ret. Type: Bitmapset *
>finalize_plan,Bitmapset *, /usr/local/src/postgresql/src/backend/optimizer/plan/subselect.c:2819:16
Used: finalize_plan
Ret. Type: Bitmapset *
>finalize_plan,Bitmapset *, /usr/local/src/postgresql/src/backend/optimizer/plan/subselect.c:2819:16
Used: finalize_plan
Ret. Type: Bitmapset *
>finalize_plan,Bitmapset *, /usr/local/src/postgresql/src/backend/optimizer/plan/subselect.c:2819:16
Used: finalize_plan
Ret. Type: Bitmapset *
>finalize_plan,Bitmapset *, /usr/local/src/postgresql/src/backend/optimizer/plan/subselect.c:2581:10
Used: finalize_plan
Ret. Type: Bitmapset *
>finalize_plan,Bitmapset *, /usr/local/src/postgresql/src/backend/optimizer/plan/subselect.c:2581:10
Used: finalize_plan
Ret. Type: Bitmapset *
>finalize_plan,Bitmapset *, /usr/local/src/postgresql/src/backend/optimizer/plan/subselect.c:2581:10
Used: finalize_plan
Ret. Type: Bitmapset *
>finalize_plan,Bitmapset *, /usr/local/src/postgresql/src/backend/optimizer/plan/subselect.c:2616:10
Used: finalize_plan
Ret. Type: Bitmapset *
>finalize_plan,Bitmapset *, /usr/local/src/postgresql/src/backend/optimizer/plan/subselect.c:2616:10
Used: finalize_plan
Ret. Type: Bitmapset *
>finalize_plan,Bitmapset *, /usr/local/src/postgresql/src/backend/optimizer/plan/subselect.c:2616:10
Used: finalize_plan
Ret. Type: Bitmapset *
>finalize_plan,Bitmapset *, /usr/local/src/postgresql/src/backend/optimizer/plan/subselect.c:2631:10
Used: finalize_plan
Ret. Type: Bitmapset *
>finalize_plan,Bitmapset *, /usr/local/src/postgresql/src/backend/optimizer/plan/subselect.c:2631:10
Used: finalize_plan
Ret. Type: Bitmapset *
>finalize_plan,Bitmapset *, /usr/local/src/postgresql/src/backend/optimizer/plan/subselect.c:2631:10
Used: finalize_plan
Ret. Type: Bitmapset *
>finalize_plan,Bitmapset *, /usr/local/src/postgresql/src/backend/optimizer/plan/subselect.c:2646:10
Used: finalize_plan
Ret. Type: Bitmapset *
>finalize_plan,Bitmapset *, /usr/local/src/postgresql/src/backend/optimizer/plan/subselect.c:2646:10
Used: finalize_plan
Ret. Type: Bitmapset *
>finalize_plan,Bitmapset *, /usr/local/src/postgresql/src/backend/optimizer/plan/subselect.c:2646:10
Used: finalize_plan
Ret. Type: Bitmapset *
>finalize_plan,Bitmapset *, /usr/local/src/postgresql/src/backend/optimizer/plan/subselect.c:2661:10
Used: finalize_plan
Ret. Type: Bitmapset *
>finalize_plan,Bitmapset *, /usr/local/src/postgresql/src/backend/optimizer/plan/subselect.c:2661:10
Used: finalize_plan
Ret. Type: Bitmapset *
>finalize_plan,Bitmapset *, /usr/local/src/postgresql/src/backend/optimizer/plan/subselect.c:2661:10
Used: finalize_plan
Ret. Type: Bitmapset *
>finalize_plan,Bitmapset *, /usr/local/src/postgresql/src/backend/optimizer/plan/subselect.c:2819:16
Used: finalize_plan
Ret. Type: Bitmapset *
>finalize_plan,Bitmapset *, /usr/local/src/postgresql/src/backend/optimizer/plan/subselect.c:2819:16
Used: finalize_plan
Ret. Type: Bitmapset *
>finalize_plan,Bitmapset *, /usr/local/src/postgresql/src/backend/optimizer/plan/subselect.c:2819:16
Used: finalize_plan
Ret. Type: Bitmapset *
>finalize_plan,Bitmapset *, /usr/local/src/postgresql/src/backend/optimizer/plan/subselect.c:2581:10
Used: finalize_plan
Ret. Type: Bitmapset *
>finalize_plan,Bitmapset *, /usr/local/src/postgresql/src/backend/optimizer/plan/subselect.c:2581:10
Used: finalize_plan
Ret. Type: Bitmapset *
>finalize_plan,Bitmapset *, /usr/local/src/postgresql/src/backend/optimizer/plan/subselect.c:2581:10
Used: finalize_plan
Ret. Type: Bitmapset *
>finalize_plan,Bitmapset *, /usr/local/src/postgresql/src/backend/optimizer/plan/subselect.c:2616:10
Used: finalize_plan
Ret. Type: Bitmapset *
>finalize_plan,Bitmapset *, /usr/local/src/postgresql/src/backend/optimizer/plan/subselect.c:2616:10
Used: finalize_plan
Ret. Type: Bitmapset *
>finalize_plan,Bitmapset *, /usr/local/src/postgresql/src/backend/optimizer/plan/subselect.c:2616:10
Used: finalize_plan
Ret. Type: Bitmapset *
>finalize_plan,Bitmapset *, /usr/local/src/postgresql/src/backend/optimizer/plan/subselect.c:2631:10
Used: finalize_plan
Ret. Type: Bitmapset *
>finalize_plan,Bitmapset *, /usr/local/src/postgresql/src/backend/optimizer/plan/subselect.c:2631:10
Used: finalize_plan
Ret. Type: Bitmapset *
>finalize_plan,Bitmapset *, /usr/local/src/postgresql/src/backend/optimizer/plan/subselect.c:2631:10
Used: finalize_plan
Ret. Type: Bitmapset *
>finalize_plan,Bitmapset *, /usr/local/src/postgresql/src/backend/optimizer/plan/subselect.c:2646:10
Used: finalize_plan
Ret. Type: Bitmapset *
>finalize_plan,Bitmapset *, /usr/local/src/postgresql/src/backend/optimizer/plan/subselect.c:2646:10
Used: finalize_plan
Ret. Type: Bitmapset *
>finalize_plan,Bitmapset *, /usr/local/src/postgresql/src/backend/optimizer/plan/subselect.c:2646:10
Used: finalize_plan
Ret. Type: Bitmapset *
>finalize_plan,Bitmapset *, /usr/local/src/postgresql/src/backend/optimizer/plan/subselect.c:2661:10
Used: finalize_plan
Ret. Type: Bitmapset *
>finalize_plan,Bitmapset *, /usr/local/src/postgresql/src/backend/optimizer/plan/subselect.c:2661:10
Used: finalize_plan
Ret. Type: Bitmapset *
>finalize_plan,Bitmapset *, /usr/local/src/postgresql/src/backend/optimizer/plan/subselect.c:2661:10
Used: finalize_plan
Ret. Type: Bitmapset *
>finalize_plan,Bitmapset *, /usr/local/src/postgresql/src/backend/optimizer/plan/subselect.c:2819:16
Used: finalize_plan
Ret. Type: Bitmapset *
>finalize_plan,Bitmapset *, /usr/local/src/postgresql/src/backend/optimizer/plan/subselect.c:2819:16
Used: finalize_plan
Ret. Type: Bitmapset *
>finalize_plan,Bitmapset *, /usr/local/src/postgresql/src/backend/optimizer/plan/subselect.c:2819:16
Used: finalize_plan
Ret. Type: Bitmapset *
>finalize_plan,Bitmapset *, /usr/local/src/postgresql/src/backend/optimizer/plan/subselect.c:2581:10
Used: finalize_plan
Ret. Type: Bitmapset *
>finalize_plan,Bitmapset *, /usr/local/src/postgresql/src/backend/optimizer/plan/subselect.c:2581:10
Used: finalize_plan
Ret. Type: Bitmapset *
>finalize_plan,Bitmapset *, /usr/local/src/postgresql/src/backend/optimizer/plan/subselect.c:2581:10
Used: finalize_plan
Ret. Type: Bitmapset *
>finalize_plan,Bitmapset *, /usr/local/src/postgresql/src/backend/optimizer/plan/subselect.c:2616:10
Used: finalize_plan
Ret. Type: Bitmapset *
>finalize_plan,Bitmapset *, /usr/local/src/postgresql/src/backend/optimizer/plan/subselect.c:2616:10
Used: finalize_plan
Ret. Type: Bitmapset *
>finalize_plan,Bitmapset *, /usr/local/src/postgresql/src/backend/optimizer/plan/subselect.c:2616:10
Used: finalize_plan
Ret. Type: Bitmapset *
>finalize_plan,Bitmapset *, /usr/local/src/postgresql/src/backend/optimizer/plan/subselect.c:2631:10
Used: finalize_plan
Ret. Type: Bitmapset *
>finalize_plan,Bitmapset *, /usr/local/src/postgresql/src/backend/optimizer/plan/subselect.c:2631:10
Used: finalize_plan
Ret. Type: Bitmapset *
>finalize_plan,Bitmapset *, /usr/local/src/postgresql/src/backend/optimizer/plan/subselect.c:2631:10
Used: finalize_plan
Ret. Type: Bitmapset *
>finalize_plan,Bitmapset *, /usr/local/src/postgresql/src/backend/optimizer/plan/subselect.c:2646:10
Used: finalize_plan
Ret. Type: Bitmapset *
>finalize_plan,Bitmapset *, /usr/local/src/postgresql/src/backend/optimizer/plan/subselect.c:2646:10
Used: finalize_plan
Ret. Type: Bitmapset *
>finalize_plan,Bitmapset *, /usr/local/src/postgresql/src/backend/optimizer/plan/subselect.c:2646:10
Used: finalize_plan
Ret. Type: Bitmapset *
>finalize_plan,Bitmapset *, /usr/local/src/postgresql/src/backend/optimizer/plan/subselect.c:2661:10
Used: finalize_plan
Ret. Type: Bitmapset *
>finalize_plan,Bitmapset *, /usr/local/src/postgresql/src/backend/optimizer/plan/subselect.c:2661:10
Used: finalize_plan
Ret. Type: Bitmapset *
>finalize_plan,Bitmapset *, /usr/local/src/postgresql/src/backend/optimizer/plan/subselect.c:2661:10
Used: finalize_plan
Ret. Type: Bitmapset *
>finalize_plan,Bitmapset *, /usr/local/src/postgresql/src/backend/optimizer/plan/subselect.c:2819:16
Used: finalize_plan
Ret. Type: Bitmapset *
>finalize_plan,Bitmapset *, /usr/local/src/postgresql/src/backend/optimizer/plan/subselect.c:2819:16
Used: finalize_plan
Ret. Type: Bitmapset *
>finalize_plan,Bitmapset *, /usr/local/src/postgresql/src/backend/optimizer/plan/subselect.c:2819:16
Used: finalize_plan
Ret. Type: Bitmapset *
>finalize_plan,Bitmapset *, /usr/local/src/postgresql/src/backend/optimizer/plan/subselect.c:2581:10
Used: finalize_plan
Ret. Type: Bitmapset *
>finalize_plan,Bitmapset *, /usr/local/src/postgresql/src/backend/optimizer/plan/subselect.c:2581:10
Used: finalize_plan
Ret. Type: Bitmapset *
>finalize_plan,Bitmapset *, /usr/local/src/postgresql/src/backend/optimizer/plan/subselect.c:2581:10
Used: finalize_plan
Ret. Type: Bitmapset *
>finalize_plan,Bitmapset *, /usr/local/src/postgresql/src/backend/optimizer/plan/subselect.c:2616:10
Used: finalize_plan
Ret. Type: Bitmapset *
>finalize_plan,Bitmapset *, /usr/local/src/postgresql/src/backend/optimizer/plan/subselect.c:2616:10
Used: finalize_plan
Ret. Type: Bitmapset *
>finalize_plan,Bitmapset *, /usr/local/src/postgresql/src/backend/optimizer/plan/subselect.c:2616:10
Used: finalize_plan
Ret. Type: Bitmapset *
>finalize_plan,Bitmapset *, /usr/local/src/postgresql/src/backend/optimizer/plan/subselect.c:2631:10
Used: finalize_plan
Ret. Type: Bitmapset *
>finalize_plan,Bitmapset *, /usr/local/src/postgresql/src/backend/optimizer/plan/subselect.c:2631:10
Used: finalize_plan
Ret. Type: Bitmapset *
>finalize_plan,Bitmapset *, /usr/local/src/postgresql/src/backend/optimizer/plan/subselect.c:2631:10
Used: finalize_plan
Ret. Type: Bitmapset *
>finalize_plan,Bitmapset *, /usr/local/src/postgresql/src/backend/optimizer/plan/subselect.c:2646:10
Used: finalize_plan
Ret. Type: Bitmapset *
>finalize_plan,Bitmapset *, /usr/local/src/postgresql/src/backend/optimizer/plan/subselect.c:2646:10
Used: finalize_plan
Ret. Type: Bitmapset *
>finalize_plan,Bitmapset *, /usr/local/src/postgresql/src/backend/optimizer/plan/subselect.c:2646:10
Used: finalize_plan
Ret. Type: Bitmapset *
>finalize_plan,Bitmapset *, /usr/local/src/postgresql/src/backend/optimizer/plan/subselect.c:2661:10
Used: finalize_plan
Ret. Type: Bitmapset *
>finalize_plan,Bitmapset *, /usr/local/src/postgresql/src/backend/optimizer/plan/subselect.c:2661:10
Used: finalize_plan
Ret. Type: Bitmapset *
>finalize_plan,Bitmapset *, /usr/local/src/postgresql/src/backend/optimizer/plan/subselect.c:2661:10
Used: finalize_plan
Ret. Type: Bitmapset *
>finalize_plan,Bitmapset *, /usr/local/src/postgresql/src/backend/optimizer/plan/subselect.c:2819:16
Used: finalize_plan
Ret. Type: Bitmapset *
>finalize_plan,Bitmapset *, /usr/local/src/postgresql/src/backend/optimizer/plan/subselect.c:2819:16
Used: finalize_plan
Ret. Type: Bitmapset *
>finalize_plan,Bitmapset *, /usr/local/src/postgresql/src/backend/optimizer/plan/subselect.c:2819:16
Used: finalize_plan
Ret. Type: Bitmapset *
>finalize_plan,Bitmapset *, /usr/local/src/postgresql/src/backend/optimizer/plan/subselect.c:2581:10
Used: finalize_plan
Ret. Type: Bitmapset *
>finalize_plan,Bitmapset *, /usr/local/src/postgresql/src/backend/optimizer/plan/subselect.c:2581:10
Used: finalize_plan
Ret. Type: Bitmapset *
>finalize_plan,Bitmapset *, /usr/local/src/postgresql/src/backend/optimizer/plan/subselect.c:2581:10
Used: finalize_plan
Ret. Type: Bitmapset *
>finalize_plan,Bitmapset *, /usr/local/src/postgresql/src/backend/optimizer/plan/subselect.c:2616:10
Used: finalize_plan
Ret. Type: Bitmapset *
>finalize_plan,Bitmapset *, /usr/local/src/postgresql/src/backend/optimizer/plan/subselect.c:2616:10
Used: finalize_plan
Ret. Type: Bitmapset *
>finalize_plan,Bitmapset *, /usr/local/src/postgresql/src/backend/optimizer/plan/subselect.c:2616:10
Used: finalize_plan
Ret. Type: Bitmapset *
>finalize_plan,Bitmapset *, /usr/local/src/postgresql/src/backend/optimizer/plan/subselect.c:2631:10
Used: finalize_plan
Ret. Type: Bitmapset *
>finalize_plan,Bitmapset *, /usr/local/src/postgresql/src/backend/optimizer/plan/subselect.c:2631:10
Used: finalize_plan
Ret. Type: Bitmapset *
>finalize_plan,Bitmapset *, /usr/local/src/postgresql/src/backend/optimizer/plan/subselect.c:2631:10
Used: finalize_plan
Ret. Type: Bitmapset *
>finalize_plan,Bitmapset *, /usr/local/src/postgresql/src/backend/optimizer/plan/subselect.c:2646:10
Used: finalize_plan
Ret. Type: Bitmapset *
>finalize_plan,Bitmapset *, /usr/local/src/postgresql/src/backend/optimizer/plan/subselect.c:2646:10
Used: finalize_plan
Ret. Type: Bitmapset *
>finalize_plan,Bitmapset *, /usr/local/src/postgresql/src/backend/optimizer/plan/subselect.c:2646:10
Used: finalize_plan
Ret. Type: Bitmapset *
>finalize_plan,Bitmapset *, /usr/local/src/postgresql/src/backend/optimizer/plan/subselect.c:2661:10
Used: finalize_plan
Ret. Type: Bitmapset *
>finalize_plan,Bitmapset *, /usr/local/src/postgresql/src/backend/optimizer/plan/subselect.c:2661:10
Used: finalize_plan
Ret. Type: Bitmapset *
>finalize_plan,Bitmapset *, /usr/local/src/postgresql/src/backend/optimizer/plan/subselect.c:2661:10
Used: finalize_plan
Ret. Type: Bitmapset *
>finalize_plan,Bitmapset *, /usr/local/src/postgresql/src/backend/optimizer/plan/subselect.c:2819:16
Used: finalize_plan
Ret. Type: Bitmapset *
>finalize_plan,Bitmapset *, /usr/local/src/postgresql/src/backend/optimizer/plan/subselect.c:2819:16
Used: finalize_plan
Ret. Type: Bitmapset *
>finalize_plan,Bitmapset *, /usr/local/src/postgresql/src/backend/optimizer/plan/subselect.c:2819:16
Used: finalize_plan
Ret. Type: Bitmapset *
>finalize_plan,Bitmapset *, /usr/local/src/postgresql/src/backend/optimizer/plan/subselect.c:2581:10
Used: finalize_plan
Ret. Type: Bitmapset *
>finalize_plan,Bitmapset *, /usr/local/src/postgresql/src/backend/optimizer/plan/subselect.c:2581:10
Used: finalize_plan
Ret. Type: Bitmapset *
>finalize_plan,Bitmapset *, /usr/local/src/postgresql/src/backend/optimizer/plan/subselect.c:2581:10
Used: finalize_plan
Ret. Type: Bitmapset *
>finalize_plan,Bitmapset *, /usr/local/src/postgresql/src/backend/optimizer/plan/subselect.c:2616:10
Used: finalize_plan
Ret. Type: Bitmapset *
>finalize_plan,Bitmapset *, /usr/local/src/postgresql/src/backend/optimizer/plan/subselect.c:2616:10
Used: finalize_plan
Ret. Type: Bitmapset *
>finalize_plan,Bitmapset *, /usr/local/src/postgresql/src/backend/optimizer/plan/subselect.c:2616:10
Used: finalize_plan
Ret. Type: Bitmapset *
>finalize_plan,Bitmapset *, /usr/local/src/postgresql/src/backend/optimizer/plan/subselect.c:2631:10
Used: finalize_plan
Ret. Type: Bitmapset *
>finalize_plan,Bitmapset *, /usr/local/src/postgresql/src/backend/optimizer/plan/subselect.c:2631:10
Used: finalize_plan
Ret. Type: Bitmapset *
>finalize_plan,Bitmapset *, /usr/local/src/postgresql/src/backend/optimizer/plan/subselect.c:2631:10
Used: finalize_plan
Ret. Type: Bitmapset *
>finalize_plan,Bitmapset *, /usr/local/src/postgresql/src/backend/optimizer/plan/subselect.c:2646:10
Used: finalize_plan
Ret. Type: Bitmapset *
>finalize_plan,Bitmapset *, /usr/local/src/postgresql/src/backend/optimizer/plan/subselect.c:2646:10
Used: finalize_plan
Ret. Type: Bitmapset *
>finalize_plan,Bitmapset *, /usr/local/src/postgresql/src/backend/optimizer/plan/subselect.c:2646:10
Used: finalize_plan
Ret. Type: Bitmapset *
>finalize_plan,Bitmapset *, /usr/local/src/postgresql/src/backend/optimizer/plan/subselect.c:2661:10
Used: finalize_plan
Ret. Type: Bitmapset *
>finalize_plan,Bitmapset *, /usr/local/src/postgresql/src/backend/optimizer/plan/subselect.c:2661:10
Used: finalize_plan
Ret. Type: Bitmapset *
>finalize_plan,Bitmapset *, /usr/local/src/postgresql/src/backend/optimizer/plan/subselect.c:2661:10
Used: finalize_plan
Ret. Type: Bitmapset *
>finalize_plan,Bitmapset *, /usr/local/src/postgresql/src/backend/optimizer/plan/subselect.c:2819:16
Used: finalize_plan
Ret. Type: Bitmapset *
>finalize_plan,Bitmapset *, /usr/local/src/postgresql/src/backend/optimizer/plan/subselect.c:2819:16
Used: finalize_plan
Ret. Type: Bitmapset *
>finalize_plan,Bitmapset *, /usr/local/src/postgresql/src/backend/optimizer/plan/subselect.c:2819:16
Used: finalize_plan
Ret. Type: Bitmapset *
>finalize_plan,Bitmapset *, /usr/local/src/postgresql/src/backend/optimizer/plan/subselect.c:2581:10
Used: finalize_plan
Ret. Type: Bitmapset *
>finalize_plan,Bitmapset *, /usr/local/src/postgresql/src/backend/optimizer/plan/subselect.c:2581:10
Used: finalize_plan
Ret. Type: Bitmapset *
>finalize_plan,Bitmapset *, /usr/local/src/postgresql/src/backend/optimizer/plan/subselect.c:2581:10
Used: finalize_plan
Ret. Type: Bitmapset *
>finalize_plan,Bitmapset *, /usr/local/src/postgresql/src/backend/optimizer/plan/subselect.c:2616:10
Used: finalize_plan
Ret. Type: Bitmapset *
>finalize_plan,Bitmapset *, /usr/local/src/postgresql/src/backend/optimizer/plan/subselect.c:2616:10
Used: finalize_plan
Ret. Type: Bitmapset *
>finalize_plan,Bitmapset *, /usr/local/src/postgresql/src/backend/optimizer/plan/subselect.c:2616:10
Used: finalize_plan
Ret. Type: Bitmapset *
>finalize_plan,Bitmapset *, /usr/local/src/postgresql/src/backend/optimizer/plan/subselect.c:2631:10
Used: finalize_plan
Ret. Type: Bitmapset *
>finalize_plan,Bitmapset *, /usr/local/src/postgresql/src/backend/optimizer/plan/subselect.c:2631:10
Used: finalize_plan
Ret. Type: Bitmapset *
>finalize_plan,Bitmapset *, /usr/local/src/postgresql/src/backend/optimizer/plan/subselect.c:2631:10
Used: finalize_plan
Ret. Type: Bitmapset *
>finalize_plan,Bitmapset *, /usr/local/src/postgresql/src/backend/optimizer/plan/subselect.c:2646:10
Used: finalize_plan
Ret. Type: Bitmapset *
>finalize_plan,Bitmapset *, /usr/local/src/postgresql/src/backend/optimizer/plan/subselect.c:2646:10
Used: finalize_plan
Ret. Type: Bitmapset *
>finalize_plan,Bitmapset *, /usr/local/src/postgresql/src/backend/optimizer/plan/subselect.c:2646:10
Used: finalize_plan
Ret. Type: Bitmapset *
>finalize_plan,Bitmapset *, /usr/local/src/postgresql/src/backend/optimizer/plan/subselect.c:2661:10
Used: finalize_plan
Ret. Type: Bitmapset *
>finalize_plan,Bitmapset *, /usr/local/src/postgresql/src/backend/optimizer/plan/subselect.c:2661:10
Used: finalize_plan
Ret. Type: Bitmapset *
>finalize_plan,Bitmapset *, /usr/local/src/postgresql/src/backend/optimizer/plan/subselect.c:2661:10
Used: finalize_plan
Ret. Type: Bitmapset *
>finalize_plan,Bitmapset *, /usr/local/src/postgresql/src/backend/optimizer/plan/subselect.c:2819:16
Used: finalize_plan
Ret. Type: Bitmapset *
>finalize_plan,Bitmapset *, /usr/local/src/postgresql/src/backend/optimizer/plan/subselect.c:2819:16
Used: finalize_plan
Ret. Type: Bitmapset *
>finalize_plan,Bitmapset *, /usr/local/src/postgresql/src/backend/optimizer/plan/subselect.c:2819:16
Used: finalize_plan
Ret. Type: Bitmapset *
>finalize_plan,Bitmapset *, /usr/local/src/postgresql/src/backend/optimizer/plan/subselect.c:2581:10
Used: finalize_plan
Ret. Type: Bitmapset *
>finalize_plan,Bitmapset *, /usr/local/src/postgresql/src/backend/optimizer/plan/subselect.c:2581:10
Used: finalize_plan
Ret. Type: Bitmapset *
>finalize_plan,Bitmapset *, /usr/local/src/postgresql/src/backend/optimizer/plan/subselect.c:2581:10
Used: finalize_plan
Ret. Type: Bitmapset *
>finalize_plan,Bitmapset *, /usr/local/src/postgresql/src/backend/optimizer/plan/subselect.c:2616:10
Used: finalize_plan
Ret. Type: Bitmapset *
>finalize_plan,Bitmapset *, /usr/local/src/postgresql/src/backend/optimizer/plan/subselect.c:2616:10
Used: finalize_plan
Ret. Type: Bitmapset *
>finalize_plan,Bitmapset *, /usr/local/src/postgresql/src/backend/optimizer/plan/subselect.c:2616:10
Used: finalize_plan
Ret. Type: Bitmapset *
>finalize_plan,Bitmapset *, /usr/local/src/postgresql/src/backend/optimizer/plan/subselect.c:2631:10
Used: finalize_plan
Ret. Type: Bitmapset *
>finalize_plan,Bitmapset *, /usr/local/src/postgresql/src/backend/optimizer/plan/subselect.c:2631:10
Used: finalize_plan
Ret. Type: Bitmapset *
>finalize_plan,Bitmapset *, /usr/local/src/postgresql/src/backend/optimizer/plan/subselect.c:2631:10
Used: finalize_plan
Ret. Type: Bitmapset *
>finalize_plan,Bitmapset *, /usr/local/src/postgresql/src/backend/optimizer/plan/subselect.c:2646:10
Used: finalize_plan
Ret. Type: Bitmapset *
>finalize_plan,Bitmapset *, /usr/local/src/postgresql/src/backend/optimizer/plan/subselect.c:2646:10
Used: finalize_plan
Ret. Type: Bitmapset *
>finalize_plan,Bitmapset *, /usr/local/src/postgresql/src/backend/optimizer/plan/subselect.c:2646:10
Used: finalize_plan
Ret. Type: Bitmapset *
>finalize_plan,Bitmapset *, /usr/local/src/postgresql/src/backend/optimizer/plan/subselect.c:2661:10
Used: finalize_plan
Ret. Type: Bitmapset *
>finalize_plan,Bitmapset *, /usr/local/src/postgresql/src/backend/optimizer/plan/subselect.c:2661:10
Used: finalize_plan
Ret. Type: Bitmapset *
>finalize_plan,Bitmapset *, /usr/local/src/postgresql/src/backend/optimizer/plan/subselect.c:2661:10
Used: finalize_plan
Ret. Type: Bitmapset *
>finalize_plan,Bitmapset *, /usr/local/src/postgresql/src/backend/optimizer/plan/subselect.c:2819:16
Used: finalize_plan
Ret. Type: Bitmapset *
>finalize_plan,Bitmapset *, /usr/local/src/postgresql/src/backend/optimizer/plan/subselect.c:2819:16
Used: finalize_plan
Ret. Type: Bitmapset *
>finalize_plan,Bitmapset *, /usr/local/src/postgresql/src/backend/optimizer/plan/subselect.c:2819:16
Used: finalize_plan
Ret. Type: Bitmapset *
>finalize_plan,Bitmapset *, /usr/local/src/postgresql/src/backend/optimizer/plan/subselect.c:2581:10
Used: finalize_plan
Ret. Type: Bitmapset *
>finalize_plan,Bitmapset *, /usr/local/src/postgresql/src/backend/optimizer/plan/subselect.c:2581:10
Used: finalize_plan
Ret. Type: Bitmapset *
>finalize_plan,Bitmapset *, /usr/local/src/postgresql/src/backend/optimizer/plan/subselect.c:2581:10
Used: finalize_plan
Ret. Type: Bitmapset *
>finalize_plan,Bitmapset *, /usr/local/src/postgresql/src/backend/optimizer/plan/subselect.c:2616:10
Used: finalize_plan
Ret. Type: Bitmapset *
>finalize_plan,Bitmapset *, /usr/local/src/postgresql/src/backend/optimizer/plan/subselect.c:2616:10
Used: finalize_plan
Ret. Type: Bitmapset *
>finalize_plan,Bitmapset *, /usr/local/src/postgresql/src/backend/optimizer/plan/subselect.c:2616:10
Used: finalize_plan
Ret. Type: Bitmapset *
>finalize_plan,Bitmapset *, /usr/local/src/postgresql/src/backend/optimizer/plan/subselect.c:2631:10
Used: finalize_plan
Ret. Type: Bitmapset *
>finalize_plan,Bitmapset *, /usr/local/src/postgresql/src/backend/optimizer/plan/subselect.c:2631:10
Used: finalize_plan
Ret. Type: Bitmapset *
>finalize_plan,Bitmapset *, /usr/local/src/postgresql/src/backend/optimizer/plan/subselect.c:2631:10
Used: finalize_plan
Ret. Type: Bitmapset *
>finalize_plan,Bitmapset *, /usr/local/src/postgresql/src/backend/optimizer/plan/subselect.c:2646:10
Used: finalize_plan
Ret. Type: Bitmapset *
>finalize_plan,Bitmapset *, /usr/local/src/postgresql/src/backend/optimizer/plan/subselect.c:2646:10
Used: finalize_plan
Ret. Type: Bitmapset *
>finalize_plan,Bitmapset *, /usr/local/src/postgresql/src/backend/optimizer/plan/subselect.c:2646:10
Used: finalize_plan
Ret. Type: Bitmapset *
>finalize_plan,Bitmapset *, /usr/local/src/postgresql/src/backend/optimizer/plan/subselect.c:2661:10
Used: finalize_plan
Ret. Type: Bitmapset *
>finalize_plan,Bitmapset *, /usr/local/src/postgresql/src/backend/optimizer/plan/subselect.c:2661:10
Used: finalize_plan
Ret. Type: Bitmapset *
>finalize_plan,Bitmapset *, /usr/local/src/postgresql/src/backend/optimizer/plan/subselect.c:2661:10
Used: finalize_plan
Ret. Type: Bitmapset *
>finalize_plan,Bitmapset *, /usr/local/src/postgresql/src/backend/optimizer/plan/subselect.c:2819:16
Used: finalize_plan
Ret. Type: Bitmapset *
>finalize_plan,Bitmapset *, /usr/local/src/postgresql/src/backend/optimizer/plan/subselect.c:2819:16
Used: finalize_plan
Ret. Type: Bitmapset *
>finalize_plan,Bitmapset *, /usr/local/src/postgresql/src/backend/optimizer/plan/subselect.c:2819:16
Used: finalize_plan
Ret. Type: Bitmapset *
>finalize_plan,Bitmapset *, /usr/local/src/postgresql/src/backend/optimizer/plan/subselect.c:2581:10
Used: finalize_plan
Ret. Type: Bitmapset *
>finalize_plan,Bitmapset *, /usr/local/src/postgresql/src/backend/optimizer/plan/subselect.c:2581:10
Used: finalize_plan
Ret. Type: Bitmapset *
>finalize_plan,Bitmapset *, /usr/local/src/postgresql/src/backend/optimizer/plan/subselect.c:2581:10
Used: finalize_plan
Ret. Type: Bitmapset *
>finalize_plan,Bitmapset *, /usr/local/src/postgresql/src/backend/optimizer/plan/subselect.c:2616:10
Used: finalize_plan
Ret. Type: Bitmapset *
>finalize_plan,Bitmapset *, /usr/local/src/postgresql/src/backend/optimizer/plan/subselect.c:2616:10
Used: finalize_plan
Ret. Type: Bitmapset *
>finalize_plan,Bitmapset *, /usr/local/src/postgresql/src/backend/optimizer/plan/subselect.c:2616:10
Used: finalize_plan
Ret. Type: Bitmapset *
>finalize_plan,Bitmapset *, /usr/local/src/postgresql/src/backend/optimizer/plan/subselect.c:2631:10
Used: finalize_plan
Ret. Type: Bitmapset *
>finalize_plan,Bitmapset *, /usr/local/src/postgresql/src/backend/optimizer/plan/subselect.c:2631:10
Used: finalize_plan
Ret. Type: Bitmapset *
>finalize_plan,Bitmapset *, /usr/local/src/postgresql/src/backend/optimizer/plan/subselect.c:2631:10
Used: finalize_plan
Ret. Type: Bitmapset *
>finalize_plan,Bitmapset *, /usr/local/src/postgresql/src/backend/optimizer/plan/subselect.c:2646:10
Used: finalize_plan
Ret. Type: Bitmapset *
>finalize_plan,Bitmapset *, /usr/local/src/postgresql/src/backend/optimizer/plan/subselect.c:2646:10
Used: finalize_plan
Ret. Type: Bitmapset *
>finalize_plan,Bitmapset *, /usr/local/src/postgresql/src/backend/optimizer/plan/subselect.c:2646:10
Used: finalize_plan
Ret. Type: Bitmapset *
>finalize_plan,Bitmapset *, /usr/local/src/postgresql/src/backend/optimizer/plan/subselect.c:2661:10
Used: finalize_plan
Ret. Type: Bitmapset *
>finalize_plan,Bitmapset *, /usr/local/src/postgresql/src/backend/optimizer/plan/subselect.c:2661:10
Used: finalize_plan
Ret. Type: Bitmapset *
>finalize_plan,Bitmapset *, /usr/local/src/postgresql/src/backend/optimizer/plan/subselect.c:2661:10
Used: finalize_plan
Ret. Type: Bitmapset *
>finalize_plan,Bitmapset *, /usr/local/src/postgresql/src/backend/optimizer/plan/subselect.c:2819:16
Used: finalize_plan
Ret. Type: Bitmapset *
>finalize_plan,Bitmapset *, /usr/local/src/postgresql/src/backend/optimizer/plan/subselect.c:2819:16
Used: finalize_plan
Ret. Type: Bitmapset *
>finalize_plan,Bitmapset *, /usr/local/src/postgresql/src/backend/optimizer/plan/subselect.c:2819:16
Used: finalize_plan
Ret. Type: Bitmapset *
>finalize_plan,Bitmapset *, /usr/local/src/postgresql/src/backend/optimizer/plan/subselect.c:2581:10
Used: finalize_plan
Ret. Type: Bitmapset *
>finalize_plan,Bitmapset *, /usr/local/src/postgresql/src/backend/optimizer/plan/subselect.c:2581:10
Used: finalize_plan
Ret. Type: Bitmapset *
>finalize_plan,Bitmapset *, /usr/local/src/postgresql/src/backend/optimizer/plan/subselect.c:2581:10
Used: finalize_plan
Ret. Type: Bitmapset *
>finalize_plan,Bitmapset *, /usr/local/src/postgresql/src/backend/optimizer/plan/subselect.c:2616:10
Used: finalize_plan
Ret. Type: Bitmapset *
>finalize_plan,Bitmapset *, /usr/local/src/postgresql/src/backend/optimizer/plan/subselect.c:2616:10
Used: finalize_plan
Ret. Type: Bitmapset *
>finalize_plan,Bitmapset *, /usr/local/src/postgresql/src/backend/optimizer/plan/subselect.c:2616:10
Used: finalize_plan
Ret. Type: Bitmapset *
>finalize_plan,Bitmapset *, /usr/local/src/postgresql/src/backend/optimizer/plan/subselect.c:2631:10
Used: finalize_plan
Ret. Type: Bitmapset *
>finalize_plan,Bitmapset *, /usr/local/src/postgresql/src/backend/optimizer/plan/subselect.c:2631:10
Used: finalize_plan
Ret. Type: Bitmapset *
>finalize_plan,Bitmapset *, /usr/local/src/postgresql/src/backend/optimizer/plan/subselect.c:2631:10
Used: finalize_plan
Ret. Type: Bitmapset *
>finalize_plan,Bitmapset *, /usr/local/src/postgresql/src/backend/optimizer/plan/subselect.c:2646:10
Used: finalize_plan
Ret. Type: Bitmapset *
>finalize_plan,Bitmapset *, /usr/local/src/postgresql/src/backend/optimizer/plan/subselect.c:2646:10
Used: finalize_plan
Ret. Type: Bitmapset *
>finalize_plan,Bitmapset *, /usr/local/src/postgresql/src/backend/optimizer/plan/subselect.c:2646:10
Used: finalize_plan
Ret. Type: Bitmapset *
>finalize_plan,Bitmapset *, /usr/local/src/postgresql/src/backend/optimizer/plan/subselect.c:2661:10
Used: finalize_plan
Ret. Type: Bitmapset *
>finalize_plan,Bitmapset *, /usr/local/src/postgresql/src/backend/optimizer/plan/subselect.c:2661:10
Used: finalize_plan
Ret. Type: Bitmapset *
>finalize_plan,Bitmapset *, /usr/local/src/postgresql/src/backend/optimizer/plan/subselect.c:2661:10
Used: finalize_plan
Ret. Type: Bitmapset *
>finalize_plan,Bitmapset *, /usr/local/src/postgresql/src/backend/optimizer/plan/subselect.c:2819:16
Used: finalize_plan
Ret. Type: Bitmapset *
>finalize_plan,Bitmapset *, /usr/local/src/postgresql/src/backend/optimizer/plan/subselect.c:2819:16
Used: finalize_plan
Ret. Type: Bitmapset *
>finalize_plan,Bitmapset *, /usr/local/src/postgresql/src/backend/optimizer/plan/subselect.c:2819:16
Used: finalize_plan
Ret. Type: Bitmapset *
>finalize_plan,Bitmapset *, /usr/local/src/postgresql/src/backend/optimizer/plan/subselect.c:2581:10
Used: finalize_plan
Ret. Type: Bitmapset *
>finalize_plan,Bitmapset *, /usr/local/src/postgresql/src/backend/optimizer/plan/subselect.c:2581:10
Used: finalize_plan
Ret. Type: Bitmapset *
>finalize_plan,Bitmapset *, /usr/local/src/postgresql/src/backend/optimizer/plan/subselect.c:2581:10
Used: finalize_plan
Ret. Type: Bitmapset *
>finalize_plan,Bitmapset *, /usr/local/src/postgresql/src/backend/optimizer/plan/subselect.c:2616:10
Used: finalize_plan
Ret. Type: Bitmapset *
>finalize_plan,Bitmapset *, /usr/local/src/postgresql/src/backend/optimizer/plan/subselect.c:2616:10
Used: finalize_plan
Ret. Type: Bitmapset *
>finalize_plan,Bitmapset *, /usr/local/src/postgresql/src/backend/optimizer/plan/subselect.c:2616:10
Used: finalize_plan
Ret. Type: Bitmapset *
>finalize_plan,Bitmapset *, /usr/local/src/postgresql/src/backend/optimizer/plan/subselect.c:2631:10
Used: finalize_plan
Ret. Type: Bitmapset *
>finalize_plan,Bitmapset *, /usr/local/src/postgresql/src/backend/optimizer/plan/subselect.c:2631:10
Used: finalize_plan
Ret. Type: Bitmapset *
>finalize_plan,Bitmapset *, /usr/local/src/postgresql/src/backend/optimizer/plan/subselect.c:2631:10
Used: finalize_plan
Ret. Type: Bitmapset *
>finalize_plan,Bitmapset *, /usr/local/src/postgresql/src/backend/optimizer/plan/subselect.c:2646:10
Used: finalize_plan
Ret. Type: Bitmapset *
>finalize_plan,Bitmapset *, /usr/local/src/postgresql/src/backend/optimizer/plan/subselect.c:2646:10
Used: finalize_plan
Ret. Type: Bitmapset *
>finalize_plan,Bitmapset *, /usr/local/src/postgresql/src/backend/optimizer/plan/subselect.c:2646:10
Used: finalize_plan
Ret. Type: Bitmapset *
>finalize_plan,Bitmapset *, /usr/local/src/postgresql/src/backend/optimizer/plan/subselect.c:2661:10
Used: finalize_plan
Ret. Type: Bitmapset *
>finalize_plan,Bitmapset *, /usr/local/src/postgresql/src/backend/optimizer/plan/subselect.c:2661:10
Used: finalize_plan
Ret. Type: Bitmapset *
>finalize_plan,Bitmapset *, /usr/local/src/postgresql/src/backend/optimizer/plan/subselect.c:2661:10
Used: finalize_plan
Ret. Type: Bitmapset *
>finalize_plan,Bitmapset *, /usr/local/src/postgresql/src/backend/optimizer/plan/subselect.c:2819:16
Used: finalize_plan
Ret. Type: Bitmapset *
>finalize_plan,Bitmapset *, /usr/local/src/postgresql/src/backend/optimizer/plan/subselect.c:2819:16
Used: finalize_plan
Ret. Type: Bitmapset *
>finalize_plan,Bitmapset *, /usr/local/src/postgresql/src/backend/optimizer/plan/subselect.c:2819:16
Used: finalize_plan
Ret. Type: Bitmapset *
>finalize_plan,Bitmapset *, /usr/local/src/postgresql/src/backend/optimizer/plan/subselect.c:2581:10
Used: finalize_plan
Ret. Type: Bitmapset *
>finalize_plan,Bitmapset *, /usr/local/src/postgresql/src/backend/optimizer/plan/subselect.c:2581:10
Used: finalize_plan
Ret. Type: Bitmapset *
>finalize_plan,Bitmapset *, /usr/local/src/postgresql/src/backend/optimizer/plan/subselect.c:2581:10
Used: finalize_plan
Ret. Type: Bitmapset *
>finalize_plan,Bitmapset *, /usr/local/src/postgresql/src/backend/optimizer/plan/subselect.c:2616:10
Used: finalize_plan
Ret. Type: Bitmapset *
>finalize_plan,Bitmapset *, /usr/local/src/postgresql/src/backend/optimizer/plan/subselect.c:2616:10
Used: finalize_plan
Ret. Type: Bitmapset *
>finalize_plan,Bitmapset *, /usr/local/src/postgresql/src/backend/optimizer/plan/subselect.c:2616:10
Used: finalize_plan
Ret. Type: Bitmapset *
>finalize_plan,Bitmapset *, /usr/local/src/postgresql/src/backend/optimizer/plan/subselect.c:2631:10
Used: finalize_plan
Ret. Type: Bitmapset *
>finalize_plan,Bitmapset *, /usr/local/src/postgresql/src/backend/optimizer/plan/subselect.c:2631:10
Used: finalize_plan
Ret. Type: Bitmapset *
>finalize_plan,Bitmapset *, /usr/local/src/postgresql/src/backend/optimizer/plan/subselect.c:2631:10
Used: finalize_plan
Ret. Type: Bitmapset *
>finalize_plan,Bitmapset *, /usr/local/src/postgresql/src/backend/optimizer/plan/subselect.c:2646:10
Used: finalize_plan
Ret. Type: Bitmapset *
>finalize_plan,Bitmapset *, /usr/local/src/postgresql/src/backend/optimizer/plan/subselect.c:2646:10
Used: finalize_plan
Ret. Type: Bitmapset *
>finalize_plan,Bitmapset *, /usr/local/src/postgresql/src/backend/optimizer/plan/subselect.c:2646:10
Used: finalize_plan
Ret. Type: Bitmapset *
>finalize_plan,Bitmapset *, /usr/local/src/postgresql/src/backend/optimizer/plan/subselect.c:2661:10
Used: finalize_plan
Ret. Type: Bitmapset *
>finalize_plan,Bitmapset *, /usr/local/src/postgresql/src/backend/optimizer/plan/subselect.c:2661:10
Used: finalize_plan
Ret. Type: Bitmapset *
>finalize_plan,Bitmapset *, /usr/local/src/postgresql/src/backend/optimizer/plan/subselect.c:2661:10
Used: finalize_plan
Ret. Type: Bitmapset *
>finalize_plan,Bitmapset *, /usr/local/src/postgresql/src/backend/optimizer/plan/subselect.c:2819:16
Used: finalize_plan
Ret. Type: Bitmapset *
>finalize_plan,Bitmapset *, /usr/local/src/postgresql/src/backend/optimizer/plan/subselect.c:2819:16
Used: finalize_plan
Ret. Type: Bitmapset *
>finalize_plan,Bitmapset *, /usr/local/src/postgresql/src/backend/optimizer/plan/subselect.c:2819:16
Used: finalize_plan
Ret. Type: Bitmapset *
>finalize_plan,Bitmapset *, /usr/local/src/postgresql/src/backend/optimizer/plan/subselect.c:2581:10
Used: finalize_plan
Ret. Type: Bitmapset *
>finalize_plan,Bitmapset *, /usr/local/src/postgresql/src/backend/optimizer/plan/subselect.c:2581:10
Used: finalize_plan
Ret. Type: Bitmapset *
>finalize_plan,Bitmapset *, /usr/local/src/postgresql/src/backend/optimizer/plan/subselect.c:2581:10
Used: finalize_plan
Ret. Type: Bitmapset *
>finalize_plan,Bitmapset *, /usr/local/src/postgresql/src/backend/optimizer/plan/subselect.c:2616:10
Used: finalize_plan
Ret. Type: Bitmapset *
>finalize_plan,Bitmapset *, /usr/local/src/postgresql/src/backend/optimizer/plan/subselect.c:2616:10
Used: finalize_plan
Ret. Type: Bitmapset *
>finalize_plan,Bitmapset *, /usr/local/src/postgresql/src/backend/optimizer/plan/subselect.c:2616:10
Used: finalize_plan
Ret. Type: Bitmapset *
>finalize_plan,Bitmapset *, /usr/local/src/postgresql/src/backend/optimizer/plan/subselect.c:2631:10
Used: finalize_plan
Ret. Type: Bitmapset *
>finalize_plan,Bitmapset *, /usr/local/src/postgresql/src/backend/optimizer/plan/subselect.c:2631:10
Used: finalize_plan
Ret. Type: Bitmapset *
>finalize_plan,Bitmapset *, /usr/local/src/postgresql/src/backend/optimizer/plan/subselect.c:2631:10
Used: finalize_plan
Ret. Type: Bitmapset *
>finalize_plan,Bitmapset *, /usr/local/src/postgresql/src/backend/optimizer/plan/subselect.c:2646:10
Used: finalize_plan
Ret. Type: Bitmapset *
>finalize_plan,Bitmapset *, /usr/local/src/postgresql/src/backend/optimizer/plan/subselect.c:2646:10
Used: finalize_plan
Ret. Type: Bitmapset *
>finalize_plan,Bitmapset *, /usr/local/src/postgresql/src/backend/optimizer/plan/subselect.c:2646:10
Used: finalize_plan
Ret. Type: Bitmapset *
>finalize_plan,Bitmapset *, /usr/local/src/postgresql/src/backend/optimizer/plan/subselect.c:2661:10
Used: finalize_plan
Ret. Type: Bitmapset *
>finalize_plan,Bitmapset *, /usr/local/src/postgresql/src/backend/optimizer/plan/subselect.c:2661:10
Used: finalize_plan
Ret. Type: Bitmapset *
>finalize_plan,Bitmapset *, /usr/local/src/postgresql/src/backend/optimizer/plan/subselect.c:2661:10
Used: finalize_plan
Ret. Type: Bitmapset *
>finalize_plan,Bitmapset *, /usr/local/src/postgresql/src/backend/optimizer/plan/subselect.c:2819:16
Used: finalize_plan
Ret. Type: Bitmapset *
>finalize_plan,Bitmapset *, /usr/local/src/postgresql/src/backend/optimizer/plan/subselect.c:2819:16
Used: finalize_plan
Ret. Type: Bitmapset *
>finalize_plan,Bitmapset *, /usr/local/src/postgresql/src/backend/optimizer/plan/subselect.c:2819:16
Used: finalize_plan
Ret. Type: Bitmapset *
>ginFinishOldSplit,GinBtreeStack *, /usr/local/src/postgresql/src/backend/access/gin/ginbtree.c:800:1
Used: ginFinishSplit
Ret. Type: void
>ginFinishOldSplit,GinBtreeStack *, /usr/local/src/postgresql/src/backend/access/gin/ginbtree.c:800:1
Used: ginFinishSplit
Ret. Type: void
>ApplyRetrieveRule,List *, /usr/local/src/postgresql/src/backend/rewrite/rewriteHandler.c:1846:15
Used: fireRIRrules
Ret. Type: Query *
>fireRIRrules,List *, /usr/local/src/postgresql/src/backend/rewrite/rewriteHandler.c:2052:19
Used: fireRIRrules
Ret. Type: Query *
>fireRIRrules,List *, /usr/local/src/postgresql/src/backend/rewrite/rewriteHandler.c:2052:19
Used: fireRIRrules
Ret. Type: Query *
>fireRIRrules,List *, /usr/local/src/postgresql/src/backend/rewrite/rewriteHandler.c:2172:3
Used: fireRIRrules
Ret. Type: Query *
>fireRIRrules,List *, /usr/local/src/postgresql/src/backend/rewrite/rewriteHandler.c:2152:17
Used: ApplyRetrieveRule
Ret. Type: Query *
>ApplyRetrieveRule,List *, /usr/local/src/postgresql/src/backend/rewrite/rewriteHandler.c:1846:15
Used: fireRIRrules
Ret. Type: Query *
>fireRIRrules,List *, /usr/local/src/postgresql/src/backend/rewrite/rewriteHandler.c:2052:19
Used: fireRIRrules
Ret. Type: Query *
>fireRIRrules,List *, /usr/local/src/postgresql/src/backend/rewrite/rewriteHandler.c:2052:19
Used: fireRIRrules
Ret. Type: Query *
>fireRIRrules,List *, /usr/local/src/postgresql/src/backend/rewrite/rewriteHandler.c:2172:3
Used: fireRIRrules
Ret. Type: Query *
>ApplyRetrieveRule,List *, /usr/local/src/postgresql/src/backend/rewrite/rewriteHandler.c:1846:15
Used: fireRIRrules
Ret. Type: Query *
>fireRIRrules,List *, /usr/local/src/postgresql/src/backend/rewrite/rewriteHandler.c:2052:19
Used: fireRIRrules
Ret. Type: Query *
>fireRIRrules,List *, /usr/local/src/postgresql/src/backend/rewrite/rewriteHandler.c:2052:19
Used: fireRIRrules
Ret. Type: Query *
>fireRIRrules,List *, /usr/local/src/postgresql/src/backend/rewrite/rewriteHandler.c:2172:3
Used: fireRIRrules
Ret. Type: Query *
>RewriteQuery,List *, /usr/local/src/postgresql/src/backend/rewrite/rewriteHandler.c:3911:13
Used: RewriteQuery
Ret. Type: List *
>RewriteQuery,List *, /usr/local/src/postgresql/src/backend/rewrite/rewriteHandler.c:3911:13
Used: RewriteQuery
Ret. Type: List *
>RewriteQuery,List *, /usr/local/src/postgresql/src/backend/rewrite/rewriteHandler.c:4299:15
Used: RewriteQuery
Ret. Type: List *
>ApplyRetrieveRule,List *, /usr/local/src/postgresql/src/backend/rewrite/rewriteHandler.c:1846:15
Used: fireRIRrules
Ret. Type: Query *
>fireRIRrules,List *, /usr/local/src/postgresql/src/backend/rewrite/rewriteHandler.c:2052:19
Used: fireRIRrules
Ret. Type: Query *
>fireRIRrules,List *, /usr/local/src/postgresql/src/backend/rewrite/rewriteHandler.c:2052:19
Used: fireRIRrules
Ret. Type: Query *
>fireRIRrules,List *, /usr/local/src/postgresql/src/backend/rewrite/rewriteHandler.c:2172:3
Used: fireRIRrules
Ret. Type: Query *
>ApplyRetrieveRule,List *, /usr/local/src/postgresql/src/backend/rewrite/rewriteHandler.c:1846:15
Used: fireRIRrules
Ret. Type: Query *
>fireRIRrules,List *, /usr/local/src/postgresql/src/backend/rewrite/rewriteHandler.c:2052:19
Used: fireRIRrules
Ret. Type: Query *
>fireRIRrules,List *, /usr/local/src/postgresql/src/backend/rewrite/rewriteHandler.c:2052:19
Used: fireRIRrules
Ret. Type: Query *
>fireRIRrules,List *, /usr/local/src/postgresql/src/backend/rewrite/rewriteHandler.c:2172:3
Used: fireRIRrules
Ret. Type: Query *
>RewriteQuery,List *, /usr/local/src/postgresql/src/backend/rewrite/rewriteHandler.c:3911:13
Used: RewriteQuery
Ret. Type: List *
>RewriteQuery,List *, /usr/local/src/postgresql/src/backend/rewrite/rewriteHandler.c:3911:13
Used: RewriteQuery
Ret. Type: List *
>RewriteQuery,List *, /usr/local/src/postgresql/src/backend/rewrite/rewriteHandler.c:4299:15
Used: RewriteQuery
Ret. Type: List *
>RewriteQuery,List *, /usr/local/src/postgresql/src/backend/rewrite/rewriteHandler.c:3911:13
Used: RewriteQuery
Ret. Type: List *
>RewriteQuery,List *, /usr/local/src/postgresql/src/backend/rewrite/rewriteHandler.c:3911:13
Used: RewriteQuery
Ret. Type: List *
>RewriteQuery,List *, /usr/local/src/postgresql/src/backend/rewrite/rewriteHandler.c:4299:15
Used: RewriteQuery
Ret. Type: List *
>descriptor_deallocate_all,struct descriptor *, /usr/local/src/postgresql/src/interfaces/ecpg/ecpglib/descriptor.c:786:2
Used: descriptor_free
Ret. Type: void
>audit_attempt,char *, /usr/local/src/postgresql/src/test/modules/test_oat_hooks/test_oat_hooks.c:261:1
Used: emit_audit_message
Ret. Type: void
>audit_failure,char *, /usr/local/src/postgresql/src/test/modules/test_oat_hooks/test_oat_hooks.c:273:1
Used: emit_audit_message
Ret. Type: void
>audit_success,char *, /usr/local/src/postgresql/src/test/modules/test_oat_hooks/test_oat_hooks.c:267:1
Used: emit_audit_message
Ret. Type: void
>audit_attempt,char *, /usr/local/src/postgresql/src/test/modules/test_oat_hooks/test_oat_hooks.c:261:1
Used: emit_audit_message
Ret. Type: void
>audit_failure,char *, /usr/local/src/postgresql/src/test/modules/test_oat_hooks/test_oat_hooks.c:273:1
Used: emit_audit_message
Ret. Type: void
>audit_success,char *, /usr/local/src/postgresql/src/test/modules/test_oat_hooks/test_oat_hooks.c:267:1
Used: emit_audit_message
Ret. Type: void
>test_nosync,PGconn *, /usr/local/src/postgresql/src/test/modules/libpq_pipeline/libpq_pipeline.c:647:3
Used: exit_nicely
Ret. Type: void
>test_pipelined_insert,PGconn *, /usr/local/src/postgresql/src/test/modules/libpq_pipeline/libpq_pipeline.c:1098:3
Used: exit_nicely
Ret. Type: void
>test_nosync,PGconn *, /usr/local/src/postgresql/src/test/modules/libpq_pipeline/libpq_pipeline.c:647:3
Used: exit_nicely
Ret. Type: void
>test_pipelined_insert,PGconn *, /usr/local/src/postgresql/src/test/modules/libpq_pipeline/libpq_pipeline.c:1098:3
Used: exit_nicely
Ret. Type: void
>test_nosync,PGconn *, /usr/local/src/postgresql/src/test/modules/libpq_pipeline/libpq_pipeline.c:647:3
Used: exit_nicely
Ret. Type: void
>test_pipelined_insert,PGconn *, /usr/local/src/postgresql/src/test/modules/libpq_pipeline/libpq_pipeline.c:1098:3
Used: exit_nicely
Ret. Type: void
>test_nosync,PGconn *, /usr/local/src/postgresql/src/test/modules/libpq_pipeline/libpq_pipeline.c:647:3
Used: exit_nicely
Ret. Type: void
>test_pipelined_insert,PGconn *, /usr/local/src/postgresql/src/test/modules/libpq_pipeline/libpq_pipeline.c:1098:3
Used: exit_nicely
Ret. Type: void
>test_nosync,PGconn *, /usr/local/src/postgresql/src/test/modules/libpq_pipeline/libpq_pipeline.c:647:3
Used: exit_nicely
Ret. Type: void
>test_pipelined_insert,PGconn *, /usr/local/src/postgresql/src/test/modules/libpq_pipeline/libpq_pipeline.c:1098:3
Used: exit_nicely
Ret. Type: void
>test_nosync,PGconn *, /usr/local/src/postgresql/src/test/modules/libpq_pipeline/libpq_pipeline.c:647:3
Used: exit_nicely
Ret. Type: void
>test_pipelined_insert,PGconn *, /usr/local/src/postgresql/src/test/modules/libpq_pipeline/libpq_pipeline.c:1098:3
Used: exit_nicely
Ret. Type: void
>test_nosync,PGconn *, /usr/local/src/postgresql/src/test/modules/libpq_pipeline/libpq_pipeline.c:647:3
Used: exit_nicely
Ret. Type: void
>test_pipelined_insert,PGconn *, /usr/local/src/postgresql/src/test/modules/libpq_pipeline/libpq_pipeline.c:1098:3
Used: exit_nicely
Ret. Type: void
>test_nosync,PGconn *, /usr/local/src/postgresql/src/test/modules/libpq_pipeline/libpq_pipeline.c:647:3
Used: exit_nicely
Ret. Type: void
>test_pipelined_insert,PGconn *, /usr/local/src/postgresql/src/test/modules/libpq_pipeline/libpq_pipeline.c:1098:3
Used: exit_nicely
Ret. Type: void
>pgstat_relation,Relation, /usr/local/src/postgresql/contrib/pgstattuple/pgstattuple.c:258:9
Used: pgstat_heap
Ret. Type: Datum
>pgstat_relation,Relation, /usr/local/src/postgresql/contrib/pgstattuple/pgstattuple.c:272:11
Used: pgstat_index
Ret. Type: Datum
>pgstat_relation,Relation, /usr/local/src/postgresql/contrib/pgstattuple/pgstattuple.c:275:11
Used: pgstat_index
Ret. Type: Datum
>pgstat_relation,Relation, /usr/local/src/postgresql/contrib/pgstattuple/pgstattuple.c:278:11
Used: pgstat_index
Ret. Type: Datum
>report_corruption,char *, /usr/local/src/postgresql/contrib/amcheck/verify_heapam.c:857:1
Used: report_corruption_internal
Ret. Type: void
>report_toast_corruption,char *, /usr/local/src/postgresql/contrib/amcheck/verify_heapam.c:874:1
Used: report_corruption_internal
Ret. Type: void
