>audit_attempt,char *, /usr/local/src/postgresql/src/test/modules/test_oat_hooks/test_oat_hooks.c
>audit_failure,char *, /usr/local/src/postgresql/src/test/modules/test_oat_hooks/test_oat_hooks.c
>audit_success,char *, /usr/local/src/postgresql/src/test/modules/test_oat_hooks/test_oat_hooks.c
>bms_join,Bitmapset *, /usr/local/src/postgresql/src/backend/nodes/bitmapset.c
>cat2_str,char *, /usr/local/src/postgresql/src/interfaces/ecpg/preproc/preproc.c
>deallocate_one,struct prepared_statement *, /usr/local/src/postgresql/src/interfaces/ecpg/ecpglib/prepare.c
>dofindsubquery,QTNode *, /usr/local/src/postgresql/src/backend/utils/adt/tsquery_rewrite.c
>emit_audit_message,char *, /usr/local/src/postgresql/src/test/modules/test_oat_hooks/test_oat_hooks.c
>exit_nicely,PGconn *, /usr/local/src/postgresql/src/test/examples/testlibpq4.c
>ExplainSubPlans,List *, /usr/local/src/postgresql/src/backend/commands/explain.c
>finalize_plan,Bitmapset *, /usr/local/src/postgresql/src/backend/optimizer/plan/subselect.c
>findeq,QTNode *, /usr/local/src/postgresql/src/backend/utils/adt/tsquery_rewrite.c
>findsubquery,QTNode *, /usr/local/src/postgresql/src/backend/utils/adt/tsquery_rewrite.c
>gzip_pfree,void *, /usr/local/src/postgresql/src/backend/backup/basebackup_gzip.c
>gzip_pfree,void *, /usr/local/src/postgresql/src/bin/pg_basebackup/bbstreamer_gzip.c
>make2_str,char *, /usr/local/src/postgresql/src/interfaces/ecpg/preproc/preproc.c
>make3_str,char *, /usr/local/src/postgresql/src/interfaces/ecpg/preproc/preproc.c
>output_prepare_statement,char *, /usr/local/src/postgresql/src/interfaces/ecpg/preproc/output.c
>PageRestoreTempPage,Page, /usr/local/src/postgresql/src/backend/storage/page/bufpage.c
>restorePsetInfo,printQueryOpt *, /usr/local/src/postgresql/src/bin/psql/command.c
>rewrite_heap_tuple,HeapTuple, /usr/local/src/postgresql/src/backend/access/heap/rewriteheap.c
>updateAclDependencies,Oid *, /usr/local/src/postgresql/src/backend/catalog/pg_shdepend.c
>updateAclDependenciesWorker,Oid *, /usr/local/src/postgresql/src/backend/catalog/pg_shdepend.c
>updateInitAclDependencies,Oid *, /usr/local/src/postgresql/src/backend/catalog/pg_shdepend.c
>z_free,void *, /usr/local/src/postgresql/contrib/pgcrypto/pgp-compress.c
