>gzip_pfree,void *, /usr/local/src/postgresql/src/bin/pg_basebackup/bbstreamer_gzip.c:362:1
Used: pfree
Ret. Type: void
>dofindsubquery,QTNode *, /usr/local/src/postgresql/src/backend/utils/adt/tsquery_rewrite.c:250:3
Used: pfree
Ret. Type: QTNode *
>updateAclDependenciesWorker,Oid *, /usr/local/src/postgresql/src/backend/catalog/pg_shdepend.c:592:2
Used: pfree
Ret. Type: void
>updateAclDependenciesWorker,Oid *, /usr/local/src/postgresql/src/backend/catalog/pg_shdepend.c:594:2
Used: pfree
Ret. Type: void
>gzip_pfree,void *, /usr/local/src/postgresql/src/backend/backup/basebackup_gzip.c:301:1
Used: pfree
Ret. Type: void
>PageRestoreTempPage,Page, /usr/local/src/postgresql/src/backend/storage/page/bufpage.c:431:1
Used: pfree
Ret. Type: void
>deallocate_one,struct prepared_statement *, /usr/local/src/postgresql/src/interfaces/ecpg/ecpglib/prepare.c:309:1
Used: ecpg_free
Ret. Type: bool
>emit_audit_message,char *, /usr/local/src/postgresql/src/test/modules/test_oat_hooks/test_oat_hooks.c:253:2
Used: pfree
Ret. Type: void
>emit_audit_message,char *, /usr/local/src/postgresql/src/test/modules/test_oat_hooks/test_oat_hooks.c:255:2
Used: pfree
Ret. Type: void
>z_free,void *, /usr/local/src/postgresql/contrib/pgcrypto/pgp-compress.c:66:1
Used: pfree
Ret. Type: void
