>CopyMultiInsertBufferCleanup
>updateAclDependencies
>updateAclDependencies
>_bt_insertonpg
>_bt_blwritepage
>merge_clump
>add_partial_path
>add_path
>addHLParsedLex
>addHLParsedLex
>string_to_text
>clean_NOT_intree
>clean_stopword_intree
>plainnode
>recursive_revoke
>dofindsubquery
>bms_add_members
>bms_del_member
>bms_del_members
>bms_int_members
>PageRestoreTempPage
>ReorderBufferIterTXNFinish
>ReorderBufferReturnChange
>ReorderBufferReturnRelids
>ReorderBufferReturnTXN
>ReorderBufferReturnTupleBuf
>ExecParallelCleanup
>ExecDropSingleTupleTableSlot
>ExecForceStoreHeapTuple
>ExecForceStoreMinimalTuple
>PLy_function_restore_args
>json_manifest_scalar
>createNewConnection
>dblink_security_check
