>addHLParsedLex,ParsedLex *
>addHLParsedLex,TSLexeme *
>add_partial_path,Path *
>add_path,Path *
>avlFree,avl_node *
>bms_add_members,Bitmapset *
>bms_del_member,Bitmapset *
>bms_del_members,Bitmapset *
>bms_free,Bitmapset *
>bms_int_members,Bitmapset *
>bms_replace_members,Bitmapset *
>bool_substitute_hook,char *
>_bt_insertonpg,IndexTuple
>cat2_str,char *
>CatalogCloseIndexes,CatalogIndexState
>CatCacheRemoveCList,CatCList *
>CatCacheRemoveCTup,CatCTup *
>clean_NOT_intree,NODE *
>clean_stopword_intree,NODE *
>close_tsvector_parser,TSVectorParseState
>CopyMultiInsertBufferCleanup,CopyMultiInsertBuffer *
>createNewConnection,remoteConn *
>dblink_security_check,remoteConn *
>deallocate_one,struct prepared_statement *
>DeCloneArchive,ArchiveHandle *
>destroyStringInfo,StringInfo
>dofindsubquery,QTNode *
>dsm_detach,dsm_segment *
>dump_variables,struct arguments *
>ecpg_finish,struct connection *
>ECPGfree_type,struct ECPGtype *
>EndCompressFileHandle,CompressFileHandle *
>EndCompressor,CompressorState *
>EndCopyFrom,CopyFromState
>end_tup_output,TupOutputState *
>ExecDropSingleTupleTableSlot,TupleTableSlot *
>ExecForceStoreHeapTuple,HeapTuple
>ExecForceStoreMinimalTuple,MinimalTuple
>FreeBulkInsertState,BulkInsertState
>free_child_join_sjinfo,SpecialJoinInfo *
>free_command,Command *
>free_copy_options,struct copy_options *
>free_edge_table,Edge *
>free_keep_errno,void *
>freetree,NODE *
>HandleEndOfCopyStream,char *
>init_spawned_worker_win32,WorkerInfo *
>insert_tobeinserted,char *
>jit_release_context,JitContext *
>json_manifest_object_field_start,char *
>json_manifest_scalar,char *
>json_parse_manifest_incremental_shutdown,JsonManifestParseIncrementalState *
>make2_str,char *
>make3_str,char *
>make_func,PgBenchExprList *
>merge_clump,Clump *
>output_prepare_statement,char *
>output_simple_statement,char *
>output_statement,char *
>pa_free_worker_info,ParallelApplyWorkerInfo *
>PageRestoreTempPage,Page
>ParallelBackupEnd,ParallelState *
>pfree,void *
>PGTYPESchar_free,char *
>plainnode,NODE *
>PLy_function_restore_args,PLySavedArgs *
>PQclear,PGresult *
>PQfreemem,void *
>PQfreeNotify,PGnotify *
>QTNFree,QTNode *
>quote_postgres,char *
>read_stream_end,ReadStream *
>recursive_revoke,Acl *
>RelationDestroyRelation,Relation
>ReorderBufferIterTXNFinish,ReorderBufferIterTXNState *
>ReorderBufferReturnChange,ReorderBufferChange *
>ReorderBufferReturnRelids,Oid *
>ReorderBufferReturnTupleBuf,HeapTuple
>ReorderBufferReturnTXN,ReorderBufferTXN *
>report_corruption_internal,char *
>restore_global_locale,save_locale_t
>restorePsetInfo,printQueryOpt *
>string_to_text,char *
>TidStoreEndIterate,TidStoreIter *
>toast_close_indexes,Relation *
>updateAclDependenciesWorker,Oid *
>writefile,char * *
