>add_abs
>AddISO8601IntPart
>addlit
>addlitchar
>AddPostgresIntPart
>add_socket_to_set
>add_stringlist_item
>AddVerboseIntPart
>adjust_data_dir
>AdjustFractDays
>allocate_recordbuf
>alloc_socket_set
>alloc_var
>AnonymousShmemDetach
>AppendSeconds
>appendStringInfoText
>_ArchiveEntry
>array_desc
>base_yyerror
>BF_encode
>brin_desc
>brin_identify
>btree_desc
>btree_identify
>build_hash_table
>calc_hist_selectivity
>calc_hist_selectivity_contained
>calc_hist_selectivity_contains
>calc_hist_selectivity_scalar
>calc_length_hist_frac
>check_collation_set
>checkcondition_arr
>checkcondition_bit
>checkcondition_gin
>checkcondition_str
>checkControlFile
>check_errno
>check_huge_page_size
>check_ok
>check_return
>check_role
>check_uescapechar
>clause_sides_match_join
>cleanup
>cleanup_directories_atexit
>clear_socket_set
>clog_desc
>clog_identify
>_Clone
>_CloseArchive
>cmp_abs
>cmpOffsetNumbers
>CommitTransaction
>commit_ts_desc
>commit_ts_identify
>common_entry_cmp
>commonPrefix
>compare_block_numbers
>comparecost
>compare_int16
>connectDatabase
>consoleHandler
>copy_file
>CreateAnonymousSegment
>create_logical_replication_slot
>CreateReplicationSlot
>CreateRestrictedProcess
>date2j
>datebsearch
>dbase_desc
>dbase_identify
>decimalLength
>_DeClone
>DecodeDate
>DecodeDateTime
>DecodeInterval
>DecodeISO8601Interval
>DecodeNumber
>DecodeNumberField
>DecodeSpecial
>DecodeTime
>DecodeTimezone
>DecodeUnits
>DecodeXLogRecord
>DecodeXLogRecordRequiredSpace
>delvacuum_desc
>desc_recompress_leaf
>detzcode
>detzcode64
>differ_by_repeat
>disconnect_atexit
>do_start
>do_syncfs
>DropReplicationSlot
>dt2local
>dt2time
>dump_sqlda
>dumpTimestamp
>dumptuples
>durable_rename
>ecpg_dynamic_type
>ecpg_init
>ecpg_isspace
>ecpg_type_name
>element_compare
>EncodeDateOnly
>EncodeDateTime
>EncodeInterval
>EncodeSpecialTimestamp
>_EndData
>_EndLO
>_EndLOs
>error
>escape_json
>escape_quotes
>examine_attribute
>executeCommand
>executeQuery
>exit_nicely
>explicit_bzero
>exportFile
>fillcache
>findoprnd
>find_word
>fn
>fnname
>formTextDatum
>fprintf_to_ereport
>free_socket_set
>fsync_fname
>fsync_parent_path
>gcd
>generate_relation_name
>generic_desc
>generic_identify
>GetAggInitVal
>GetConnection
>GetCurrentDateTime
>get_distance
>GetEpochTime
>get_hex
>GetHugePageSize
>get_language_name
>getlen
>get_len_position
>getnum
>get_object_type
>getoffset
>get_position
>getQuadrant
>getqzname
>getrule
>getsecs
>get_str_from_var
>get_useful_pathkeys_for_relation
>get_wal_level_string
>getzname
>gin_desc
>gin_identify
>gist_desc
>gist_identify
>gist_qe
>gist_qtxt
>gmtload
>gmtsub
>grow_memtuples
>gzip_palloc
>gzip_pfree
>handle_args
>handle_sig_alarm
>hash_desc
>hash_identify
>hashing
>heap2_desc
>heap2_identify
>heap_compare_slots
>heap_desc
>heap_identify
>heap_xlog_deserialize_prune_and_freeze
>help
>hemdist
>hemdistcache
>hemdistsign
>hex_decode
>hex_encode
>hexval
>icu_language_tag
>icu_validate_locale
>identify_system_timezone
>importFile
>increment_overflow
>increment_overflow_time
>infix
>infobits_desc
>InitCompressFileHandleGzip
>InitCompressFileHandleLZ4
>InitCompressFileHandleZstd
>InitCompressorGzip
>InitCompressorLZ4
>InitCompressorZstd
>init_ttinfo
>input
>internal_forkexec
>InternalIpcMemoryCreate
>interval_cmp_lower
>interval_cmp_upper
>IpcMemoryDelete
>IpcMemoryDetach
>ISO8601IntegerWidth
>IsoLocaleName
>is_superuser
>is_valid_option
>j2date
>leapcorr
>leaps_thru_end_of
>leaps_thru_end_of_nonneg
>left_offset
>length_hist_bsearch
>link
>litbufdup
>_LoadLOs
>localsub
>logicalmsg_desc
>logicalmsg_identify
>lo_read
>lo_write
>main
>make_case
>make_op
>makepol
>make_result
>makesign
>mdc_free
>mdc_init
>mulShift
>mulShiftAll
>multipleOfPowerOf2
>multipleOfPowerOf5
>multixact_desc
>multixact_identify
>my_BIO_s_socket
>my_sock_read
>my_sock_write
>my_SSL_set_fd
>notice_processor
>numeric_abbrev_convert_var
>offset_elem_desc
>offset_relid_set
>oid_elem_desc
>out_gistxlogDelete
>out_gistxlogPageDelete
>out_gistxlogPageReuse
>out_gistxlogPageSplit
>out_gistxlogPageUpdate
>out_member
>overwrite
>palloc
>palloc0
>palloc_extended
>parent_offset
>parse
>ParseAbortRecord
>ParseCommitRecord
>ParseDateTime
>ParseISO8601Number
>ParsePrepareRecord
>parser_init
>pfree
>pg_base64_dec_len
>pg_base64_decode
>pg_base64_enc_len
>pg_base64_encode
>pg_comp_crc32c_choose
>pg_cryptohash_create
>pg_cryptohash_error
>pg_cryptohash_final
>pg_cryptohash_free
>pg_cryptohash_init
>pg_cryptohash_update
>pg_foreach_ifaddr
>pg_fsync_writethrough
>pg_get_encoding_from_locale
>pg_get_timezone_name
>pg_get_timezone_offset
>pg_gmtime
>pg_GSS_error
>pg_GSS_error_int
>pg_hmac_create
>pg_hmac_error
>pg_hmac_final
>pg_hmac_free
>pg_hmac_init
>pg_hmac_update
>_PG_init
>pg_interpret_timezone_abbrev
>pg_localtime
>pg_next_dst_boundary
>pg_open_tzfile
>_PG_output_plugin_init
>pgp_compress_filter
>pgp_decompress_filter
>PGReserveSemaphores
>PGSemaphoreCreate
>PGSemaphoreLock
>PGSemaphoreReset
>PGSemaphoreShmemSize
>PGSemaphoreTryLock
>PGSemaphoreUnlock
>PGSharedMemoryAttach
>PGSharedMemoryCreate
>PGSharedMemoryDetach
>PGSharedMemoryIsInUse
>PGSharedMemoryNoReAttach
>PGSharedMemoryReAttach
>pg_SSPI_error
>pg_strong_random
>pg_strong_random_init
>pg_tz_acceptable
>pg_TZDIR
>pg_usleep
>pickout
>plan_elem_desc
>pnstrdup
>PosixSemaphoreCreate
>PosixSemaphoreKill
>pow5Factor
>PQdefaultSSLKeyPassHook_OpenSSL
>PQgetgssctx
>PQgetssl
>PQgetSSLKeyPassHook_OpenSSL
>PQgssEncInUse
>PQsetSSLKeyPassHook_OpenSSL
>pqsignal
>PQsslAttribute
>PQsslAttributeNames
>PQsslStruct
>_PrepParallelRestore
>pre_sync_fname
>print
>print_double
>_PrintExtraToc
>_PrintFileData
>_PrintTocData
>process_alarm
>process_file
>process_integer_literal
>progress_report
>prssyntaxerror
>pstrdup
>pthread_mutex_init
>pthread_mutex_lock
>pthread_mutex_unlock
>pushquery
>pushval_asis
>quote_identifier
>r_aditzak
>r_adjectival
>r_adjective
>r_adjetiboak
>random_relative_prime
>r_attached_pronoun
>rbound_bsearch
>r_case
>r_case_ending
>r_case_other
>r_case_special
>r_cleaning
>r_combo_suffix
>r_consonant_pair
>r_deriv
>r_derivational
>r_double
>read_attr_value
>_ReadBuf
>_ReadByte
>_ReadExtraToc
>readfile
>ReadPageInternal
>readtup_heap
>recognized_connection_string
>redirect_elem_desc
>r_e_ending
>ReleaseSemaphores
>relmap_desc
>relmap_identify
>r_en_ending
>_ReopenArchive
>repalloc
>repeat
>replorigin_desc
>replorigin_identify
>report_invalid_record
>report_manifest_error
>ResetDecoder
>RestoreArchivedFile
>RestoreBlockImage
>r_exception1
>r_exception2
>r_factive
>r_has_min_length
>right_offset
>r_initial_morph
>r_instrum
>r_i_plural
>r_i_verb_suffix
>r_izenak
>r_KER
>r_LONG
>r_main_suffix
>r_mark_regions
>r_noun
>r_noun_sfx
>rot13_passphrase
>r_other_endings
>r_other_suffix
>r_owned
>r_particle_etc
>r_perfective_gerund
>r_plural
>r_plur_owner
>r_possessive
>r_postlude
>r_prelude
>r_R1
>r_R2
>r_reflexive
>r_remove_first_order_prefix
>r_remove_particle
>r_remove_possessive_pronoun
>r_remove_second_order_prefix
>r_remove_suffix
>r_residual_form
>r_residual_suffix
>r_RV
>r_shortv
>r_sing_owner
>r_standard_suffix
>r_step_0
>r_step1
>r_Step_1a
>r_Step_1b
>r_Step_1c
>r_Step_2
>r_Step_3
>r_Step_4
>r_Step_5
>r_Step_5a
>r_Step_5b
>r_SUFFIX_AN_OK
>r_SUFFIX_I_OK
>r_SUFFIX_KAN_OK
>r_tidy
>r_tidy_up
>r_t_plural
>r_un_accent
>r_un_double
>r_undouble
>r_v_ending
>r_verb
>r_verb_sfx
>r_verb_suffix
>r_VI
>r_VOWEL
>r_vowel_suffix
>r_y_verb_suffix
>scram_exchange
>scram_init
>searchChar
>select_div_scale
>select_loop
>sendFeedback
>seq_desc
>seq_identify
>setalarm
>set_cancel_handler
>SetEpochTimestamp
>setup_cancel_handler
>set_var_from_str
>SHA256_Transform
>SHA512_Transform
>sigexit_handler
>sizebitvec
>smgr_desc
>smgr_identify
>socket_has_input
>spg_desc
>spg_identify
>SplitGUCList
>sqlda_dynamic_type
>SSLerrmessage
>ssl_protocol_version_to_openssl
>standby_desc
>standby_desc_invalidations
>standby_desc_running_xacts
>standby_identify
>_StartData
>_StartLO
>_StartLOs
>start_postmaster
>StartTransaction
>stop_postmaster
>string_to_uuid
>sub_abs
>_tarWriteHeader
>tblspc_desc
>tblspc_identify
>test_empty
>test_thread
>TidExprListCreate
>time2t
>timestamp2tm
>timestamptz_to_str
>timestamptz_to_time_t
>timesub
>tm2timestamp
>to_chars
>TopoSort
>trackitem_compare_frequencies_desc
>TransactionIdInArray
>TransactionIdInRecentPast
>TransactionIdToPage
>transtime
>truncate_flags_desc
>typesequiv
>tzload
>tzloadbody
>tzparse
>unionkey
>unlimit_core_size
>uri_prefix_length
>usage
>uuid_generate_internal
>uuid_internal_cmp
>validate_relation_kind
>valid_variable_name
>ValidXLogRecord
>ValidXLogRecordHeader
>verify_cb
>WaitEventSetWaitBlock
>wait_on_socket_set
>walkdir
>WALOpenSegmentInit
>WALRead
>warn
>_WriteBuf
>_WriteByte
>_WriteData
>write_eventlog
>_WriteExtraToc
>write_stderr
>writeTimeLineHistoryFile
>WriteTruncateXlogRec
>writetup_heap
>WriteZeroPageXlogRec
>xact_desc
>xact_desc_abort
>xact_desc_assignment
>xact_desc_commit
>xact_desc_prepare
>xact_desc_relations
>xact_desc_stats
>xact_desc_subxacts
>xact_identify
>x_cmp
>XLogBeginRead
>XLogDecodeNextRecord
>xlog_desc
>XLogFindNextRecord
>xlog_identify
>XLogNextRecord
>XLogReadAhead
>XLogReaderAllocate
>XLogReaderFree
>XLogReaderInvalReadState
>XLogReaderResetError
>XLogReaderSetDecodeBuffer
>XLogReaderValidatePageHeader
>XLogReadRecord
>XLogReadRecordAlloc
>XLogRecGetBlockData
>XLogRecGetBlockRefInfo
>XLogRecGetBlockTag
>XLogRecGetBlockTagExtended
>XLogRecGetFullXid
>XLogRecGetLen
>XLogRecStoreStats
>XLogReleasePreviousRecord
>y_cmp
>yyalloc
>yy_create_buffer
>yy_delete_buffer
>yydestruct
>yyensure_buffer_stack
>yy_fatal_error
>yy_flex_strlen
>yy_flex_strncpy
>yy_flush_buffer
>yyfree
>yyget_column
>yyget_debug
>yyget_extra
>yyget_in
>yyget_leng
>yyget_lineno
>yyget_lval
>yy_get_next_buffer
>yyget_out
>yy_get_previous_state
>yyget_text
>yy_init_buffer
>yy_init_globals
>yylex_destroy
>yylex_init
>yylex_init_extra
>yy_load_buffer_state
>yy_location_print_
>yyparse
>yypop_buffer_state
>yypush_buffer_state
>yyrealloc
>yy_reduce_print
>yyrestart
>yy_scan_buffer
>yy_scan_bytes
>yy_scan_string
>yyset_column
>yyset_debug
>yyset_extra
>yyset_in
>yyset_lineno
>yyset_lval
>yyset_out
>yy_stack_print
>yy_switch_to_buffer
>yysymbol_name
>yy_symbol_print
>yy_symbol_value_print
>yy_try_NUL_trans
>zero_var
