>addHLParsedLex,ParsedLex *
/usr/local/src/postgresql/src/backend/tsearch/ts_parse.c:521:2
Used: pfree
Ret. Type: void
>addHLParsedLex,TSLexeme *
/usr/local/src/postgresql/src/backend/tsearch/ts_parse.c:535:2
Used: pfree
Ret. Type: void
>add_partial_path,Path *
/usr/local/src/postgresql/src/backend/optimizer/util/pathnode.c:850:2
Used: pfree
Ret. Type: void
>add_path,Path *
/usr/local/src/postgresql/src/backend/optimizer/util/pathnode.c:620:3
Used: pfree
Ret. Type: void
>avlFree,avl_node *
/usr/local/src/postgresql/src/bin/psql/crosstabview.c:464:3
Used: pg_free
Ret. Type: void
>bms_add_members,Bitmapset *
/usr/local/src/postgresql/src/backend/nodes/bitmapset.c:957:2
Used: pfree
Ret. Type: Bitmapset *
>bms_del_member,Bitmapset *
/usr/local/src/postgresql/src/backend/nodes/bitmapset.c:907:2
Used: pfree
Ret. Type: Bitmapset *
>bms_del_members,Bitmapset *
/usr/local/src/postgresql/src/backend/nodes/bitmapset.c:1211:3
Used: pfree
Ret. Type: Bitmapset *
>bms_free,Bitmapset *
/usr/local/src/postgresql/src/backend/nodes/bitmapset.c:242:2
Used: pfree
Ret. Type: void
>bms_int_members,Bitmapset *
/usr/local/src/postgresql/src/backend/nodes/bitmapset.c:1123:2
Used: pfree
Ret. Type: Bitmapset *
>bms_int_members,Bitmapset *
/usr/local/src/postgresql/src/backend/nodes/bitmapset.c:1142:2
Used: pfree
Ret. Type: Bitmapset *
>bms_int_members,Bitmapset *
/usr/local/src/postgresql/src/backend/nodes/bitmapset.c:1123:2
Used: pfree
Ret. Type: Bitmapset *
>bms_int_members,Bitmapset *
/usr/local/src/postgresql/src/backend/nodes/bitmapset.c:1142:2
Used: pfree
Ret. Type: Bitmapset *
>bms_replace_members,Bitmapset *
/usr/local/src/postgresql/src/backend/nodes/bitmapset.c:983:2
Used: pfree
Ret. Type: Bitmapset *
>bool_substitute_hook,char *
/usr/local/src/postgresql/src/bin/psql/startup.c:868:2
Used: pg_free
Ret. Type: char *
>_bt_insertonpg,IndexTuple
/usr/local/src/postgresql/src/backend/access/nbtree/nbtinsert.c:1435:2
Used: pfree
Ret. Type: void
>CatCacheRemoveCTup,CatCTup *
/usr/local/src/postgresql/src/backend/utils/cache/catcache.c:538:1
Used: pfree
Ret. Type: void
>clean_NOT_intree,NODE *
/usr/local/src/postgresql/src/backend/utils/adt/tsquery_cleanup.c:171:3
Used: pfree
Ret. Type: NODE *
>clean_NOT_intree,NODE *
/usr/local/src/postgresql/src/backend/utils/adt/tsquery_cleanup.c:177:3
Used: pfree
Ret. Type: NODE *
>clean_NOT_intree,NODE *
/usr/local/src/postgresql/src/backend/utils/adt/tsquery_cleanup.c:182:3
Used: pfree
Ret. Type: NODE *
>clean_NOT_intree,NODE *
/usr/local/src/postgresql/src/backend/utils/adt/tsquery_cleanup.c:171:3
Used: pfree
Ret. Type: NODE *
>clean_NOT_intree,NODE *
/usr/local/src/postgresql/src/backend/utils/adt/tsquery_cleanup.c:177:3
Used: pfree
Ret. Type: NODE *
>clean_NOT_intree,NODE *
/usr/local/src/postgresql/src/backend/utils/adt/tsquery_cleanup.c:182:3
Used: pfree
Ret. Type: NODE *
>clean_NOT_intree,NODE *
/usr/local/src/postgresql/src/backend/utils/adt/tsquery_cleanup.c:171:3
Used: pfree
Ret. Type: NODE *
>clean_NOT_intree,NODE *
/usr/local/src/postgresql/src/backend/utils/adt/tsquery_cleanup.c:177:3
Used: pfree
Ret. Type: NODE *
>clean_NOT_intree,NODE *
/usr/local/src/postgresql/src/backend/utils/adt/tsquery_cleanup.c:182:3
Used: pfree
Ret. Type: NODE *
>clean_stopword_intree,NODE *
/usr/local/src/postgresql/src/backend/utils/adt/tsquery_cleanup.c:250:2
Used: pfree
Ret. Type: NODE *
>clean_stopword_intree,NODE *
/usr/local/src/postgresql/src/backend/utils/adt/tsquery_cleanup.c:320:3
Used: pfree
Ret. Type: NODE *
>clean_stopword_intree,NODE *
/usr/local/src/postgresql/src/backend/utils/adt/tsquery_cleanup.c:339:3
Used: pfree
Ret. Type: NODE *
>clean_stopword_intree,NODE *
/usr/local/src/postgresql/src/backend/utils/adt/tsquery_cleanup.c:250:2
Used: pfree
Ret. Type: NODE *
>clean_stopword_intree,NODE *
/usr/local/src/postgresql/src/backend/utils/adt/tsquery_cleanup.c:320:3
Used: pfree
Ret. Type: NODE *
>clean_stopword_intree,NODE *
/usr/local/src/postgresql/src/backend/utils/adt/tsquery_cleanup.c:339:3
Used: pfree
Ret. Type: NODE *
>clean_stopword_intree,NODE *
/usr/local/src/postgresql/src/backend/utils/adt/tsquery_cleanup.c:250:2
Used: pfree
Ret. Type: NODE *
>clean_stopword_intree,NODE *
/usr/local/src/postgresql/src/backend/utils/adt/tsquery_cleanup.c:320:3
Used: pfree
Ret. Type: NODE *
>clean_stopword_intree,NODE *
/usr/local/src/postgresql/src/backend/utils/adt/tsquery_cleanup.c:339:3
Used: pfree
Ret. Type: NODE *
>core_yyfree,void *
/usr/local/src/postgresql/src/backend/parser/scan.c:11825:2
Used: pfree
Ret. Type: void
>createNewConnection,remoteConn *
/usr/local/src/postgresql/contrib/dblink/dblink.c:2572:2
Used: pfree
Ret. Type: void
>dblink_security_check,remoteConn *
/usr/local/src/postgresql/contrib/dblink/dblink.c:2628:2
Used: pfree
Ret. Type: void
>deallocate_one,struct prepared_statement *
/usr/local/src/postgresql/src/interfaces/ecpg/ecpglib/prepare.c:309:1
Used: ecpg_free
Ret. Type: bool
>destroyPQExpBuffer,PQExpBuffer
/usr/local/src/postgresql/src/interfaces/libpq/pqexpbuffer.c:119:2
Used: free
Ret. Type: void
>dofindsubquery,QTNode *
/usr/local/src/postgresql/src/backend/utils/adt/tsquery_rewrite.c:250:3
Used: pfree
Ret. Type: QTNode *
>dump_variables,struct arguments *
/usr/local/src/postgresql/src/interfaces/ecpg/preproc/variable.c:460:2
Used: free
Ret. Type: void
>ecpg_finish,struct connection *
/usr/local/src/postgresql/src/interfaces/ecpg/ecpglib/connect.c:139:2
Used: ecpg_free
Ret. Type: void
>emit_audit_message,char *
/usr/local/src/postgresql/src/test/modules/test_oat_hooks/test_oat_hooks.c:253:2
Used: pfree
Ret. Type: void
>emit_audit_message,char *
/usr/local/src/postgresql/src/test/modules/test_oat_hooks/test_oat_hooks.c:255:2
Used: pfree
Ret. Type: void
>emit_audit_message,char *
/usr/local/src/postgresql/src/test/modules/test_oat_hooks/test_oat_hooks.c:253:2
Used: pfree
Ret. Type: void
>emit_audit_message,char *
/usr/local/src/postgresql/src/test/modules/test_oat_hooks/test_oat_hooks.c:255:2
Used: pfree
Ret. Type: void
>ExecForceStoreHeapTuple,HeapTuple
/usr/local/src/postgresql/src/backend/executor/execTuples.c:1577:3
Used: pfree
Ret. Type: void
>ExecForceStoreHeapTuple,HeapTuple
/usr/local/src/postgresql/src/backend/executor/execTuples.c:1589:3
Used: pfree
Ret. Type: void
>ExecForceStoreHeapTuple,HeapTuple
/usr/local/src/postgresql/src/backend/executor/execTuples.c:1577:3
Used: pfree
Ret. Type: void
>ExecForceStoreHeapTuple,HeapTuple
/usr/local/src/postgresql/src/backend/executor/execTuples.c:1589:3
Used: pfree
Ret. Type: void
>ExecForceStoreMinimalTuple,MinimalTuple
/usr/local/src/postgresql/src/backend/executor/execTuples.c:1622:3
Used: pfree
Ret. Type: void
>FreeAccessStrategy,BufferAccessStrategy
/usr/local/src/postgresql/src/backend/storage/buffer/freelist.c:685:2
Used: pfree
Ret. Type: void
>free_copy_options,struct copy_options *
/usr/local/src/postgresql/src/bin/psql/copy.c:72:1
Used: free
Ret. Type: void
>freeGinBtreeStack,GinBtreeStack *
/usr/local/src/postgresql/src/backend/access/gin/ginbtree.c:207:2
Used: pfree
Ret. Type: void
>freeJsonLexContext,JsonLexContext *
/usr/local/src/postgresql/src/common/jsonapi.c:502:2
Used: pfree
Ret. Type: void
>free_readfile,char * *
/usr/local/src/postgresql/src/bin/pg_ctl/pg_ctl.c:420:1
Used: free
Ret. Type: void
>free_statement,struct statement *
/usr/local/src/postgresql/src/interfaces/ecpg/ecpglib/execute.c:107:1
Used: ecpg_free
Ret. Type: void
>freetree,NODE *
/usr/local/src/postgresql/src/backend/utils/adt/tsquery_cleanup.c:126:1
Used: pfree
Ret. Type: void
>FreeTriggerDesc,TriggerDesc *
/usr/local/src/postgresql/src/backend/commands/trigger.c:2168:1
Used: pfree
Ret. Type: void
>free_variable,struct variable *
/usr/local/src/postgresql/src/interfaces/ecpg/ecpglib/execute.c:90:2
Used: ecpg_free
Ret. Type: void
>ginFinishSplit,GinBtreeStack *
/usr/local/src/postgresql/src/backend/access/gin/ginbtree.c:752:3
Used: pfree
Ret. Type: void
>guc_free,void *
/usr/local/src/postgresql/src/backend/utils/misc/guc.c:701:2
Used: pfree
Ret. Type: void
>HandleEndOfCopyStream,char *
/usr/local/src/postgresql/src/bin/pg_basebackup/receivelog.c:1202:1
Used: PQfreemem
Ret. Type: PGresult *
>insert_tobeinserted,char *
/usr/local/src/postgresql/src/interfaces/ecpg/ecpglib/execute.c:1135:2
Used: ecpg_free
Ret. Type: bool
>insert_tobeinserted,char *
/usr/local/src/postgresql/src/interfaces/ecpg/ecpglib/execute.c:1154:1
Used: ecpg_free
Ret. Type: bool
>insert_tobeinserted,char *
/usr/local/src/postgresql/src/interfaces/ecpg/ecpglib/execute.c:1135:2
Used: ecpg_free
Ret. Type: bool
>insert_tobeinserted,char *
/usr/local/src/postgresql/src/interfaces/ecpg/ecpglib/execute.c:1154:1
Used: ecpg_free
Ret. Type: bool
>json_manifest_scalar,char *
/usr/local/src/postgresql/src/common/parse_manifest.c:549:5
Used: pfree
Ret. Type: JsonParseErrorType
>jsonpath_yyfree,void *
/usr/local/src/postgresql/src/backend/utils/adt/jsonpath_scan.c:6184:2
Used: pfree
Ret. Type: void
>list_free_private,List *
/usr/local/src/postgresql/src/backend/nodes/list.c:1534:1
Used: pfree
Ret. Type: void
>make_func,PgBenchExprList *
/usr/local/src/postgresql/src/bin/pgbench/exprparse.c:2091:2
Used: pg_free
Ret. Type: PgBenchExpr *
>merge_clump,Clump *
/usr/local/src/postgresql/src/backend/optimizer/geqo/geqo_eval.c:285:4
Used: pfree
Ret. Type: List *
>pagetable_free,void *
/usr/local/src/postgresql/src/backend/nodes/tidbitmap.c:1528:2
Used: pfree
Ret. Type: void
>ParallelBackupEnd,ParallelState *
/usr/local/src/postgresql/src/bin/pg_dump/parallel.c:1090:1
Used: free
Ret. Type: void
>pgp_key_free,PGP_PubKey *
/usr/local/src/postgresql/contrib/pgcrypto/pgp-pubkey.c:80:1
Used: pfree
Ret. Type: void
>pgp_mpi_free,PGP_MPI *
/usr/local/src/postgresql/contrib/pgcrypto/pgp-mpi.c:75:1
Used: pfree
Ret. Type: int
>pgstat_release_entry_ref,PgStat_EntryRef *
/usr/local/src/postgresql/src/backend/utils/activity/pgstat_shmem.c:617:2
Used: pfree
Ret. Type: void
>PQclear,PGresult *
/usr/local/src/postgresql/src/interfaces/libpq/fe-exec.c:770:1
Used: free
Ret. Type: void
>PQconninfoFree,PQconninfoOption *
/usr/local/src/postgresql/src/interfaces/libpq/fe-connect.c:6997:1
Used: free
Ret. Type: void
>QTNFree,QTNode *
/usr/local/src/postgresql/src/backend/utils/adt/tsquery_util.c:88:1
Used: pfree
Ret. Type: void
>quote_postgres,char *
/usr/local/src/postgresql/src/interfaces/ecpg/ecpglib/execute.c:77:2
Used: ecpg_free
Ret. Type: char *
>recursive_revoke,Acl *
/usr/local/src/postgresql/src/backend/utils/adt/acl.c:1336:3
Used: pfree
Ret. Type: Acl *
>ReorderBufferFreeSnap,Snapshot
/usr/local/src/postgresql/src/backend/replication/logical/reorderbuffer.c:1895:2
Used: pfree
Ret. Type: void
>SN_close_env,struct SN_env *
/usr/local/src/postgresql/src/backend/snowball/libstemmer/api.c:48:4
Used: free
Ret. Type: void
>SSLerrfree,char *
/usr/local/src/postgresql/src/interfaces/libpq/fe-secure-openssl.c:1785:2
Used: free
Ret. Type: void
>updateAclDependenciesWorker,Oid *
/usr/local/src/postgresql/src/backend/catalog/pg_shdepend.c:592:2
Used: pfree
Ret. Type: void
>updateAclDependenciesWorker,Oid *
/usr/local/src/postgresql/src/backend/catalog/pg_shdepend.c:594:2
Used: pfree
Ret. Type: void
>updateAclDependenciesWorker,Oid *
/usr/local/src/postgresql/src/backend/catalog/pg_shdepend.c:592:2
Used: pfree
Ret. Type: void
>updateAclDependenciesWorker,Oid *
/usr/local/src/postgresql/src/backend/catalog/pg_shdepend.c:594:2
Used: pfree
Ret. Type: void
>vac_close_indexes,Relation *
/usr/local/src/postgresql/src/backend/commands/vacuum.c:2340:1
Used: pfree
Ret. Type: void
>xml_pfree,void *
/usr/local/src/postgresql/src/backend/utils/adt/xml.c:1978:2
Used: pfree
Ret. Type: void
