>PQclear,PGresult *
/usr/local/src/postgresql/src/interfaces/libpq/fe-exec.c:770:1
Used: free
Ret. Type: void
>PQfreemem,void *
--
>init_spawned_worker_win32,WorkerInfo *
/usr/local/src/postgresql/src/bin/pg_dump/parallel.c:880:1
Used: free
Ret. Type: unsigned __stdcall 
>DeCloneArchive,ArchiveHandle *
/usr/local/src/postgresql/src/bin/pg_dump/pg_backup_archiver.c:5067:1
Used: free
Ret. Type: void
>free_readfile,char * *
--
>ecpg_finish,struct connection *
/usr/local/src/postgresql/src/interfaces/ecpg/ecpglib/connect.c:139:2
Used: ecpg_free
Ret. Type: void
>descriptor_free,struct descriptor *
--
>PQfinish,PGconn *
/usr/local/src/postgresql/src/interfaces/libpq/fe-connect.c:4883:2
Used: freePGconn
Ret. Type: void
>PQfreeNotify,PGnotify *
--
>EndCompressFileHandle,CompressFileHandle *
/usr/local/src/postgresql/src/bin/pg_dump/compress_io.c:296:1
Used: free_keep_errno
Ret. Type: bool
>dir_free,WalWriteMethod *
--
>bool_substitute_hook,char *
/usr/local/src/postgresql/src/bin/psql/startup.c:868:2
Used: pg_free
Ret. Type: char *
>ClearOrSaveResult,PGresult *
/usr/local/src/postgresql/src/bin/psql/common.c:536:4
Used: PQclear
Ret. Type: void
>binaryheap_free,binaryheap *
--
>json_parse_manifest_incremental_shutdown,JsonManifestParseIncrementalState *
/usr/local/src/postgresql/src/common/parse_manifest.c:174:1
Used: pfree
Ret. Type: void
>pgfnames_cleanup,char * *
--
>TidStoreEndIterate,TidStoreIter *
/usr/local/src/postgresql/src/backend/access/common/tidstore.c:544:1
Used: pfree
Ret. Type: void
>free_conversion_map,TupleConversionMap *
--
>string_to_text,char *
/usr/local/src/postgresql/src/backend/utils/adt/ruleutils.c:13221:1
Used: pfree
Ret. Type: text *
>close_tsvector_parser,TSVectorParseState
--
>clean_NOT_intree,NODE *
/usr/local/src/postgresql/src/backend/utils/adt/tsquery_cleanup.c:171:3
Used: pfree
Ret. Type: NODE *
>clean_NOT_intree,NODE *
/usr/local/src/postgresql/src/backend/utils/adt/tsquery_cleanup.c:177:3
Used: pfree
Ret. Type: NODE *
>clean_NOT_intree,NODE *
/usr/local/src/postgresql/src/backend/utils/adt/tsquery_cleanup.c:182:3
Used: pfree
Ret. Type: NODE *
>freetree,NODE *
--
>read_stream_end,ReadStream *
/usr/local/src/postgresql/src/backend/storage/aio/read_stream.c:784:1
Used: pfree
Ret. Type: void
>FreeWaitEventSet,WaitEventSet *
--
>ReorderBufferReturnTupleBuf,HeapTuple
/usr/local/src/postgresql/src/backend/replication/logical/reorderbuffer.c:590:1
Used: pfree
Ret. Type: void
>SnapBuildFreeSnapshot,Snapshot
--
>ExecDropSingleTupleTableSlot,TupleTableSlot *
/usr/local/src/postgresql/src/backend/executor/execTuples.c:1356:1
Used: pfree
Ret. Type: void
>end_tup_output,TupOutputState *
--
>ecpg_do_epilogue,struct statement *
/usr/local/src/postgresql/src/interfaces/ecpg/ecpglib/execute.c:2234:1
Used: free_statement
Ret. Type: void
>disconnectDatabase,PGconn *
/usr/local/src/postgresql/src/fe_utils/connect_utils.c:170:1
Used: PQfinish
Ret. Type: void
>pg_tzenumerate_end,pg_tzenum *
--
>exit_nicely,PGconn *
/usr/local/src/postgresql/src/test/examples/testlibpq2.c:44:1
Used: PQfinish
Ret. Type: void
>exit_nicely,PGconn *
/usr/local/src/postgresql/src/test/examples/testlo.c:195:1
Used: PQfinish
Ret. Type: void
>exit_nicely,PGconn *
/usr/local/src/postgresql/src/test/examples/testlibpq3.c:50:1
Used: PQfinish
Ret. Type: void
>exit_nicely,PGconn *
/usr/local/src/postgresql/src/test/examples/testlibpq.c:16:1
Used: PQfinish
Ret. Type: void
>exit_nicely,PGconn *
/usr/local/src/postgresql/src/test/examples/testlo64.c:217:1
Used: PQfinish
Ret. Type: void
>exit_nicely,PGconn *
/usr/local/src/postgresql/src/test/modules/libpq_pipeline/libpq_pipeline.c:63:1
Used: PQfinish
Ret. Type: void
>dumpRoleGUCPrivs,PGconn *
/usr/local/src/postgresql/src/bin/pg_dump/pg_dumpall.c:1196:3
Used: PQfinish
Ret. Type: void
>dumpRoleMembership,PGconn *
/usr/local/src/postgresql/src/bin/pg_dump/pg_dumpall.c:1061:4
Used: PQfinish
Ret. Type: void
>dumpTablespaces,PGconn *
/usr/local/src/postgresql/src/bin/pg_dump/pg_dumpall.c:1323:3
Used: PQfinish
Ret. Type: void
>bbstreamer_recovery_injector_free,bbstreamer *
--
>DecrTupleDescRefCount,TupleDesc
/usr/local/src/postgresql/src/backend/access/common/tupdesc.c:412:2
Used: FreeTupleDesc
Ret. Type: void
>index_endscan,IndexScanDesc
/usr/local/src/postgresql/src/backend/access/index/indexam.c:400:1
Used: IndexScanEnd
Ret. Type: void
>UnregisterSnapshotNoOwner,Snapshot
/usr/local/src/postgresql/src/backend/utils/time/snapmgr.c:870:2
Used: FreeSnapshot
Ret. Type: void
>bms_copy_and_free,Bitmapset *
--
>SnapBuildSnapDecRefcount,Snapshot
/usr/local/src/postgresql/src/backend/replication/logical/snapbuild.c:487:2
Used: SnapBuildFreeSnapshot
Ret. Type: void
>pa_free_worker,ParallelApplyWorkerInfo *
--
>test_nosync,PGconn *
/usr/local/src/postgresql/src/test/modules/libpq_pipeline/libpq_pipeline.c:647:3
Used: exit_nicely
Ret. Type: void
>pushf_free_all,PushFilter *
