>ParallelBackupEnd,ParallelState *
/usr/local/src/postgresql/src/bin/pg_dump/parallel.c:1090:1
Used: free
Ret. Type: void
>init_spawned_worker_win32,WorkerInfo *
/usr/local/src/postgresql/src/bin/pg_dump/parallel.c:880:1
Used: free
Ret. Type: unsigned __stdcall 
>DeCloneArchive,ArchiveHandle *
/usr/local/src/postgresql/src/bin/pg_dump/pg_backup_archiver.c:5067:1
Used: free
Ret. Type: void
>free_keep_errno,void *
--
>restore_global_locale,save_locale_t
/usr/local/src/postgresql/src/bin/initdb/initdb.c:395:1
Used: free
Ret. Type: void
>writefile,char * *
/usr/local/src/postgresql/src/bin/initdb/initdb.c:735:1
Used: free
Ret. Type: void
>restorePsetInfo,printQueryOpt *
/usr/local/src/postgresql/src/bin/psql/command.c:5051:1
Used: free
Ret. Type: void
>free_copy_options,struct copy_options *
--
>output_prepare_statement,char *
/usr/local/src/postgresql/src/interfaces/ecpg/preproc/output.c:178:1
Used: free
Ret. Type: void
>output_simple_statement,char *
/usr/local/src/postgresql/src/interfaces/ecpg/preproc/output.c:25:1
Used: free
Ret. Type: void
>output_statement,char *
/usr/local/src/postgresql/src/interfaces/ecpg/preproc/output.c:166:1
Used: free
Ret. Type: void
>dump_variables,struct arguments *
/usr/local/src/postgresql/src/interfaces/ecpg/preproc/variable.c:460:2
Used: free
Ret. Type: void
>ECPGfree_type,struct ECPGtype *
--
>cat2_str,char *
/usr/local/src/postgresql/src/interfaces/ecpg/preproc/preproc.c:221:1
Used: free
Ret. Type: char *
>cat2_str,char *
/usr/local/src/postgresql/src/interfaces/ecpg/preproc/preproc.c:222:1
Used: free
Ret. Type: char *
>make2_str,char *
/usr/local/src/postgresql/src/interfaces/ecpg/preproc/preproc.c:253:1
Used: free
Ret. Type: char *
>make2_str,char *
/usr/local/src/postgresql/src/interfaces/ecpg/preproc/preproc.c:254:1
Used: free
Ret. Type: char *
>make3_str,char *
/usr/local/src/postgresql/src/interfaces/ecpg/preproc/preproc.c:266:1
Used: free
Ret. Type: char *
>make3_str,char *
/usr/local/src/postgresql/src/interfaces/ecpg/preproc/preproc.c:267:1
Used: free
Ret. Type: char *
>make3_str,char *
/usr/local/src/postgresql/src/interfaces/ecpg/preproc/preproc.c:268:1
Used: free
Ret. Type: char *
>PGTYPESchar_free,char *
--
>PQclear,PGresult *
/usr/local/src/postgresql/src/interfaces/libpq/fe-exec.c:770:1
Used: free
Ret. Type: void
>PQfreemem,void *
--
>EndCompressFileHandle,CompressFileHandle *
/usr/local/src/postgresql/src/bin/pg_dump/compress_io.c:296:1
Used: free_keep_errno
Ret. Type: bool
>EndCompressor,CompressorState *
/usr/local/src/postgresql/src/bin/pg_dump/compress_io.c:152:1
Used: pg_free
Ret. Type: void
>make_func,PgBenchExprList *
/usr/local/src/postgresql/src/bin/pgbench/exprparse.c:2091:2
Used: pg_free
Ret. Type: PgBenchExpr *
>free_command,Command *
--
>bool_substitute_hook,char *
/usr/local/src/postgresql/src/bin/psql/startup.c:868:2
Used: pg_free
Ret. Type: char *
>avlFree,avl_node *
--
>HandleEndOfCopyStream,char *
/usr/local/src/postgresql/src/bin/pg_basebackup/receivelog.c:1202:1
Used: PQfreemem
Ret. Type: PGresult *
>pfree,void *
--
>ecpg_finish,struct connection *
/usr/local/src/postgresql/src/interfaces/ecpg/ecpglib/connect.c:139:2
Used: ecpg_free
Ret. Type: void
>deallocate_one,struct prepared_statement *
--
>insert_tobeinserted,char *
/usr/local/src/postgresql/src/interfaces/ecpg/ecpglib/execute.c:1135:2
Used: ecpg_free
Ret. Type: bool
>insert_tobeinserted,char *
/usr/local/src/postgresql/src/interfaces/ecpg/ecpglib/execute.c:1154:1
Used: ecpg_free
Ret. Type: bool
>quote_postgres,char *
/usr/local/src/postgresql/src/interfaces/ecpg/ecpglib/execute.c:77:2
Used: ecpg_free
Ret. Type: char *
>PQfreeNotify,PGnotify *
--
>PLy_function_restore_args,PLySavedArgs *
/usr/local/src/postgresql/src/pl/plpython/plpy_exec.c:577:1
Used: pfree
Ret. Type: void
>CatCacheRemoveCList,CatCList *
/usr/local/src/postgresql/src/backend/utils/cache/catcache.c:582:1
Used: pfree
Ret. Type: void
>CatCacheRemoveCTup,CatCTup *
/usr/local/src/postgresql/src/backend/utils/cache/catcache.c:538:1
Used: pfree
Ret. Type: void
>RelationDestroyRelation,Relation
--
>string_to_text,char *
/usr/local/src/postgresql/src/backend/utils/adt/ruleutils.c:13221:1
Used: pfree
Ret. Type: text *
>dofindsubquery,QTNode *
/usr/local/src/postgresql/src/backend/utils/adt/tsquery_rewrite.c:250:3
Used: pfree
Ret. Type: QTNode *
>recursive_revoke,Acl *
/usr/local/src/postgresql/src/backend/utils/adt/acl.c:1336:3
Used: pfree
Ret. Type: Acl *
>close_tsvector_parser,TSVectorParseState
--
>clean_NOT_intree,NODE *
/usr/local/src/postgresql/src/backend/utils/adt/tsquery_cleanup.c:171:3
Used: pfree
Ret. Type: NODE *
>clean_NOT_intree,NODE *
/usr/local/src/postgresql/src/backend/utils/adt/tsquery_cleanup.c:177:3
Used: pfree
Ret. Type: NODE *
>clean_NOT_intree,NODE *
/usr/local/src/postgresql/src/backend/utils/adt/tsquery_cleanup.c:182:3
Used: pfree
Ret. Type: NODE *
>clean_stopword_intree,NODE *
/usr/local/src/postgresql/src/backend/utils/adt/tsquery_cleanup.c:250:2
Used: pfree
Ret. Type: NODE *
>clean_stopword_intree,NODE *
/usr/local/src/postgresql/src/backend/utils/adt/tsquery_cleanup.c:320:3
Used: pfree
Ret. Type: NODE *
>clean_stopword_intree,NODE *
/usr/local/src/postgresql/src/backend/utils/adt/tsquery_cleanup.c:339:3
Used: pfree
Ret. Type: NODE *
>freetree,NODE *
--
>plainnode,NODE *
/usr/local/src/postgresql/src/backend/utils/adt/tsquery_cleanup.c:90:1
Used: pfree
Ret. Type: void
>QTNFree,QTNode *
--
>bms_add_members,Bitmapset *
/usr/local/src/postgresql/src/backend/nodes/bitmapset.c:957:2
Used: pfree
Ret. Type: Bitmapset *
>bms_del_member,Bitmapset *
/usr/local/src/postgresql/src/backend/nodes/bitmapset.c:907:2
Used: pfree
Ret. Type: Bitmapset *
>bms_del_members,Bitmapset *
/usr/local/src/postgresql/src/backend/nodes/bitmapset.c:1211:3
Used: pfree
Ret. Type: Bitmapset *
>bms_free,Bitmapset *
--
>bms_int_members,Bitmapset *
/usr/local/src/postgresql/src/backend/nodes/bitmapset.c:1123:2
Used: pfree
Ret. Type: Bitmapset *
>bms_int_members,Bitmapset *
/usr/local/src/postgresql/src/backend/nodes/bitmapset.c:1142:2
Used: pfree
Ret. Type: Bitmapset *
>bms_replace_members,Bitmapset *
/usr/local/src/postgresql/src/backend/nodes/bitmapset.c:983:2
Used: pfree
Ret. Type: Bitmapset *
>jit_release_context,JitContext *
--
>CopyMultiInsertBufferCleanup,CopyMultiInsertBuffer *
/usr/local/src/postgresql/src/backend/commands/copyfrom.c:506:1
Used: pfree
Ret. Type: void
>EndCopyFrom,CopyFromState
--
>ReorderBufferIterTXNFinish,ReorderBufferIterTXNState *
/usr/local/src/postgresql/src/backend/replication/logical/reorderbuffer.c:1505:1
Used: pfree
Ret. Type: void
>ReorderBufferReturnChange,ReorderBufferChange *
/usr/local/src/postgresql/src/backend/replication/logical/reorderbuffer.c:562:1
Used: pfree
Ret. Type: void
>ReorderBufferReturnRelids,Oid *
/usr/local/src/postgresql/src/backend/replication/logical/reorderbuffer.c:621:1
Used: pfree
Ret. Type: void
>ReorderBufferReturnTXN,ReorderBufferTXN *
/usr/local/src/postgresql/src/backend/replication/logical/reorderbuffer.c:478:1
Used: pfree
Ret. Type: void
>ReorderBufferReturnTupleBuf,HeapTuple
/usr/local/src/postgresql/src/backend/replication/logical/reorderbuffer.c:590:1
Used: pfree
Ret. Type: void
>pa_free_worker_info,ParallelApplyWorkerInfo *
--
>addHLParsedLex,ParsedLex *
/usr/local/src/postgresql/src/backend/tsearch/ts_parse.c:521:2
Used: pfree
Ret. Type: void
>addHLParsedLex,TSLexeme *
/usr/local/src/postgresql/src/backend/tsearch/ts_parse.c:535:2
Used: pfree
Ret. Type: void
>updateAclDependenciesWorker,Oid *
/usr/local/src/postgresql/src/backend/catalog/pg_shdepend.c:592:2
Used: pfree
Ret. Type: void
>updateAclDependenciesWorker,Oid *
/usr/local/src/postgresql/src/backend/catalog/pg_shdepend.c:594:2
Used: pfree
Ret. Type: void
>CatalogCloseIndexes,CatalogIndexState
--
>merge_clump,Clump *
/usr/local/src/postgresql/src/backend/optimizer/geqo/geqo_eval.c:285:4
Used: pfree
Ret. Type: List *
>free_edge_table,Edge *
--
>add_partial_path,Path *
/usr/local/src/postgresql/src/backend/optimizer/util/pathnode.c:850:2
Used: pfree
Ret. Type: void
>add_path,Path *
/usr/local/src/postgresql/src/backend/optimizer/util/pathnode.c:620:3
Used: pfree
Ret. Type: void
>free_child_join_sjinfo,SpecialJoinInfo *
--
>ExecDropSingleTupleTableSlot,TupleTableSlot *
/usr/local/src/postgresql/src/backend/executor/execTuples.c:1356:1
Used: pfree
Ret. Type: void
>ExecForceStoreHeapTuple,HeapTuple
/usr/local/src/postgresql/src/backend/executor/execTuples.c:1577:3
Used: pfree
Ret. Type: void
>ExecForceStoreHeapTuple,HeapTuple
/usr/local/src/postgresql/src/backend/executor/execTuples.c:1589:3
Used: pfree
Ret. Type: void
>ExecForceStoreMinimalTuple,MinimalTuple
/usr/local/src/postgresql/src/backend/executor/execTuples.c:1622:3
Used: pfree
Ret. Type: void
>end_tup_output,TupOutputState *
--
>PageRestoreTempPage,Page
/usr/local/src/postgresql/src/backend/storage/page/bufpage.c:431:1
Used: pfree
Ret. Type: void
>read_stream_end,ReadStream *
/usr/local/src/postgresql/src/backend/storage/aio/read_stream.c:784:1
Used: pfree
Ret. Type: void
>dsm_detach,dsm_segment *
--
>TidStoreEndIterate,TidStoreIter *
/usr/local/src/postgresql/src/backend/access/common/tidstore.c:544:1
Used: pfree
Ret. Type: void
>toast_close_indexes,Relation *
--
>_bt_insertonpg,IndexTuple
/usr/local/src/postgresql/src/backend/access/nbtree/nbtinsert.c:1435:2
Used: pfree
Ret. Type: void
>FreeBulkInsertState,BulkInsertState
--
>json_manifest_object_field_start,char *
/usr/local/src/postgresql/src/common/parse_manifest.c:497:1
Used: pfree
Ret. Type: JsonParseErrorType
>json_manifest_scalar,char *
/usr/local/src/postgresql/src/common/parse_manifest.c:549:5
Used: pfree
Ret. Type: JsonParseErrorType
>json_parse_manifest_incremental_shutdown,JsonManifestParseIncrementalState *
/usr/local/src/postgresql/src/common/parse_manifest.c:174:1
Used: pfree
Ret. Type: void
>destroyStringInfo,StringInfo
--
>createNewConnection,remoteConn *
/usr/local/src/postgresql/contrib/dblink/dblink.c:2572:2
Used: pfree
Ret. Type: void
>dblink_security_check,remoteConn *
/usr/local/src/postgresql/contrib/dblink/dblink.c:2628:2
Used: pfree
Ret. Type: void
>report_corruption_internal,char *
