>PQclear,PGresult *, /usr/local/src/postgresql/src/interfaces/libpq/fe-exec.c:770:1
Used: free
Ret. Type: void
--
>SSLerrfree,char *, /usr/local/src/postgresql/src/interfaces/libpq/fe-secure-openssl.c:1785:2
Used: free
Ret. Type: void
--
>bool_substitute_hook,char *, /usr/local/src/postgresql/src/bin/psql/startup.c:868:2
Used: pg_free
Ret. Type: char *
--
>clean_NOT_intree,NODE *, /usr/local/src/postgresql/src/backend/utils/adt/tsquery_cleanup.c:171:3
Used: pfree
Ret. Type: NODE *
>clean_NOT_intree,NODE *, /usr/local/src/postgresql/src/backend/utils/adt/tsquery_cleanup.c:177:3
Used: pfree
Ret. Type: NODE *
>clean_NOT_intree,NODE *, /usr/local/src/postgresql/src/backend/utils/adt/tsquery_cleanup.c:182:3
Used: pfree
Ret. Type: NODE *
--
>freeJsonLexContext,JsonLexContext *, /usr/local/src/postgresql/src/common/jsonapi.c:502:2
Used: pfree
Ret. Type: void
