>json_manifest_scalar
>PLy_function_drop_args
>PLy_function_restore_args
>buf_finalize
>string_to_text
>dofindsubquery
>recursive_revoke
>clean_NOT_intree
>clean_stopword_intree
>plainnode
>pg_xml_done
>ResourceOwnerDelete
>PortalDrop
>bms_add_members
>bms_del_member
>bms_del_members
>bms_int_members
>bms_add_member
>bms_add_range
>SetConstraintStateAddItem
>EndCopy
>CopyMultiInsertBufferCleanup
>EndCopyFrom
>finish_edata
>ReorderBufferIterTXNFinish
>ReorderBufferReturnChange
>ReorderBufferReturnRelids
>ReorderBufferReturnTXN
>ReorderBufferReturnTupleBuf
>libpqrcv_disconnect
>addHLParsedLex
>addHLParsedLex
>addCompiledLexeme
>updateAclDependencies
>updateAclDependencies
>merge_clump
>add_partial_path
>add_path
>ExecDropSingleTupleTableSlot
>ExecForceStoreHeapTuple
>ExecForceStoreMinimalTuple
>ExecParallelCleanup
>PageRestoreTempPage
>ginFinishSplit
>GenericXLogAbort
>GenericXLogFinish
>_bt_blwritepage
>_bt_insertonpg
>gistjoinvector
>IndexScanEnd
>terminate_brin_buildstate
>brinRevmapTerminate
>brin_copy_tuple
>createNewConnection
>dblink_security_check
