/usr/local/src/postgresql/src/bin/pg_verifybackup/parse_manifest.c:424:5
pfree
char *
>json_manifest_scalar
/usr/local/src/postgresql/src/bin/pg_rewind/local_source.c:186:1
pfree
rewind_source *
>local_destroy
/usr/local/src/postgresql/src/bin/pg_rewind/xlogreader.c:175:1
pfree
XLogReaderState *
>XLogReaderFree
/usr/local/src/postgresql/src/bin/pg_basebackup/bbstreamer_lz4.c:266:1
pfree
bbstreamer *
>bbstreamer_lz4_compressor_free
/usr/local/src/postgresql/src/bin/pg_basebackup/bbstreamer_lz4.c:420:1
pfree
bbstreamer *
>bbstreamer_lz4_decompressor_free
/usr/local/src/postgresql/src/bin/pg_basebackup/bbstreamer_zstd.c:249:1
pfree
bbstreamer *
>bbstreamer_zstd_compressor_free
/usr/local/src/postgresql/src/bin/pg_basebackup/bbstreamer_zstd.c:366:1
pfree
bbstreamer *
>bbstreamer_zstd_decompressor_free
/usr/local/src/postgresql/src/bin/pg_basebackup/bbstreamer_tar.c:456:1
pfree
bbstreamer *
>bbstreamer_tar_archiver_free
/usr/local/src/postgresql/src/bin/pg_basebackup/bbstreamer_tar.c:515:1
pfree
bbstreamer *
>bbstreamer_tar_terminator_free
/usr/local/src/postgresql/src/bin/pg_basebackup/bbstreamer_gzip.c:342:1
pfree
bbstreamer *
>bbstreamer_gzip_decompressor_free
/usr/local/src/postgresql/src/bin/pg_basebackup/bbstreamer_gzip.c:362:1
pfree
void *
>gzip_pfree
/usr/local/src/postgresql/src/bin/pg_basebackup/bbstreamer_inject.c:212:1
pfree
bbstreamer *
>bbstreamer_recovery_injector_free
/usr/local/src/postgresql/src/bin/pg_waldump/xlogreader.c:175:1
pfree
XLogReaderState *
>XLogReaderFree
/usr/local/src/postgresql/src/pl/plpython/plpy_exec.c:599:1
pfree
PLySavedArgs *
>PLy_function_drop_args
/usr/local/src/postgresql/src/pl/plpython/plpy_exec.c:577:1
pfree
PLySavedArgs *
>PLy_function_restore_args
/usr/local/src/postgresql/src/backend/utils/cache/catcache.c:531:1
pfree
CatCList *
>CatCacheRemoveCList
/usr/local/src/postgresql/src/backend/utils/cache/catcache.c:487:1
pfree
CatCTup *
>CatCacheRemoveCTup
/usr/local/src/postgresql/src/backend/utils/cache/relcache.c:2473:1
pfree
Relation
>RelationDestroyRelation
/usr/local/src/postgresql/src/backend/utils/sort/logtape.c:737:1
pfree
LogicalTape *
>LogicalTapeClose
/usr/local/src/postgresql/src/backend/utils/sort/logtape.c:671:1
pfree
LogicalTapeSet *
>LogicalTapeSetClose
/usr/local/src/postgresql/src/backend/utils/sort/tuplestore.c:466:1
pfree
Tuplestorestate *
>tuplestore_end
/usr/local/src/postgresql/src/backend/utils/error/elog.c:1799:1
pfree
ErrorData *
>FreeErrorData
/usr/local/src/postgresql/src/backend/utils/adt/arrayfuncs.c:4790:1
pfree
ArrayIterator
>array_free_iterator
/usr/local/src/postgresql/src/backend/utils/adt/xid8funcs.c:295:1
pfree
StringInfo
>buf_finalize
/usr/local/src/postgresql/src/backend/utils/adt/ruleutils.c:12487:1
pfree
char *
>string_to_text
/usr/local/src/postgresql/src/backend/utils/adt/tsquery_rewrite.c:250:3
pfree
QTNode *
>dofindsubquery
/usr/local/src/postgresql/src/backend/utils/adt/acl.c:1321:3
pfree
Acl *
>recursive_revoke
/usr/local/src/postgresql/src/backend/utils/adt/tsvector_parser.c:93:1
pfree
TSVectorParseState
>close_tsvector_parser
/usr/local/src/postgresql/src/backend/utils/adt/jsonb_util.c:1047:1
pfree
JsonbIterator *
>freeAndGetParent
/usr/local/src/postgresql/src/backend/utils/adt/tsquery_cleanup.c:171:3
pfree
NODE *
>clean_NOT_intree
/usr/local/src/postgresql/src/backend/utils/adt/tsquery_cleanup.c:250:2
pfree
NODE *
>clean_stopword_intree
/usr/local/src/postgresql/src/backend/utils/adt/tsquery_cleanup.c:126:1
pfree
NODE *
>freetree
/usr/local/src/postgresql/src/backend/utils/adt/tsquery_cleanup.c:90:1
pfree
NODE *
>plainnode
/usr/local/src/postgresql/src/backend/utils/adt/tsquery_util.c:88:1
pfree
QTNode *
>QTNFree
/usr/local/src/postgresql/src/backend/utils/adt/jsonpath_scan.c:6173:2
pfree
void *
>jsonpath_yyfree
/usr/local/src/postgresql/src/backend/utils/adt/jsonpath_scan.c:6164:9
repalloc
void *
>jsonpath_yyrealloc
/usr/local/src/postgresql/src/backend/utils/adt/selfuncs.c:4939:1
pfree
HeapTuple
>ReleaseDummy
/usr/local/src/postgresql/src/backend/utils/adt/xml.c:1278:1
pfree
PgXmlErrorContext *
>pg_xml_done
/usr/local/src/postgresql/src/backend/utils/adt/xml.c:1936:2
pfree
void *
>xml_pfree
/usr/local/src/postgresql/src/backend/utils/adt/xml.c:1927:8
repalloc
void *
>xml_repalloc
/usr/local/src/postgresql/src/backend/utils/time/snapmgr.c:671:1
pfree
Snapshot
>FreeSnapshot
/usr/local/src/postgresql/src/backend/utils/resowner/resowner.c:812:1
pfree
ResourceOwner
>ResourceOwnerDelete
/usr/local/src/postgresql/src/backend/utils/misc/guc.c:692:2
pfree
void *
>guc_free
/usr/local/src/postgresql/src/backend/utils/misc/guc-file.c:2638:1
pfree
ConfigVariable *
>FreeConfigVariable
/usr/local/src/postgresql/src/backend/utils/mmgr/portalmem.c:599:1
pfree
Portal
>PortalDrop
/usr/local/src/postgresql/src/backend/utils/mmgr/mcxt.c:1574:7
repalloc
void *
>repalloc0
/usr/local/src/postgresql/src/backend/utils/mmgr/dsa.c:1955:1
pfree
dsa_area *
>dsa_detach
/usr/local/src/postgresql/src/backend/utils/activity/pgstat_shmem.c:579:2
pfree
PgStat_EntryRef *
>pgstat_release_entry_ref
/usr/local/src/postgresql/src/backend/nodes/list.c:1533:1
pfree
List *
>list_free_private
/usr/local/src/postgresql/src/backend/nodes/tidbitmap.c:1531:2
pfree
void *
>pagetable_free
/usr/local/src/postgresql/src/backend/nodes/tidbitmap.c:1147:1
pfree
TBMIterator *
>tbm_end_iterate
/usr/local/src/postgresql/src/backend/nodes/tidbitmap.c:1159:1
pfree
TBMSharedIterator *
>tbm_end_shared_iterate
/usr/local/src/postgresql/src/backend/nodes/tidbitmap.c:329:1
pfree
TIDBitmap *
>tbm_free
/usr/local/src/postgresql/src/backend/nodes/bitmapset.c:846:2
pfree
Bitmapset *
>bms_add_members
/usr/local/src/postgresql/src/backend/nodes/bitmapset.c:808:2
pfree
Bitmapset *
>bms_del_member
/usr/local/src/postgresql/src/backend/nodes/bitmapset.c:977:2
pfree
Bitmapset *
>bms_del_members
/usr/local/src/postgresql/src/backend/nodes/bitmapset.c:212:2
pfree
Bitmapset *
>bms_free
/usr/local/src/postgresql/src/backend/nodes/bitmapset.c:938:2
pfree
Bitmapset *
>bms_int_members
/usr/local/src/postgresql/src/backend/nodes/bitmapset.c:773:20
repalloc
Bitmapset *
>bms_add_member
/usr/local/src/postgresql/src/backend/nodes/bitmapset.c:887:20
repalloc
Bitmapset *
>bms_add_range
/usr/local/src/postgresql/src/backend/jit/jit.c:144:1
pfree
JitContext *
>jit_release_context
/usr/local/src/postgresql/src/backend/commands/matview.c:526:1
pfree
DestReceiver *
>transientrel_destroy
/usr/local/src/postgresql/src/backend/commands/vacuum.c:2335:1
pfree
Relation *
>vac_close_indexes
/usr/local/src/postgresql/src/backend/commands/createas.c:636:1
pfree
DestReceiver *
>intorel_destroy
/usr/local/src/postgresql/src/backend/commands/trigger.c:2175:1
pfree
TriggerDesc *
>FreeTriggerDesc
/usr/local/src/postgresql/src/backend/commands/trigger.c:5646:3
repalloc
SetConstraintState
>SetConstraintStateAddItem
/usr/local/src/postgresql/src/backend/commands/copyto.c:339:1
pfree
CopyToState
>EndCopy
/usr/local/src/postgresql/src/backend/commands/copyto.c:1268:1
pfree
DestReceiver *
>copy_dest_destroy
/usr/local/src/postgresql/src/backend/commands/vacuumparallel.c:454:1
pfree
ParallelVacuumState *
>parallel_vacuum_end
/usr/local/src/postgresql/src/backend/commands/copyfrom.c:510:1
pfree
CopyMultiInsertBuffer *
>CopyMultiInsertBufferCleanup
/usr/local/src/postgresql/src/backend/commands/copyfrom.c:1754:1
pfree
CopyFromState
>EndCopyFrom
/usr/local/src/postgresql/src/backend/replication/logical/worker.c:740:1
pfree
ApplyExecutionData *
>finish_edata
/usr/local/src/postgresql/src/backend/replication/logical/reorderbuffer.c:1858:2
pfree
Snapshot
>ReorderBufferFreeSnap
/usr/local/src/postgresql/src/backend/replication/logical/reorderbuffer.c:1492:1
pfree
ReorderBufferIterTXNState *
>ReorderBufferIterTXNFinish
/usr/local/src/postgresql/src/backend/replication/logical/reorderbuffer.c:546:1
pfree
ReorderBufferChange *
>ReorderBufferReturnChange
/usr/local/src/postgresql/src/backend/replication/logical/reorderbuffer.c:608:1
pfree
Oid *
>ReorderBufferReturnRelids
/usr/local/src/postgresql/src/backend/replication/logical/reorderbuffer.c:462:1
pfree
ReorderBufferTXN *
>ReorderBufferReturnTXN
/usr/local/src/postgresql/src/backend/replication/logical/reorderbuffer.c:577:1
pfree
ReorderBufferTupleBuf *
>ReorderBufferReturnTupleBuf
/usr/local/src/postgresql/src/backend/replication/logical/applyparallelworker.c:615:1
pfree
ParallelApplyWorkerInfo *
>pa_free_worker_info
/usr/local/src/postgresql/src/backend/replication/logical/snapbuild.c:395:1
pfree
Snapshot
>SnapBuildFreeSnapshot
/usr/local/src/postgresql/src/backend/replication/libpqwalreceiver/libpqwalreceiver.c:816:1
pfree
WalReceiverConn *
>libpqrcv_disconnect
/usr/local/src/postgresql/src/backend/tsearch/wparser_def.c:389:1
pfree
TParser *
>TParserClose
/usr/local/src/postgresql/src/backend/tsearch/wparser_def.c:409:1
pfree
TParser *
>TParserCopyClose
/usr/local/src/postgresql/src/backend/tsearch/ts_parse.c:521:2
pfree
ParsedLex *
>addHLParsedLex
/usr/local/src/postgresql/src/backend/tsearch/ts_parse.c:535:2
pfree
TSLexeme *
>addHLParsedLex
/usr/local/src/postgresql/src/backend/tsearch/dict_thesaurus.c:308:26
repalloc
TheLexeme *
>addCompiledLexeme
/usr/local/src/postgresql/src/backend/catalog/pg_shdepend.c:547:2
pfree
Oid *
>updateAclDependencies
/usr/local/src/postgresql/src/backend/catalog/pg_shdepend.c:549:2
pfree
Oid *
>updateAclDependencies
/usr/local/src/postgresql/src/backend/catalog/indexing.c:64:1
pfree
CatalogIndexState
>CatalogCloseIndexes
/usr/local/src/postgresql/src/backend/catalog/pg_subscription.c:160:1
pfree
Subscription *
>FreeSubscription
/usr/local/src/postgresql/src/backend/catalog/dependency.c:2839:1
pfree
ObjectAddresses *
>free_object_addresses
/usr/local/src/postgresql/src/backend/tcop/pquery.c:115:1
pfree
QueryDesc *
>FreeQueryDesc
/usr/local/src/postgresql/src/backend/optimizer/geqo/geqo_pool.c:179:1
pfree
Chromosome *
>free_chromo
/usr/local/src/postgresql/src/backend/optimizer/geqo/geqo_pool.c:83:1
pfree
Pool *
>free_pool
/usr/local/src/postgresql/src/backend/optimizer/geqo/geqo_recombination.c:89:1
pfree
City *
>free_city_table
/usr/local/src/postgresql/src/backend/optimizer/geqo/geqo_eval.c:285:4
pfree
Clump *
>merge_clump
/usr/local/src/postgresql/src/backend/optimizer/geqo/geqo_erx.c:76:1
pfree
Edge *
>free_edge_table
/usr/local/src/postgresql/src/backend/optimizer/util/pathnode.c:857:2
pfree
Path *
>add_partial_path
/usr/local/src/postgresql/src/backend/optimizer/util/pathnode.c:627:3
pfree
Path *
>add_path
/usr/local/src/postgresql/src/backend/executor/execTuples.c:1270:1
pfree
TupleTableSlot *
>ExecDropSingleTupleTableSlot
/usr/local/src/postgresql/src/backend/executor/execTuples.c:1491:3
pfree
HeapTuple
>ExecForceStoreHeapTuple
/usr/local/src/postgresql/src/backend/executor/execTuples.c:1536:3
pfree
MinimalTuple
>ExecForceStoreMinimalTuple
/usr/local/src/postgresql/src/backend/executor/execTuples.c:2339:1
pfree
TupOutputState *
>end_tup_output
/usr/local/src/postgresql/src/backend/executor/functions.c:2132:1
pfree
DestReceiver *
>sqlfunction_destroy
/usr/local/src/postgresql/src/backend/executor/tqueue.c:157:1
pfree
TupleQueueReader *
>DestroyTupleQueueReader
/usr/local/src/postgresql/src/backend/executor/tqueue.c:112:1
pfree
DestReceiver *
>tqueueDestroyReceiver
/usr/local/src/postgresql/src/backend/executor/nodeHash.c:913:1
pfree
HashJoinTable
>ExecHashTableDestroy
/usr/local/src/postgresql/src/backend/executor/tstoreReceiver.c:231:1
pfree
DestReceiver *
>tstoreDestroyReceiver
/usr/local/src/postgresql/src/backend/executor/spi.c:1355:1
pfree
void *
>SPI_pfree
/usr/local/src/postgresql/src/backend/executor/spi.c:1348:8
repalloc
void *
>SPI_repalloc
/usr/local/src/postgresql/src/backend/executor/execUtils.c:433:1
pfree
ExprContext *
>FreeExprContext
/usr/local/src/postgresql/src/backend/executor/execParallel.c:1207:1
pfree
ParallelExecutorInfo *
>ExecParallelCleanup
/usr/local/src/postgresql/src/backend/backup/basebackup_gzip.c:301:1
pfree
void *
>gzip_pfree
/usr/local/src/postgresql/src/backend/storage/buffer/freelist.c:643:2
pfree
BufferAccessStrategy
>FreeAccessStrategy
/usr/local/src/postgresql/src/backend/storage/file/buffile.c:423:1
pfree
BufFile *
>BufFileClose
/usr/local/src/postgresql/src/backend/storage/large_object/inv_api.c:341:1
pfree
LargeObjectDesc *
>inv_close
/usr/local/src/postgresql/src/backend/storage/page/bufpage.c:431:1
pfree
Page
>PageRestoreTempPage
/usr/local/src/postgresql/src/backend/storage/ipc/dsm.c:877:1
pfree
dsm_segment *
>dsm_detach
/usr/local/src/postgresql/src/backend/storage/ipc/shm_mq.c:865:1
pfree
shm_mq_handle *
>shm_mq_detach
/usr/local/src/postgresql/src/backend/storage/ipc/latch.c:875:1
pfree
WaitEventSet *
>FreeWaitEventSet
/usr/local/src/postgresql/src/backend/storage/ipc/latch.c:892:1
pfree
WaitEventSet *
>FreeWaitEventSetAfterFork
/usr/local/src/postgresql/src/backend/statistics/mvdistinct.c:646:1
pfree
CombinationGenerator *
>generator_free
/usr/local/src/postgresql/src/backend/statistics/dependencies.c:201:1
pfree
DependencyGenerator
>DependencyGenerator_free
/usr/local/src/postgresql/src/backend/access/gin/ginbtree.c:208:2
pfree
GinBtreeStack *
>freeGinBtreeStack
/usr/local/src/postgresql/src/backend/access/gin/ginbtree.c:748:3
pfree
GinBtreeStack *
>ginFinishSplit
/usr/local/src/postgresql/src/backend/access/spgist/spgscan.c:99:1
pfree
SpGistSearchItem *
>spgFreeSearchItem
/usr/local/src/postgresql/src/backend/access/transam/xlogreader.c:175:1
pfree
XLogReaderState *
>XLogReaderFree
/usr/local/src/postgresql/src/backend/access/transam/xlogutils.c:633:1
pfree
Relation
>FreeFakeRelcacheEntry
/usr/local/src/postgresql/src/backend/access/transam/parallel.c:994:1
pfree
ParallelContext *
>DestroyParallelContext
/usr/local/src/postgresql/src/backend/access/transam/generic_xlog.c:447:1
pfree
GenericXLogState *
>GenericXLogAbort
/usr/local/src/postgresql/src/backend/access/transam/generic_xlog.c:434:1
pfree
GenericXLogState *
>GenericXLogFinish
/usr/local/src/postgresql/src/backend/access/transam/xlogprefetcher.c:400:1
pfree
XLogPrefetcher *
>XLogPrefetcherFree
/usr/local/src/postgresql/src/backend/access/transam/xlogprefetcher.c:233:1
pfree
LsnReadQueue *
>lrq_free
/usr/local/src/postgresql/src/backend/access/common/attmap.c:60:1
pfree
AttrMap *
>free_attrmap
/usr/local/src/postgresql/src/backend/access/common/printtup.c:412:1
pfree
DestReceiver *
>printtup_destroy
/usr/local/src/postgresql/src/backend/access/common/tupconvert.c:307:1
pfree
TupleConversionMap *
>free_conversion_map
/usr/local/src/postgresql/src/backend/access/common/tupdesc.c:355:1
pfree
TupleDesc
>FreeTupleDesc
/usr/local/src/postgresql/src/backend/access/common/heaptuple.c:1526:1
pfree
MinimalTuple
>heap_free_minimal_tuple
/usr/local/src/postgresql/src/backend/access/common/heaptuple.c:1437:1
pfree
HeapTuple
>heap_freetuple
/usr/local/src/postgresql/src/backend/access/common/toast_internals.c:631:1
pfree
Relation *
>toast_close_indexes
/usr/local/src/postgresql/src/backend/access/nbtree/nbtsort.c:693:1
pfree
Page
>_bt_blwritepage
/usr/local/src/postgresql/src/backend/access/nbtree/nbtsort.c:526:1
pfree
BTSpool *
>_bt_spooldestroy
/usr/local/src/postgresql/src/backend/access/nbtree/nbtinsert.c:1435:2
pfree
IndexTuple
>_bt_insertonpg
/usr/local/src/postgresql/src/backend/access/heap/heapam.c:1792:1
pfree
BulkInsertState
>FreeBulkInsertState
/usr/local/src/postgresql/src/backend/access/hash/hashsort.c:102:1
pfree
HSpool *
>_h_spooldestroy
/usr/local/src/postgresql/src/backend/access/gist/gistutil.c:116:24
repalloc
IndexTuple *
>gistjoinvector
/usr/local/src/postgresql/src/backend/access/index/genam.c:152:1
pfree
IndexScanDesc
>IndexScanEnd
/usr/local/src/postgresql/src/backend/access/index/genam.c:625:1
pfree
SysScanDesc
>systable_endscan
/usr/local/src/postgresql/src/backend/access/index/genam.c:750:1
pfree
SysScanDesc
>systable_endscan_ordered
/usr/local/src/postgresql/src/backend/access/brin/brin.c:1353:1
pfree
BrinBuildState *
>terminate_brin_buildstate
/usr/local/src/postgresql/src/backend/access/brin/brin_revmap.c:108:1
pfree
BrinRevmap *
>brinRevmapTerminate
/usr/local/src/postgresql/src/backend/access/brin/brin_tuple.c:435:1
pfree
BrinTuple *
>brin_free_tuple
/usr/local/src/postgresql/src/backend/access/brin/brin_tuple.c:452:9
repalloc
BrinTuple *
>brin_copy_tuple
/usr/local/src/postgresql/src/backend/lib/dshash.c:359:1
pfree
dshash_table *
>dshash_destroy
/usr/local/src/postgresql/src/backend/lib/dshash.c:312:1
pfree
dshash_table *
>dshash_detach
/usr/local/src/postgresql/src/backend/lib/bipartite_match.c:85:1
pfree
BipartiteMatchState *
>BipartiteMatchFree
/usr/local/src/postgresql/src/backend/lib/pairingheap.c:65:1
pfree
pairingheap *
>pairingheap_free
/usr/local/src/postgresql/src/backend/lib/bloomfilter.c:128:1
pfree
bloom_filter *
>bloom_free
/usr/local/src/postgresql/src/backend/lib/binaryheap.c:70:1
pfree
binaryheap *
>binaryheap_free
/usr/local/src/postgresql/src/backend/parser/scan.c:9017:2
pfree
void *
>core_yyfree
/usr/local/src/postgresql/src/backend/parser/scan.c:9008:9
repalloc
void *
>core_yyrealloc
/usr/local/src/postgresql/src/backend/parser/parse_node.c:93:1
pfree
ParseState *
>free_parsestate
/usr/local/src/postgresql/src/common/pgfnames.c:93:1
pfree
char * *
>pgfnames_cleanup
/usr/local/src/postgresql/src/test/regress/pg_regress.c:1170:1
pfree
StringInfo
>psql_end_command
/usr/local/src/postgresql/src/test/modules/test_oat_hooks/test_oat_hooks.c:253:2
pfree
char *
>emit_audit_message
/usr/local/src/postgresql/src/test/modules/test_oat_hooks/test_oat_hooks.c:255:2
pfree
char *
>emit_audit_message
/usr/local/src/postgresql/src/test/modules/test_rbtree/test_rbtree.c:73:1
pfree
RBTNode *
>irbt_free
/usr/local/src/postgresql/src/timezone/pgtz.c:422:1
pfree
pg_tzenum *
>pg_tzenumerate_end
/usr/local/src/postgresql/contrib/pgcrypto/pgp-cfb.c:87:1
pfree
PGP_CFB *
>pgp_cfb_free
/usr/local/src/postgresql/contrib/pgcrypto/pgp-pgsql.c:100:1
pfree
text *
>clear_and_pfree
/usr/local/src/postgresql/contrib/pgcrypto/pgp-mpi.c:75:1
pfree
PGP_MPI *
>pgp_mpi_free
/usr/local/src/postgresql/contrib/pgcrypto/mbuf.c:69:1
pfree
MBuf *
>mbuf_free
/usr/local/src/postgresql/contrib/pgcrypto/mbuf.c:241:1
pfree
PullFilter *
>pullf_free
/usr/local/src/postgresql/contrib/pgcrypto/mbuf.c:407:1
pfree
PushFilter *
>pushf_free
/usr/local/src/postgresql/contrib/pgcrypto/px.c:237:1
pfree
PX_Combo *
>combo_free
/usr/local/src/postgresql/contrib/pgcrypto/pgp-pubkey.c:80:1
pfree
PGP_PubKey *
>pgp_key_free
/usr/local/src/postgresql/contrib/pgcrypto/pgp.c:218:1
pfree
PGP_Context *
>pgp_free
/usr/local/src/postgresql/contrib/pgcrypto/openssl.c:170:1
pfree
PX_MD *
>digest_free
/usr/local/src/postgresql/contrib/pgcrypto/openssl.c:301:1
pfree
OSSLCipher *
>free_openssl_cipher
/usr/local/src/postgresql/contrib/pgcrypto/openssl.c:80:1
pfree
OSSLDigest *
>free_openssl_digest
/usr/local/src/postgresql/contrib/pgcrypto/openssl.c:368:1
pfree
PX_Cipher *
>gen_ossl_free
/usr/local/src/postgresql/contrib/pgcrypto/pgp-compress.c:66:1
pfree
void *
>z_free
/usr/local/src/postgresql/contrib/pgcrypto/px-hmac.c:135:1
pfree
PX_HMAC *
>hmac_free
/usr/local/src/postgresql/contrib/dblink/dblink.c:2557:2
pfree
remoteConn *
>createNewConnection
/usr/local/src/postgresql/contrib/dblink/dblink.c:2614:2
pfree
remoteConn *
>dblink_security_check
/usr/local/src/postgresql/contrib/intarray/_int_tool.c:267:19
repalloc
ArrayType *
>resize_intArrayType
/usr/local/src/postgresql/contrib/amcheck/verify_heapam.c:841:1
pfree
char *
>report_corruption_internal
