>json_manifest_scalar
/usr/local/src/postgresql/src/bin/pg_verifybackup/parse_manifest.c:424:5
Use: pfree
Type: char *
Return Type: JsonParseErrorType
--
>PLy_function_restore_args
/usr/local/src/postgresql/src/pl/plpython/plpy_exec.c:577:1
Use: pfree
Type: PLySavedArgs *
Return Type: void
--
>string_to_text
/usr/local/src/postgresql/src/backend/utils/adt/ruleutils.c:12487:1
Use: pfree
Type: char *
Return Type: text *
--
>plainnode
/usr/local/src/postgresql/src/backend/utils/adt/tsquery_cleanup.c:90:1
Use: pfree
Type: NODE *
Return Type: void
--
>CopyMultiInsertBufferCleanup
/usr/local/src/postgresql/src/backend/commands/copyfrom.c:510:1
Use: pfree
Type: CopyMultiInsertBuffer *
Return Type: void
--
>ReorderBufferIterTXNFinish
/usr/local/src/postgresql/src/backend/replication/logical/reorderbuffer.c:1492:1
Use: pfree
Type: ReorderBufferIterTXNState *
Return Type: void
>ReorderBufferReturnChange
/usr/local/src/postgresql/src/backend/replication/logical/reorderbuffer.c:546:1
Use: pfree
Type: ReorderBufferChange *
Return Type: void
>ReorderBufferReturnRelids
/usr/local/src/postgresql/src/backend/replication/logical/reorderbuffer.c:608:1
Use: pfree
Type: Oid *
Return Type: void
>ReorderBufferReturnTXN
/usr/local/src/postgresql/src/backend/replication/logical/reorderbuffer.c:462:1
Use: pfree
Type: ReorderBufferTXN *
Return Type: void
>ReorderBufferReturnTupleBuf
/usr/local/src/postgresql/src/backend/replication/logical/reorderbuffer.c:577:1
Use: pfree
Type: ReorderBufferTupleBuf *
Return Type: void
--
>addHLParsedLex
/usr/local/src/postgresql/src/backend/tsearch/ts_parse.c:521:2
Use: pfree
Type: ParsedLex *
Return Type: void
>addHLParsedLex
/usr/local/src/postgresql/src/backend/tsearch/ts_parse.c:535:2
Use: pfree
Type: TSLexeme *
Return Type: void
>updateAclDependencies
/usr/local/src/postgresql/src/backend/catalog/pg_shdepend.c:547:2
Use: pfree
Type: Oid *
Return Type: void
>updateAclDependencies
/usr/local/src/postgresql/src/backend/catalog/pg_shdepend.c:549:2
Use: pfree
Type: Oid *
Return Type: void
--
>merge_clump
/usr/local/src/postgresql/src/backend/optimizer/geqo/geqo_eval.c:285:4
Use: pfree
Type: Clump *
Return Type: List *
--
>add_partial_path
/usr/local/src/postgresql/src/backend/optimizer/util/pathnode.c:857:2
Use: pfree
Type: Path *
Return Type: void
>add_path
/usr/local/src/postgresql/src/backend/optimizer/util/pathnode.c:627:3
Use: pfree
Type: Path *
Return Type: void
>ExecDropSingleTupleTableSlot
/usr/local/src/postgresql/src/backend/executor/execTuples.c:1270:1
Use: pfree
Type: TupleTableSlot *
Return Type: void
>ExecForceStoreHeapTuple
/usr/local/src/postgresql/src/backend/executor/execTuples.c:1491:3
Use: pfree
Type: HeapTuple
Return Type: void
>ExecForceStoreMinimalTuple
/usr/local/src/postgresql/src/backend/executor/execTuples.c:1536:3
Use: pfree
Type: MinimalTuple
Return Type: void
--
>PageRestoreTempPage
/usr/local/src/postgresql/src/backend/storage/page/bufpage.c:431:1
Use: pfree
Type: Page
Return Type: void
--
>_bt_blwritepage
/usr/local/src/postgresql/src/backend/access/nbtree/nbtsort.c:693:1
Use: pfree
Type: Page
Return Type: void
--
>_bt_insertonpg
/usr/local/src/postgresql/src/backend/access/nbtree/nbtinsert.c:1435:2
Use: pfree
Type: IndexTuple
Return Type: void
--
>createNewConnection
/usr/local/src/postgresql/contrib/dblink/dblink.c:2557:2
Use: pfree
Type: remoteConn *
Return Type: void
>dblink_security_check
/usr/local/src/postgresql/contrib/dblink/dblink.c:2614:2
Use: pfree
Type: remoteConn *
Return Type: void
