>yyrealloc,void *
/usr/local/src/postgresql/src/bin/pgbench/exprscan.c:2631:8
Used: realloc
Ret. Type: void *
--
>yyrealloc,void *
/usr/local/src/postgresql/src/bin/psql/psqlscanslash.c:3118:8
Used: realloc
Ret. Type: void *
--
>yyrealloc,void *
/usr/local/src/postgresql/src/backend/utils/misc/guc-file.c:2096:8
Used: realloc
Ret. Type: void *
--
>yyrealloc,void *
/usr/local/src/postgresql/src/backend/bootstrap/bootscanner.c:2245:8
Used: realloc
Ret. Type: void *
--
>yyrealloc,void *
/usr/local/src/postgresql/src/backend/replication/repl_scanner.c:2476:8
Used: realloc
Ret. Type: void *
--
>yyrealloc,void *
/usr/local/src/postgresql/src/backend/replication/syncrep_scanner.c:2111:8
Used: realloc
Ret. Type: void *
--
>yyrealloc,void *
/usr/local/src/postgresql/src/fe_utils/psqlscan.c:5216:8
Used: realloc
Ret. Type: void *
--
>yyrealloc,void *
/usr/local/src/postgresql/src/interfaces/ecpg/preproc/pgc.c:5072:8
Used: realloc
Ret. Type: void *
--
>yyrealloc,void *
/usr/local/src/postgresql/src/test/isolation/specscanner.c:2194:8
Used: realloc
Ret. Type: void *
>yyrealloc,yy_size_t
/usr/local/src/postgresql/src/bin/pgbench/exprscan.c:2631:8
Used: realloc
Ret. Type: void *
--
>yyrealloc,yy_size_t
/usr/local/src/postgresql/src/bin/psql/psqlscanslash.c:3118:8
Used: realloc
Ret. Type: void *
--
>yyrealloc,yy_size_t
/usr/local/src/postgresql/src/backend/utils/misc/guc-file.c:2096:8
Used: realloc
Ret. Type: void *
--
>yyrealloc,yy_size_t
/usr/local/src/postgresql/src/backend/bootstrap/bootscanner.c:2245:8
Used: realloc
Ret. Type: void *
--
>yyrealloc,yy_size_t
/usr/local/src/postgresql/src/backend/replication/repl_scanner.c:2476:8
Used: realloc
Ret. Type: void *
--
>yyrealloc,yy_size_t
/usr/local/src/postgresql/src/backend/replication/syncrep_scanner.c:2111:8
Used: realloc
Ret. Type: void *
--
>yyrealloc,yy_size_t
/usr/local/src/postgresql/src/fe_utils/psqlscan.c:5216:8
Used: realloc
Ret. Type: void *
--
>yyrealloc,yy_size_t
/usr/local/src/postgresql/src/interfaces/ecpg/preproc/pgc.c:5072:8
Used: realloc
Ret. Type: void *
--
>yyrealloc,yy_size_t
/usr/local/src/postgresql/src/test/isolation/specscanner.c:2194:8
Used: realloc
Ret. Type: void *
--
>yy_get_next_buffer,yyscan_t
/usr/local/src/postgresql/src/bin/pgbench/exprscan.c:1711:5
Used: yyrealloc
Ret. Type: int
>yy_get_next_buffer,yyscan_t
/usr/local/src/postgresql/src/bin/pgbench/exprscan.c:1711:5
Used: yyrealloc
Ret. Type: int
>yy_get_next_buffer,yyscan_t
/usr/local/src/postgresql/src/bin/pgbench/exprscan.c:1761:49
Used: yyrealloc
Ret. Type: int
--
>yy_get_next_buffer,yyscan_t
/usr/local/src/postgresql/src/bin/psql/psqlscanslash.c:2223:5
Used: yyrealloc
Ret. Type: int
>yy_get_next_buffer,yyscan_t
/usr/local/src/postgresql/src/bin/psql/psqlscanslash.c:2223:5
Used: yyrealloc
Ret. Type: int
>yy_get_next_buffer,yyscan_t
/usr/local/src/postgresql/src/bin/psql/psqlscanslash.c:2273:49
Used: yyrealloc
Ret. Type: int
--
>yy_get_next_buffer,yyscan_t
/usr/local/src/postgresql/src/backend/parser/scan.c:10551:5
Used: yyrealloc
Ret. Type: int
>yy_get_next_buffer,yyscan_t
/usr/local/src/postgresql/src/backend/parser/scan.c:10551:5
Used: yyrealloc
Ret. Type: int
>yy_get_next_buffer,yyscan_t
/usr/local/src/postgresql/src/backend/parser/scan.c:10601:49
Used: yyrealloc
Ret. Type: int
--
>yy_get_next_buffer,yyscan_t
/usr/local/src/postgresql/src/fe_utils/psqlscan.c:4321:5
Used: yyrealloc
Ret. Type: int
>yy_get_next_buffer,yyscan_t
/usr/local/src/postgresql/src/fe_utils/psqlscan.c:4321:5
Used: yyrealloc
Ret. Type: int
>yy_get_next_buffer,yyscan_t
/usr/local/src/postgresql/src/fe_utils/psqlscan.c:4371:49
Used: yyrealloc
Ret. Type: int
>yyensure_buffer_stack,yyscan_t
/usr/local/src/postgresql/src/bin/pgbench/exprscan.c:2176:51
Used: yyrealloc
Ret. Type: void
--
>yyensure_buffer_stack,yyscan_t
/usr/local/src/postgresql/src/bin/psql/psqlscanslash.c:2663:51
Used: yyrealloc
Ret. Type: void
--
>yyensure_buffer_stack,yyscan_t
/usr/local/src/postgresql/src/backend/parser/scan.c:10995:51
Used: yyrealloc
Ret. Type: void
--
>yyensure_buffer_stack,yyscan_t
/usr/local/src/postgresql/src/fe_utils/psqlscan.c:4761:51
Used: yyrealloc
Ret. Type: void
--
>ecpg_store_input,const int
/usr/local/src/postgresql/src/interfaces/ecpg/ecpglib/execute.c:897:22
Used: ecpg_realloc
Ret. Type: bool
>ecpg_store_input,const int
/usr/local/src/postgresql/src/interfaces/ecpg/ecpglib/execute.c:944:22
Used: ecpg_realloc
Ret. Type: bool
>ecpg_store_input,const int
/usr/local/src/postgresql/src/interfaces/ecpg/ecpglib/execute.c:991:22
Used: ecpg_realloc
Ret. Type: bool
>ecpg_store_input,const int
/usr/local/src/postgresql/src/interfaces/ecpg/ecpglib/execute.c:1038:22
Used: ecpg_realloc
Ret. Type: bool
