>ParallelBackupEnd
/usr/local/src/postgresql/src/bin/pg_dump/parallel.c:1090:1
Used: free
Type: ParallelState *
Ret. Type: void
>init_spawned_worker_win32
/usr/local/src/postgresql/src/bin/pg_dump/parallel.c:880:1
Used: free
Type: WorkerInfo *
Ret. Type: unsigned __stdcall 
>DeCloneArchive
/usr/local/src/postgresql/src/bin/pg_dump/pg_backup_archiver.c:5067:1
Used: free
Type: ArchiveHandle *
Ret. Type: void
--
>restore_global_locale
/usr/local/src/postgresql/src/bin/initdb/initdb.c:395:1
Used: free
Type: save_locale_t
Ret. Type: void
>writefile
/usr/local/src/postgresql/src/bin/initdb/initdb.c:735:1
Used: free
Type: char * *
Ret. Type: void
>restorePsetInfo
/usr/local/src/postgresql/src/bin/psql/command.c:5051:1
Used: free
Type: printQueryOpt *
Ret. Type: void
--
>output_prepare_statement
/usr/local/src/postgresql/src/interfaces/ecpg/preproc/output.c:178:1
Used: free
Type: char *
Ret. Type: void
>output_simple_statement
/usr/local/src/postgresql/src/interfaces/ecpg/preproc/output.c:25:1
Used: free
Type: char *
Ret. Type: void
>output_statement
/usr/local/src/postgresql/src/interfaces/ecpg/preproc/output.c:166:1
Used: free
Type: char *
Ret. Type: void
>dump_variables
/usr/local/src/postgresql/src/interfaces/ecpg/preproc/variable.c:460:2
Used: free
Type: struct arguments *
Ret. Type: void
--
>cat2_str
/usr/local/src/postgresql/src/interfaces/ecpg/preproc/preproc.c:221:1
Used: free
Type: char *
Ret. Type: char *
>cat2_str
/usr/local/src/postgresql/src/interfaces/ecpg/preproc/preproc.c:222:1
Used: free
Type: char *
Ret. Type: char *
>make2_str
/usr/local/src/postgresql/src/interfaces/ecpg/preproc/preproc.c:253:1
Used: free
Type: char *
Ret. Type: char *
>make2_str
/usr/local/src/postgresql/src/interfaces/ecpg/preproc/preproc.c:254:1
Used: free
Type: char *
Ret. Type: char *
>make3_str
/usr/local/src/postgresql/src/interfaces/ecpg/preproc/preproc.c:266:1
Used: free
Type: char *
Ret. Type: char *
>make3_str
/usr/local/src/postgresql/src/interfaces/ecpg/preproc/preproc.c:267:1
Used: free
Type: char *
Ret. Type: char *
>make3_str
/usr/local/src/postgresql/src/interfaces/ecpg/preproc/preproc.c:268:1
Used: free
Type: char *
Ret. Type: char *
--
>PQclear
/usr/local/src/postgresql/src/interfaces/libpq/fe-exec.c:770:1
Used: free
Type: PGresult *
Ret. Type: void
--
>RunWorker
/usr/local/src/postgresql/src/bin/pg_dump/parallel.c:866:1
Used: DeCloneArchive
Type: ArchiveHandle *
Ret. Type: void
>EndCompressFileHandle
/usr/local/src/postgresql/src/bin/pg_dump/compress_io.c:296:1
Used: free_keep_errno
Type: CompressFileHandle *
Ret. Type: bool
>EndCompressor
/usr/local/src/postgresql/src/bin/pg_dump/compress_io.c:152:1
Used: pg_free
Type: CompressorState *
Ret. Type: void
>make_func
/usr/local/src/postgresql/src/bin/pgbench/exprparse.c:2091:2
Used: pg_free
Type: PgBenchExprList *
Ret. Type: PgBenchExpr *
--
>bool_substitute_hook
/usr/local/src/postgresql/src/bin/psql/startup.c:868:2
Used: pg_free
Type: char *
Ret. Type: char *
--
>ClearOrSaveResult
/usr/local/src/postgresql/src/bin/psql/common.c:536:4
Used: PQclear
Type: PGresult *
Ret. Type: void
--
>HandleEndOfCopyStream
/usr/local/src/postgresql/src/bin/pg_basebackup/receivelog.c:1202:1
Used: PQfreemem
Type: char *
Ret. Type: PGresult *
--
>TableCommandResultHandler
/usr/local/src/postgresql/src/fe_utils/parallel_slot.c:558:3
Used: PQclear
Type: PGresult *
Ret. Type: bool
>processQueryResult
/usr/local/src/postgresql/src/fe_utils/parallel_slot.c:48:1
Used: PQclear
Type: PGresult *
Ret. Type: bool
--
>ecpg_finish
/usr/local/src/postgresql/src/interfaces/ecpg/ecpglib/connect.c:139:2
Used: ecpg_free
Type: struct connection *
Ret. Type: void
--
>ecpg_check_PQresult
/usr/local/src/postgresql/src/interfaces/ecpg/ecpglib/error.c:299:3
Used: PQclear
Type: PGresult *
Ret. Type: bool
--
>insert_tobeinserted
/usr/local/src/postgresql/src/interfaces/ecpg/ecpglib/execute.c:1135:2
Used: ecpg_free
Type: char *
Ret. Type: bool
>quote_postgres
/usr/local/src/postgresql/src/interfaces/ecpg/ecpglib/execute.c:77:2
Used: ecpg_free
Type: char *
Ret. Type: char *
--
>PQfinish
/usr/local/src/postgresql/src/interfaces/libpq/fe-connect.c:4883:2
Used: freePGconn
Type: PGconn *
Ret. Type: void
>process_result
/usr/local/src/postgresql/src/test/modules/libpq_pipeline/libpq_pipeline.c:2102:3
Used: PQclear
Type: PGresult *
Ret. Type: bool
>dblink_res_error
/usr/local/src/postgresql/contrib/dblink/dblink.c:2757:1
Used: PQclear
Type: PGresult *
Ret. Type: void
>materializeResult
/usr/local/src/postgresql/contrib/dblink/dblink.c:978:2
Used: PQclear
Type: PGresult *
Ret. Type: void
>store_returning_result
/usr/local/src/postgresql/contrib/postgres_fdw/postgres_fdw.c:4362:2
Used: PQclear
Type: PGresult *
Ret. Type: void
>pgfdw_report_error
/usr/local/src/postgresql/contrib/postgres_fdw/connection.c:914:3
Used: PQclear
Type: PGresult *
Ret. Type: void
>dumpRoleGUCPrivs
/usr/local/src/postgresql/src/bin/pg_dump/pg_dumpall.c:1196:3
Used: PQfinish
Type: PGconn *
Ret. Type: void
>dumpRoleMembership
/usr/local/src/postgresql/src/bin/pg_dump/pg_dumpall.c:1061:4
Used: PQfinish
Type: PGconn *
Ret. Type: void
>dumpTablespaces
/usr/local/src/postgresql/src/bin/pg_dump/pg_dumpall.c:1323:3
Used: PQfinish
Type: PGconn *
Ret. Type: void
>executeCommand
/usr/local/src/postgresql/src/bin/pg_dump/pg_dumpall.c:1918:2
Used: PQfinish
Type: PGconn *
Ret. Type: void
--
>executeCommand
/usr/local/src/postgresql/src/fe_utils/query_utils.c:60:2
Used: PQfinish
Type: PGconn *
Ret. Type: void
>executeQuery
/usr/local/src/postgresql/src/bin/pg_dump/pg_dumpall.c:1895:2
Used: PQfinish
Type: PGconn *
Ret. Type: PGresult *
--
>executeQuery
/usr/local/src/postgresql/src/fe_utils/query_utils.c:35:2
Used: PQfinish
Type: PGconn *
Ret. Type: PGresult *
>expand_dbname_patterns
/usr/local/src/postgresql/src/bin/pg_dump/pg_dumpall.c:1469:3
Used: PQfinish
Type: PGconn *
Ret. Type: void
--
>disconnect_database
/usr/local/src/postgresql/src/bin/pg_basebackup/pg_createsubscriber.c:549:1
Used: PQfinish
Type: PGconn *
Ret. Type: void
--
>executeQueryOrDie
/usr/local/src/postgresql/src/bin/pg_upgrade/server.c:142:2
Used: PQfinish
Type: PGconn *
Ret. Type: PGresult *
>appendQualifiedRelation
/usr/local/src/postgresql/src/bin/scripts/common.c:111:2
Used: PQfinish
Type: PGconn *
Ret. Type: void
>get_parallel_object_list
/usr/local/src/postgresql/src/bin/scripts/reindexdb.c:767:2
Used: PQfinish
Type: PGconn *
Ret. Type: SimpleStringList *
>run_reindex_command
/usr/local/src/postgresql/src/bin/scripts/reindexdb.c:606:3
Used: PQfinish
Type: PGconn *
Ret. Type: void
--
>PLy_function_restore_args
/usr/local/src/postgresql/src/pl/plpython/plpy_exec.c:577:1
Used: pfree
Type: PLySavedArgs *
Ret. Type: void
>CatCacheRemoveCList
/usr/local/src/postgresql/src/backend/utils/cache/catcache.c:582:1
Used: pfree
Type: CatCList *
Ret. Type: void
>CatCacheRemoveCTup
/usr/local/src/postgresql/src/backend/utils/cache/catcache.c:538:1
Used: pfree
Type: CatCTup *
Ret. Type: void
--
>string_to_text
/usr/local/src/postgresql/src/backend/utils/adt/ruleutils.c:13221:1
Used: pfree
Type: char *
Ret. Type: text *
>dofindsubquery
/usr/local/src/postgresql/src/backend/utils/adt/tsquery_rewrite.c:250:3
Used: pfree
Type: QTNode *
Ret. Type: QTNode *
>recursive_revoke
/usr/local/src/postgresql/src/backend/utils/adt/acl.c:1336:3
Used: pfree
Type: Acl *
Ret. Type: Acl *
--
>clean_NOT_intree
/usr/local/src/postgresql/src/backend/utils/adt/tsquery_cleanup.c:171:3
Used: pfree
Type: NODE *
Ret. Type: NODE *
>clean_stopword_intree
/usr/local/src/postgresql/src/backend/utils/adt/tsquery_cleanup.c:250:2
Used: pfree
Type: NODE *
Ret. Type: NODE *
--
>plainnode
/usr/local/src/postgresql/src/backend/utils/adt/tsquery_cleanup.c:90:1
Used: pfree
Type: NODE *
Ret. Type: void
--
>bms_add_members
/usr/local/src/postgresql/src/backend/nodes/bitmapset.c:957:2
Used: pfree
Type: Bitmapset *
Ret. Type: Bitmapset *
>bms_del_member
/usr/local/src/postgresql/src/backend/nodes/bitmapset.c:907:2
Used: pfree
Type: Bitmapset *
Ret. Type: Bitmapset *
>bms_del_members
/usr/local/src/postgresql/src/backend/nodes/bitmapset.c:1211:3
Used: pfree
Type: Bitmapset *
Ret. Type: Bitmapset *
--
>bms_int_members
/usr/local/src/postgresql/src/backend/nodes/bitmapset.c:1123:2
Used: pfree
Type: Bitmapset *
Ret. Type: Bitmapset *
>bms_replace_members
/usr/local/src/postgresql/src/backend/nodes/bitmapset.c:983:2
Used: pfree
Type: Bitmapset *
Ret. Type: Bitmapset *
--
>CopyMultiInsertBufferCleanup
/usr/local/src/postgresql/src/backend/commands/copyfrom.c:506:1
Used: pfree
Type: CopyMultiInsertBuffer *
Ret. Type: void
--
>ReorderBufferIterTXNFinish
/usr/local/src/postgresql/src/backend/replication/logical/reorderbuffer.c:1505:1
Used: pfree
Type: ReorderBufferIterTXNState *
Ret. Type: void
>ReorderBufferReturnChange
/usr/local/src/postgresql/src/backend/replication/logical/reorderbuffer.c:562:1
Used: pfree
Type: ReorderBufferChange *
Ret. Type: void
>ReorderBufferReturnRelids
/usr/local/src/postgresql/src/backend/replication/logical/reorderbuffer.c:621:1
Used: pfree
Type: Oid *
Ret. Type: void
>ReorderBufferReturnTXN
/usr/local/src/postgresql/src/backend/replication/logical/reorderbuffer.c:478:1
Used: pfree
Type: ReorderBufferTXN *
Ret. Type: void
>ReorderBufferReturnTupleBuf
/usr/local/src/postgresql/src/backend/replication/logical/reorderbuffer.c:590:1
Used: pfree
Type: HeapTuple
Ret. Type: void
--
>addHLParsedLex
/usr/local/src/postgresql/src/backend/tsearch/ts_parse.c:521:2
Used: pfree
Type: ParsedLex *
Ret. Type: void
>addHLParsedLex
/usr/local/src/postgresql/src/backend/tsearch/ts_parse.c:535:2
Used: pfree
Type: TSLexeme *
Ret. Type: void
>updateAclDependenciesWorker
/usr/local/src/postgresql/src/backend/catalog/pg_shdepend.c:592:2
Used: pfree
Type: Oid *
Ret. Type: void
>updateAclDependenciesWorker
/usr/local/src/postgresql/src/backend/catalog/pg_shdepend.c:594:2
Used: pfree
Type: Oid *
Ret. Type: void
--
>merge_clump
/usr/local/src/postgresql/src/backend/optimizer/geqo/geqo_eval.c:285:4
Used: pfree
Type: Clump *
Ret. Type: List *
--
>add_partial_path
/usr/local/src/postgresql/src/backend/optimizer/util/pathnode.c:850:2
Used: pfree
Type: Path *
Ret. Type: void
>add_path
/usr/local/src/postgresql/src/backend/optimizer/util/pathnode.c:620:3
Used: pfree
Type: Path *
Ret. Type: void
--
>ExecDropSingleTupleTableSlot
/usr/local/src/postgresql/src/backend/executor/execTuples.c:1356:1
Used: pfree
Type: TupleTableSlot *
Ret. Type: void
>ExecForceStoreHeapTuple
/usr/local/src/postgresql/src/backend/executor/execTuples.c:1577:3
Used: pfree
Type: HeapTuple
Ret. Type: void
>ExecForceStoreMinimalTuple
/usr/local/src/postgresql/src/backend/executor/execTuples.c:1622:3
Used: pfree
Type: MinimalTuple
Ret. Type: void
--
>PageRestoreTempPage
/usr/local/src/postgresql/src/backend/storage/page/bufpage.c:431:1
Used: pfree
Type: Page
Ret. Type: void
>read_stream_end
/usr/local/src/postgresql/src/backend/storage/aio/read_stream.c:784:1
Used: pfree
Type: ReadStream *
Ret. Type: void
--
>TidStoreEndIterate
/usr/local/src/postgresql/src/backend/access/common/tidstore.c:544:1
Used: pfree
Type: TidStoreIter *
Ret. Type: void
--
>_bt_insertonpg
/usr/local/src/postgresql/src/backend/access/nbtree/nbtinsert.c:1435:2
Used: pfree
Type: IndexTuple
Ret. Type: void
--
>json_manifest_object_field_start
/usr/local/src/postgresql/src/common/parse_manifest.c:497:1
Used: pfree
Type: char *
Ret. Type: JsonParseErrorType
>json_manifest_scalar
/usr/local/src/postgresql/src/common/parse_manifest.c:549:5
Used: pfree
Type: char *
Ret. Type: JsonParseErrorType
>json_parse_manifest_incremental_shutdown
/usr/local/src/postgresql/src/common/parse_manifest.c:174:1
Used: pfree
Type: JsonManifestParseIncrementalState *
Ret. Type: void
--
>disconnectDatabase
/usr/local/src/postgresql/src/fe_utils/connect_utils.c:170:1
Used: PQfinish
Type: PGconn *
Ret. Type: void
--
>ecpg_do_epilogue
/usr/local/src/postgresql/src/interfaces/ecpg/ecpglib/execute.c:2234:1
Used: free_statement
Type: struct statement *
Ret. Type: void
>exit_nicely
/usr/local/src/postgresql/src/test/examples/testlibpq4.c:18:2
Used: PQfinish
Type: PGconn *
Ret. Type: void
>exit_nicely
/usr/local/src/postgresql/src/test/examples/testlibpq4.c:20:2
Used: PQfinish
Type: PGconn *
Ret. Type: void
>exit_nicely
/usr/local/src/postgresql/src/test/examples/testlibpq.c:16:1
Used: PQfinish
Type: PGconn *
Ret. Type: void
>exit_nicely
/usr/local/src/postgresql/src/test/examples/testlo64.c:217:1
Used: PQfinish
Type: PGconn *
Ret. Type: void
>exit_nicely
/usr/local/src/postgresql/src/test/examples/testlibpq2.c:44:1
Used: PQfinish
Type: PGconn *
Ret. Type: void
>exit_nicely
/usr/local/src/postgresql/src/test/examples/testlibpq3.c:50:1
Used: PQfinish
Type: PGconn *
Ret. Type: void
>exit_nicely
/usr/local/src/postgresql/src/test/examples/testlo.c:195:1
Used: PQfinish
Type: PGconn *
Ret. Type: void
--
>exit_nicely
/usr/local/src/postgresql/src/test/modules/libpq_pipeline/libpq_pipeline.c:63:1
Used: PQfinish
Type: PGconn *
Ret. Type: void
--
>sql_exec
/usr/local/src/postgresql/contrib/oid2name/oid2name.c:394:2
Used: PQfinish
Type: PGconn *
Ret. Type: int
>createNewConnection
/usr/local/src/postgresql/contrib/dblink/dblink.c:2572:2
Used: pfree
Type: remoteConn *
Ret. Type: void
>dblink_security_check
/usr/local/src/postgresql/contrib/dblink/dblink.c:2628:2
Used: pfree
Type: remoteConn *
Ret. Type: void
--
>compile_database_list
/usr/local/src/postgresql/src/bin/pg_amcheck/pg_amcheck.c:1695:2
Used: disconnectDatabase
Type: PGconn *
Ret. Type: void
>compile_relation_list_one_db
/usr/local/src/postgresql/src/bin/pg_amcheck/pg_amcheck.c:2140:2
Used: disconnectDatabase
Type: PGconn *
Ret. Type: void
>findeq
/usr/local/src/postgresql/src/backend/utils/adt/tsquery_rewrite.c:61:4
Used: QTNFree
Type: QTNode *
Ret. Type: QTNode *
>UnregisterSnapshotNoOwner
/usr/local/src/postgresql/src/backend/utils/time/snapmgr.c:870:2
Used: FreeSnapshot
Type: Snapshot
Ret. Type: void
--
>ATExecDropColumn
/usr/local/src/postgresql/src/backend/commands/tablecmds.c:9130:2
Used: free_object_addresses
Type: ObjectAddresses *
Ret. Type: ObjectAddress
--
>SnapBuildSnapDecRefcount
/usr/local/src/postgresql/src/backend/replication/logical/snapbuild.c:487:2
Used: SnapBuildFreeSnapshot
Type: Snapshot
Ret. Type: void
>InsertPgAttributeTuples
/usr/local/src/postgresql/src/backend/catalog/heap.c:806:2
Used: CatalogCloseIndexes
Type: CatalogIndexState
Ret. Type: void
>ExecPrepareTuplestoreResult
/usr/local/src/postgresql/src/backend/executor/execSRF.c:919:3
Used: FreeTupleDesc
Type: TupleDesc
Ret. Type: void
--
>ginInsertValue
/usr/local/src/postgresql/src/backend/access/gin/ginbtree.c:831:2
Used: freeGinBtreeStack
Type: GinBtreeStack *
Ret. Type: void
>DecrTupleDescRefCount
/usr/local/src/postgresql/src/backend/access/common/tupdesc.c:412:2
Used: FreeTupleDesc
Type: TupleDesc
Ret. Type: void
>rewrite_heap_tuple
/usr/local/src/postgresql/src/backend/access/heap/rewriteheap.c:491:5
Used: heap_freetuple
Type: HeapTuple
Ret. Type: void
>index_endscan
/usr/local/src/postgresql/src/backend/access/index/indexam.c:400:1
Used: IndexScanEnd
Type: IndexScanDesc
Ret. Type: void
>ParallelSlotsAdoptConn
/usr/local/src/postgresql/src/fe_utils/parallel_slot.c:468:2
Used: disconnectDatabase
Type: PGconn *
Ret. Type: void
--
>test_nosync
/usr/local/src/postgresql/src/test/modules/libpq_pipeline/libpq_pipeline.c:647:3
Used: exit_nicely
Type: PGconn *
Ret. Type: void
>test_pipelined_insert
/usr/local/src/postgresql/src/test/modules/libpq_pipeline/libpq_pipeline.c:1098:3
Used: exit_nicely
Type: PGconn *
Ret. Type: void
--
>UnregisterSnapshotFromOwner
/usr/local/src/postgresql/src/backend/utils/time/snapmgr.c:855:1
Used: UnregisterSnapshotNoOwner
Type: Snapshot
Ret. Type: void
>bms_add_member
/usr/local/src/postgresql/src/backend/nodes/bitmapset.c:854:5
Used: bms_copy_and_free
Type: Bitmapset *
Ret. Type: Bitmapset *
>bms_add_range
/usr/local/src/postgresql/src/backend/nodes/bitmapset.c:1033:6
Used: bms_copy_and_free
Type: Bitmapset *
Ret. Type: Bitmapset *
>bms_join
/usr/local/src/postgresql/src/backend/nodes/bitmapset.c:1244:6
Used: bms_copy_and_free
Type: Bitmapset *
Ret. Type: Bitmapset *
>bms_join
/usr/local/src/postgresql/src/backend/nodes/bitmapset.c:1252:6
Used: bms_copy_and_free
Type: Bitmapset *
Ret. Type: Bitmapset *
>pa_xact_finish
/usr/local/src/postgresql/src/backend/replication/logical/applyparallelworker.c:1638:1
Used: pa_free_worker
Type: ParallelApplyWorkerInfo *
Ret. Type: void
