>bool_substitute_hook
>dofindsubquery
>dofindsubquery
>dofindsubquery
>findsubquery
>findeq
>recursive_revoke
>freeAndGetParent
>clean_NOT_intree
>clean_NOT_intree
>clean_stopword_intree
>clean_stopword_intree
>jsonpath_yyrealloc
>xml_repalloc
>repalloc0
>bms_copy_and_free
>bms_add_members
>bms_del_member
>bms_del_members
>bms_int_members
>bms_replace_members
>bms_replace_members
>bms_add_member
>bms_add_range
>SetConstraintStateAddItem
>addCompiledLexeme
>merge_clump
>calc_nestloop_required_outer
>min_join_parameterization
>add_outer_joins_to_relids
>finalize_plan
>create_final_distinct_paths
>ExecHashJoinGetSavedTuple
>SPI_repalloc
>gistjoinvector
>brin_copy_tuple
>core_yyrealloc
>adjust_relid_set
>adjust_relid_set
>repalloc
>ecpg_freeStmtCacheEntry
>quote_postgres
>ecpg_store_input
>growalloc
>resize_intArrayType
>_int_unique
>bms_join
>bms_join
>build_join_rel
>create_distinct_paths
>AddStmtToCache
>make_join_rel
