>bms_add_member,Bitmapset *, /usr/local/src/postgresql/src/backend/nodes/bitmapset.c
>bms_add_members,Bitmapset *, /usr/local/src/postgresql/src/backend/nodes/bitmapset.c
>bms_add_range,Bitmapset *, /usr/local/src/postgresql/src/backend/nodes/bitmapset.c
>bms_copy_and_free,Bitmapset *, /usr/local/src/postgresql/src/backend/nodes/bitmapset.c
>bms_del_member,Bitmapset *, /usr/local/src/postgresql/src/backend/nodes/bitmapset.c
>bms_del_members,Bitmapset *, /usr/local/src/postgresql/src/backend/nodes/bitmapset.c
>bms_int_members,Bitmapset *, /usr/local/src/postgresql/src/backend/nodes/bitmapset.c
>bms_join,Bitmapset *, /usr/local/src/postgresql/src/backend/nodes/bitmapset.c
>bms_replace_members,Bitmapset *, /usr/local/src/postgresql/src/backend/nodes/bitmapset.c
>bool_substitute_hook,char *, /usr/local/src/postgresql/src/bin/psql/startup.c
>cat2_str,char *, /usr/local/src/postgresql/src/interfaces/ecpg/preproc/preproc.c
>clean_NOT_intree,NODE *, /usr/local/src/postgresql/src/backend/utils/adt/tsquery_cleanup.c
>clean_stopword_intree,NODE *, /usr/local/src/postgresql/src/backend/utils/adt/tsquery_cleanup.c
>dofindsubquery,QTNode *, /usr/local/src/postgresql/src/backend/utils/adt/tsquery_rewrite.c
>finalize_plan,Bitmapset *, /usr/local/src/postgresql/src/backend/optimizer/plan/subselect.c
>findeq,QTNode *, /usr/local/src/postgresql/src/backend/utils/adt/tsquery_rewrite.c
>findsubquery,QTNode *, /usr/local/src/postgresql/src/backend/utils/adt/tsquery_rewrite.c
>freeAndGetParent,JsonbIterator *, /usr/local/src/postgresql/src/backend/utils/adt/jsonb_util.c
>list_delete_cell,List *, /usr/local/src/postgresql/src/backend/nodes/list.c
>list_delete_first,List *, /usr/local/src/postgresql/src/backend/nodes/list.c
>list_delete_first_n,List *, /usr/local/src/postgresql/src/backend/nodes/list.c
>list_delete_int,List *, /usr/local/src/postgresql/src/backend/nodes/list.c
>list_delete_last,List *, /usr/local/src/postgresql/src/backend/nodes/list.c
>list_delete,List *, /usr/local/src/postgresql/src/backend/nodes/list.c
>list_delete_nth_cell,List *, /usr/local/src/postgresql/src/backend/nodes/list.c
>list_delete_oid,List *, /usr/local/src/postgresql/src/backend/nodes/list.c
>list_delete_ptr,List *, /usr/local/src/postgresql/src/backend/nodes/list.c
>make2_str,char *, /usr/local/src/postgresql/src/interfaces/ecpg/preproc/preproc.c
>make3_str,char *, /usr/local/src/postgresql/src/interfaces/ecpg/preproc/preproc.c
>MergeAttributes,List *, /usr/local/src/postgresql/src/backend/commands/tablecmds.c
>quote_postgres,char *, /usr/local/src/postgresql/src/interfaces/ecpg/ecpglib/execute.c
>recursive_revoke,Acl *, /usr/local/src/postgresql/src/backend/utils/adt/acl.c
>RewriteQuery,List *, /usr/local/src/postgresql/src/backend/rewrite/rewriteHandler.c
