>cat2_str,char *, /usr/local/src/postgresql/src/interfaces/ecpg/preproc/preproc.c:221:1
Used: free
Ret. Type: char *
>cat2_str,char *, /usr/local/src/postgresql/src/interfaces/ecpg/preproc/preproc.c:222:1
Used: free
Ret. Type: char *
>make2_str,char *, /usr/local/src/postgresql/src/interfaces/ecpg/preproc/preproc.c:253:1
Used: free
Ret. Type: char *
>make2_str,char *, /usr/local/src/postgresql/src/interfaces/ecpg/preproc/preproc.c:254:1
Used: free
Ret. Type: char *
>make3_str,char *, /usr/local/src/postgresql/src/interfaces/ecpg/preproc/preproc.c:266:1
Used: free
Ret. Type: char *
>make3_str,char *, /usr/local/src/postgresql/src/interfaces/ecpg/preproc/preproc.c:267:1
Used: free
Ret. Type: char *
>make3_str,char *, /usr/local/src/postgresql/src/interfaces/ecpg/preproc/preproc.c:268:1
Used: free
Ret. Type: char *
--
>bool_substitute_hook,char *, /usr/local/src/postgresql/src/bin/psql/startup.c:868:2
Used: pg_free
Ret. Type: char *
--
>quote_postgres,char *, /usr/local/src/postgresql/src/interfaces/ecpg/ecpglib/execute.c:77:2
Used: ecpg_free
Ret. Type: char *
--
>dofindsubquery,QTNode *, /usr/local/src/postgresql/src/backend/utils/adt/tsquery_rewrite.c:250:3
Used: pfree
Ret. Type: QTNode *
>recursive_revoke,Acl *, /usr/local/src/postgresql/src/backend/utils/adt/acl.c:1336:3
Used: pfree
Ret. Type: Acl *
--
>freeAndGetParent,JsonbIterator *, /usr/local/src/postgresql/src/backend/utils/adt/jsonb_util.c:1045:1
Used: pfree
Ret. Type: JsonbIterator *
>clean_NOT_intree,NODE *, /usr/local/src/postgresql/src/backend/utils/adt/tsquery_cleanup.c:171:3
Used: pfree
Ret. Type: NODE *
>clean_NOT_intree,NODE *, /usr/local/src/postgresql/src/backend/utils/adt/tsquery_cleanup.c:177:3
Used: pfree
Ret. Type: NODE *
>clean_NOT_intree,NODE *, /usr/local/src/postgresql/src/backend/utils/adt/tsquery_cleanup.c:182:3
Used: pfree
Ret. Type: NODE *
>clean_stopword_intree,NODE *, /usr/local/src/postgresql/src/backend/utils/adt/tsquery_cleanup.c:250:2
Used: pfree
Ret. Type: NODE *
>clean_stopword_intree,NODE *, /usr/local/src/postgresql/src/backend/utils/adt/tsquery_cleanup.c:320:3
Used: pfree
Ret. Type: NODE *
>clean_stopword_intree,NODE *, /usr/local/src/postgresql/src/backend/utils/adt/tsquery_cleanup.c:339:3
Used: pfree
Ret. Type: NODE *
--
>bms_add_members,Bitmapset *, /usr/local/src/postgresql/src/backend/nodes/bitmapset.c:957:2
Used: pfree
Ret. Type: Bitmapset *
>bms_del_member,Bitmapset *, /usr/local/src/postgresql/src/backend/nodes/bitmapset.c:907:2
Used: pfree
Ret. Type: Bitmapset *
>bms_del_members,Bitmapset *, /usr/local/src/postgresql/src/backend/nodes/bitmapset.c:1211:3
Used: pfree
Ret. Type: Bitmapset *
--
>bms_int_members,Bitmapset *, /usr/local/src/postgresql/src/backend/nodes/bitmapset.c:1123:2
Used: pfree
Ret. Type: Bitmapset *
>bms_int_members,Bitmapset *, /usr/local/src/postgresql/src/backend/nodes/bitmapset.c:1142:2
Used: pfree
Ret. Type: Bitmapset *
>bms_replace_members,Bitmapset *, /usr/local/src/postgresql/src/backend/nodes/bitmapset.c:983:2
Used: pfree
Ret. Type: Bitmapset *
