>bms_add_member
/usr/local/src/postgresql/src/backend/nodes/bitmapset.c:854:5
Used: bms_copy_and_free
Type: Bitmapset *
>bms_add_members
/usr/local/src/postgresql/src/backend/nodes/bitmapset.c:933:6
Used: bms_copy_and_free
Type: Bitmapset *
>bms_add_range
/usr/local/src/postgresql/src/backend/nodes/bitmapset.c:1033:6
Used: bms_copy_and_free
Type: Bitmapset *
>bms_del_member
/usr/local/src/postgresql/src/backend/nodes/bitmapset.c:884:5
Used: bms_copy_and_free
Type: Bitmapset *
>bms_del_members
/usr/local/src/postgresql/src/backend/nodes/bitmapset.c:1174:6
Used: bms_copy_and_free
Type: Bitmapset *
>bms_int_members
/usr/local/src/postgresql/src/backend/nodes/bitmapset.c:1150:5
Used: bms_copy_and_free
Type: Bitmapset *
>bms_join
/usr/local/src/postgresql/src/backend/nodes/bitmapset.c:1244:6
Used: bms_copy_and_free
Type: Bitmapset *
>bms_join
/usr/local/src/postgresql/src/backend/nodes/bitmapset.c:1252:6
Used: bms_copy_and_free
Type: Bitmapset *
>bms_replace_members
/usr/local/src/postgresql/src/backend/nodes/bitmapset.c:1004:5
Used: bms_copy_and_free
Type: Bitmapset *
