>ATController,Relation, /usr/local/src/postgresql/src/backend/commands/tablecmds.c:4760:1
Used: relation_close
Ret. Type: void
>sequence_close,Relation, /usr/local/src/postgresql/src/backend/access/sequence/sequence.c:60:1
Used: relation_close
Ret. Type: void
>table_close,Relation, /usr/local/src/postgresql/src/backend/access/table/table.c:128:1
Used: relation_close
Ret. Type: void
>pgstat_heap,Relation, /usr/local/src/postgresql/contrib/pgstattuple/pgstattuple.c:398:1
Used: relation_close
Ret. Type: Datum
>pgstat_index,Relation, /usr/local/src/postgresql/contrib/pgstattuple/pgstattuple.c:558:1
Used: relation_close
Ret. Type: Datum
>pg_relpages_impl,Relation, /usr/local/src/postgresql/contrib/pgstattuple/pgstatindex.c:471:1
Used: relation_close
Ret. Type: int64
>pgstatindex_impl,Relation, /usr/local/src/postgresql/contrib/pgstattuple/pgstatindex.c:333:1
Used: relation_close
Ret. Type: Datum
>CheckAttributeType,List *, /usr/local/src/postgresql/src/backend/catalog/heap.c:593:2
Used: CheckAttributeType
Ret. Type: void
>CheckAttributeType,List *, /usr/local/src/postgresql/src/backend/catalog/heap.c:630:3
Used: CheckAttributeType
Ret. Type: void
>CheckAttributeType,List *, /usr/local/src/postgresql/src/backend/catalog/heap.c:645:2
Used: CheckAttributeType
Ret. Type: void
>CheckAttributeType,List *, /usr/local/src/postgresql/src/backend/catalog/heap.c:655:2
Used: CheckAttributeType
Ret. Type: void
>CheckAttributeType,List *, /usr/local/src/postgresql/src/backend/catalog/heap.c:593:2
Used: CheckAttributeType
Ret. Type: void
>CheckAttributeType,List *, /usr/local/src/postgresql/src/backend/catalog/heap.c:630:3
Used: CheckAttributeType
Ret. Type: void
>CheckAttributeType,List *, /usr/local/src/postgresql/src/backend/catalog/heap.c:645:2
Used: CheckAttributeType
Ret. Type: void
>CheckAttributeType,List *, /usr/local/src/postgresql/src/backend/catalog/heap.c:655:2
Used: CheckAttributeType
Ret. Type: void
>CheckAttributeType,List *, /usr/local/src/postgresql/src/backend/catalog/heap.c:593:2
Used: CheckAttributeType
Ret. Type: void
>CheckAttributeType,List *, /usr/local/src/postgresql/src/backend/catalog/heap.c:630:3
Used: CheckAttributeType
Ret. Type: void
>CheckAttributeType,List *, /usr/local/src/postgresql/src/backend/catalog/heap.c:645:2
Used: CheckAttributeType
Ret. Type: void
>CheckAttributeType,List *, /usr/local/src/postgresql/src/backend/catalog/heap.c:655:2
Used: CheckAttributeType
Ret. Type: void
>CheckAttributeType,List *, /usr/local/src/postgresql/src/backend/catalog/heap.c:593:2
Used: CheckAttributeType
Ret. Type: void
>CheckAttributeType,List *, /usr/local/src/postgresql/src/backend/catalog/heap.c:630:3
Used: CheckAttributeType
Ret. Type: void
>CheckAttributeType,List *, /usr/local/src/postgresql/src/backend/catalog/heap.c:645:2
Used: CheckAttributeType
Ret. Type: void
>CheckAttributeType,List *, /usr/local/src/postgresql/src/backend/catalog/heap.c:655:2
Used: CheckAttributeType
Ret. Type: void
>RewriteQuery,List *, /usr/local/src/postgresql/src/backend/rewrite/rewriteHandler.c:3911:13
Used: RewriteQuery
Ret. Type: List *
>RewriteQuery,List *, /usr/local/src/postgresql/src/backend/rewrite/rewriteHandler.c:3911:13
Used: RewriteQuery
Ret. Type: List *
>RewriteQuery,List *, /usr/local/src/postgresql/src/backend/rewrite/rewriteHandler.c:4299:15
Used: RewriteQuery
Ret. Type: List *
>RewriteQuery,List *, /usr/local/src/postgresql/src/backend/rewrite/rewriteHandler.c:3911:13
Used: RewriteQuery
Ret. Type: List *
>RewriteQuery,List *, /usr/local/src/postgresql/src/backend/rewrite/rewriteHandler.c:3911:13
Used: RewriteQuery
Ret. Type: List *
>RewriteQuery,List *, /usr/local/src/postgresql/src/backend/rewrite/rewriteHandler.c:4299:15
Used: RewriteQuery
Ret. Type: List *
>fireRIRrules,List *, /usr/local/src/postgresql/src/backend/rewrite/rewriteHandler.c:2152:17
Used: ApplyRetrieveRule
Ret. Type: Query *
>ApplyRetrieveRule,List *, /usr/local/src/postgresql/src/backend/rewrite/rewriteHandler.c:1846:15
Used: fireRIRrules
Ret. Type: Query *
>fireRIRrules,List *, /usr/local/src/postgresql/src/backend/rewrite/rewriteHandler.c:2052:19
Used: fireRIRrules
Ret. Type: Query *
>fireRIRrules,List *, /usr/local/src/postgresql/src/backend/rewrite/rewriteHandler.c:2052:19
Used: fireRIRrules
Ret. Type: Query *
>fireRIRrules,List *, /usr/local/src/postgresql/src/backend/rewrite/rewriteHandler.c:2172:3
Used: fireRIRrules
Ret. Type: Query *
>ApplyRetrieveRule,List *, /usr/local/src/postgresql/src/backend/rewrite/rewriteHandler.c:1846:15
Used: fireRIRrules
Ret. Type: Query *
>fireRIRrules,List *, /usr/local/src/postgresql/src/backend/rewrite/rewriteHandler.c:2052:19
Used: fireRIRrules
Ret. Type: Query *
>fireRIRrules,List *, /usr/local/src/postgresql/src/backend/rewrite/rewriteHandler.c:2052:19
Used: fireRIRrules
Ret. Type: Query *
>fireRIRrules,List *, /usr/local/src/postgresql/src/backend/rewrite/rewriteHandler.c:2172:3
Used: fireRIRrules
Ret. Type: Query *
>relation_is_updatable,List *, /usr/local/src/postgresql/src/backend/rewrite/rewriteHandler.c:3032:19
Used: relation_is_updatable
Ret. Type: int
>ExplainCustomChildren,List *, /usr/local/src/postgresql/src/backend/commands/explain.c:4466:2
Used: ExplainNode
Ret. Type: void
>ExplainMemberNodes,List *, /usr/local/src/postgresql/src/backend/commands/explain.c:4390:2
Used: ExplainNode
Ret. Type: void
>ExplainNode,List *, /usr/local/src/postgresql/src/backend/commands/explain.c:2362:2
Used: ExplainNode
Ret. Type: void
>ExplainNode,List *, /usr/local/src/postgresql/src/backend/commands/explain.c:2362:2
Used: ExplainNode
Ret. Type: void
>ExplainNode,List *, /usr/local/src/postgresql/src/backend/commands/explain.c:2362:2
Used: ExplainNode
Ret. Type: void
>ExplainNode,List *, /usr/local/src/postgresql/src/backend/commands/explain.c:2362:2
Used: ExplainNode
Ret. Type: void
>ExplainNode,List *, /usr/local/src/postgresql/src/backend/commands/explain.c:2367:2
Used: ExplainNode
Ret. Type: void
>ExplainNode,List *, /usr/local/src/postgresql/src/backend/commands/explain.c:2367:2
Used: ExplainNode
Ret. Type: void
>ExplainNode,List *, /usr/local/src/postgresql/src/backend/commands/explain.c:2394:3
Used: ExplainNode
Ret. Type: void
>ExplainSubPlans,List *, /usr/local/src/postgresql/src/backend/commands/explain.c:4448:2
Used: ExplainNode
Ret. Type: void
>ExplainNode,List *, /usr/local/src/postgresql/src/backend/commands/explain.c:2358:2
Used: ExplainSubPlans
Ret. Type: void
>ExplainNode,List *, /usr/local/src/postgresql/src/backend/commands/explain.c:2358:2
Used: ExplainSubPlans
Ret. Type: void
>ExplainNode,List *, /usr/local/src/postgresql/src/backend/commands/explain.c:2407:2
Used: ExplainSubPlans
Ret. Type: void
>ExplainNode,List *, /usr/local/src/postgresql/src/backend/commands/explain.c:2201:3
Used: show_agg_keys
Ret. Type: void
>ExplainNode,List *, /usr/local/src/postgresql/src/backend/commands/explain.c:2217:3
Used: show_group_keys
Ret. Type: void
>ReorderBufferReplay,ReorderBufferTXN *, /usr/local/src/postgresql/src/backend/replication/logical/reorderbuffer.c:2704:2
Used: ReorderBufferStreamCommit
Ret. Type: void
>ExecUpdate,HeapTuple, /usr/local/src/postgresql/src/backend/executor/nodeModifyTable.c:2335:11
Used: ExecUpdateAct
Ret. Type: TupleTableSlot *
