>rebuild_relation,Relation, /usr/local/src/postgresql/src/backend/commands/cluster.c:654:1
Used: table_close
Ret. Type: void
>ATExecDetachPartition,Relation, /usr/local/src/postgresql/src/backend/commands/tablecmds.c:19183:2
Used: table_close
Ret. Type: ObjectAddress
>pgstat_relation,Relation, /usr/local/src/postgresql/contrib/pgstattuple/pgstattuple.c:258:9
Used: pgstat_heap
Ret. Type: Datum
>pgstat_relation,Relation, /usr/local/src/postgresql/contrib/pgstattuple/pgstattuple.c:272:11
Used: pgstat_index
Ret. Type: Datum
>pgstat_relation,Relation, /usr/local/src/postgresql/contrib/pgstattuple/pgstattuple.c:275:11
Used: pgstat_index
Ret. Type: Datum
>pgstat_relation,Relation, /usr/local/src/postgresql/contrib/pgstattuple/pgstattuple.c:278:11
Used: pgstat_index
Ret. Type: Datum
>ApplyRetrieveRule,List *, /usr/local/src/postgresql/src/backend/rewrite/rewriteHandler.c:1846:15
Used: fireRIRrules
Ret. Type: Query *
>fireRIRrules,List *, /usr/local/src/postgresql/src/backend/rewrite/rewriteHandler.c:2052:19
Used: fireRIRrules
Ret. Type: Query *
>fireRIRrules,List *, /usr/local/src/postgresql/src/backend/rewrite/rewriteHandler.c:2052:19
Used: fireRIRrules
Ret. Type: Query *
>fireRIRrules,List *, /usr/local/src/postgresql/src/backend/rewrite/rewriteHandler.c:2172:3
Used: fireRIRrules
Ret. Type: Query *
>ExplainNode,List *, /usr/local/src/postgresql/src/backend/commands/explain.c:2398:3
Used: ExplainCustomChildren
Ret. Type: void
>ExplainNode,List *, /usr/local/src/postgresql/src/backend/commands/explain.c:2374:3
Used: ExplainMemberNodes
Ret. Type: void
>ExplainNode,List *, /usr/local/src/postgresql/src/backend/commands/explain.c:2379:3
Used: ExplainMemberNodes
Ret. Type: void
>ExplainNode,List *, /usr/local/src/postgresql/src/backend/commands/explain.c:2384:3
Used: ExplainMemberNodes
Ret. Type: void
>ExplainNode,List *, /usr/local/src/postgresql/src/backend/commands/explain.c:2389:3
Used: ExplainMemberNodes
Ret. Type: void
>ExplainCustomChildren,List *, /usr/local/src/postgresql/src/backend/commands/explain.c:4466:2
Used: ExplainNode
Ret. Type: void
>ExplainMemberNodes,List *, /usr/local/src/postgresql/src/backend/commands/explain.c:4390:2
Used: ExplainNode
Ret. Type: void
>ExplainNode,List *, /usr/local/src/postgresql/src/backend/commands/explain.c:2362:2
Used: ExplainNode
Ret. Type: void
>ExplainNode,List *, /usr/local/src/postgresql/src/backend/commands/explain.c:2362:2
Used: ExplainNode
Ret. Type: void
>ExplainNode,List *, /usr/local/src/postgresql/src/backend/commands/explain.c:2362:2
Used: ExplainNode
Ret. Type: void
>ExplainNode,List *, /usr/local/src/postgresql/src/backend/commands/explain.c:2362:2
Used: ExplainNode
Ret. Type: void
>ExplainNode,List *, /usr/local/src/postgresql/src/backend/commands/explain.c:2367:2
Used: ExplainNode
Ret. Type: void
>ExplainNode,List *, /usr/local/src/postgresql/src/backend/commands/explain.c:2367:2
Used: ExplainNode
Ret. Type: void
>ExplainNode,List *, /usr/local/src/postgresql/src/backend/commands/explain.c:2394:3
Used: ExplainNode
Ret. Type: void
>ExplainSubPlans,List *, /usr/local/src/postgresql/src/backend/commands/explain.c:4448:2
Used: ExplainNode
Ret. Type: void
>ExplainCustomChildren,List *, /usr/local/src/postgresql/src/backend/commands/explain.c:4466:2
Used: ExplainNode
Ret. Type: void
>ExplainMemberNodes,List *, /usr/local/src/postgresql/src/backend/commands/explain.c:4390:2
Used: ExplainNode
Ret. Type: void
>ExplainNode,List *, /usr/local/src/postgresql/src/backend/commands/explain.c:2362:2
Used: ExplainNode
Ret. Type: void
>ExplainNode,List *, /usr/local/src/postgresql/src/backend/commands/explain.c:2362:2
Used: ExplainNode
Ret. Type: void
>ExplainNode,List *, /usr/local/src/postgresql/src/backend/commands/explain.c:2362:2
Used: ExplainNode
Ret. Type: void
>ExplainNode,List *, /usr/local/src/postgresql/src/backend/commands/explain.c:2362:2
Used: ExplainNode
Ret. Type: void
>ExplainNode,List *, /usr/local/src/postgresql/src/backend/commands/explain.c:2367:2
Used: ExplainNode
Ret. Type: void
>ExplainNode,List *, /usr/local/src/postgresql/src/backend/commands/explain.c:2367:2
Used: ExplainNode
Ret. Type: void
>ExplainNode,List *, /usr/local/src/postgresql/src/backend/commands/explain.c:2394:3
Used: ExplainNode
Ret. Type: void
>ExplainSubPlans,List *, /usr/local/src/postgresql/src/backend/commands/explain.c:4448:2
Used: ExplainNode
Ret. Type: void
>ExplainCustomChildren,List *, /usr/local/src/postgresql/src/backend/commands/explain.c:4466:2
Used: ExplainNode
Ret. Type: void
>ExplainMemberNodes,List *, /usr/local/src/postgresql/src/backend/commands/explain.c:4390:2
Used: ExplainNode
Ret. Type: void
>ExplainNode,List *, /usr/local/src/postgresql/src/backend/commands/explain.c:2362:2
Used: ExplainNode
Ret. Type: void
>ExplainNode,List *, /usr/local/src/postgresql/src/backend/commands/explain.c:2362:2
Used: ExplainNode
Ret. Type: void
>ExplainNode,List *, /usr/local/src/postgresql/src/backend/commands/explain.c:2362:2
Used: ExplainNode
Ret. Type: void
>ExplainNode,List *, /usr/local/src/postgresql/src/backend/commands/explain.c:2362:2
Used: ExplainNode
Ret. Type: void
>ExplainNode,List *, /usr/local/src/postgresql/src/backend/commands/explain.c:2367:2
Used: ExplainNode
Ret. Type: void
>ExplainNode,List *, /usr/local/src/postgresql/src/backend/commands/explain.c:2367:2
Used: ExplainNode
Ret. Type: void
>ExplainNode,List *, /usr/local/src/postgresql/src/backend/commands/explain.c:2394:3
Used: ExplainNode
Ret. Type: void
>ExplainSubPlans,List *, /usr/local/src/postgresql/src/backend/commands/explain.c:4448:2
Used: ExplainNode
Ret. Type: void
>ExplainNode,List *, /usr/local/src/postgresql/src/backend/commands/explain.c:2358:2
Used: ExplainSubPlans
Ret. Type: void
>ExplainNode,List *, /usr/local/src/postgresql/src/backend/commands/explain.c:2358:2
Used: ExplainSubPlans
Ret. Type: void
>ExplainNode,List *, /usr/local/src/postgresql/src/backend/commands/explain.c:2407:2
Used: ExplainSubPlans
Ret. Type: void
>ExplainCustomChildren,List *, /usr/local/src/postgresql/src/backend/commands/explain.c:4466:2
Used: ExplainNode
Ret. Type: void
>ExplainMemberNodes,List *, /usr/local/src/postgresql/src/backend/commands/explain.c:4390:2
Used: ExplainNode
Ret. Type: void
>ExplainNode,List *, /usr/local/src/postgresql/src/backend/commands/explain.c:2362:2
Used: ExplainNode
Ret. Type: void
>ExplainNode,List *, /usr/local/src/postgresql/src/backend/commands/explain.c:2362:2
Used: ExplainNode
Ret. Type: void
>ExplainNode,List *, /usr/local/src/postgresql/src/backend/commands/explain.c:2362:2
Used: ExplainNode
Ret. Type: void
>ExplainNode,List *, /usr/local/src/postgresql/src/backend/commands/explain.c:2362:2
Used: ExplainNode
Ret. Type: void
>ExplainNode,List *, /usr/local/src/postgresql/src/backend/commands/explain.c:2367:2
Used: ExplainNode
Ret. Type: void
>ExplainNode,List *, /usr/local/src/postgresql/src/backend/commands/explain.c:2367:2
Used: ExplainNode
Ret. Type: void
>ExplainNode,List *, /usr/local/src/postgresql/src/backend/commands/explain.c:2394:3
Used: ExplainNode
Ret. Type: void
>ExplainSubPlans,List *, /usr/local/src/postgresql/src/backend/commands/explain.c:4448:2
Used: ExplainNode
Ret. Type: void
>ExplainCustomChildren,List *, /usr/local/src/postgresql/src/backend/commands/explain.c:4466:2
Used: ExplainNode
Ret. Type: void
>ExplainMemberNodes,List *, /usr/local/src/postgresql/src/backend/commands/explain.c:4390:2
Used: ExplainNode
Ret. Type: void
>ExplainNode,List *, /usr/local/src/postgresql/src/backend/commands/explain.c:2362:2
Used: ExplainNode
Ret. Type: void
>ExplainNode,List *, /usr/local/src/postgresql/src/backend/commands/explain.c:2362:2
Used: ExplainNode
Ret. Type: void
>ExplainNode,List *, /usr/local/src/postgresql/src/backend/commands/explain.c:2362:2
Used: ExplainNode
Ret. Type: void
>ExplainNode,List *, /usr/local/src/postgresql/src/backend/commands/explain.c:2362:2
Used: ExplainNode
Ret. Type: void
>ExplainNode,List *, /usr/local/src/postgresql/src/backend/commands/explain.c:2367:2
Used: ExplainNode
Ret. Type: void
>ExplainNode,List *, /usr/local/src/postgresql/src/backend/commands/explain.c:2367:2
Used: ExplainNode
Ret. Type: void
>ExplainNode,List *, /usr/local/src/postgresql/src/backend/commands/explain.c:2394:3
Used: ExplainNode
Ret. Type: void
>ExplainSubPlans,List *, /usr/local/src/postgresql/src/backend/commands/explain.c:4448:2
Used: ExplainNode
Ret. Type: void
>ExplainCustomChildren,List *, /usr/local/src/postgresql/src/backend/commands/explain.c:4466:2
Used: ExplainNode
Ret. Type: void
>ExplainMemberNodes,List *, /usr/local/src/postgresql/src/backend/commands/explain.c:4390:2
Used: ExplainNode
Ret. Type: void
>ExplainNode,List *, /usr/local/src/postgresql/src/backend/commands/explain.c:2362:2
Used: ExplainNode
Ret. Type: void
>ExplainNode,List *, /usr/local/src/postgresql/src/backend/commands/explain.c:2362:2
Used: ExplainNode
Ret. Type: void
>ExplainNode,List *, /usr/local/src/postgresql/src/backend/commands/explain.c:2362:2
Used: ExplainNode
Ret. Type: void
>ExplainNode,List *, /usr/local/src/postgresql/src/backend/commands/explain.c:2362:2
Used: ExplainNode
Ret. Type: void
>ExplainNode,List *, /usr/local/src/postgresql/src/backend/commands/explain.c:2367:2
Used: ExplainNode
Ret. Type: void
>ExplainNode,List *, /usr/local/src/postgresql/src/backend/commands/explain.c:2367:2
Used: ExplainNode
Ret. Type: void
>ExplainNode,List *, /usr/local/src/postgresql/src/backend/commands/explain.c:2394:3
Used: ExplainNode
Ret. Type: void
>ExplainSubPlans,List *, /usr/local/src/postgresql/src/backend/commands/explain.c:4448:2
Used: ExplainNode
Ret. Type: void
>ExplainCustomChildren,List *, /usr/local/src/postgresql/src/backend/commands/explain.c:4466:2
Used: ExplainNode
Ret. Type: void
>ExplainMemberNodes,List *, /usr/local/src/postgresql/src/backend/commands/explain.c:4390:2
Used: ExplainNode
Ret. Type: void
>ExplainNode,List *, /usr/local/src/postgresql/src/backend/commands/explain.c:2362:2
Used: ExplainNode
Ret. Type: void
>ExplainNode,List *, /usr/local/src/postgresql/src/backend/commands/explain.c:2362:2
Used: ExplainNode
Ret. Type: void
>ExplainNode,List *, /usr/local/src/postgresql/src/backend/commands/explain.c:2362:2
Used: ExplainNode
Ret. Type: void
>ExplainNode,List *, /usr/local/src/postgresql/src/backend/commands/explain.c:2362:2
Used: ExplainNode
Ret. Type: void
>ExplainNode,List *, /usr/local/src/postgresql/src/backend/commands/explain.c:2367:2
Used: ExplainNode
Ret. Type: void
>ExplainNode,List *, /usr/local/src/postgresql/src/backend/commands/explain.c:2367:2
Used: ExplainNode
Ret. Type: void
>ExplainNode,List *, /usr/local/src/postgresql/src/backend/commands/explain.c:2394:3
Used: ExplainNode
Ret. Type: void
>ExplainSubPlans,List *, /usr/local/src/postgresql/src/backend/commands/explain.c:4448:2
Used: ExplainNode
Ret. Type: void
