>add_partial_path,Path *, /usr/local/src/postgresql/src/backend/optimizer/util/pathnode.c
>add_path,Path *, /usr/local/src/postgresql/src/backend/optimizer/util/pathnode.c
>appendQualifiedRelation,PGconn *, /usr/local/src/postgresql/src/bin/scripts/common.c
>bms_add_member,Bitmapset *, /usr/local/src/postgresql/src/backend/nodes/bitmapset.c
>bms_add_members,Bitmapset *, /usr/local/src/postgresql/src/backend/nodes/bitmapset.c
>bms_add_range,Bitmapset *, /usr/local/src/postgresql/src/backend/nodes/bitmapset.c
>bms_del_member,Bitmapset *, /usr/local/src/postgresql/src/backend/nodes/bitmapset.c
>bms_del_members,Bitmapset *, /usr/local/src/postgresql/src/backend/nodes/bitmapset.c
>bms_int_members,Bitmapset *, /usr/local/src/postgresql/src/backend/nodes/bitmapset.c
>bms_join,Bitmapset *, /usr/local/src/postgresql/src/backend/nodes/bitmapset.c
>bms_replace_members,Bitmapset *, /usr/local/src/postgresql/src/backend/nodes/bitmapset.c
>_bt_doinsert,IndexTuple, /usr/local/src/postgresql/src/backend/access/nbtree/nbtinsert.c
>CheckAttributeType,List *, /usr/local/src/postgresql/src/backend/catalog/heap.c
>DecrTupleDescRefCount,TupleDesc, /usr/local/src/postgresql/src/backend/access/common/tupdesc.c
>ecpg_check_PQresult,PGresult *, /usr/local/src/postgresql/src/interfaces/ecpg/ecpglib/error.c
>ExecARDeleteTriggers,HeapTuple, /usr/local/src/postgresql/src/backend/commands/trigger.c
>ExecARUpdateTriggers,HeapTuple, /usr/local/src/postgresql/src/backend/commands/trigger.c
>ExecBRUpdateTriggers,HeapTuple, /usr/local/src/postgresql/src/backend/commands/trigger.c
>ExecDelete,HeapTuple, /usr/local/src/postgresql/src/backend/executor/nodeModifyTable.c
>ExecForceStoreHeapTuple,HeapTuple, /usr/local/src/postgresql/src/backend/executor/execTuples.c
>ExecForceStoreMinimalTuple,MinimalTuple, /usr/local/src/postgresql/src/backend/executor/execTuples.c
>ExecIRDeleteTriggers,HeapTuple, /usr/local/src/postgresql/src/backend/commands/trigger.c
>ExecIRUpdateTriggers,HeapTuple, /usr/local/src/postgresql/src/backend/commands/trigger.c
>ExecMergeMatched,HeapTuple, /usr/local/src/postgresql/src/backend/executor/nodeModifyTable.c
>ExecResetTupleTable,List *, /usr/local/src/postgresql/src/backend/executor/execTuples.c
>ExecUpdate,HeapTuple, /usr/local/src/postgresql/src/backend/executor/nodeModifyTable.c
>executeCommand,PGconn *, /usr/local/src/postgresql/src/fe_utils/query_utils.c
>executeQueryOrDie,PGconn *, /usr/local/src/postgresql/src/bin/pg_upgrade/server.c
>executeQuery,PGconn *, /usr/local/src/postgresql/src/fe_utils/query_utils.c
>findsubquery,QTNode *, /usr/local/src/postgresql/src/backend/utils/adt/tsquery_rewrite.c
>FreeDir,DIR *, /usr/local/src/postgresql/src/backend/storage/file/fd.c
>freeJsonLexContext,JsonLexContext *, /usr/local/src/postgresql/src/common/jsonapi.c
>ginInsertValue,GinBtreeStack *, /usr/local/src/postgresql/src/backend/access/gin/ginbtree.c
>index_close,Relation, /usr/local/src/postgresql/src/backend/access/index/indexam.c
>InsertPgAttributeTuples,CatalogIndexState, /usr/local/src/postgresql/src/backend/catalog/heap.c
>list_delete_cell,List *, /usr/local/src/postgresql/src/backend/nodes/list.c
>list_delete_first,List *, /usr/local/src/postgresql/src/backend/nodes/list.c
>list_delete_first_n,List *, /usr/local/src/postgresql/src/backend/nodes/list.c
>list_delete_int,List *, /usr/local/src/postgresql/src/backend/nodes/list.c
>list_delete_last,List *, /usr/local/src/postgresql/src/backend/nodes/list.c
>list_delete,List *, /usr/local/src/postgresql/src/backend/nodes/list.c
>list_delete_nth_cell,List *, /usr/local/src/postgresql/src/backend/nodes/list.c
>list_delete_oid,List *, /usr/local/src/postgresql/src/backend/nodes/list.c
>list_delete_ptr,List *, /usr/local/src/postgresql/src/backend/nodes/list.c
>ParallelBackupStart,ArchiveHandle *, /usr/local/src/postgresql/src/bin/pg_dump/parallel.c
>ParallelSlotsAdoptConn,PGconn *, /usr/local/src/postgresql/src/fe_utils/parallel_slot.c
>pa_xact_finish,ParallelApplyWorkerInfo *, /usr/local/src/postgresql/src/backend/replication/logical/applyparallelworker.c
>pgfdw_report_error,PGresult *, /usr/local/src/postgresql/contrib/postgres_fdw/connection.c
>relation_close,Relation, /usr/local/src/postgresql/src/backend/access/common/relation.c
>RelationClose,Relation, /usr/local/src/postgresql/src/backend/utils/cache/relcache.c
>relation_is_updatable,Bitmapset *, /usr/local/src/postgresql/src/backend/rewrite/rewriteHandler.c
>relation_is_updatable,List *, /usr/local/src/postgresql/src/backend/rewrite/rewriteHandler.c
>ReleaseCatCacheList,CatCList *, /usr/local/src/postgresql/src/backend/utils/cache/catcache.c
>ReorderBufferQueueChange,ReorderBufferChange *, /usr/local/src/postgresql/src/backend/replication/logical/reorderbuffer.c
>rewrite_heap_tuple,HeapTuple, /usr/local/src/postgresql/src/backend/access/heap/rewriteheap.c
>sequence_close,Relation, /usr/local/src/postgresql/src/backend/access/sequence/sequence.c
>SnapBuildSnapDecRefcount,Snapshot, /usr/local/src/postgresql/src/backend/replication/logical/snapbuild.c
>sql_exec_dumpalldbs,PGconn *, /usr/local/src/postgresql/contrib/oid2name/oid2name.c
>sql_exec_dumpalltables,PGconn *, /usr/local/src/postgresql/contrib/oid2name/oid2name.c
>sql_exec_dumpalltbspc,PGconn *, /usr/local/src/postgresql/contrib/oid2name/oid2name.c
>sql_exec,PGconn *, /usr/local/src/postgresql/contrib/oid2name/oid2name.c
>sql_exec_searchtables,PGconn *, /usr/local/src/postgresql/contrib/oid2name/oid2name.c
>table_close,Relation, /usr/local/src/postgresql/src/backend/access/table/table.c
>TableCommandResultHandler,PGresult *, /usr/local/src/postgresql/src/fe_utils/parallel_slot.c
>UnregisterSnapshotFromOwner,Snapshot, /usr/local/src/postgresql/src/backend/utils/time/snapmgr.c
>UnregisterSnapshot,Snapshot, /usr/local/src/postgresql/src/backend/utils/time/snapmgr.c
