>dofindsubquery
/usr/local/src/postgresql/src/backend/utils/adt/tsquery_rewrite.c:250:3
Use: pfree
Type: QTNode *
Return Type: QTNode *
>recursive_revoke
/usr/local/src/postgresql/src/backend/utils/adt/acl.c:1321:3
Use: pfree
Type: Acl *
Return Type: Acl *
>freeAndGetParent
/usr/local/src/postgresql/src/backend/utils/adt/jsonb_util.c:1047:1
Use: pfree
Type: JsonbIterator *
Return Type: JsonbIterator *
>clean_NOT_intree
/usr/local/src/postgresql/src/backend/utils/adt/tsquery_cleanup.c:171:3
Use: pfree
Type: NODE *
Return Type: NODE *
>clean_stopword_intree
/usr/local/src/postgresql/src/backend/utils/adt/tsquery_cleanup.c:250:2
Use: pfree
Type: NODE *
Return Type: NODE *
>bms_add_members
/usr/local/src/postgresql/src/backend/nodes/bitmapset.c:846:2
Use: pfree
Type: Bitmapset *
Return Type: Bitmapset *
>bms_del_member
/usr/local/src/postgresql/src/backend/nodes/bitmapset.c:808:2
Use: pfree
Type: Bitmapset *
Return Type: Bitmapset *
>bms_del_members
/usr/local/src/postgresql/src/backend/nodes/bitmapset.c:977:2
Use: pfree
Type: Bitmapset *
Return Type: Bitmapset *
>bms_int_members
/usr/local/src/postgresql/src/backend/nodes/bitmapset.c:938:2
Use: pfree
Type: Bitmapset *
Return Type: Bitmapset *
