>ParallelBackupEnd
/usr/local/src/postgresql/src/bin/pg_dump/parallel.c:1090:1
Used: free
Type: ParallelState *
Ret. Type: void
>init_spawned_worker_win32
/usr/local/src/postgresql/src/bin/pg_dump/parallel.c:880:1
Used: free
Type: WorkerInfo *
Ret. Type: unsigned __stdcall 

>DeCloneArchive
/usr/local/src/postgresql/src/bin/pg_dump/pg_backup_archiver.c:5067:1
Used: free
Type: ArchiveHandle *
Ret. Type: void
>free_keep_errno
/usr/local/src/postgresql/src/bin/pg_dump/compress_io.c:183:1
Used: free
Type: void *
Ret. Type: void
>restore_global_locale
/usr/local/src/postgresql/src/bin/initdb/initdb.c:395:1
Used: free
Type: save_locale_t
Ret. Type: void
>writefile
/usr/local/src/postgresql/src/bin/initdb/initdb.c:735:1
Used: free
Type: char * *
Ret. Type: void
>restorePsetInfo
/usr/local/src/postgresql/src/bin/psql/command.c:5051:1
Used: free
Type: printQueryOpt *
Ret. Type: void
>free_copy_options
/usr/local/src/postgresql/src/bin/psql/copy.c:72:1
Used: free
Type: struct copy_options *
Ret. Type: void
>free_readfile
/usr/local/src/postgresql/src/bin/pg_ctl/pg_ctl.c:420:1
Used: free
Type: char * *
Ret. Type: void
>closedir
/usr/local/src/postgresql/src/port/dirent.c:134:1
Used: free
Type: DIR *
Ret. Type: int
>GenerationBlockFree
/usr/local/src/postgresql/src/backend/utils/mmgr/generation.c:680:1
Used: free
Type: GenerationBlock *
Ret. Type: void
>GenerationDelete
/usr/local/src/postgresql/src/backend/utils/mmgr/generation.c:333:1
Used: free
Type: MemoryContext
Ret. Type: void
>BumpBlockFree
/usr/local/src/postgresql/src/backend/utils/mmgr/bump.c:609:1
Used: free
Type: BumpBlock *
Ret. Type: void
>BumpDelete
/usr/local/src/postgresql/src/backend/utils/mmgr/bump.c:283:1
Used: free
Type: MemoryContext
Ret. Type: void
>SlabDelete
/usr/local/src/postgresql/src/backend/utils/mmgr/slab.c:490:1
Used: free
Type: MemoryContext
Ret. Type: void
>SN_close_env
/usr/local/src/postgresql/src/backend/snowball/libstemmer/api.c:48:4
Used: free
Type: struct SN_env *
Ret. Type: void
>pg_free
/usr/local/src/postgresql/src/common/fe_memutils.c:107:1
Used: free
Type: void *
Ret. Type: void
>conditional_stack_destroy
/usr/local/src/postgresql/src/fe_utils/conditional.c:46:1
Used: free
Type: ConditionalStack
Ret. Type: void
>psql_scan_destroy
/usr/local/src/postgresql/src/fe_utils/psqlscan.c:5270:1
Used: free
Type: PsqlScanState
Ret. Type: void
>output_deallocate_prepare_statement
/usr/local/src/postgresql/src/interfaces/ecpg/preproc/output.c:196:1
Used: free
Type: char *
Ret. Type: void
>output_prepare_statement
/usr/local/src/postgresql/src/interfaces/ecpg/preproc/output.c:178:1
Used: free
Type: char *
Ret. Type: void
>output_simple_statement
/usr/local/src/postgresql/src/interfaces/ecpg/preproc/output.c:25:1
Used: free
Type: char *
Ret. Type: void
>output_statement
/usr/local/src/postgresql/src/interfaces/ecpg/preproc/output.c:166:1
Used: free
Type: char *
Ret. Type: void
>dump_variables
/usr/local/src/postgresql/src/interfaces/ecpg/preproc/variable.c:460:2
Used: free
Type: struct arguments *
Ret. Type: void
>ECPGfree_type
/usr/local/src/postgresql/src/interfaces/ecpg/preproc/type.c:689:1
Used: free
Type: struct ECPGtype *
Ret. Type: void
>cat2_str
/usr/local/src/postgresql/src/interfaces/ecpg/preproc/preproc.c:221:1
Used: free
Type: char *
Ret. Type: char *
>cat2_str
/usr/local/src/postgresql/src/interfaces/ecpg/preproc/preproc.c:222:1
Used: free
Type: char *
Ret. Type: char *
>make2_str
/usr/local/src/postgresql/src/interfaces/ecpg/preproc/preproc.c:253:1
Used: free
Type: char *
Ret. Type: char *
>make2_str
/usr/local/src/postgresql/src/interfaces/ecpg/preproc/preproc.c:254:1
Used: free
Type: char *
Ret. Type: char *
>make3_str
/usr/local/src/postgresql/src/interfaces/ecpg/preproc/preproc.c:266:1
Used: free
Type: char *
Ret. Type: char *
>make3_str
/usr/local/src/postgresql/src/interfaces/ecpg/preproc/preproc.c:267:1
Used: free
Type: char *
Ret. Type: char *
>make3_str
/usr/local/src/postgresql/src/interfaces/ecpg/preproc/preproc.c:268:1
Used: free
Type: char *
Ret. Type: char *
>PGTYPESchar_free
/usr/local/src/postgresql/src/interfaces/ecpg/pgtypeslib/common.c:147:1
Used: free
Type: char *
Ret. Type: void
>PGTYPESinterval_free
/usr/local/src/postgresql/src/interfaces/ecpg/pgtypeslib/interval.c:999:1
Used: free
Type: interval *
Ret. Type: void
>PGTYPESdate_free
/usr/local/src/postgresql/src/interfaces/ecpg/pgtypeslib/datetime.c:27:1
Used: free
Type: date *
Ret. Type: void
>PGTYPESdecimal_free
/usr/local/src/postgresql/src/interfaces/ecpg/pgtypeslib/numeric.c:394:1
Used: free
Type: decimal *
Ret. Type: void
>PGTYPESnumeric_free
/usr/local/src/postgresql/src/interfaces/ecpg/pgtypeslib/numeric.c:388:1
Used: free
Type: numeric *
Ret. Type: void
>ecpg_sqlca_key_destructor
/usr/local/src/postgresql/src/interfaces/ecpg/ecpglib/misc.c:98:1
Used: free
Type: void *
Ret. Type: void
>ecpg_free
/usr/local/src/postgresql/src/interfaces/ecpg/ecpglib/memory.c:15:1
Used: free
Type: void *
Ret. Type: void
>PQclear
/usr/local/src/postgresql/src/interfaces/libpq/fe-exec.c:770:1
Used: free
Type: PGresult *
Ret. Type: void
>PQfreemem
/usr/local/src/postgresql/src/interfaces/libpq/fe-exec.c:4034:1
Used: free
Type: void *
Ret. Type: void
>SSLerrfree
/usr/local/src/postgresql/src/interfaces/libpq/fe-secure-openssl.c:1785:2
Used: free
Type: char *
Ret. Type: void
>PQconninfoFree
/usr/local/src/postgresql/src/interfaces/libpq/fe-connect.c:6997:1
Used: free
Type: PQconninfoOption *
Ret. Type: void
>freePGconn
/usr/local/src/postgresql/src/interfaces/libpq/fe-connect.c:4708:1
Used: free
Type: PGconn *
Ret. Type: void
>destroyPQExpBuffer
/usr/local/src/postgresql/src/interfaces/libpq/pqexpbuffer.c:119:2
Used: free
Type: PQExpBuffer
Ret. Type: void
>PQfreeCancel
/usr/local/src/postgresql/src/interfaces/libpq/fe-cancel.c:419:1
Used: free
Type: PGcancel *
Ret. Type: void
