>RunWorker,ArchiveHandle *, /usr/local/src/postgresql/src/bin/pg_dump/parallel.c:866:1
Used: DeCloneArchive
Ret. Type: void
>EndCompressFileHandle,CompressFileHandle *, /usr/local/src/postgresql/src/bin/pg_dump/compress_io.c:296:1
Used: free_keep_errno
Ret. Type: bool
>close_destination_dir,DIR *, /usr/local/src/postgresql/src/bin/pg_basebackup/pg_receivewal.c:255:5
Used: closedir
Ret. Type: void
>dutch_ISO_8859_1_close_env,struct SN_env *, /usr/local/src/postgresql/src/backend/snowball/libstemmer/stem_ISO_8859_1_dutch.c:602:60
Used: SN_close_env
Ret. Type: void
>arabic_UTF_8_close_env,struct SN_env *, /usr/local/src/postgresql/src/backend/snowball/libstemmer/stem_UTF_8_arabic.c:1663:56
Used: SN_close_env
Ret. Type: void
>italian_ISO_8859_1_close_env,struct SN_env *, /usr/local/src/postgresql/src/backend/snowball/libstemmer/stem_ISO_8859_1_italian.c:1021:62
Used: SN_close_env
Ret. Type: void
>dutch_UTF_8_close_env,struct SN_env *, /usr/local/src/postgresql/src/backend/snowball/libstemmer/stem_UTF_8_dutch.c:612:55
Used: SN_close_env
Ret. Type: void
>nepali_UTF_8_close_env,struct SN_env *, /usr/local/src/postgresql/src/backend/snowball/libstemmer/stem_UTF_8_nepali.c:420:56
Used: SN_close_env
Ret. Type: void
>indonesian_ISO_8859_1_close_env,struct SN_env *, /usr/local/src/postgresql/src/backend/snowball/libstemmer/stem_ISO_8859_1_indonesian.c:406:65
Used: SN_close_env
Ret. Type: void
>swedish_UTF_8_close_env,struct SN_env *, /usr/local/src/postgresql/src/backend/snowball/libstemmer/stem_UTF_8_swedish.c:291:57
Used: SN_close_env
Ret. Type: void
>russian_KOI8_R_close_env,struct SN_env *, /usr/local/src/postgresql/src/backend/snowball/libstemmer/stem_KOI8_R_russian.c:681:58
Used: SN_close_env
Ret. Type: void
>russian_UTF_8_close_env,struct SN_env *, /usr/local/src/postgresql/src/backend/snowball/libstemmer/stem_UTF_8_russian.c:677:57
Used: SN_close_env
Ret. Type: void
>turkish_UTF_8_close_env,struct SN_env *, /usr/local/src/postgresql/src/backend/snowball/libstemmer/stem_UTF_8_turkish.c:2095:57
Used: SN_close_env
Ret. Type: void
>italian_UTF_8_close_env,struct SN_env *, /usr/local/src/postgresql/src/backend/snowball/libstemmer/stem_UTF_8_italian.c:1029:57
Used: SN_close_env
Ret. Type: void
>serbian_UTF_8_close_env,struct SN_env *, /usr/local/src/postgresql/src/backend/snowball/libstemmer/stem_UTF_8_serbian.c:6542:57
Used: SN_close_env
Ret. Type: void
>tamil_UTF_8_close_env,struct SN_env *, /usr/local/src/postgresql/src/backend/snowball/libstemmer/stem_UTF_8_tamil.c:1877:55
Used: SN_close_env
Ret. Type: void
>romanian_ISO_8859_2_close_env,struct SN_env *, /usr/local/src/postgresql/src/backend/snowball/libstemmer/stem_ISO_8859_2_romanian.c:964:63
Used: SN_close_env
Ret. Type: void
>spanish_ISO_8859_1_close_env,struct SN_env *, /usr/local/src/postgresql/src/backend/snowball/libstemmer/stem_ISO_8859_1_spanish.c:1040:62
Used: SN_close_env
Ret. Type: void
>danish_ISO_8859_1_close_env,struct SN_env *, /usr/local/src/postgresql/src/backend/snowball/libstemmer/stem_ISO_8859_1_danish.c:313:61
Used: SN_close_env
Ret. Type: void
>swedish_ISO_8859_1_close_env,struct SN_env *, /usr/local/src/postgresql/src/backend/snowball/libstemmer/stem_ISO_8859_1_swedish.c:287:62
Used: SN_close_env
Ret. Type: void
>french_ISO_8859_1_close_env,struct SN_env *, /usr/local/src/postgresql/src/backend/snowball/libstemmer/stem_ISO_8859_1_french.c:1251:61
Used: SN_close_env
Ret. Type: void
>hungarian_ISO_8859_2_close_env,struct SN_env *, /usr/local/src/postgresql/src/backend/snowball/libstemmer/stem_ISO_8859_2_hungarian.c:861:64
Used: SN_close_env
Ret. Type: void
>porter_ISO_8859_1_close_env,struct SN_env *, /usr/local/src/postgresql/src/backend/snowball/libstemmer/stem_ISO_8859_1_porter.c:716:61
Used: SN_close_env
Ret. Type: void
>irish_ISO_8859_1_close_env,struct SN_env *, /usr/local/src/postgresql/src/backend/snowball/libstemmer/stem_ISO_8859_1_irish.c:469:60
Used: SN_close_env
Ret. Type: void
>english_UTF_8_close_env,struct SN_env *, /usr/local/src/postgresql/src/backend/snowball/libstemmer/stem_UTF_8_english.c:1073:57
Used: SN_close_env
Ret. Type: void
>portuguese_UTF_8_close_env,struct SN_env *, /usr/local/src/postgresql/src/backend/snowball/libstemmer/stem_UTF_8_portuguese.c:966:60
Used: SN_close_env
Ret. Type: void
>catalan_UTF_8_close_env,struct SN_env *, /usr/local/src/postgresql/src/backend/snowball/libstemmer/stem_UTF_8_catalan.c:1448:57
Used: SN_close_env
Ret. Type: void
>lithuanian_UTF_8_close_env,struct SN_env *, /usr/local/src/postgresql/src/backend/snowball/libstemmer/stem_UTF_8_lithuanian.c:836:60
Used: SN_close_env
Ret. Type: void
>finnish_ISO_8859_1_close_env,struct SN_env *, /usr/local/src/postgresql/src/backend/snowball/libstemmer/stem_ISO_8859_1_finnish.c:717:62
Used: SN_close_env
Ret. Type: void
>german_UTF_8_close_env,struct SN_env *, /usr/local/src/postgresql/src/backend/snowball/libstemmer/stem_UTF_8_german.c:499:56
Used: SN_close_env
Ret. Type: void
>romanian_UTF_8_close_env,struct SN_env *, /usr/local/src/postgresql/src/backend/snowball/libstemmer/stem_UTF_8_romanian.c:970:58
Used: SN_close_env
Ret. Type: void
>german_ISO_8859_1_close_env,struct SN_env *, /usr/local/src/postgresql/src/backend/snowball/libstemmer/stem_ISO_8859_1_german.c:489:61
Used: SN_close_env
Ret. Type: void
>portuguese_ISO_8859_1_close_env,struct SN_env *, /usr/local/src/postgresql/src/backend/snowball/libstemmer/stem_ISO_8859_1_portuguese.c:960:65
Used: SN_close_env
Ret. Type: void
>porter_UTF_8_close_env,struct SN_env *, /usr/local/src/postgresql/src/backend/snowball/libstemmer/stem_UTF_8_porter.c:722:56
Used: SN_close_env
Ret. Type: void
>catalan_ISO_8859_1_close_env,struct SN_env *, /usr/local/src/postgresql/src/backend/snowball/libstemmer/stem_ISO_8859_1_catalan.c:1445:62
Used: SN_close_env
Ret. Type: void
>english_ISO_8859_1_close_env,struct SN_env *, /usr/local/src/postgresql/src/backend/snowball/libstemmer/stem_ISO_8859_1_english.c:1061:62
Used: SN_close_env
Ret. Type: void
>greek_UTF_8_close_env,struct SN_env *, /usr/local/src/postgresql/src/backend/snowball/libstemmer/stem_UTF_8_greek.c:3672:55
Used: SN_close_env
Ret. Type: void
>armenian_UTF_8_close_env,struct SN_env *, /usr/local/src/postgresql/src/backend/snowball/libstemmer/stem_UTF_8_armenian.c:558:58
Used: SN_close_env
Ret. Type: void
>irish_UTF_8_close_env,struct SN_env *, /usr/local/src/postgresql/src/backend/snowball/libstemmer/stem_UTF_8_irish.c:469:55
Used: SN_close_env
Ret. Type: void
>norwegian_ISO_8859_1_close_env,struct SN_env *, /usr/local/src/postgresql/src/backend/snowball/libstemmer/stem_ISO_8859_1_norwegian.c:271:64
Used: SN_close_env
Ret. Type: void
>hindi_UTF_8_close_env,struct SN_env *, /usr/local/src/postgresql/src/backend/snowball/libstemmer/stem_UTF_8_hindi.c:321:55
Used: SN_close_env
Ret. Type: void
>hungarian_UTF_8_close_env,struct SN_env *, /usr/local/src/postgresql/src/backend/snowball/libstemmer/stem_UTF_8_hungarian.c:867:59
Used: SN_close_env
Ret. Type: void
>spanish_UTF_8_close_env,struct SN_env *, /usr/local/src/postgresql/src/backend/snowball/libstemmer/stem_UTF_8_spanish.c:1044:57
Used: SN_close_env
Ret. Type: void
>norwegian_UTF_8_close_env,struct SN_env *, /usr/local/src/postgresql/src/backend/snowball/libstemmer/stem_UTF_8_norwegian.c:275:59
Used: SN_close_env
Ret. Type: void
>danish_UTF_8_close_env,struct SN_env *, /usr/local/src/postgresql/src/backend/snowball/libstemmer/stem_UTF_8_danish.c:317:56
Used: SN_close_env
Ret. Type: void
>french_UTF_8_close_env,struct SN_env *, /usr/local/src/postgresql/src/backend/snowball/libstemmer/stem_UTF_8_french.c:1261:56
Used: SN_close_env
Ret. Type: void
>basque_ISO_8859_1_close_env,struct SN_env *, /usr/local/src/postgresql/src/backend/snowball/libstemmer/stem_ISO_8859_1_basque.c:1181:61
Used: SN_close_env
Ret. Type: void
>finnish_UTF_8_close_env,struct SN_env *, /usr/local/src/postgresql/src/backend/snowball/libstemmer/stem_UTF_8_finnish.c:721:57
Used: SN_close_env
Ret. Type: void
>yiddish_UTF_8_close_env,struct SN_env *, /usr/local/src/postgresql/src/backend/snowball/libstemmer/stem_UTF_8_yiddish.c:1232:57
Used: SN_close_env
Ret. Type: void
>basque_UTF_8_close_env,struct SN_env *, /usr/local/src/postgresql/src/backend/snowball/libstemmer/stem_UTF_8_basque.c:1183:56
Used: SN_close_env
Ret. Type: void
>indonesian_UTF_8_close_env,struct SN_env *, /usr/local/src/postgresql/src/backend/snowball/libstemmer/stem_UTF_8_indonesian.c:406:60
Used: SN_close_env
Ret. Type: void
>EndCompressor,CompressorState *, /usr/local/src/postgresql/src/bin/pg_dump/compress_io.c:152:1
Used: pg_free
Ret. Type: void
>make_func,PgBenchExprList *, /usr/local/src/postgresql/src/bin/pgbench/exprparse.c:2091:2
Used: pg_free
Ret. Type: PgBenchExpr *
>free_command,Command *, /usr/local/src/postgresql/src/bin/pgbench/pgbench.c:5590:1
Used: pg_free
Ret. Type: void
>free_socket_set,socket_set *, /usr/local/src/postgresql/src/bin/pgbench/pgbench.c:7801:1
Used: pg_free
Ret. Type: void
>free_socket_set,socket_set *, /usr/local/src/postgresql/src/bin/pgbench/pgbench.c:7868:1
Used: pg_free
Ret. Type: void
>dir_free,WalWriteMethod *, /usr/local/src/postgresql/src/bin/pg_basebackup/walmethods.c:635:1
Used: pg_free
Ret. Type: void
>tar_free,WalWriteMethod *, /usr/local/src/postgresql/src/bin/pg_basebackup/walmethods.c:1345:1
Used: pg_free
Ret. Type: void
>pfree,void *, /usr/local/src/postgresql/src/common/fe_memutils.c:135:1
Used: pg_free
Ret. Type: void
>descriptor_free,struct descriptor *, /usr/local/src/postgresql/src/interfaces/ecpg/ecpglib/descriptor.c:744:1
Used: ecpg_free
Ret. Type: void
>free_statement,struct statement *, /usr/local/src/postgresql/src/interfaces/ecpg/ecpglib/execute.c:107:1
Used: ecpg_free
Ret. Type: void
>free_variable,struct variable *, /usr/local/src/postgresql/src/interfaces/ecpg/ecpglib/execute.c:90:2
Used: ecpg_free
Ret. Type: void
>PQfreeNotify,PGnotify *, /usr/local/src/postgresql/src/interfaces/libpq/fe-exec.c:4051:1
Used: PQfreemem
Ret. Type: void
>PQfinish,PGconn *, /usr/local/src/postgresql/src/interfaces/libpq/fe-connect.c:4883:2
Used: freePGconn
Ret. Type: void
