>CheckAttributeType,List *, /usr/local/src/postgresql/src/backend/catalog/heap.c:593:2
Used: CheckAttributeType
Ret. Type: void
>CheckAttributeType,List *, /usr/local/src/postgresql/src/backend/catalog/heap.c:630:3
Used: CheckAttributeType
Ret. Type: void
>CheckAttributeType,List *, /usr/local/src/postgresql/src/backend/catalog/heap.c:645:2
Used: CheckAttributeType
Ret. Type: void
>CheckAttributeType,List *, /usr/local/src/postgresql/src/backend/catalog/heap.c:655:2
Used: CheckAttributeType
Ret. Type: void
>CheckAttributeType,List *, /usr/local/src/postgresql/src/backend/catalog/heap.c:593:2
Used: CheckAttributeType
Ret. Type: void
>CheckAttributeType,List *, /usr/local/src/postgresql/src/backend/catalog/heap.c:630:3
Used: CheckAttributeType
Ret. Type: void
>CheckAttributeType,List *, /usr/local/src/postgresql/src/backend/catalog/heap.c:645:2
Used: CheckAttributeType
Ret. Type: void
>CheckAttributeType,List *, /usr/local/src/postgresql/src/backend/catalog/heap.c:655:2
Used: CheckAttributeType
Ret. Type: void
>CheckAttributeType,List *, /usr/local/src/postgresql/src/backend/catalog/heap.c:593:2
Used: CheckAttributeType
Ret. Type: void
>CheckAttributeType,List *, /usr/local/src/postgresql/src/backend/catalog/heap.c:630:3
Used: CheckAttributeType
Ret. Type: void
>CheckAttributeType,List *, /usr/local/src/postgresql/src/backend/catalog/heap.c:645:2
Used: CheckAttributeType
Ret. Type: void
>CheckAttributeType,List *, /usr/local/src/postgresql/src/backend/catalog/heap.c:655:2
Used: CheckAttributeType
Ret. Type: void
>CheckAttributeType,List *, /usr/local/src/postgresql/src/backend/catalog/heap.c:593:2
Used: CheckAttributeType
Ret. Type: void
>CheckAttributeType,List *, /usr/local/src/postgresql/src/backend/catalog/heap.c:630:3
Used: CheckAttributeType
Ret. Type: void
>CheckAttributeType,List *, /usr/local/src/postgresql/src/backend/catalog/heap.c:645:2
Used: CheckAttributeType
Ret. Type: void
>CheckAttributeType,List *, /usr/local/src/postgresql/src/backend/catalog/heap.c:655:2
Used: CheckAttributeType
Ret. Type: void
>CheckAttributeType,List *, /usr/local/src/postgresql/src/backend/catalog/heap.c:593:2
Used: CheckAttributeType
Ret. Type: void
>CheckAttributeType,List *, /usr/local/src/postgresql/src/backend/catalog/heap.c:630:3
Used: CheckAttributeType
Ret. Type: void
>CheckAttributeType,List *, /usr/local/src/postgresql/src/backend/catalog/heap.c:645:2
Used: CheckAttributeType
Ret. Type: void
>CheckAttributeType,List *, /usr/local/src/postgresql/src/backend/catalog/heap.c:655:2
Used: CheckAttributeType
Ret. Type: void
>fireRIRrules,List *, /usr/local/src/postgresql/src/backend/rewrite/rewriteHandler.c:2052:19
Used: fireRIRrules
Ret. Type: Query *
>fireRIRrules,List *, /usr/local/src/postgresql/src/backend/rewrite/rewriteHandler.c:2052:19
Used: fireRIRrules
Ret. Type: Query *
>fireRIRrules,List *, /usr/local/src/postgresql/src/backend/rewrite/rewriteHandler.c:2172:3
Used: fireRIRrules
Ret. Type: Query *
>fireRIRrules,List *, /usr/local/src/postgresql/src/backend/rewrite/rewriteHandler.c:2052:19
Used: fireRIRrules
Ret. Type: Query *
>fireRIRrules,List *, /usr/local/src/postgresql/src/backend/rewrite/rewriteHandler.c:2052:19
Used: fireRIRrules
Ret. Type: Query *
>fireRIRrules,List *, /usr/local/src/postgresql/src/backend/rewrite/rewriteHandler.c:2172:3
Used: fireRIRrules
Ret. Type: Query *
>fireRIRrules,List *, /usr/local/src/postgresql/src/backend/rewrite/rewriteHandler.c:2052:19
Used: fireRIRrules
Ret. Type: Query *
>fireRIRrules,List *, /usr/local/src/postgresql/src/backend/rewrite/rewriteHandler.c:2052:19
Used: fireRIRrules
Ret. Type: Query *
>fireRIRrules,List *, /usr/local/src/postgresql/src/backend/rewrite/rewriteHandler.c:2172:3
Used: fireRIRrules
Ret. Type: Query *
>RewriteQuery,List *, /usr/local/src/postgresql/src/backend/rewrite/rewriteHandler.c:3911:13
Used: RewriteQuery
Ret. Type: List *
>RewriteQuery,List *, /usr/local/src/postgresql/src/backend/rewrite/rewriteHandler.c:3911:13
Used: RewriteQuery
Ret. Type: List *
>RewriteQuery,List *, /usr/local/src/postgresql/src/backend/rewrite/rewriteHandler.c:4299:15
Used: RewriteQuery
Ret. Type: List *
>fireRIRrules,List *, /usr/local/src/postgresql/src/backend/rewrite/rewriteHandler.c:2052:19
Used: fireRIRrules
Ret. Type: Query *
>fireRIRrules,List *, /usr/local/src/postgresql/src/backend/rewrite/rewriteHandler.c:2052:19
Used: fireRIRrules
Ret. Type: Query *
>fireRIRrules,List *, /usr/local/src/postgresql/src/backend/rewrite/rewriteHandler.c:2172:3
Used: fireRIRrules
Ret. Type: Query *
>fireRIRrules,List *, /usr/local/src/postgresql/src/backend/rewrite/rewriteHandler.c:2052:19
Used: fireRIRrules
Ret. Type: Query *
>fireRIRrules,List *, /usr/local/src/postgresql/src/backend/rewrite/rewriteHandler.c:2052:19
Used: fireRIRrules
Ret. Type: Query *
>fireRIRrules,List *, /usr/local/src/postgresql/src/backend/rewrite/rewriteHandler.c:2172:3
Used: fireRIRrules
Ret. Type: Query *
>RewriteQuery,List *, /usr/local/src/postgresql/src/backend/rewrite/rewriteHandler.c:3911:13
Used: RewriteQuery
Ret. Type: List *
>RewriteQuery,List *, /usr/local/src/postgresql/src/backend/rewrite/rewriteHandler.c:3911:13
Used: RewriteQuery
Ret. Type: List *
>RewriteQuery,List *, /usr/local/src/postgresql/src/backend/rewrite/rewriteHandler.c:4299:15
Used: RewriteQuery
Ret. Type: List *
>RewriteQuery,List *, /usr/local/src/postgresql/src/backend/rewrite/rewriteHandler.c:3911:13
Used: RewriteQuery
Ret. Type: List *
>RewriteQuery,List *, /usr/local/src/postgresql/src/backend/rewrite/rewriteHandler.c:3911:13
Used: RewriteQuery
Ret. Type: List *
>RewriteQuery,List *, /usr/local/src/postgresql/src/backend/rewrite/rewriteHandler.c:4299:15
Used: RewriteQuery
Ret. Type: List *
