>ATExecDetachPartition,Relation, /usr/local/src/postgresql/src/backend/commands/tablecmds.c
>ATExecDropColumn,ObjectAddresses *, /usr/local/src/postgresql/src/backend/commands/tablecmds.c
>bms_int_members,Bitmapset *, /usr/local/src/postgresql/src/backend/nodes/bitmapset.c
>bms_replace_members,Bitmapset *, /usr/local/src/postgresql/src/backend/nodes/bitmapset.c
>_bt_insertonpg,IndexTuple, /usr/local/src/postgresql/src/backend/access/nbtree/nbtinsert.c
>DecrTupleDescRefCount,TupleDesc, /usr/local/src/postgresql/src/backend/access/common/tupdesc.c
>dump_variables,struct arguments *, /usr/local/src/postgresql/src/interfaces/ecpg/preproc/variable.c
>ExecForceStoreHeapTuple,HeapTuple, /usr/local/src/postgresql/src/backend/executor/execTuples.c
>ExecForceStoreMinimalTuple,MinimalTuple, /usr/local/src/postgresql/src/backend/executor/execTuples.c
>ExecResetTupleTable,List *, /usr/local/src/postgresql/src/backend/executor/execTuples.c
>ExplainNode,List *, /usr/local/src/postgresql/src/backend/commands/explain.c
>freeJsonLexContext,JsonLexContext *, /usr/local/src/postgresql/src/common/jsonapi.c
>ginFinishSplit,GinBtreeStack *, /usr/local/src/postgresql/src/backend/access/gin/ginbtree.c
>list_delete_cell,List *, /usr/local/src/postgresql/src/backend/nodes/list.c
>list_delete_first,List *, /usr/local/src/postgresql/src/backend/nodes/list.c
>list_delete_first_n,List *, /usr/local/src/postgresql/src/backend/nodes/list.c
>list_delete_last,List *, /usr/local/src/postgresql/src/backend/nodes/list.c
>list_delete_nth_cell,List *, /usr/local/src/postgresql/src/backend/nodes/list.c
>ParallelBackupEnd,ParallelState *, /usr/local/src/postgresql/src/bin/pg_dump/parallel.c
>pgfdw_report_error,PGresult *, /usr/local/src/postgresql/contrib/postgres_fdw/connection.c
>PQclear,PGresult *, /usr/local/src/postgresql/src/interfaces/libpq/fe-exec.c
>quote_postgres,char *, /usr/local/src/postgresql/src/interfaces/ecpg/ecpglib/execute.c
>ReorderBufferFreeSnap,Snapshot, /usr/local/src/postgresql/src/backend/replication/logical/reorderbuffer.c
>SnapBuildSnapDecRefcount,Snapshot, /usr/local/src/postgresql/src/backend/replication/logical/snapbuild.c
>UnregisterSnapshotFromOwner,Snapshot, /usr/local/src/postgresql/src/backend/utils/time/snapmgr.c
>UnregisterSnapshot,Snapshot, /usr/local/src/postgresql/src/backend/utils/time/snapmgr.c
