>ParallelBackupEnd,ParallelState *,pstate->numWorkers
/usr/local/src/postgresql/src/bin/pg_dump/parallel.c:1090:1
Used: free
Ret. Type: void
--
>dump_variables,struct arguments *,mode
/usr/local/src/postgresql/src/interfaces/ecpg/preproc/variable.c:460:2
Used: free
Ret. Type: void
--
>PQclear,PGresult *,(const PGresult *) res
/usr/local/src/postgresql/src/interfaces/libpq/fe-exec.c:770:1
Used: free
Ret. Type: void
--
>bool_substitute_hook,char *, newval[0]
/usr/local/src/postgresql/src/bin/psql/startup.c:868:2
Used: pg_free
Ret. Type: char *
>avlFree,avl_node *,node == tree->root && node != tree->end
/usr/local/src/postgresql/src/bin/psql/crosstabview.c:464:3
Used: pg_free
Ret. Type: void
--
>ecpg_finish,struct connection *,act != NULL
/usr/local/src/postgresql/src/interfaces/ecpg/ecpglib/connect.c:139:2
Used: ecpg_free
Ret. Type: void
--
>CatCacheRemoveCTup,CatCTup *,ct->c_list
/usr/local/src/postgresql/src/backend/utils/cache/catcache.c:538:1
Used: pfree
Ret. Type: void
--
>pagetable_free,void *,tbm->dsa == NULL
/usr/local/src/postgresql/src/backend/nodes/tidbitmap.c:1528:2
Used: pfree
Ret. Type: void
>ReorderBufferFreeSnap,Snapshot, snap->copied
/usr/local/src/postgresql/src/backend/replication/logical/reorderbuffer.c:1895:2
Used: pfree
Ret. Type: void
>ExecForceStoreHeapTuple,HeapTuple, shouldFree
/usr/local/src/postgresql/src/backend/executor/execTuples.c:1577:3
Used: pfree
Ret. Type: void
>ExecForceStoreHeapTuple,HeapTuple, shouldFree
/usr/local/src/postgresql/src/backend/executor/execTuples.c:1589:3
Used: pfree
Ret. Type: void
>ExecForceStoreMinimalTuple,MinimalTuple, shouldFree
/usr/local/src/postgresql/src/backend/executor/execTuples.c:1622:3
Used: pfree
Ret. Type: void
>ginFinishSplit,GinBtreeStack *, freestack
/usr/local/src/postgresql/src/backend/access/gin/ginbtree.c:752:3
Used: pfree
Ret. Type: void
>_bt_insertonpg,IndexTuple, postingoff
/usr/local/src/postgresql/src/backend/access/nbtree/nbtinsert.c:1435:2
Used: pfree
Ret. Type: void
>quote_postgres,char *, quote
/usr/local/src/postgresql/src/interfaces/ecpg/ecpglib/execute.c:77:2
Used: ecpg_free
Ret. Type: char *
