>EndCopyTo,CopyToState
/usr/local/src/postgresql/src/backend/commands/copyto.c:738:1
Used: EndCopy
Ret. Type: void
>DecrTupleDescRefCount,TupleDesc
/usr/local/src/postgresql/src/backend/access/common/tupdesc.c:412:2
Used: FreeTupleDesc
Ret. Type: void
>index_endscan,IndexScanDesc
/usr/local/src/postgresql/src/backend/access/index/indexam.c:400:1
Used: IndexScanEnd
Ret. Type: void
>UnregisterSnapshotNoOwner,Snapshot
/usr/local/src/postgresql/src/backend/utils/time/snapmgr.c:870:2
Used: FreeSnapshot
Ret. Type: void
>clean_NOT_intree,NODE *
/usr/local/src/postgresql/src/backend/utils/adt/tsquery_cleanup.c:146:2
Used: freetree
Ret. Type: NODE *
>clean_NOT_intree,NODE *
/usr/local/src/postgresql/src/backend/utils/adt/tsquery_cleanup.c:156:3
Used: freetree
Ret. Type: NODE *
>bms_copy_and_free,Bitmapset *
/usr/local/src/postgresql/src/backend/nodes/bitmapset.c:113:1
Used: bms_free
Ret. Type: Bitmapset *
>SnapBuildSnapDecRefcount,Snapshot
/usr/local/src/postgresql/src/backend/replication/logical/snapbuild.c:487:2
Used: SnapBuildFreeSnapshot
Ret. Type: void
>pa_free_worker,ParallelApplyWorkerInfo *
/usr/local/src/postgresql/src/backend/replication/logical/applyparallelworker.c:581:2
Used: pa_free_worker_info
Ret. Type: void
>SPI_freetuple,HeapTuple
/usr/local/src/postgresql/src/backend/executor/spi.c:1382:1
Used: heap_freetuple
Ret. Type: void
>descriptor_destructor,void *
/usr/local/src/postgresql/src/interfaces/ecpg/ecpglib/descriptor.c:30:1
Used: descriptor_deallocate_all
Ret. Type: void
>test_nosync,PGconn *
/usr/local/src/postgresql/src/test/modules/libpq_pipeline/libpq_pipeline.c:647:3
Used: exit_nicely
Ret. Type: void
>pushf_free_all,PushFilter *
/usr/local/src/postgresql/contrib/pgcrypto/mbuf.c:418:2
Used: pushf_free
Ret. Type: void
