>compile_database_list
/usr/local/src/postgresql/src/bin/pg_amcheck/pg_amcheck.c:1695:2
Used: disconnectDatabase
Type: PGconn *
Ret. Type: void
>compile_relation_list_one_db
/usr/local/src/postgresql/src/bin/pg_amcheck/pg_amcheck.c:2140:2
Used: disconnectDatabase
Type: PGconn *
Ret. Type: void
>dofindsubquery
/usr/local/src/postgresql/src/backend/utils/adt/tsquery_rewrite.c:243:3
Used: QTNFree
Type: QTNode *
Ret. Type: QTNode *
>findeq
/usr/local/src/postgresql/src/backend/utils/adt/tsquery_rewrite.c:61:4
Used: QTNFree
Type: QTNode *
Ret. Type: QTNode *
>clean_NOT_intree
/usr/local/src/postgresql/src/backend/utils/adt/tsquery_cleanup.c:146:2
Used: freetree
Type: NODE *
Ret. Type: NODE *
>clean_stopword_intree
/usr/local/src/postgresql/src/backend/utils/adt/tsquery_cleanup.c:262:3
Used: freetree
Type: NODE *
Ret. Type: NODE *
>UnregisterSnapshotNoOwner
/usr/local/src/postgresql/src/backend/utils/time/snapmgr.c:870:2
Used: FreeSnapshot
Type: Snapshot
Ret. Type: void
>bms_copy_and_free
/usr/local/src/postgresql/src/backend/nodes/bitmapset.c:113:1
Used: bms_free
Type: Bitmapset *
Ret. Type: Bitmapset *
>EndCopyTo
/usr/local/src/postgresql/src/backend/commands/copyto.c:738:1
Used: EndCopy
Type: CopyToState
Ret. Type: void
>ATExecDropColumn
/usr/local/src/postgresql/src/backend/commands/tablecmds.c:9130:2
Used: free_object_addresses
Type: ObjectAddresses *
Ret. Type: ObjectAddress
>pa_free_worker
/usr/local/src/postgresql/src/backend/replication/logical/applyparallelworker.c:581:2
Used: pa_free_worker_info
Type: ParallelApplyWorkerInfo *
Ret. Type: void
>SnapBuildSnapDecRefcount
/usr/local/src/postgresql/src/backend/replication/logical/snapbuild.c:487:2
Used: SnapBuildFreeSnapshot
Type: Snapshot
Ret. Type: void
>InsertPgAttributeTuples
/usr/local/src/postgresql/src/backend/catalog/heap.c:806:2
Used: CatalogCloseIndexes
Type: CatalogIndexState
Ret. Type: void
>ExecPrepareTuplestoreResult
/usr/local/src/postgresql/src/backend/executor/execSRF.c:919:3
Used: FreeTupleDesc
Type: TupleDesc
Ret. Type: void
>SPI_freetuple
/usr/local/src/postgresql/src/backend/executor/spi.c:1382:1
Used: heap_freetuple
Type: HeapTuple
Ret. Type: void
>ginFinishSplit
/usr/local/src/postgresql/src/backend/access/gin/ginbtree.c:763:2
Used: freeGinBtreeStack
Type: GinBtreeStack *
Ret. Type: void
>ginInsertValue
/usr/local/src/postgresql/src/backend/access/gin/ginbtree.c:831:2
Used: freeGinBtreeStack
Type: GinBtreeStack *
Ret. Type: void
>DecrTupleDescRefCount
/usr/local/src/postgresql/src/backend/access/common/tupdesc.c:412:2
Used: FreeTupleDesc
Type: TupleDesc
Ret. Type: void
>rewrite_heap_tuple
/usr/local/src/postgresql/src/backend/access/heap/rewriteheap.c:491:5
Used: heap_freetuple
Type: HeapTuple
Ret. Type: void
>index_endscan
/usr/local/src/postgresql/src/backend/access/index/indexam.c:400:1
Used: IndexScanEnd
Type: IndexScanDesc
Ret. Type: void
>ParallelSlotsAdoptConn
/usr/local/src/postgresql/src/fe_utils/parallel_slot.c:468:2
Used: disconnectDatabase
Type: PGconn *
Ret. Type: void
>descriptor_destructor
/usr/local/src/postgresql/src/interfaces/ecpg/ecpglib/descriptor.c:30:1
Used: descriptor_deallocate_all
Type: void *
Ret. Type: void
>psql_end_command
/usr/local/src/postgresql/src/test/regress/pg_regress.c:1180:1
Used: destroyStringInfo
Type: StringInfo
Ret. Type: void
>test_nosync
/usr/local/src/postgresql/src/test/modules/libpq_pipeline/libpq_pipeline.c:647:3
Used: exit_nicely
Type: PGconn *
Ret. Type: void
>test_pipelined_insert
/usr/local/src/postgresql/src/test/modules/libpq_pipeline/libpq_pipeline.c:1098:3
Used: exit_nicely
Type: PGconn *
Ret. Type: void
>pushf_free_all
/usr/local/src/postgresql/contrib/pgcrypto/mbuf.c:418:2
Used: pushf_free
Type: PushFilter *
Ret. Type: void
