>dumpRoleGUCPrivs
/usr/local/src/postgresql/src/bin/pg_dump/pg_dumpall.c:1196:3
Used: PQfinish
Type: PGconn *
Ret. Type: void
>dumpRoleMembership
/usr/local/src/postgresql/src/bin/pg_dump/pg_dumpall.c:1061:4
Used: PQfinish
Type: PGconn *
Ret. Type: void
>dumpTablespaces
/usr/local/src/postgresql/src/bin/pg_dump/pg_dumpall.c:1323:3
Used: PQfinish
Type: PGconn *
Ret. Type: void
>executeCommand
/usr/local/src/postgresql/src/bin/pg_dump/pg_dumpall.c:1918:2
Used: PQfinish
Type: PGconn *
Ret. Type: void
>executeQuery
/usr/local/src/postgresql/src/bin/pg_dump/pg_dumpall.c:1895:2
Used: PQfinish
Type: PGconn *
Ret. Type: PGresult *
>expand_dbname_patterns
/usr/local/src/postgresql/src/bin/pg_dump/pg_dumpall.c:1469:3
Used: PQfinish
Type: PGconn *
Ret. Type: void
>local_destroy
/usr/local/src/postgresql/src/bin/pg_rewind/local_source.c:186:1
Used: pfree
Type: rewind_source *
Ret. Type: void
>XLogReaderFree
/usr/local/src/postgresql/src/bin/pg_rewind/xlogreader.c:173:1
Used: pfree
Type: XLogReaderState *
Ret. Type: void
>bbstreamer_lz4_compressor_free
/usr/local/src/postgresql/src/bin/pg_basebackup/bbstreamer_lz4.c:266:1
Used: pfree
Type: bbstreamer *
Ret. Type: void
>bbstreamer_lz4_decompressor_free
/usr/local/src/postgresql/src/bin/pg_basebackup/bbstreamer_lz4.c:420:1
Used: pfree
Type: bbstreamer *
Ret. Type: void
>disconnect_database
/usr/local/src/postgresql/src/bin/pg_basebackup/pg_createsubscriber.c:549:1
Used: PQfinish
Type: PGconn *
Ret. Type: void
>bbstreamer_zstd_compressor_free
/usr/local/src/postgresql/src/bin/pg_basebackup/bbstreamer_zstd.c:249:1
Used: pfree
Type: bbstreamer *
Ret. Type: void
>bbstreamer_zstd_decompressor_free
/usr/local/src/postgresql/src/bin/pg_basebackup/bbstreamer_zstd.c:366:1
Used: pfree
Type: bbstreamer *
Ret. Type: void
>bbstreamer_tar_archiver_free
/usr/local/src/postgresql/src/bin/pg_basebackup/bbstreamer_tar.c:454:1
Used: pfree
Type: bbstreamer *
Ret. Type: void
>bbstreamer_tar_terminator_free
/usr/local/src/postgresql/src/bin/pg_basebackup/bbstreamer_tar.c:513:1
Used: pfree
Type: bbstreamer *
Ret. Type: void
>bbstreamer_gzip_decompressor_free
/usr/local/src/postgresql/src/bin/pg_basebackup/bbstreamer_gzip.c:342:1
Used: pfree
Type: bbstreamer *
Ret. Type: void
>gzip_pfree
/usr/local/src/postgresql/src/bin/pg_basebackup/bbstreamer_gzip.c:362:1
Used: pfree
Type: void *
Ret. Type: void
>bbstreamer_recovery_injector_free
/usr/local/src/postgresql/src/bin/pg_basebackup/bbstreamer_inject.c:212:1
Used: pfree
Type: bbstreamer *
Ret. Type: void
>XLogReaderFree
/usr/local/src/postgresql/src/bin/pg_waldump/xlogreader.c:173:1
Used: pfree
Type: XLogReaderState *
Ret. Type: void
>executeQueryOrDie
/usr/local/src/postgresql/src/bin/pg_upgrade/server.c:142:2
Used: PQfinish
Type: PGconn *
Ret. Type: PGresult *
>appendQualifiedRelation
/usr/local/src/postgresql/src/bin/scripts/common.c:111:2
Used: PQfinish
Type: PGconn *
Ret. Type: void
>get_parallel_object_list
/usr/local/src/postgresql/src/bin/scripts/reindexdb.c:767:2
Used: PQfinish
Type: PGconn *
Ret. Type: SimpleStringList *
>run_reindex_command
/usr/local/src/postgresql/src/bin/scripts/reindexdb.c:606:3
Used: PQfinish
Type: PGconn *
Ret. Type: void
>PLy_function_drop_args
/usr/local/src/postgresql/src/pl/plpython/plpy_exec.c:599:1
Used: pfree
Type: PLySavedArgs *
Ret. Type: void
>PLy_function_restore_args
/usr/local/src/postgresql/src/pl/plpython/plpy_exec.c:577:1
Used: pfree
Type: PLySavedArgs *
Ret. Type: void
>CatCacheRemoveCList
/usr/local/src/postgresql/src/backend/utils/cache/catcache.c:582:1
Used: pfree
Type: CatCList *
Ret. Type: void
>CatCacheRemoveCTup
/usr/local/src/postgresql/src/backend/utils/cache/catcache.c:538:1
Used: pfree
Type: CatCTup *
Ret. Type: void
>RelationDestroyRelation
/usr/local/src/postgresql/src/backend/utils/cache/relcache.c:2513:1
Used: pfree
Type: Relation
Ret. Type: void
>LogicalTapeClose
/usr/local/src/postgresql/src/backend/utils/sort/logtape.c:737:1
Used: pfree
Type: LogicalTape *
Ret. Type: void
>LogicalTapeSetClose
/usr/local/src/postgresql/src/backend/utils/sort/logtape.c:671:1
Used: pfree
Type: LogicalTapeSet *
Ret. Type: void
>tuplestore_end
/usr/local/src/postgresql/src/backend/utils/sort/tuplestore.c:466:1
Used: pfree
Type: Tuplestorestate *
Ret. Type: void
>FreeErrorData
/usr/local/src/postgresql/src/backend/utils/error/elog.c:1821:1
Used: pfree
Type: ErrorData *
Ret. Type: void
>array_free_iterator
/usr/local/src/postgresql/src/backend/utils/adt/arrayfuncs.c:4754:1
Used: pfree
Type: ArrayIterator
Ret. Type: void
>buf_finalize
/usr/local/src/postgresql/src/backend/utils/adt/xid8funcs.c:293:1
Used: pfree
Type: StringInfo
Ret. Type: pg_snapshot *
>string_to_text
/usr/local/src/postgresql/src/backend/utils/adt/ruleutils.c:13221:1
Used: pfree
Type: char *
Ret. Type: text *
>dofindsubquery
/usr/local/src/postgresql/src/backend/utils/adt/tsquery_rewrite.c:250:3
Used: pfree
Type: QTNode *
Ret. Type: QTNode *
>recursive_revoke
/usr/local/src/postgresql/src/backend/utils/adt/acl.c:1336:3
Used: pfree
Type: Acl *
Ret. Type: Acl *
>close_tsvector_parser
/usr/local/src/postgresql/src/backend/utils/adt/tsvector_parser.c:93:1
Used: pfree
Type: TSVectorParseState
Ret. Type: void
>freeAndGetParent
/usr/local/src/postgresql/src/backend/utils/adt/jsonb_util.c:1045:1
Used: pfree
Type: JsonbIterator *
Ret. Type: JsonbIterator *
>clean_NOT_intree
/usr/local/src/postgresql/src/backend/utils/adt/tsquery_cleanup.c:171:3
Used: pfree
Type: NODE *
Ret. Type: NODE *
>clean_stopword_intree
/usr/local/src/postgresql/src/backend/utils/adt/tsquery_cleanup.c:250:2
Used: pfree
Type: NODE *
Ret. Type: NODE *
>freetree
/usr/local/src/postgresql/src/backend/utils/adt/tsquery_cleanup.c:126:1
Used: pfree
Type: NODE *
Ret. Type: void
>plainnode
/usr/local/src/postgresql/src/backend/utils/adt/tsquery_cleanup.c:90:1
Used: pfree
Type: NODE *
Ret. Type: void
>QTNFree
/usr/local/src/postgresql/src/backend/utils/adt/tsquery_util.c:88:1
Used: pfree
Type: QTNode *
Ret. Type: void
>jsonpath_yyfree
/usr/local/src/postgresql/src/backend/utils/adt/jsonpath_scan.c:6184:2
Used: pfree
Type: void *
Ret. Type: void
>ReleaseDummy
/usr/local/src/postgresql/src/backend/utils/adt/selfuncs.c:4976:1
Used: pfree
Type: HeapTuple
Ret. Type: void
>pg_xml_done
/usr/local/src/postgresql/src/backend/utils/adt/xml.c:1320:1
Used: pfree
Type: PgXmlErrorContext *
Ret. Type: void
>xml_pfree
/usr/local/src/postgresql/src/backend/utils/adt/xml.c:1978:2
Used: pfree
Type: void *
Ret. Type: void
>FreeSnapshot
/usr/local/src/postgresql/src/backend/utils/time/snapmgr.c:636:1
Used: pfree
Type: Snapshot
Ret. Type: void
>ResourceOwnerDelete
/usr/local/src/postgresql/src/backend/utils/resowner/resowner.c:881:1
Used: pfree
Type: ResourceOwner
Ret. Type: void
>guc_free
/usr/local/src/postgresql/src/backend/utils/misc/guc.c:701:2
Used: pfree
Type: void *
Ret. Type: void
>FreeConfigVariable
/usr/local/src/postgresql/src/backend/utils/misc/guc-file.c:2638:1
Used: pfree
Type: ConfigVariable *
Ret. Type: void
>PortalDrop
/usr/local/src/postgresql/src/backend/utils/mmgr/portalmem.c:598:1
Used: pfree
Type: Portal
Ret. Type: void
>dsa_detach
/usr/local/src/postgresql/src/backend/utils/mmgr/dsa.c:1971:1
Used: pfree
Type: dsa_area *
Ret. Type: void
>pgstat_release_entry_ref
/usr/local/src/postgresql/src/backend/utils/activity/pgstat_shmem.c:617:2
Used: pfree
Type: PgStat_EntryRef *
Ret. Type: void
>list_free_private
/usr/local/src/postgresql/src/backend/nodes/list.c:1534:1
Used: pfree
Type: List *
Ret. Type: void
>pagetable_free
/usr/local/src/postgresql/src/backend/nodes/tidbitmap.c:1528:2
Used: pfree
Type: void *
Ret. Type: void
>tbm_end_iterate
/usr/local/src/postgresql/src/backend/nodes/tidbitmap.c:1148:1
Used: pfree
Type: TBMIterator *
Ret. Type: void
>tbm_end_shared_iterate
/usr/local/src/postgresql/src/backend/nodes/tidbitmap.c:1160:1
Used: pfree
Type: TBMSharedIterator *
Ret. Type: void
>tbm_free
/usr/local/src/postgresql/src/backend/nodes/tidbitmap.c:330:1
Used: pfree
Type: TIDBitmap *
Ret. Type: void
>bms_add_members
/usr/local/src/postgresql/src/backend/nodes/bitmapset.c:957:2
Used: pfree
Type: Bitmapset *
Ret. Type: Bitmapset *
>bms_del_member
/usr/local/src/postgresql/src/backend/nodes/bitmapset.c:907:2
Used: pfree
Type: Bitmapset *
Ret. Type: Bitmapset *
>bms_del_members
/usr/local/src/postgresql/src/backend/nodes/bitmapset.c:1211:3
Used: pfree
Type: Bitmapset *
Ret. Type: Bitmapset *
>bms_free
/usr/local/src/postgresql/src/backend/nodes/bitmapset.c:242:2
Used: pfree
Type: Bitmapset *
Ret. Type: void
>bms_int_members
/usr/local/src/postgresql/src/backend/nodes/bitmapset.c:1123:2
Used: pfree
Type: Bitmapset *
Ret. Type: Bitmapset *
>bms_replace_members
/usr/local/src/postgresql/src/backend/nodes/bitmapset.c:983:2
Used: pfree
Type: Bitmapset *
Ret. Type: Bitmapset *
>jit_release_context
/usr/local/src/postgresql/src/backend/jit/jit.c:142:1
Used: pfree
Type: JitContext *
Ret. Type: void
>transientrel_destroy
/usr/local/src/postgresql/src/backend/commands/matview.c:539:1
Used: pfree
Type: DestReceiver *
Ret. Type: void
>vac_close_indexes
/usr/local/src/postgresql/src/backend/commands/vacuum.c:2340:1
Used: pfree
Type: Relation *
Ret. Type: void
>serializeAnalyzeDestroy
/usr/local/src/postgresql/src/backend/commands/explain.c:5549:1
Used: pfree
Type: DestReceiver *
Ret. Type: void
>intorel_destroy
/usr/local/src/postgresql/src/backend/commands/createas.c:629:1
Used: pfree
Type: DestReceiver *
Ret. Type: void
>FreeTriggerDesc
/usr/local/src/postgresql/src/backend/commands/trigger.c:2168:1
Used: pfree
Type: TriggerDesc *
Ret. Type: void
>EndCopy
/usr/local/src/postgresql/src/backend/commands/copyto.c:332:1
Used: pfree
Type: CopyToState
Ret. Type: void
>copy_dest_destroy
/usr/local/src/postgresql/src/backend/commands/copyto.c:1265:1
Used: pfree
Type: DestReceiver *
Ret. Type: void
>parallel_vacuum_end
/usr/local/src/postgresql/src/backend/commands/vacuumparallel.c:458:1
Used: pfree
Type: ParallelVacuumState *
Ret. Type: void
>CopyMultiInsertBufferCleanup
/usr/local/src/postgresql/src/backend/commands/copyfrom.c:506:1
Used: pfree
Type: CopyMultiInsertBuffer *
Ret. Type: void
>EndCopyFrom
/usr/local/src/postgresql/src/backend/commands/copyfrom.c:1806:1
Used: pfree
Type: CopyFromState
Ret. Type: void
>finish_edata
/usr/local/src/postgresql/src/backend/replication/logical/worker.c:729:1
Used: pfree
Type: ApplyExecutionData *
Ret. Type: void
>ReorderBufferFreeSnap
/usr/local/src/postgresql/src/backend/replication/logical/reorderbuffer.c:1895:2
Used: pfree
Type: Snapshot
Ret. Type: void
>ReorderBufferIterTXNFinish
/usr/local/src/postgresql/src/backend/replication/logical/reorderbuffer.c:1505:1
Used: pfree
Type: ReorderBufferIterTXNState *
Ret. Type: void
>ReorderBufferReturnChange
/usr/local/src/postgresql/src/backend/replication/logical/reorderbuffer.c:562:1
Used: pfree
Type: ReorderBufferChange *
Ret. Type: void
>ReorderBufferReturnRelids
/usr/local/src/postgresql/src/backend/replication/logical/reorderbuffer.c:621:1
Used: pfree
Type: Oid *
Ret. Type: void
>ReorderBufferReturnTXN
/usr/local/src/postgresql/src/backend/replication/logical/reorderbuffer.c:478:1
Used: pfree
Type: ReorderBufferTXN *
Ret. Type: void
>ReorderBufferReturnTupleBuf
/usr/local/src/postgresql/src/backend/replication/logical/reorderbuffer.c:590:1
Used: pfree
Type: HeapTuple
Ret. Type: void
>pa_free_worker_info
/usr/local/src/postgresql/src/backend/replication/logical/applyparallelworker.c:615:1
Used: pfree
Type: ParallelApplyWorkerInfo *
Ret. Type: void
>SnapBuildFreeSnapshot
/usr/local/src/postgresql/src/backend/replication/logical/snapbuild.c:409:1
Used: pfree
Type: Snapshot
Ret. Type: void
>libpqrcv_disconnect
/usr/local/src/postgresql/src/backend/replication/libpqwalreceiver/libpqwalreceiver.c:884:1
Used: pfree
Type: WalReceiverConn *
Ret. Type: void
>TParserClose
/usr/local/src/postgresql/src/backend/tsearch/wparser_def.c:390:1
Used: pfree
Type: TParser *
Ret. Type: void
>TParserCopyClose
/usr/local/src/postgresql/src/backend/tsearch/wparser_def.c:410:1
Used: pfree
Type: TParser *
Ret. Type: void
>addHLParsedLex
/usr/local/src/postgresql/src/backend/tsearch/ts_parse.c:521:2
Used: pfree
Type: ParsedLex *
Ret. Type: void
>addHLParsedLex
/usr/local/src/postgresql/src/backend/tsearch/ts_parse.c:535:2
Used: pfree
Type: TSLexeme *
Ret. Type: void
>updateAclDependenciesWorker
/usr/local/src/postgresql/src/backend/catalog/pg_shdepend.c:592:2
Used: pfree
Type: Oid *
Ret. Type: void
>updateAclDependenciesWorker
/usr/local/src/postgresql/src/backend/catalog/pg_shdepend.c:594:2
Used: pfree
Type: Oid *
Ret. Type: void
>CatalogCloseIndexes
/usr/local/src/postgresql/src/backend/catalog/indexing.c:64:1
Used: pfree
Type: CatalogIndexState
Ret. Type: void
>FreeSubscription
/usr/local/src/postgresql/src/backend/catalog/pg_subscription.c:162:1
Used: pfree
Type: Subscription *
Ret. Type: void
>free_object_addresses
/usr/local/src/postgresql/src/backend/catalog/dependency.c:2778:1
Used: pfree
Type: ObjectAddresses *
Ret. Type: void
>FreeQueryDesc
/usr/local/src/postgresql/src/backend/tcop/pquery.c:115:1
Used: pfree
Type: QueryDesc *
Ret. Type: void
>free_chromo
/usr/local/src/postgresql/src/backend/optimizer/geqo/geqo_pool.c:179:1
Used: pfree
Type: Chromosome *
Ret. Type: void
>free_pool
/usr/local/src/postgresql/src/backend/optimizer/geqo/geqo_pool.c:83:1
Used: pfree
Type: Pool *
Ret. Type: void
>free_city_table
/usr/local/src/postgresql/src/backend/optimizer/geqo/geqo_recombination.c:89:1
Used: pfree
Type: City *
Ret. Type: void
>merge_clump
/usr/local/src/postgresql/src/backend/optimizer/geqo/geqo_eval.c:285:4
Used: pfree
Type: Clump *
Ret. Type: List *
>free_edge_table
/usr/local/src/postgresql/src/backend/optimizer/geqo/geqo_erx.c:78:1
Used: pfree
Type: Edge *
Ret. Type: void
>add_partial_path
/usr/local/src/postgresql/src/backend/optimizer/util/pathnode.c:850:2
Used: pfree
Type: Path *
Ret. Type: void
>add_path
/usr/local/src/postgresql/src/backend/optimizer/util/pathnode.c:620:3
Used: pfree
Type: Path *
Ret. Type: void
>free_child_join_sjinfo
/usr/local/src/postgresql/src/backend/optimizer/path/joinrels.c:1766:1
Used: pfree
Type: SpecialJoinInfo *
Ret. Type: void
>ExecDropSingleTupleTableSlot
/usr/local/src/postgresql/src/backend/executor/execTuples.c:1356:1
Used: pfree
Type: TupleTableSlot *
Ret. Type: void
>ExecForceStoreHeapTuple
/usr/local/src/postgresql/src/backend/executor/execTuples.c:1577:3
Used: pfree
Type: HeapTuple
Ret. Type: void
>ExecForceStoreMinimalTuple
/usr/local/src/postgresql/src/backend/executor/execTuples.c:1622:3
Used: pfree
Type: MinimalTuple
Ret. Type: void
>end_tup_output
/usr/local/src/postgresql/src/backend/executor/execTuples.c:2425:1
Used: pfree
Type: TupOutputState *
Ret. Type: void
>sqlfunction_destroy
/usr/local/src/postgresql/src/backend/executor/functions.c:2125:1
Used: pfree
Type: DestReceiver *
Ret. Type: void
>DestroyTupleQueueReader
/usr/local/src/postgresql/src/backend/executor/tqueue.c:157:1
Used: pfree
Type: TupleQueueReader *
Ret. Type: void
>tqueueDestroyReceiver
/usr/local/src/postgresql/src/backend/executor/tqueue.c:112:1
Used: pfree
Type: DestReceiver *
Ret. Type: void
>ExecHashTableDestroy
/usr/local/src/postgresql/src/backend/executor/nodeHash.c:907:1
Used: pfree
Type: HashJoinTable
Ret. Type: void
>tstoreDestroyReceiver
/usr/local/src/postgresql/src/backend/executor/tstoreReceiver.c:231:1
Used: pfree
Type: DestReceiver *
Ret. Type: void
>SPI_pfree
/usr/local/src/postgresql/src/backend/executor/spi.c:1357:1
Used: pfree
Type: void *
Ret. Type: void
>FreeExprContext
/usr/local/src/postgresql/src/backend/executor/execUtils.c:428:1
Used: pfree
Type: ExprContext *
Ret. Type: void
>ExecParallelCleanup
/usr/local/src/postgresql/src/backend/executor/execParallel.c:1212:1
Used: pfree
Type: ParallelExecutorInfo *
Ret. Type: void
>gzip_pfree
/usr/local/src/postgresql/src/backend/backup/basebackup_gzip.c:301:1
Used: pfree
Type: void *
Ret. Type: void
>FreeAccessStrategy
/usr/local/src/postgresql/src/backend/storage/buffer/freelist.c:685:2
Used: pfree
Type: BufferAccessStrategy
Ret. Type: void
>BufFileClose
/usr/local/src/postgresql/src/backend/storage/file/buffile.c:423:1
Used: pfree
Type: BufFile *
Ret. Type: void
>inv_close
/usr/local/src/postgresql/src/backend/storage/large_object/inv_api.c:340:1
Used: pfree
Type: LargeObjectDesc *
Ret. Type: void
>PageRestoreTempPage
/usr/local/src/postgresql/src/backend/storage/page/bufpage.c:431:1
Used: pfree
Type: Page
Ret. Type: void
>read_stream_end
/usr/local/src/postgresql/src/backend/storage/aio/read_stream.c:784:1
Used: pfree
Type: ReadStream *
Ret. Type: void
>dsm_detach
/usr/local/src/postgresql/src/backend/storage/ipc/dsm.c:904:1
Used: pfree
Type: dsm_segment *
Ret. Type: void
>shm_mq_detach
/usr/local/src/postgresql/src/backend/storage/ipc/shm_mq.c:864:1
Used: pfree
Type: shm_mq_handle *
Ret. Type: void
>FreeWaitEventSet
/usr/local/src/postgresql/src/backend/storage/ipc/latch.c:910:1
Used: pfree
Type: WaitEventSet *
Ret. Type: void
>FreeWaitEventSetAfterFork
/usr/local/src/postgresql/src/backend/storage/ipc/latch.c:927:1
Used: pfree
Type: WaitEventSet *
Ret. Type: void
>generator_free
/usr/local/src/postgresql/src/backend/statistics/mvdistinct.c:645:1
Used: pfree
Type: CombinationGenerator *
Ret. Type: void
>DependencyGenerator_free
/usr/local/src/postgresql/src/backend/statistics/dependencies.c:199:1
Used: pfree
Type: DependencyGenerator
Ret. Type: void
>freeGinBtreeStack
/usr/local/src/postgresql/src/backend/access/gin/ginbtree.c:207:2
Used: pfree
Type: GinBtreeStack *
Ret. Type: void
>ginFinishSplit
/usr/local/src/postgresql/src/backend/access/gin/ginbtree.c:752:3
Used: pfree
Type: GinBtreeStack *
Ret. Type: void
>spgFreeSearchItem
/usr/local/src/postgresql/src/backend/access/spgist/spgscan.c:99:1
Used: pfree
Type: SpGistSearchItem *
Ret. Type: void
>XLogReaderFree
/usr/local/src/postgresql/src/backend/access/transam/xlogreader.c:173:1
Used: pfree
Type: XLogReaderState *
Ret. Type: void
>FreeFakeRelcacheEntry
/usr/local/src/postgresql/src/backend/access/transam/xlogutils.c:631:1
Used: pfree
Type: Relation
Ret. Type: void
>DestroyParallelContext
/usr/local/src/postgresql/src/backend/access/transam/parallel.c:1013:1
Used: pfree
Type: ParallelContext *
Ret. Type: void
>GenericXLogAbort
/usr/local/src/postgresql/src/backend/access/transam/generic_xlog.c:446:1
Used: pfree
Type: GenericXLogState *
Ret. Type: void
>GenericXLogFinish
/usr/local/src/postgresql/src/backend/access/transam/generic_xlog.c:433:1
Used: pfree
Type: GenericXLogState *
Ret. Type: XLogRecPtr
>XLogPrefetcherFree
/usr/local/src/postgresql/src/backend/access/transam/xlogprefetcher.c:396:1
Used: pfree
Type: XLogPrefetcher *
Ret. Type: void
>lrq_free
/usr/local/src/postgresql/src/backend/access/transam/xlogprefetcher.c:229:1
Used: pfree
Type: LsnReadQueue *
Ret. Type: void
>free_attrmap
/usr/local/src/postgresql/src/backend/access/common/attmap.c:59:1
Used: pfree
Type: AttrMap *
Ret. Type: void
>printtup_destroy
/usr/local/src/postgresql/src/backend/access/common/printtup.c:415:1
Used: pfree
Type: DestReceiver *
Ret. Type: void
>free_conversion_map
/usr/local/src/postgresql/src/backend/access/common/tupconvert.c:307:1
Used: pfree
Type: TupleConversionMap *
Ret. Type: void
>FreeTupleDesc
/usr/local/src/postgresql/src/backend/access/common/tupdesc.c:377:1
Used: pfree
Type: TupleDesc
Ret. Type: void
>heap_free_minimal_tuple
/usr/local/src/postgresql/src/backend/access/common/heaptuple.c:1525:1
Used: pfree
Type: MinimalTuple
Ret. Type: void
>heap_freetuple
/usr/local/src/postgresql/src/backend/access/common/heaptuple.c:1436:1
Used: pfree
Type: HeapTuple
Ret. Type: void
>TidStoreDestroy
/usr/local/src/postgresql/src/backend/access/common/tidstore.c:342:1
Used: pfree
Type: TidStore *
Ret. Type: void
>TidStoreDetach
/usr/local/src/postgresql/src/backend/access/common/tidstore.c:287:1
Used: pfree
Type: TidStore *
Ret. Type: void
>TidStoreEndIterate
/usr/local/src/postgresql/src/backend/access/common/tidstore.c:544:1
Used: pfree
Type: TidStoreIter *
Ret. Type: void
>toast_close_indexes
/usr/local/src/postgresql/src/backend/access/common/toast_internals.c:630:1
Used: pfree
Type: Relation *
Ret. Type: void
>_bt_spooldestroy
/usr/local/src/postgresql/src/backend/access/nbtree/nbtsort.c:518:1
Used: pfree
Type: BTSpool *
Ret. Type: void
>_bt_insertonpg
/usr/local/src/postgresql/src/backend/access/nbtree/nbtinsert.c:1435:2
Used: pfree
Type: IndexTuple
Ret. Type: void
>FreeBulkInsertState
/usr/local/src/postgresql/src/backend/access/heap/heapam.c:1958:1
Used: pfree
Type: BulkInsertState
Ret. Type: void
>_h_spooldestroy
/usr/local/src/postgresql/src/backend/access/hash/hashsort.c:102:1
Used: pfree
Type: HSpool *
Ret. Type: void
>IndexScanEnd
/usr/local/src/postgresql/src/backend/access/index/genam.c:151:1
Used: pfree
Type: IndexScanDesc
Ret. Type: void
>systable_endscan
/usr/local/src/postgresql/src/backend/access/index/genam.c:624:1
Used: pfree
Type: SysScanDesc
Ret. Type: void
>systable_endscan_ordered
/usr/local/src/postgresql/src/backend/access/index/genam.c:765:1
Used: pfree
Type: SysScanDesc
Ret. Type: void
>terminate_brin_buildstate
/usr/local/src/postgresql/src/backend/access/brin/brin.c:1727:1
Used: pfree
Type: BrinBuildState *
Ret. Type: void
>brinRevmapTerminate
/usr/local/src/postgresql/src/backend/access/brin/brin_revmap.c:105:1
Used: pfree
Type: BrinRevmap *
Ret. Type: void
>brin_free_tuple
/usr/local/src/postgresql/src/backend/access/brin/brin_tuple.c:435:1
Used: pfree
Type: BrinTuple *
Ret. Type: void
>dshash_destroy
/usr/local/src/postgresql/src/backend/lib/dshash.c:359:1
Used: pfree
Type: dshash_table *
Ret. Type: void
>dshash_detach
/usr/local/src/postgresql/src/backend/lib/dshash.c:312:1
Used: pfree
Type: dshash_table *
Ret. Type: void
>BipartiteMatchFree
/usr/local/src/postgresql/src/backend/lib/bipartite_match.c:85:1
Used: pfree
Type: BipartiteMatchState *
Ret. Type: void
>pairingheap_free
/usr/local/src/postgresql/src/backend/lib/pairingheap.c:65:1
Used: pfree
Type: pairingheap *
Ret. Type: void
>bloom_free
/usr/local/src/postgresql/src/backend/lib/bloomfilter.c:128:1
Used: pfree
Type: bloom_filter *
Ret. Type: void
>core_yyfree
/usr/local/src/postgresql/src/backend/parser/scan.c:11825:2
Used: pfree
Type: void *
Ret. Type: void
>free_parsestate
/usr/local/src/postgresql/src/backend/parser/parse_node.c:88:1
Used: pfree
Type: ParseState *
Ret. Type: void
>json_manifest_object_field_start
/usr/local/src/postgresql/src/common/parse_manifest.c:497:1
Used: pfree
Type: char *
Ret. Type: JsonParseErrorType
>json_manifest_scalar
/usr/local/src/postgresql/src/common/parse_manifest.c:549:5
Used: pfree
Type: char *
Ret. Type: JsonParseErrorType
>json_parse_manifest_incremental_shutdown
/usr/local/src/postgresql/src/common/parse_manifest.c:174:1
Used: pfree
Type: JsonManifestParseIncrementalState *
Ret. Type: void
>destroyStringInfo
/usr/local/src/postgresql/src/common/stringinfo.c:367:1
Used: pfree
Type: StringInfo
Ret. Type: void
>pgfnames_cleanup
/usr/local/src/postgresql/src/common/pgfnames.c:93:1
Used: pfree
Type: char * *
Ret. Type: void
>freeJsonLexContext
/usr/local/src/postgresql/src/common/jsonapi.c:502:2
Used: pfree
Type: JsonLexContext *
Ret. Type: void
>binaryheap_free
/usr/local/src/postgresql/src/common/binaryheap.c:77:1
Used: pfree
Type: binaryheap *
Ret. Type: void
>BlockRefTableFreeEntry
/usr/local/src/postgresql/src/common/blkreftable.c:1142:1
Used: pfree
Type: BlockRefTableEntry *
Ret. Type: void
>DestroyBlockRefTableReader
/usr/local/src/postgresql/src/common/blkreftable.c:780:1
Used: pfree
Type: BlockRefTableReader *
Ret. Type: void
>DestroyBlockRefTableWriter
/usr/local/src/postgresql/src/common/blkreftable.c:858:1
Used: pfree
Type: BlockRefTableWriter *
Ret. Type: void
>disconnectDatabase
/usr/local/src/postgresql/src/fe_utils/connect_utils.c:170:1
Used: PQfinish
Type: PGconn *
Ret. Type: void
>executeCommand
/usr/local/src/postgresql/src/fe_utils/query_utils.c:60:2
Used: PQfinish
Type: PGconn *
Ret. Type: void
>executeQuery
/usr/local/src/postgresql/src/fe_utils/query_utils.c:35:2
Used: PQfinish
Type: PGconn *
Ret. Type: PGresult *
>descriptor_deallocate_all
/usr/local/src/postgresql/src/interfaces/ecpg/ecpglib/descriptor.c:786:2
Used: descriptor_free
Type: struct descriptor *
Ret. Type: void
>ecpg_do_epilogue
/usr/local/src/postgresql/src/interfaces/ecpg/ecpglib/execute.c:2234:1
Used: free_statement
Type: struct statement *
Ret. Type: void
>exit_nicely
/usr/local/src/postgresql/src/test/examples/testlibpq4.c:18:2
Used: PQfinish
Type: PGconn *
Ret. Type: void
>exit_nicely
/usr/local/src/postgresql/src/test/examples/testlibpq4.c:20:2
Used: PQfinish
Type: PGconn *
Ret. Type: void
>exit_nicely
/usr/local/src/postgresql/src/test/examples/testlibpq.c:16:1
Used: PQfinish
Type: PGconn *
Ret. Type: void
>exit_nicely
/usr/local/src/postgresql/src/test/examples/testlo64.c:217:1
Used: PQfinish
Type: PGconn *
Ret. Type: void
>exit_nicely
/usr/local/src/postgresql/src/test/examples/testlibpq2.c:44:1
Used: PQfinish
Type: PGconn *
Ret. Type: void
>exit_nicely
/usr/local/src/postgresql/src/test/examples/testlibpq3.c:50:1
Used: PQfinish
Type: PGconn *
Ret. Type: void
>exit_nicely
/usr/local/src/postgresql/src/test/examples/testlo.c:195:1
Used: PQfinish
Type: PGconn *
Ret. Type: void
>emit_audit_message
/usr/local/src/postgresql/src/test/modules/test_oat_hooks/test_oat_hooks.c:253:2
Used: pfree
Type: char *
Ret. Type: void
>emit_audit_message
/usr/local/src/postgresql/src/test/modules/test_oat_hooks/test_oat_hooks.c:255:2
Used: pfree
Type: char *
Ret. Type: void
>irbt_free
/usr/local/src/postgresql/src/test/modules/test_rbtree/test_rbtree.c:73:1
Used: pfree
Type: RBTNode *
Ret. Type: void
>exit_nicely
/usr/local/src/postgresql/src/test/modules/libpq_pipeline/libpq_pipeline.c:63:1
Used: PQfinish
Type: PGconn *
Ret. Type: void
>pg_tzenumerate_end
/usr/local/src/postgresql/src/timezone/pgtz.c:422:1
Used: pfree
Type: pg_tzenum *
Ret. Type: void
>pgp_cfb_free
/usr/local/src/postgresql/contrib/pgcrypto/pgp-cfb.c:87:1
Used: pfree
Type: PGP_CFB *
Ret. Type: void
>clear_and_pfree
/usr/local/src/postgresql/contrib/pgcrypto/pgp-pgsql.c:100:1
Used: pfree
Type: text *
Ret. Type: void
>pgp_mpi_free
/usr/local/src/postgresql/contrib/pgcrypto/pgp-mpi.c:75:1
Used: pfree
Type: PGP_MPI *
Ret. Type: int
>mbuf_free
/usr/local/src/postgresql/contrib/pgcrypto/mbuf.c:69:1
Used: pfree
Type: MBuf *
Ret. Type: int
>pullf_free
/usr/local/src/postgresql/contrib/pgcrypto/mbuf.c:241:1
Used: pfree
Type: PullFilter *
Ret. Type: void
>pushf_free
/usr/local/src/postgresql/contrib/pgcrypto/mbuf.c:407:1
Used: pfree
Type: PushFilter *
Ret. Type: void
>combo_free
/usr/local/src/postgresql/contrib/pgcrypto/px.c:237:1
Used: pfree
Type: PX_Combo *
Ret. Type: void
>pgp_key_free
/usr/local/src/postgresql/contrib/pgcrypto/pgp-pubkey.c:80:1
Used: pfree
Type: PGP_PubKey *
Ret. Type: void
>pgp_free
/usr/local/src/postgresql/contrib/pgcrypto/pgp.c:218:1
Used: pfree
Type: PGP_Context *
Ret. Type: int
>digest_free
/usr/local/src/postgresql/contrib/pgcrypto/openssl.c:154:1
Used: pfree
Type: PX_MD *
Ret. Type: void
>free_openssl_cipher
/usr/local/src/postgresql/contrib/pgcrypto/openssl.c:304:1
Used: pfree
Type: OSSLCipher *
Ret. Type: void
>free_openssl_digest
/usr/local/src/postgresql/contrib/pgcrypto/openssl.c:94:1
Used: pfree
Type: OSSLDigest *
Ret. Type: void
>gen_ossl_free
/usr/local/src/postgresql/contrib/pgcrypto/openssl.c:341:1
Used: pfree
Type: PX_Cipher *
Ret. Type: void
>z_free
/usr/local/src/postgresql/contrib/pgcrypto/pgp-compress.c:66:1
Used: pfree
Type: void *
Ret. Type: void
>hmac_free
/usr/local/src/postgresql/contrib/pgcrypto/px-hmac.c:135:1
Used: pfree
Type: PX_HMAC *
Ret. Type: void
>sql_exec
/usr/local/src/postgresql/contrib/oid2name/oid2name.c:394:2
Used: PQfinish
Type: PGconn *
Ret. Type: int
>createNewConnection
/usr/local/src/postgresql/contrib/dblink/dblink.c:2572:2
Used: pfree
Type: remoteConn *
Ret. Type: void
>dblink_security_check
/usr/local/src/postgresql/contrib/dblink/dblink.c:2628:2
Used: pfree
Type: remoteConn *
Ret. Type: void
>report_corruption_internal
/usr/local/src/postgresql/contrib/amcheck/verify_heapam.c:841:1
Used: pfree
Type: char *
Ret. Type: void
